[MASTER] 12:01:02.148 [pool-2-thread-1] ERROR ConcreteClassAnalyzer - Problem for com.polimi.travlendar.frontend.ui.pages.gmaps.PlaceSearchPage. Class not found: com.vaadin.server.VaadinPortletRequest
java.lang.ClassNotFoundException: javax/portlet/filter/PortletRequestWrapper
	at org.evosuite.instrumentation.InstrumentingClassLoader.instrumentClass(InstrumentingClassLoader.java:199)
	at org.evosuite.instrumentation.InstrumentingClassLoader.loadClass(InstrumentingClassLoader.java:166)
	at java.lang.Class.forName0(Native Method)
	at java.lang.Class.forName(Class.java:348)
	at org.evosuite.setup.ConcreteClassAnalyzer.getConcreteClassesImpl(ConcreteClassAnalyzer.java:107)
	at org.evosuite.setup.ConcreteClassAnalyzer.getConcreteClasses(ConcreteClassAnalyzer.java:42)
	at org.evosuite.setup.TestClusterGenerator.addDependency(TestClusterGenerator.java:802)
	at org.evosuite.setup.TestClusterGenerator.addDependencies(TestClusterGenerator.java:711)
	at org.evosuite.setup.TestClusterGenerator.initializeTargetMethods(TestClusterGenerator.java:517)
	at org.evosuite.setup.TestClusterGenerator.generateCluster(TestClusterGenerator.java:135)
	at org.evosuite.setup.DependencyAnalysis.analyze(DependencyAnalysis.java:117)
	at org.evosuite.setup.DependencyAnalysis.analyzeClass(DependencyAnalysis.java:131)
	at org.evosuite.TestSuiteGenerator.generateTestSuite(TestSuiteGenerator.java:110)
	at org.evosuite.rmi.service.ClientNodeImpl$1.run(ClientNodeImpl.java:145)
	at java.util.concurrent.Executors$RunnableAdapter.call(Executors.java:511)
	at java.util.concurrent.FutureTask.run(FutureTask.java:266)
	at java.util.concurrent.ThreadPoolExecutor.runWorker(ThreadPoolExecutor.java:1142)
	at java.util.concurrent.ThreadPoolExecutor$Worker.run(ThreadPoolExecutor.java:617)
	at java.lang.Thread.run(Thread.java:748)
Caused by: java.lang.NoClassDefFoundError: javax/portlet/filter/PortletRequestWrapper
	at java.lang.ClassLoader.defineClass1(Native Method)
	at java.lang.ClassLoader.defineClass(ClassLoader.java:763)
	at java.security.SecureClassLoader.defineClass(SecureClassLoader.java:142)
	at java.net.URLClassLoader.defineClass(URLClassLoader.java:467)
	at java.net.URLClassLoader.access$100(URLClassLoader.java:73)
	at java.net.URLClassLoader$1.run(URLClassLoader.java:368)
	at java.net.URLClassLoader$1.run(URLClassLoader.java:362)
	at java.security.AccessController.doPrivileged(Native Method)
	at java.net.URLClassLoader.findClass(URLClassLoader.java:361)
	at java.lang.ClassLoader.loadClass(ClassLoader.java:424)
	at sun.misc.Launcher$AppClassLoader.loadClass(Launcher.java:335)
	at java.lang.ClassLoader.loadClass(ClassLoader.java:357)
	at java.lang.Class.forName0(Native Method)
	at java.lang.Class.forName(Class.java:348)
	at org.evosuite.runtime.instrumentation.MethodCallReplacementClassAdapter.visitEnd(MethodCallReplacementClassAdapter.java:180)
	at org.evosuite.shaded.org.objectweb.asm.tree.ClassNode.accept(Unknown Source)
	at org.evosuite.instrumentation.BytecodeInstrumentation.transformBytes(BytecodeInstrumentation.java:273)
	at org.evosuite.instrumentation.InstrumentingClassLoader.getTransformedBytes(InstrumentingClassLoader.java:173)
	at org.evosuite.instrumentation.InstrumentingClassLoader.instrumentClass(InstrumentingClassLoader.java:190)
	... 18 common frames omitted
Caused by: java.lang.ClassNotFoundException: javax.portlet.filter.PortletRequestWrapper
	at java.net.URLClassLoader.findClass(URLClassLoader.java:381)
	at java.lang.ClassLoader.loadClass(ClassLoader.java:424)
	at sun.misc.Launcher$AppClassLoader.loadClass(Launcher.java:335)
	at java.lang.ClassLoader.loadClass(ClassLoader.java:357)
	... 37 common frames omitted
[MASTER] 12:01:02.151 [pool-2-thread-1] ERROR ConcreteClassAnalyzer - Removing class from inheritance tree
[MASTER] 12:01:02.176 [pool-2-thread-1] ERROR ConcreteClassAnalyzer - Problem for com.polimi.travlendar.frontend.ui.pages.gmaps.PlaceSearchPage. Class not found: com.vaadin.server.VaadinPortlet$VaadinHttpAndPortletRequest
java.lang.ClassNotFoundException: javax/portlet/filter/PortletRequestWrapper
	at org.evosuite.instrumentation.InstrumentingClassLoader.instrumentClass(InstrumentingClassLoader.java:199)
	at org.evosuite.instrumentation.InstrumentingClassLoader.loadClass(InstrumentingClassLoader.java:166)
	at java.lang.Class.forName0(Native Method)
	at java.lang.Class.forName(Class.java:348)
	at org.evosuite.setup.ConcreteClassAnalyzer.getConcreteClassesImpl(ConcreteClassAnalyzer.java:107)
	at org.evosuite.setup.ConcreteClassAnalyzer.getConcreteClasses(ConcreteClassAnalyzer.java:42)
	at org.evosuite.setup.TestClusterGenerator.addDependency(TestClusterGenerator.java:802)
	at org.evosuite.setup.TestClusterGenerator.addDependencies(TestClusterGenerator.java:711)
	at org.evosuite.setup.TestClusterGenerator.initializeTargetMethods(TestClusterGenerator.java:517)
	at org.evosuite.setup.TestClusterGenerator.generateCluster(TestClusterGenerator.java:135)
	at org.evosuite.setup.DependencyAnalysis.analyze(DependencyAnalysis.java:117)
	at org.evosuite.setup.DependencyAnalysis.analyzeClass(DependencyAnalysis.java:131)
	at org.evosuite.TestSuiteGenerator.generateTestSuite(TestSuiteGenerator.java:110)
	at org.evosuite.rmi.service.ClientNodeImpl$1.run(ClientNodeImpl.java:145)
	at java.util.concurrent.Executors$RunnableAdapter.call(Executors.java:511)
	at java.util.concurrent.FutureTask.run(FutureTask.java:266)
	at java.util.concurrent.ThreadPoolExecutor.runWorker(ThreadPoolExecutor.java:1142)
	at java.util.concurrent.ThreadPoolExecutor$Worker.run(ThreadPoolExecutor.java:617)
	at java.lang.Thread.run(Thread.java:748)
Caused by: java.lang.NoClassDefFoundError: javax/portlet/filter/PortletRequestWrapper
	at java.lang.ClassLoader.defineClass1(Native Method)
	at java.lang.ClassLoader.defineClass(ClassLoader.java:763)
	at java.security.SecureClassLoader.defineClass(SecureClassLoader.java:142)
	at java.net.URLClassLoader.defineClass(URLClassLoader.java:467)
	at java.net.URLClassLoader.access$100(URLClassLoader.java:73)
	at java.net.URLClassLoader$1.run(URLClassLoader.java:368)
	at java.net.URLClassLoader$1.run(URLClassLoader.java:362)
	at java.security.AccessController.doPrivileged(Native Method)
	at java.net.URLClassLoader.findClass(URLClassLoader.java:361)
	at java.lang.ClassLoader.loadClass(ClassLoader.java:424)
	at sun.misc.Launcher$AppClassLoader.loadClass(Launcher.java:335)
	at java.lang.ClassLoader.loadClass(ClassLoader.java:357)
	at java.lang.ClassLoader.defineClass1(Native Method)
	at java.lang.ClassLoader.defineClass(ClassLoader.java:763)
	at java.security.SecureClassLoader.defineClass(SecureClassLoader.java:142)
	at java.net.URLClassLoader.defineClass(URLClassLoader.java:467)
	at java.net.URLClassLoader.access$100(URLClassLoader.java:73)
	at java.net.URLClassLoader$1.run(URLClassLoader.java:368)
	at java.net.URLClassLoader$1.run(URLClassLoader.java:362)
	at java.security.AccessController.doPrivileged(Native Method)
	at java.net.URLClassLoader.findClass(URLClassLoader.java:361)
	at java.lang.ClassLoader.loadClass(ClassLoader.java:424)
	at sun.misc.Launcher$AppClassLoader.loadClass(Launcher.java:335)
	at java.lang.ClassLoader.loadClass(ClassLoader.java:357)
	at java.lang.Class.forName0(Native Method)
	at java.lang.Class.forName(Class.java:348)
	at org.evosuite.runtime.instrumentation.MethodCallReplacementClassAdapter.visitEnd(MethodCallReplacementClassAdapter.java:180)
	at org.evosuite.shaded.org.objectweb.asm.tree.ClassNode.accept(Unknown Source)
	at org.evosuite.instrumentation.BytecodeInstrumentation.transformBytes(BytecodeInstrumentation.java:273)
	at org.evosuite.instrumentation.InstrumentingClassLoader.getTransformedBytes(InstrumentingClassLoader.java:173)
	at org.evosuite.instrumentation.InstrumentingClassLoader.instrumentClass(InstrumentingClassLoader.java:190)
	... 18 common frames omitted
Caused by: java.lang.ClassNotFoundException: javax.portlet.filter.PortletRequestWrapper
	at java.net.URLClassLoader.findClass(URLClassLoader.java:381)
	at java.lang.ClassLoader.loadClass(ClassLoader.java:424)
	at sun.misc.Launcher$AppClassLoader.loadClass(Launcher.java:335)
	at java.lang.ClassLoader.loadClass(ClassLoader.java:357)
	... 49 common frames omitted
[MASTER] 12:01:02.178 [pool-2-thread-1] ERROR ConcreteClassAnalyzer - Removing class from inheritance tree
[MASTER] 12:01:02.184 [pool-2-thread-1] ERROR ConcreteClassAnalyzer - Problem for com.polimi.travlendar.frontend.ui.pages.gmaps.PlaceSearchPage. Class not found: com.vaadin.server.VaadinPortlet$VaadinWebSpherePortalRequest
java.lang.ClassNotFoundException: javax/portlet/filter/PortletRequestWrapper
	at org.evosuite.instrumentation.InstrumentingClassLoader.instrumentClass(InstrumentingClassLoader.java:199)
	at org.evosuite.instrumentation.InstrumentingClassLoader.loadClass(InstrumentingClassLoader.java:166)
	at java.lang.Class.forName0(Native Method)
	at java.lang.Class.forName(Class.java:348)
	at org.evosuite.setup.ConcreteClassAnalyzer.getConcreteClassesImpl(ConcreteClassAnalyzer.java:107)
	at org.evosuite.setup.ConcreteClassAnalyzer.getConcreteClasses(ConcreteClassAnalyzer.java:42)
	at org.evosuite.setup.TestClusterGenerator.addDependency(TestClusterGenerator.java:802)
	at org.evosuite.setup.TestClusterGenerator.addDependencies(TestClusterGenerator.java:711)
	at org.evosuite.setup.TestClusterGenerator.initializeTargetMethods(TestClusterGenerator.java:517)
	at org.evosuite.setup.TestClusterGenerator.generateCluster(TestClusterGenerator.java:135)
	at org.evosuite.setup.DependencyAnalysis.analyze(DependencyAnalysis.java:117)
	at org.evosuite.setup.DependencyAnalysis.analyzeClass(DependencyAnalysis.java:131)
	at org.evosuite.TestSuiteGenerator.generateTestSuite(TestSuiteGenerator.java:110)
	at org.evosuite.rmi.service.ClientNodeImpl$1.run(ClientNodeImpl.java:145)
	at java.util.concurrent.Executors$RunnableAdapter.call(Executors.java:511)
	at java.util.concurrent.FutureTask.run(FutureTask.java:266)
	at java.util.concurrent.ThreadPoolExecutor.runWorker(ThreadPoolExecutor.java:1142)
	at java.util.concurrent.ThreadPoolExecutor$Worker.run(ThreadPoolExecutor.java:617)
	at java.lang.Thread.run(Thread.java:748)
Caused by: java.lang.NoClassDefFoundError: javax/portlet/filter/PortletRequestWrapper
	at java.lang.ClassLoader.defineClass1(Native Method)
	at java.lang.ClassLoader.defineClass(ClassLoader.java:763)
	at java.security.SecureClassLoader.defineClass(SecureClassLoader.java:142)
	at java.net.URLClassLoader.defineClass(URLClassLoader.java:467)
	at java.net.URLClassLoader.access$100(URLClassLoader.java:73)
	at java.net.URLClassLoader$1.run(URLClassLoader.java:368)
	at java.net.URLClassLoader$1.run(URLClassLoader.java:362)
	at java.security.AccessController.doPrivileged(Native Method)
	at java.net.URLClassLoader.findClass(URLClassLoader.java:361)
	at java.lang.ClassLoader.loadClass(ClassLoader.java:424)
	at sun.misc.Launcher$AppClassLoader.loadClass(Launcher.java:335)
	at java.lang.ClassLoader.loadClass(ClassLoader.java:357)
	at java.lang.ClassLoader.defineClass1(Native Method)
	at java.lang.ClassLoader.defineClass(ClassLoader.java:763)
	at java.security.SecureClassLoader.defineClass(SecureClassLoader.java:142)
	at java.net.URLClassLoader.defineClass(URLClassLoader.java:467)
	at java.net.URLClassLoader.access$100(URLClassLoader.java:73)
	at java.net.URLClassLoader$1.run(URLClassLoader.java:368)
	at java.net.URLClassLoader$1.run(URLClassLoader.java:362)
	at java.security.AccessController.doPrivileged(Native Method)
	at java.net.URLClassLoader.findClass(URLClassLoader.java:361)
	at java.lang.ClassLoader.loadClass(ClassLoader.java:424)
	at sun.misc.Launcher$AppClassLoader.loadClass(Launcher.java:335)
	at java.lang.ClassLoader.loadClass(ClassLoader.java:357)
	at java.lang.ClassLoader.defineClass1(Native Method)
	at java.lang.ClassLoader.defineClass(ClassLoader.java:763)
	at java.security.SecureClassLoader.defineClass(SecureClassLoader.java:142)
	at java.net.URLClassLoader.defineClass(URLClassLoader.java:467)
	at java.net.URLClassLoader.access$100(URLClassLoader.java:73)
	at java.net.URLClassLoader$1.run(URLClassLoader.java:368)
	at java.net.URLClassLoader$1.run(URLClassLoader.java:362)
	at java.security.AccessController.doPrivileged(Native Method)
	at java.net.URLClassLoader.findClass(URLClassLoader.java:361)
	at java.lang.ClassLoader.loadClass(ClassLoader.java:424)
	at sun.misc.Launcher$AppClassLoader.loadClass(Launcher.java:335)
	at java.lang.ClassLoader.loadClass(ClassLoader.java:357)
	at java.lang.Class.forName0(Native Method)
	at java.lang.Class.forName(Class.java:348)
	at org.evosuite.runtime.instrumentation.MethodCallReplacementClassAdapter.visitEnd(MethodCallReplacementClassAdapter.java:180)
	at org.evosuite.shaded.org.objectweb.asm.tree.ClassNode.accept(Unknown Source)
	at org.evosuite.instrumentation.BytecodeInstrumentation.transformBytes(BytecodeInstrumentation.java:273)
	at org.evosuite.instrumentation.InstrumentingClassLoader.getTransformedBytes(InstrumentingClassLoader.java:173)
	at org.evosuite.instrumentation.InstrumentingClassLoader.instrumentClass(InstrumentingClassLoader.java:190)
	... 18 common frames omitted
Caused by: java.lang.ClassNotFoundException: javax.portlet.filter.PortletRequestWrapper
	at java.net.URLClassLoader.findClass(URLClassLoader.java:381)
	at java.lang.ClassLoader.loadClass(ClassLoader.java:424)
	at sun.misc.Launcher$AppClassLoader.loadClass(Launcher.java:335)
	at java.lang.ClassLoader.loadClass(ClassLoader.java:357)
	... 61 common frames omitted
[MASTER] 12:01:02.184 [pool-2-thread-1] ERROR ConcreteClassAnalyzer - Removing class from inheritance tree
[MASTER] 12:01:02.194 [pool-2-thread-1] ERROR ConcreteClassAnalyzer - Problem for com.polimi.travlendar.frontend.ui.pages.gmaps.PlaceSearchPage. Class not found: com.vaadin.server.VaadinPortlet$VaadinLiferayRequest
java.lang.ClassNotFoundException: javax/portlet/filter/PortletRequestWrapper
	at org.evosuite.instrumentation.InstrumentingClassLoader.instrumentClass(InstrumentingClassLoader.java:199)
	at org.evosuite.instrumentation.InstrumentingClassLoader.loadClass(InstrumentingClassLoader.java:166)
	at java.lang.Class.forName0(Native Method)
	at java.lang.Class.forName(Class.java:348)
	at org.evosuite.setup.ConcreteClassAnalyzer.getConcreteClassesImpl(ConcreteClassAnalyzer.java:107)
	at org.evosuite.setup.ConcreteClassAnalyzer.getConcreteClasses(ConcreteClassAnalyzer.java:42)
	at org.evosuite.setup.TestClusterGenerator.addDependency(TestClusterGenerator.java:802)
	at org.evosuite.setup.TestClusterGenerator.addDependencies(TestClusterGenerator.java:711)
	at org.evosuite.setup.TestClusterGenerator.initializeTargetMethods(TestClusterGenerator.java:517)
	at org.evosuite.setup.TestClusterGenerator.generateCluster(TestClusterGenerator.java:135)
	at org.evosuite.setup.DependencyAnalysis.analyze(DependencyAnalysis.java:117)
	at org.evosuite.setup.DependencyAnalysis.analyzeClass(DependencyAnalysis.java:131)
	at org.evosuite.TestSuiteGenerator.generateTestSuite(TestSuiteGenerator.java:110)
	at org.evosuite.rmi.service.ClientNodeImpl$1.run(ClientNodeImpl.java:145)
	at java.util.concurrent.Executors$RunnableAdapter.call(Executors.java:511)
	at java.util.concurrent.FutureTask.run(FutureTask.java:266)
	at java.util.concurrent.ThreadPoolExecutor.runWorker(ThreadPoolExecutor.java:1142)
	at java.util.concurrent.ThreadPoolExecutor$Worker.run(ThreadPoolExecutor.java:617)
	at java.lang.Thread.run(Thread.java:748)
Caused by: java.lang.NoClassDefFoundError: javax/portlet/filter/PortletRequestWrapper
	at java.lang.ClassLoader.defineClass1(Native Method)
	at java.lang.ClassLoader.defineClass(ClassLoader.java:763)
	at java.security.SecureClassLoader.defineClass(SecureClassLoader.java:142)
	at java.net.URLClassLoader.defineClass(URLClassLoader.java:467)
	at java.net.URLClassLoader.access$100(URLClassLoader.java:73)
	at java.net.URLClassLoader$1.run(URLClassLoader.java:368)
	at java.net.URLClassLoader$1.run(URLClassLoader.java:362)
	at java.security.AccessController.doPrivileged(Native Method)
	at java.net.URLClassLoader.findClass(URLClassLoader.java:361)
	at java.lang.ClassLoader.loadClass(ClassLoader.java:424)
	at sun.misc.Launcher$AppClassLoader.loadClass(Launcher.java:335)
	at java.lang.ClassLoader.loadClass(ClassLoader.java:357)
	at java.lang.ClassLoader.defineClass1(Native Method)
	at java.lang.ClassLoader.defineClass(ClassLoader.java:763)
	at java.security.SecureClassLoader.defineClass(SecureClassLoader.java:142)
	at java.net.URLClassLoader.defineClass(URLClassLoader.java:467)
	at java.net.URLClassLoader.access$100(URLClassLoader.java:73)
	at java.net.URLClassLoader$1.run(URLClassLoader.java:368)
	at java.net.URLClassLoader$1.run(URLClassLoader.java:362)
	at java.security.AccessController.doPrivileged(Native Method)
	at java.net.URLClassLoader.findClass(URLClassLoader.java:361)
	at java.lang.ClassLoader.loadClass(ClassLoader.java:424)
	at sun.misc.Launcher$AppClassLoader.loadClass(Launcher.java:335)
	at java.lang.ClassLoader.loadClass(ClassLoader.java:357)
	at java.lang.ClassLoader.defineClass1(Native Method)
	at java.lang.ClassLoader.defineClass(ClassLoader.java:763)
	at java.security.SecureClassLoader.defineClass(SecureClassLoader.java:142)
	at java.net.URLClassLoader.defineClass(URLClassLoader.java:467)
	at java.net.URLClassLoader.access$100(URLClassLoader.java:73)
	at java.net.URLClassLoader$1.run(URLClassLoader.java:368)
	at java.net.URLClassLoader$1.run(URLClassLoader.java:362)
	at java.security.AccessController.doPrivileged(Native Method)
	at java.net.URLClassLoader.findClass(URLClassLoader.java:361)
	at java.lang.ClassLoader.loadClass(ClassLoader.java:424)
	at sun.misc.Launcher$AppClassLoader.loadClass(Launcher.java:335)
	at java.lang.ClassLoader.loadClass(ClassLoader.java:357)
	at java.lang.Class.forName0(Native Method)
	at java.lang.Class.forName(Class.java:348)
	at org.evosuite.runtime.instrumentation.MethodCallReplacementClassAdapter.visitEnd(MethodCallReplacementClassAdapter.java:180)
	at org.evosuite.shaded.org.objectweb.asm.tree.ClassNode.accept(Unknown Source)
	at org.evosuite.instrumentation.BytecodeInstrumentation.transformBytes(BytecodeInstrumentation.java:273)
	at org.evosuite.instrumentation.InstrumentingClassLoader.getTransformedBytes(InstrumentingClassLoader.java:173)
	at org.evosuite.instrumentation.InstrumentingClassLoader.instrumentClass(InstrumentingClassLoader.java:190)
	... 18 common frames omitted
Caused by: java.lang.ClassNotFoundException: javax.portlet.filter.PortletRequestWrapper
	at java.net.URLClassLoader.findClass(URLClassLoader.java:381)
	at java.lang.ClassLoader.loadClass(ClassLoader.java:424)
	at sun.misc.Launcher$AppClassLoader.loadClass(Launcher.java:335)
	at java.lang.ClassLoader.loadClass(ClassLoader.java:357)
	... 61 common frames omitted
[MASTER] 12:01:02.195 [pool-2-thread-1] ERROR ConcreteClassAnalyzer - Removing class from inheritance tree
[MASTER] 12:01:02.201 [pool-2-thread-1] ERROR ConcreteClassAnalyzer - Problem for com.polimi.travlendar.frontend.ui.pages.gmaps.PlaceSearchPage. Class not found: com.vaadin.server.VaadinPortlet$VaadinWebLogicPortalRequest
java.lang.ClassNotFoundException: javax/portlet/filter/PortletRequestWrapper
	at org.evosuite.instrumentation.InstrumentingClassLoader.instrumentClass(InstrumentingClassLoader.java:199)
	at org.evosuite.instrumentation.InstrumentingClassLoader.loadClass(InstrumentingClassLoader.java:166)
	at java.lang.Class.forName0(Native Method)
	at java.lang.Class.forName(Class.java:348)
	at org.evosuite.setup.ConcreteClassAnalyzer.getConcreteClassesImpl(ConcreteClassAnalyzer.java:107)
	at org.evosuite.setup.ConcreteClassAnalyzer.getConcreteClasses(ConcreteClassAnalyzer.java:42)
	at org.evosuite.setup.TestClusterGenerator.addDependency(TestClusterGenerator.java:802)
	at org.evosuite.setup.TestClusterGenerator.addDependencies(TestClusterGenerator.java:711)
	at org.evosuite.setup.TestClusterGenerator.initializeTargetMethods(TestClusterGenerator.java:517)
	at org.evosuite.setup.TestClusterGenerator.generateCluster(TestClusterGenerator.java:135)
	at org.evosuite.setup.DependencyAnalysis.analyze(DependencyAnalysis.java:117)
	at org.evosuite.setup.DependencyAnalysis.analyzeClass(DependencyAnalysis.java:131)
	at org.evosuite.TestSuiteGenerator.generateTestSuite(TestSuiteGenerator.java:110)
	at org.evosuite.rmi.service.ClientNodeImpl$1.run(ClientNodeImpl.java:145)
	at java.util.concurrent.Executors$RunnableAdapter.call(Executors.java:511)
	at java.util.concurrent.FutureTask.run(FutureTask.java:266)
	at java.util.concurrent.ThreadPoolExecutor.runWorker(ThreadPoolExecutor.java:1142)
	at java.util.concurrent.ThreadPoolExecutor$Worker.run(ThreadPoolExecutor.java:617)
	at java.lang.Thread.run(Thread.java:748)
Caused by: java.lang.NoClassDefFoundError: javax/portlet/filter/PortletRequestWrapper
	at java.lang.ClassLoader.defineClass1(Native Method)
	at java.lang.ClassLoader.defineClass(ClassLoader.java:763)
	at java.security.SecureClassLoader.defineClass(SecureClassLoader.java:142)
	at java.net.URLClassLoader.defineClass(URLClassLoader.java:467)
	at java.net.URLClassLoader.access$100(URLClassLoader.java:73)
	at java.net.URLClassLoader$1.run(URLClassLoader.java:368)
	at java.net.URLClassLoader$1.run(URLClassLoader.java:362)
	at java.security.AccessController.doPrivileged(Native Method)
	at java.net.URLClassLoader.findClass(URLClassLoader.java:361)
	at java.lang.ClassLoader.loadClass(ClassLoader.java:424)
	at sun.misc.Launcher$AppClassLoader.loadClass(Launcher.java:335)
	at java.lang.ClassLoader.loadClass(ClassLoader.java:357)
	at java.lang.ClassLoader.defineClass1(Native Method)
	at java.lang.ClassLoader.defineClass(ClassLoader.java:763)
	at java.security.SecureClassLoader.defineClass(SecureClassLoader.java:142)
	at java.net.URLClassLoader.defineClass(URLClassLoader.java:467)
	at java.net.URLClassLoader.access$100(URLClassLoader.java:73)
	at java.net.URLClassLoader$1.run(URLClassLoader.java:368)
	at java.net.URLClassLoader$1.run(URLClassLoader.java:362)
	at java.security.AccessController.doPrivileged(Native Method)
	at java.net.URLClassLoader.findClass(URLClassLoader.java:361)
	at java.lang.ClassLoader.loadClass(ClassLoader.java:424)
	at sun.misc.Launcher$AppClassLoader.loadClass(Launcher.java:335)
	at java.lang.ClassLoader.loadClass(ClassLoader.java:357)
	at java.lang.ClassLoader.defineClass1(Native Method)
	at java.lang.ClassLoader.defineClass(ClassLoader.java:763)
	at java.security.SecureClassLoader.defineClass(SecureClassLoader.java:142)
	at java.net.URLClassLoader.defineClass(URLClassLoader.java:467)
	at java.net.URLClassLoader.access$100(URLClassLoader.java:73)
	at java.net.URLClassLoader$1.run(URLClassLoader.java:368)
	at java.net.URLClassLoader$1.run(URLClassLoader.java:362)
	at java.security.AccessController.doPrivileged(Native Method)
	at java.net.URLClassLoader.findClass(URLClassLoader.java:361)
	at java.lang.ClassLoader.loadClass(ClassLoader.java:424)
	at sun.misc.Launcher$AppClassLoader.loadClass(Launcher.java:335)
	at java.lang.ClassLoader.loadClass(ClassLoader.java:357)
	at java.lang.Class.forName0(Native Method)
	at java.lang.Class.forName(Class.java:348)
	at org.evosuite.runtime.instrumentation.MethodCallReplacementClassAdapter.visitEnd(MethodCallReplacementClassAdapter.java:180)
	at org.evosuite.shaded.org.objectweb.asm.tree.ClassNode.accept(Unknown Source)
	at org.evosuite.instrumentation.BytecodeInstrumentation.transformBytes(BytecodeInstrumentation.java:273)
	at org.evosuite.instrumentation.InstrumentingClassLoader.getTransformedBytes(InstrumentingClassLoader.java:173)
	at org.evosuite.instrumentation.InstrumentingClassLoader.instrumentClass(InstrumentingClassLoader.java:190)
	... 18 common frames omitted
Caused by: java.lang.ClassNotFoundException: javax.portlet.filter.PortletRequestWrapper
	at java.net.URLClassLoader.findClass(URLClassLoader.java:381)
	at java.lang.ClassLoader.loadClass(ClassLoader.java:424)
	at sun.misc.Launcher$AppClassLoader.loadClass(Launcher.java:335)
	at java.lang.ClassLoader.loadClass(ClassLoader.java:357)
	... 61 common frames omitted
[MASTER] 12:01:02.201 [pool-2-thread-1] ERROR ConcreteClassAnalyzer - Removing class from inheritance tree
[MASTER] 12:01:02.208 [pool-2-thread-1] ERROR ConcreteClassAnalyzer - Problem for com.polimi.travlendar.frontend.ui.pages.gmaps.PlaceSearchPage. Class not found: com.vaadin.server.VaadinPortlet$VaadinGateInRequest
java.lang.ClassNotFoundException: javax/portlet/filter/PortletRequestWrapper
	at org.evosuite.instrumentation.InstrumentingClassLoader.instrumentClass(InstrumentingClassLoader.java:199)
	at org.evosuite.instrumentation.InstrumentingClassLoader.loadClass(InstrumentingClassLoader.java:166)
	at java.lang.Class.forName0(Native Method)
	at java.lang.Class.forName(Class.java:348)
	at org.evosuite.setup.ConcreteClassAnalyzer.getConcreteClassesImpl(ConcreteClassAnalyzer.java:107)
	at org.evosuite.setup.ConcreteClassAnalyzer.getConcreteClasses(ConcreteClassAnalyzer.java:42)
	at org.evosuite.setup.TestClusterGenerator.addDependency(TestClusterGenerator.java:802)
	at org.evosuite.setup.TestClusterGenerator.addDependencies(TestClusterGenerator.java:711)
	at org.evosuite.setup.TestClusterGenerator.initializeTargetMethods(TestClusterGenerator.java:517)
	at org.evosuite.setup.TestClusterGenerator.generateCluster(TestClusterGenerator.java:135)
	at org.evosuite.setup.DependencyAnalysis.analyze(DependencyAnalysis.java:117)
	at org.evosuite.setup.DependencyAnalysis.analyzeClass(DependencyAnalysis.java:131)
	at org.evosuite.TestSuiteGenerator.generateTestSuite(TestSuiteGenerator.java:110)
	at org.evosuite.rmi.service.ClientNodeImpl$1.run(ClientNodeImpl.java:145)
	at java.util.concurrent.Executors$RunnableAdapter.call(Executors.java:511)
	at java.util.concurrent.FutureTask.run(FutureTask.java:266)
	at java.util.concurrent.ThreadPoolExecutor.runWorker(ThreadPoolExecutor.java:1142)
	at java.util.concurrent.ThreadPoolExecutor$Worker.run(ThreadPoolExecutor.java:617)
	at java.lang.Thread.run(Thread.java:748)
Caused by: java.lang.NoClassDefFoundError: javax/portlet/filter/PortletRequestWrapper
	at java.lang.ClassLoader.defineClass1(Native Method)
	at java.lang.ClassLoader.defineClass(ClassLoader.java:763)
	at java.security.SecureClassLoader.defineClass(SecureClassLoader.java:142)
	at java.net.URLClassLoader.defineClass(URLClassLoader.java:467)
	at java.net.URLClassLoader.access$100(URLClassLoader.java:73)
	at java.net.URLClassLoader$1.run(URLClassLoader.java:368)
	at java.net.URLClassLoader$1.run(URLClassLoader.java:362)
	at java.security.AccessController.doPrivileged(Native Method)
	at java.net.URLClassLoader.findClass(URLClassLoader.java:361)
	at java.lang.ClassLoader.loadClass(ClassLoader.java:424)
	at sun.misc.Launcher$AppClassLoader.loadClass(Launcher.java:335)
	at java.lang.ClassLoader.loadClass(ClassLoader.java:357)
	at java.lang.ClassLoader.defineClass1(Native Method)
	at java.lang.ClassLoader.defineClass(ClassLoader.java:763)
	at java.security.SecureClassLoader.defineClass(SecureClassLoader.java:142)
	at java.net.URLClassLoader.defineClass(URLClassLoader.java:467)
	at java.net.URLClassLoader.access$100(URLClassLoader.java:73)
	at java.net.URLClassLoader$1.run(URLClassLoader.java:368)
	at java.net.URLClassLoader$1.run(URLClassLoader.java:362)
	at java.security.AccessController.doPrivileged(Native Method)
	at java.net.URLClassLoader.findClass(URLClassLoader.java:361)
	at java.lang.ClassLoader.loadClass(ClassLoader.java:424)
	at sun.misc.Launcher$AppClassLoader.loadClass(Launcher.java:335)
	at java.lang.ClassLoader.loadClass(ClassLoader.java:357)
	at java.lang.ClassLoader.defineClass1(Native Method)
	at java.lang.ClassLoader.defineClass(ClassLoader.java:763)
	at java.security.SecureClassLoader.defineClass(SecureClassLoader.java:142)
	at java.net.URLClassLoader.defineClass(URLClassLoader.java:467)
	at java.net.URLClassLoader.access$100(URLClassLoader.java:73)
	at java.net.URLClassLoader$1.run(URLClassLoader.java:368)
	at java.net.URLClassLoader$1.run(URLClassLoader.java:362)
	at java.security.AccessController.doPrivileged(Native Method)
	at java.net.URLClassLoader.findClass(URLClassLoader.java:361)
	at java.lang.ClassLoader.loadClass(ClassLoader.java:424)
	at sun.misc.Launcher$AppClassLoader.loadClass(Launcher.java:335)
	at java.lang.ClassLoader.loadClass(ClassLoader.java:357)
	at java.lang.Class.forName0(Native Method)
	at java.lang.Class.forName(Class.java:348)
	at org.evosuite.runtime.instrumentation.MethodCallReplacementClassAdapter.visitEnd(MethodCallReplacementClassAdapter.java:180)
	at org.evosuite.shaded.org.objectweb.asm.tree.ClassNode.accept(Unknown Source)
	at org.evosuite.instrumentation.BytecodeInstrumentation.transformBytes(BytecodeInstrumentation.java:273)
	at org.evosuite.instrumentation.InstrumentingClassLoader.getTransformedBytes(InstrumentingClassLoader.java:173)
	at org.evosuite.instrumentation.InstrumentingClassLoader.instrumentClass(InstrumentingClassLoader.java:190)
	... 18 common frames omitted
Caused by: java.lang.ClassNotFoundException: javax.portlet.filter.PortletRequestWrapper
	at java.net.URLClassLoader.findClass(URLClassLoader.java:381)
	at java.lang.ClassLoader.loadClass(ClassLoader.java:424)
	at sun.misc.Launcher$AppClassLoader.loadClass(Launcher.java:335)
	at java.lang.ClassLoader.loadClass(ClassLoader.java:357)
	... 61 common frames omitted
[MASTER] 12:01:02.208 [pool-2-thread-1] ERROR ConcreteClassAnalyzer - Removing class from inheritance tree
[MASTER] 12:01:02.286 [pool-2-thread-1] ERROR ConcreteClassAnalyzer - Problem for com.polimi.travlendar.frontend.ui.pages.gmaps.PlaceSearchPage. Class not found: com.vaadin.server.VaadinPortletResponse
java.lang.ClassNotFoundException: Ljavax/portlet/PortletResponse;
	at org.evosuite.instrumentation.InstrumentingClassLoader.instrumentClass(InstrumentingClassLoader.java:199)
	at org.evosuite.instrumentation.InstrumentingClassLoader.loadClass(InstrumentingClassLoader.java:166)
	at java.lang.Class.forName0(Native Method)
	at java.lang.Class.forName(Class.java:348)
	at org.evosuite.setup.ConcreteClassAnalyzer.getConcreteClassesImpl(ConcreteClassAnalyzer.java:107)
	at org.evosuite.setup.ConcreteClassAnalyzer.getConcreteClasses(ConcreteClassAnalyzer.java:42)
	at org.evosuite.setup.TestClusterGenerator.addDependency(TestClusterGenerator.java:802)
	at org.evosuite.setup.TestClusterGenerator.addDependencies(TestClusterGenerator.java:711)
	at org.evosuite.setup.TestClusterGenerator.initializeTargetMethods(TestClusterGenerator.java:517)
	at org.evosuite.setup.TestClusterGenerator.generateCluster(TestClusterGenerator.java:135)
	at org.evosuite.setup.DependencyAnalysis.analyze(DependencyAnalysis.java:117)
	at org.evosuite.setup.DependencyAnalysis.analyzeClass(DependencyAnalysis.java:131)
	at org.evosuite.TestSuiteGenerator.generateTestSuite(TestSuiteGenerator.java:110)
	at org.evosuite.rmi.service.ClientNodeImpl$1.run(ClientNodeImpl.java:145)
	at java.util.concurrent.Executors$RunnableAdapter.call(Executors.java:511)
	at java.util.concurrent.FutureTask.run(FutureTask.java:266)
	at java.util.concurrent.ThreadPoolExecutor.runWorker(ThreadPoolExecutor.java:1142)
	at java.util.concurrent.ThreadPoolExecutor$Worker.run(ThreadPoolExecutor.java:617)
	at java.lang.Thread.run(Thread.java:748)
Caused by: java.lang.NoClassDefFoundError: Ljavax/portlet/PortletResponse;
	at java.lang.Class.getDeclaredFields0(Native Method)
	at java.lang.Class.privateGetDeclaredFields(Class.java:2583)
	at java.lang.Class.getDeclaredField(Class.java:2068)
	at java.io.ObjectStreamClass.getDeclaredSUID(ObjectStreamClass.java:1703)
	at java.io.ObjectStreamClass.access$700(ObjectStreamClass.java:72)
	at java.io.ObjectStreamClass$2.run(ObjectStreamClass.java:484)
	at java.io.ObjectStreamClass$2.run(ObjectStreamClass.java:472)
	at java.security.AccessController.doPrivileged(Native Method)
	at java.io.ObjectStreamClass.<init>(ObjectStreamClass.java:472)
	at java.io.ObjectStreamClass.lookup(ObjectStreamClass.java:369)
	at java.io.ObjectStreamClass.lookup(ObjectStreamClass.java:213)
	at org.evosuite.runtime.instrumentation.MethodCallReplacementClassAdapter.visitEnd(MethodCallReplacementClassAdapter.java:183)
	at org.evosuite.shaded.org.objectweb.asm.tree.ClassNode.accept(Unknown Source)
	at org.evosuite.instrumentation.BytecodeInstrumentation.transformBytes(BytecodeInstrumentation.java:273)
	at org.evosuite.instrumentation.InstrumentingClassLoader.getTransformedBytes(InstrumentingClassLoader.java:173)
	at org.evosuite.instrumentation.InstrumentingClassLoader.instrumentClass(InstrumentingClassLoader.java:190)
	... 18 common frames omitted
Caused by: java.lang.ClassNotFoundException: javax.portlet.PortletResponse
	at java.net.URLClassLoader.findClass(URLClassLoader.java:381)
	at java.lang.ClassLoader.loadClass(ClassLoader.java:424)
	at sun.misc.Launcher$AppClassLoader.loadClass(Launcher.java:335)
	at java.lang.ClassLoader.loadClass(ClassLoader.java:357)
	... 34 common frames omitted
[MASTER] 12:01:02.286 [pool-2-thread-1] ERROR ConcreteClassAnalyzer - Removing class from inheritance tree
[MASTER] 12:01:04.728 [pool-2-thread-1] ERROR ConcreteClassAnalyzer - Problem for com.polimi.travlendar.frontend.ui.pages.gmaps.PlaceSearchPage. Class not found: com.vaadin.server.VaadinPortletService
java.lang.ClassNotFoundException: javax/portlet/GenericPortlet
	at org.evosuite.instrumentation.InstrumentingClassLoader.instrumentClass(InstrumentingClassLoader.java:199)
	at org.evosuite.instrumentation.InstrumentingClassLoader.loadClass(InstrumentingClassLoader.java:166)
	at java.lang.Class.forName0(Native Method)
	at java.lang.Class.forName(Class.java:348)
	at org.evosuite.setup.ConcreteClassAnalyzer.getConcreteClassesImpl(ConcreteClassAnalyzer.java:107)
	at org.evosuite.setup.ConcreteClassAnalyzer.getConcreteClasses(ConcreteClassAnalyzer.java:42)
	at org.evosuite.setup.TestClusterGenerator.addDependency(TestClusterGenerator.java:802)
	at org.evosuite.setup.TestClusterGenerator.addDependencies(TestClusterGenerator.java:685)
	at org.evosuite.setup.TestClusterGenerator.addDependencyClass(TestClusterGenerator.java:874)
	at org.evosuite.setup.TestClusterGenerator.resolveDependencies(TestClusterGenerator.java:332)
	at org.evosuite.setup.TestClusterGenerator.generateCluster(TestClusterGenerator.java:138)
	at org.evosuite.setup.DependencyAnalysis.analyze(DependencyAnalysis.java:117)
	at org.evosuite.setup.DependencyAnalysis.analyzeClass(DependencyAnalysis.java:131)
	at org.evosuite.TestSuiteGenerator.generateTestSuite(TestSuiteGenerator.java:110)
	at org.evosuite.rmi.service.ClientNodeImpl$1.run(ClientNodeImpl.java:145)
	at java.util.concurrent.Executors$RunnableAdapter.call(Executors.java:511)
	at java.util.concurrent.FutureTask.run(FutureTask.java:266)
	at java.util.concurrent.ThreadPoolExecutor.runWorker(ThreadPoolExecutor.java:1142)
	at java.util.concurrent.ThreadPoolExecutor$Worker.run(ThreadPoolExecutor.java:617)
	at java.lang.Thread.run(Thread.java:748)
Caused by: java.lang.NoClassDefFoundError: javax/portlet/GenericPortlet
	at java.lang.ClassLoader.defineClass1(Native Method)
	at java.lang.ClassLoader.defineClass(ClassLoader.java:763)
	at java.security.SecureClassLoader.defineClass(SecureClassLoader.java:142)
	at java.net.URLClassLoader.defineClass(URLClassLoader.java:467)
	at java.net.URLClassLoader.access$100(URLClassLoader.java:73)
	at java.net.URLClassLoader$1.run(URLClassLoader.java:368)
	at java.net.URLClassLoader$1.run(URLClassLoader.java:362)
	at java.security.AccessController.doPrivileged(Native Method)
	at java.net.URLClassLoader.findClass(URLClassLoader.java:361)
	at java.lang.ClassLoader.loadClass(ClassLoader.java:424)
	at sun.misc.Launcher$AppClassLoader.loadClass(Launcher.java:335)
	at java.lang.ClassLoader.loadClass(ClassLoader.java:357)
	at java.lang.Class.getDeclaredFields0(Native Method)
	at java.lang.Class.privateGetDeclaredFields(Class.java:2583)
	at java.lang.Class.getDeclaredField(Class.java:2068)
	at java.io.ObjectStreamClass.getDeclaredSUID(ObjectStreamClass.java:1703)
	at java.io.ObjectStreamClass.access$700(ObjectStreamClass.java:72)
	at java.io.ObjectStreamClass$2.run(ObjectStreamClass.java:484)
	at java.io.ObjectStreamClass$2.run(ObjectStreamClass.java:472)
	at java.security.AccessController.doPrivileged(Native Method)
	at java.io.ObjectStreamClass.<init>(ObjectStreamClass.java:472)
	at java.io.ObjectStreamClass.lookup(ObjectStreamClass.java:369)
	at java.io.ObjectStreamClass.lookup(ObjectStreamClass.java:213)
	at org.evosuite.runtime.instrumentation.MethodCallReplacementClassAdapter.visitEnd(MethodCallReplacementClassAdapter.java:183)
	at org.evosuite.shaded.org.objectweb.asm.tree.ClassNode.accept(Unknown Source)
	at org.evosuite.instrumentation.BytecodeInstrumentation.transformBytes(BytecodeInstrumentation.java:273)
	at org.evosuite.instrumentation.InstrumentingClassLoader.getTransformedBytes(InstrumentingClassLoader.java:173)
	at org.evosuite.instrumentation.InstrumentingClassLoader.instrumentClass(InstrumentingClassLoader.java:190)
	... 19 common frames omitted
Caused by: java.lang.ClassNotFoundException: javax.portlet.GenericPortlet
	at java.net.URLClassLoader.findClass(URLClassLoader.java:381)
	at java.lang.ClassLoader.loadClass(ClassLoader.java:424)
	at sun.misc.Launcher$AppClassLoader.loadClass(Launcher.java:335)
	at java.lang.ClassLoader.loadClass(ClassLoader.java:357)
	... 47 common frames omitted
[MASTER] 12:01:04.729 [pool-2-thread-1] ERROR ConcreteClassAnalyzer - Removing class from inheritance tree
[MASTER] 12:01:04.784 [pool-2-thread-1] ERROR ConcreteClassAnalyzer - Problem for com.polimi.travlendar.frontend.ui.pages.gmaps.PlaceSearchPage. Class not found: com.vaadin.server.WrappedPortletSession
java.lang.ClassNotFoundException: Ljavax/portlet/PortletSession;
	at org.evosuite.instrumentation.InstrumentingClassLoader.instrumentClass(InstrumentingClassLoader.java:199)
	at org.evosuite.instrumentation.InstrumentingClassLoader.loadClass(InstrumentingClassLoader.java:166)
	at java.lang.Class.forName0(Native Method)
	at java.lang.Class.forName(Class.java:348)
	at org.evosuite.setup.ConcreteClassAnalyzer.getConcreteClassesImpl(ConcreteClassAnalyzer.java:107)
	at org.evosuite.setup.ConcreteClassAnalyzer.getConcreteClasses(ConcreteClassAnalyzer.java:42)
	at org.evosuite.setup.TestClusterGenerator.addDependency(TestClusterGenerator.java:802)
	at org.evosuite.setup.TestClusterGenerator.addDependencies(TestClusterGenerator.java:711)
	at org.evosuite.setup.TestClusterGenerator.addDependencyClass(TestClusterGenerator.java:918)
	at org.evosuite.setup.TestClusterGenerator.resolveDependencies(TestClusterGenerator.java:332)
	at org.evosuite.setup.TestClusterGenerator.generateCluster(TestClusterGenerator.java:138)
	at org.evosuite.setup.DependencyAnalysis.analyze(DependencyAnalysis.java:117)
	at org.evosuite.setup.DependencyAnalysis.analyzeClass(DependencyAnalysis.java:131)
	at org.evosuite.TestSuiteGenerator.generateTestSuite(TestSuiteGenerator.java:110)
	at org.evosuite.rmi.service.ClientNodeImpl$1.run(ClientNodeImpl.java:145)
	at java.util.concurrent.Executors$RunnableAdapter.call(Executors.java:511)
	at java.util.concurrent.FutureTask.run(FutureTask.java:266)
	at java.util.concurrent.ThreadPoolExecutor.runWorker(ThreadPoolExecutor.java:1142)
	at java.util.concurrent.ThreadPoolExecutor$Worker.run(ThreadPoolExecutor.java:617)
	at java.lang.Thread.run(Thread.java:748)
Caused by: java.lang.NoClassDefFoundError: Ljavax/portlet/PortletSession;
	at java.lang.Class.getDeclaredFields0(Native Method)
	at java.lang.Class.privateGetDeclaredFields(Class.java:2583)
	at java.lang.Class.getDeclaredField(Class.java:2068)
	at java.io.ObjectStreamClass.getDeclaredSUID(ObjectStreamClass.java:1703)
	at java.io.ObjectStreamClass.access$700(ObjectStreamClass.java:72)
	at java.io.ObjectStreamClass$2.run(ObjectStreamClass.java:484)
	at java.io.ObjectStreamClass$2.run(ObjectStreamClass.java:472)
	at java.security.AccessController.doPrivileged(Native Method)
	at java.io.ObjectStreamClass.<init>(ObjectStreamClass.java:472)
	at java.io.ObjectStreamClass.lookup(ObjectStreamClass.java:369)
	at java.io.ObjectStreamClass.lookup(ObjectStreamClass.java:213)
	at org.evosuite.runtime.instrumentation.MethodCallReplacementClassAdapter.visitEnd(MethodCallReplacementClassAdapter.java:183)
	at org.evosuite.shaded.org.objectweb.asm.tree.ClassNode.accept(Unknown Source)
	at org.evosuite.instrumentation.BytecodeInstrumentation.transformBytes(BytecodeInstrumentation.java:273)
	at org.evosuite.instrumentation.InstrumentingClassLoader.getTransformedBytes(InstrumentingClassLoader.java:173)
	at org.evosuite.instrumentation.InstrumentingClassLoader.instrumentClass(InstrumentingClassLoader.java:190)
	... 19 common frames omitted
Caused by: java.lang.ClassNotFoundException: javax.portlet.PortletSession
	at java.net.URLClassLoader.findClass(URLClassLoader.java:381)
	at java.lang.ClassLoader.loadClass(ClassLoader.java:424)
	at sun.misc.Launcher$AppClassLoader.loadClass(Launcher.java:335)
	at java.lang.ClassLoader.loadClass(ClassLoader.java:357)
	... 35 common frames omitted
[MASTER] 12:01:04.784 [pool-2-thread-1] ERROR ConcreteClassAnalyzer - Removing class from inheritance tree
[MASTER] 12:01:05.263 [pool-2-thread-1] ERROR ConcreteClassAnalyzer - Problem for com.polimi.travlendar.frontend.ui.pages.gmaps.PlaceSearchPage. Class not found: org.atmosphere.container.Tomcat7CometSupport
java.lang.ClassNotFoundException: Class not found: org/apache/catalina/comet/CometEvent: java.lang.NullPointerException: Class not found org/apache/catalina/comet/CometEvent
	at org.evosuite.instrumentation.InstrumentingClassLoader.instrumentClass(InstrumentingClassLoader.java:199)
	at org.evosuite.instrumentation.InstrumentingClassLoader.loadClass(InstrumentingClassLoader.java:166)
	at java.lang.Class.forName0(Native Method)
	at java.lang.Class.forName(Class.java:348)
	at org.evosuite.setup.ConcreteClassAnalyzer.getConcreteClassesImpl(ConcreteClassAnalyzer.java:107)
	at org.evosuite.setup.ConcreteClassAnalyzer.getConcreteClasses(ConcreteClassAnalyzer.java:42)
	at org.evosuite.setup.TestClusterGenerator.addDependency(TestClusterGenerator.java:802)
	at org.evosuite.setup.TestClusterGenerator.addDependencies(TestClusterGenerator.java:711)
	at org.evosuite.setup.TestClusterGenerator.addDependencyClass(TestClusterGenerator.java:918)
	at org.evosuite.setup.TestClusterGenerator.resolveDependencies(TestClusterGenerator.java:332)
	at org.evosuite.setup.TestClusterGenerator.generateCluster(TestClusterGenerator.java:138)
	at org.evosuite.setup.DependencyAnalysis.analyze(DependencyAnalysis.java:117)
	at org.evosuite.setup.DependencyAnalysis.analyzeClass(DependencyAnalysis.java:131)
	at org.evosuite.TestSuiteGenerator.generateTestSuite(TestSuiteGenerator.java:110)
	at org.evosuite.rmi.service.ClientNodeImpl$1.run(ClientNodeImpl.java:145)
	at java.util.concurrent.Executors$RunnableAdapter.call(Executors.java:511)
	at java.util.concurrent.FutureTask.run(FutureTask.java:266)
	at java.util.concurrent.ThreadPoolExecutor.runWorker(ThreadPoolExecutor.java:1142)
	at java.util.concurrent.ThreadPoolExecutor$Worker.run(ThreadPoolExecutor.java:617)
	at java.lang.Thread.run(Thread.java:748)
Caused by: java.lang.RuntimeException: Class not found: org/apache/catalina/comet/CometEvent: java.lang.NullPointerException: Class not found org/apache/catalina/comet/CometEvent
	at org.evosuite.runtime.util.ComputeClassWriter.getCommonSuperClass(ComputeClassWriter.java:58)
	at org.evosuite.shaded.org.objectweb.asm.ClassWriter.a(Unknown Source)
	at org.evosuite.shaded.org.objectweb.asm.Frame.a(Unknown Source)
	at org.evosuite.shaded.org.objectweb.asm.Frame.a(Unknown Source)
	at org.evosuite.shaded.org.objectweb.asm.MethodWriter.visitMaxs(Unknown Source)
	at org.evosuite.shaded.org.objectweb.asm.MethodVisitor.visitMaxs(Unknown Source)
	at org.evosuite.shaded.org.objectweb.asm.MethodVisitor.visitMaxs(Unknown Source)
	at org.evosuite.shaded.org.objectweb.asm.MethodVisitor.visitMaxs(Unknown Source)
	at org.evosuite.runtime.instrumentation.LoopCounterMethodAdapter.visitMaxs(LoopCounterMethodAdapter.java:48)
	at org.evosuite.shaded.org.objectweb.asm.tree.MethodNode.accept(Unknown Source)
	at org.evosuite.shaded.org.objectweb.asm.commons.JSRInlinerAdapter.visitEnd(Unknown Source)
	at org.evosuite.shaded.org.objectweb.asm.MethodVisitor.visitEnd(Unknown Source)
	at org.evosuite.shaded.org.objectweb.asm.MethodVisitor.visitEnd(Unknown Source)
	at org.evosuite.shaded.org.objectweb.asm.MethodVisitor.visitEnd(Unknown Source)
	at org.evosuite.shaded.org.objectweb.asm.ClassReader.b(Unknown Source)
	at org.evosuite.shaded.org.objectweb.asm.ClassReader.accept(Unknown Source)
	at org.evosuite.shaded.org.objectweb.asm.ClassReader.accept(Unknown Source)
	at org.evosuite.instrumentation.BytecodeInstrumentation.transformBytes(BytecodeInstrumentation.java:280)
	at org.evosuite.instrumentation.InstrumentingClassLoader.getTransformedBytes(InstrumentingClassLoader.java:173)
	at org.evosuite.instrumentation.InstrumentingClassLoader.instrumentClass(InstrumentingClassLoader.java:190)
	... 19 common frames omitted
Caused by: java.lang.NullPointerException: Class not found org/apache/catalina/comet/CometEvent
	at org.evosuite.runtime.util.ComputeClassWriter.typeInfo(ComputeClassWriter.java:186)
	at org.evosuite.runtime.util.ComputeClassWriter.getCommonSuperClass(ComputeClassWriter.java:55)
	... 38 common frames omitted
[MASTER] 12:01:05.264 [pool-2-thread-1] ERROR ConcreteClassAnalyzer - Removing class from inheritance tree
[MASTER] 12:01:05.297 [pool-2-thread-1] ERROR ConcreteClassAnalyzer - Problem for com.polimi.travlendar.frontend.ui.pages.gmaps.PlaceSearchPage. Class not found: org.atmosphere.container.Tomcat7AsyncSupportWithWebSocket
java.lang.ClassNotFoundException: org/atmosphere/container/Tomcat7CometSupport
	at org.evosuite.instrumentation.InstrumentingClassLoader.instrumentClass(InstrumentingClassLoader.java:199)
	at org.evosuite.instrumentation.InstrumentingClassLoader.loadClass(InstrumentingClassLoader.java:166)
	at java.lang.Class.forName0(Native Method)
	at java.lang.Class.forName(Class.java:348)
	at org.evosuite.setup.ConcreteClassAnalyzer.getConcreteClassesImpl(ConcreteClassAnalyzer.java:107)
	at org.evosuite.setup.ConcreteClassAnalyzer.getConcreteClasses(ConcreteClassAnalyzer.java:42)
	at org.evosuite.setup.TestClusterGenerator.addDependency(TestClusterGenerator.java:802)
	at org.evosuite.setup.TestClusterGenerator.addDependencies(TestClusterGenerator.java:711)
	at org.evosuite.setup.TestClusterGenerator.addDependencyClass(TestClusterGenerator.java:918)
	at org.evosuite.setup.TestClusterGenerator.resolveDependencies(TestClusterGenerator.java:332)
	at org.evosuite.setup.TestClusterGenerator.generateCluster(TestClusterGenerator.java:138)
	at org.evosuite.setup.DependencyAnalysis.analyze(DependencyAnalysis.java:117)
	at org.evosuite.setup.DependencyAnalysis.analyzeClass(DependencyAnalysis.java:131)
	at org.evosuite.TestSuiteGenerator.generateTestSuite(TestSuiteGenerator.java:110)
	at org.evosuite.rmi.service.ClientNodeImpl$1.run(ClientNodeImpl.java:145)
	at java.util.concurrent.Executors$RunnableAdapter.call(Executors.java:511)
	at java.util.concurrent.FutureTask.run(FutureTask.java:266)
	at java.util.concurrent.ThreadPoolExecutor.runWorker(ThreadPoolExecutor.java:1142)
	at java.util.concurrent.ThreadPoolExecutor$Worker.run(ThreadPoolExecutor.java:617)
	at java.lang.Thread.run(Thread.java:748)
Caused by: java.lang.NoClassDefFoundError: org/atmosphere/container/Tomcat7CometSupport
	at java.lang.ClassLoader.defineClass1(Native Method)
	at java.lang.ClassLoader.defineClass(ClassLoader.java:763)
	at java.lang.ClassLoader.defineClass(ClassLoader.java:642)
	at org.evosuite.instrumentation.InstrumentingClassLoader.instrumentClass(InstrumentingClassLoader.java:192)
	... 19 common frames omitted
Caused by: java.lang.ClassNotFoundException: Class not found: org/apache/catalina/comet/CometEvent: java.lang.NullPointerException: Class not found org/apache/catalina/comet/CometEvent
	at org.evosuite.instrumentation.InstrumentingClassLoader.instrumentClass(InstrumentingClassLoader.java:199)
	at org.evosuite.instrumentation.InstrumentingClassLoader.loadClass(InstrumentingClassLoader.java:166)
	... 23 common frames omitted
Caused by: java.lang.RuntimeException: Class not found: org/apache/catalina/comet/CometEvent: java.lang.NullPointerException: Class not found org/apache/catalina/comet/CometEvent
	at org.evosuite.runtime.util.ComputeClassWriter.getCommonSuperClass(ComputeClassWriter.java:58)
	at org.evosuite.shaded.org.objectweb.asm.ClassWriter.a(Unknown Source)
	at org.evosuite.shaded.org.objectweb.asm.Frame.a(Unknown Source)
	at org.evosuite.shaded.org.objectweb.asm.Frame.a(Unknown Source)
	at org.evosuite.shaded.org.objectweb.asm.MethodWriter.visitMaxs(Unknown Source)
	at org.evosuite.shaded.org.objectweb.asm.MethodVisitor.visitMaxs(Unknown Source)
	at org.evosuite.shaded.org.objectweb.asm.MethodVisitor.visitMaxs(Unknown Source)
	at org.evosuite.shaded.org.objectweb.asm.MethodVisitor.visitMaxs(Unknown Source)
	at org.evosuite.runtime.instrumentation.LoopCounterMethodAdapter.visitMaxs(LoopCounterMethodAdapter.java:48)
	at org.evosuite.shaded.org.objectweb.asm.tree.MethodNode.accept(Unknown Source)
	at org.evosuite.shaded.org.objectweb.asm.commons.JSRInlinerAdapter.visitEnd(Unknown Source)
	at org.evosuite.shaded.org.objectweb.asm.MethodVisitor.visitEnd(Unknown Source)
	at org.evosuite.shaded.org.objectweb.asm.MethodVisitor.visitEnd(Unknown Source)
	at org.evosuite.shaded.org.objectweb.asm.MethodVisitor.visitEnd(Unknown Source)
	at org.evosuite.shaded.org.objectweb.asm.ClassReader.b(Unknown Source)
	at org.evosuite.shaded.org.objectweb.asm.ClassReader.accept(Unknown Source)
	at org.evosuite.shaded.org.objectweb.asm.ClassReader.accept(Unknown Source)
	at org.evosuite.instrumentation.BytecodeInstrumentation.transformBytes(BytecodeInstrumentation.java:280)
	at org.evosuite.instrumentation.InstrumentingClassLoader.getTransformedBytes(InstrumentingClassLoader.java:173)
	at org.evosuite.instrumentation.InstrumentingClassLoader.instrumentClass(InstrumentingClassLoader.java:190)
	... 24 common frames omitted
Caused by: java.lang.NullPointerException: Class not found org/apache/catalina/comet/CometEvent
	at org.evosuite.runtime.util.ComputeClassWriter.typeInfo(ComputeClassWriter.java:186)
	at org.evosuite.runtime.util.ComputeClassWriter.getCommonSuperClass(ComputeClassWriter.java:55)
	... 43 common frames omitted
[MASTER] 12:01:05.298 [pool-2-thread-1] ERROR ConcreteClassAnalyzer - Removing class from inheritance tree
[MASTER] 12:01:05.648 [pool-2-thread-1] ERROR TestClusterGenerator - Problem for com.polimi.travlendar.frontend.ui.pages.gmaps.PlaceSearchPage. Failed to add dependencies for class org.atmosphere.container.JettyCometSupport: java.lang.TypeNotPresentException: Type org.mortbay.util.ajax.Continuation not present
[sun.reflect.generics.factory.CoreReflectionFactory.makeNamedType(CoreReflectionFactory.java:117), sun.reflect.generics.visitor.Reifier.visitClassTypeSignature(Reifier.java:125), sun.reflect.generics.tree.ClassTypeSignature.accept(ClassTypeSignature.java:49), sun.reflect.generics.visitor.Reifier.reifyTypeArguments(Reifier.java:68), sun.reflect.generics.visitor.Reifier.visitClassTypeSignature(Reifier.java:138), sun.reflect.generics.tree.ClassTypeSignature.accept(ClassTypeSignature.java:49), sun.reflect.generics.repository.FieldRepository.getGenericType(FieldRepository.java:85), java.lang.reflect.Field.getGenericType(Field.java:247), java.lang.reflect.Field.toGenericString(Field.java:329), org.evosuite.setup.TestClusterUtils.getFields(TestClusterUtils.java:227), org.evosuite.setup.TestClusterGenerator.addDependencyClass(TestClusterGenerator.java:946), org.evosuite.setup.TestClusterGenerator.resolveDependencies(TestClusterGenerator.java:332), org.evosuite.setup.TestClusterGenerator.generateCluster(TestClusterGenerator.java:138), org.evosuite.setup.DependencyAnalysis.analyze(DependencyAnalysis.java:117), org.evosuite.setup.DependencyAnalysis.analyzeClass(DependencyAnalysis.java:131), org.evosuite.TestSuiteGenerator.generateTestSuite(TestSuiteGenerator.java:110), org.evosuite.rmi.service.ClientNodeImpl$1.run(ClientNodeImpl.java:145), java.util.concurrent.Executors$RunnableAdapter.call(Executors.java:511), java.util.concurrent.FutureTask.run(FutureTask.java:266), java.util.concurrent.ThreadPoolExecutor.runWorker(ThreadPoolExecutor.java:1142), java.util.concurrent.ThreadPoolExecutor$Worker.run(ThreadPoolExecutor.java:617), java.lang.Thread.run(Thread.java:748)]
[MASTER] 12:01:08.335 [pool-2-thread-1] ERROR ConcreteClassAnalyzer - Problem for com.polimi.travlendar.frontend.ui.pages.gmaps.PlaceSearchPage. Class not found: org.atmosphere.interceptor.ShiroInterceptor
java.lang.ClassNotFoundException: Class not found: org/apache/shiro/web/subject/WebSubject: java.lang.NullPointerException: Class not found org/apache/shiro/web/subject/WebSubject
	at org.evosuite.instrumentation.InstrumentingClassLoader.instrumentClass(InstrumentingClassLoader.java:199)
	at org.evosuite.instrumentation.InstrumentingClassLoader.loadClass(InstrumentingClassLoader.java:166)
	at java.lang.Class.forName0(Native Method)
	at java.lang.Class.forName(Class.java:348)
	at org.evosuite.setup.ConcreteClassAnalyzer.getConcreteClassesImpl(ConcreteClassAnalyzer.java:107)
	at org.evosuite.setup.ConcreteClassAnalyzer.getConcreteClasses(ConcreteClassAnalyzer.java:42)
	at org.evosuite.setup.TestClusterGenerator.addDependency(TestClusterGenerator.java:802)
	at org.evosuite.setup.TestClusterGenerator.addDependencies(TestClusterGenerator.java:711)
	at org.evosuite.setup.TestClusterGenerator.addDependencyClass(TestClusterGenerator.java:918)
	at org.evosuite.setup.TestClusterGenerator.resolveDependencies(TestClusterGenerator.java:332)
	at org.evosuite.setup.TestClusterGenerator.generateCluster(TestClusterGenerator.java:138)
	at org.evosuite.setup.DependencyAnalysis.analyze(DependencyAnalysis.java:117)
	at org.evosuite.setup.DependencyAnalysis.analyzeClass(DependencyAnalysis.java:131)
	at org.evosuite.TestSuiteGenerator.generateTestSuite(TestSuiteGenerator.java:110)
	at org.evosuite.rmi.service.ClientNodeImpl$1.run(ClientNodeImpl.java:145)
	at java.util.concurrent.Executors$RunnableAdapter.call(Executors.java:511)
	at java.util.concurrent.FutureTask.run(FutureTask.java:266)
	at java.util.concurrent.ThreadPoolExecutor.runWorker(ThreadPoolExecutor.java:1142)
	at java.util.concurrent.ThreadPoolExecutor$Worker.run(ThreadPoolExecutor.java:617)
	at java.lang.Thread.run(Thread.java:748)
Caused by: java.lang.RuntimeException: Class not found: org/apache/shiro/web/subject/WebSubject: java.lang.NullPointerException: Class not found org/apache/shiro/web/subject/WebSubject
	at org.evosuite.runtime.util.ComputeClassWriter.getCommonSuperClass(ComputeClassWriter.java:52)
	at org.evosuite.shaded.org.objectweb.asm.ClassWriter.a(Unknown Source)
	at org.evosuite.shaded.org.objectweb.asm.Frame.a(Unknown Source)
	at org.evosuite.shaded.org.objectweb.asm.Frame.a(Unknown Source)
	at org.evosuite.shaded.org.objectweb.asm.MethodWriter.visitMaxs(Unknown Source)
	at org.evosuite.shaded.org.objectweb.asm.MethodVisitor.visitMaxs(Unknown Source)
	at org.evosuite.shaded.org.objectweb.asm.MethodVisitor.visitMaxs(Unknown Source)
	at org.evosuite.shaded.org.objectweb.asm.MethodVisitor.visitMaxs(Unknown Source)
	at org.evosuite.runtime.instrumentation.LoopCounterMethodAdapter.visitMaxs(LoopCounterMethodAdapter.java:48)
	at org.evosuite.shaded.org.objectweb.asm.tree.MethodNode.accept(Unknown Source)
	at org.evosuite.shaded.org.objectweb.asm.commons.JSRInlinerAdapter.visitEnd(Unknown Source)
	at org.evosuite.shaded.org.objectweb.asm.MethodVisitor.visitEnd(Unknown Source)
	at org.evosuite.shaded.org.objectweb.asm.MethodVisitor.visitEnd(Unknown Source)
	at org.evosuite.shaded.org.objectweb.asm.MethodVisitor.visitEnd(Unknown Source)
	at org.evosuite.shaded.org.objectweb.asm.ClassReader.b(Unknown Source)
	at org.evosuite.shaded.org.objectweb.asm.ClassReader.accept(Unknown Source)
	at org.evosuite.shaded.org.objectweb.asm.ClassReader.accept(Unknown Source)
	at org.evosuite.instrumentation.BytecodeInstrumentation.transformBytes(BytecodeInstrumentation.java:280)
	at org.evosuite.instrumentation.InstrumentingClassLoader.getTransformedBytes(InstrumentingClassLoader.java:173)
	at org.evosuite.instrumentation.InstrumentingClassLoader.instrumentClass(InstrumentingClassLoader.java:190)
	... 19 common frames omitted
Caused by: java.lang.NullPointerException: Class not found org/apache/shiro/web/subject/WebSubject
	at org.evosuite.runtime.util.ComputeClassWriter.typeInfo(ComputeClassWriter.java:186)
	at org.evosuite.runtime.util.ComputeClassWriter.getCommonSuperClass(ComputeClassWriter.java:49)
	... 38 common frames omitted
[MASTER] 12:01:08.335 [pool-2-thread-1] ERROR ConcreteClassAnalyzer - Removing class from inheritance tree
[MASTER] 12:03:01.546 [pool-2-thread-1] ERROR ClientNodeImpl - Error when generating tests for: com.polimi.travlendar.frontend.ui.pages.gmaps.PlaceSearchPage with seed 1515063653418. Configuration id : default
java.lang.NoClassDefFoundError: org/slf4j/event/LoggingEvent
	at java.lang.Class.getDeclaredMethods0(Native Method)
	at java.lang.Class.privateGetDeclaredMethods(Class.java:2701)
	at java.lang.Class.getDeclaredMethod(Class.java:2128)
	at java.io.ObjectStreamClass.getPrivateMethod(ObjectStreamClass.java:1475)
	at java.io.ObjectStreamClass.access$1700(ObjectStreamClass.java:72)
	at java.io.ObjectStreamClass$2.run(ObjectStreamClass.java:498)
	at java.io.ObjectStreamClass$2.run(ObjectStreamClass.java:472)
	at java.security.AccessController.doPrivileged(Native Method)
	at java.io.ObjectStreamClass.<init>(ObjectStreamClass.java:472)
	at java.io.ObjectStreamClass.lookup(ObjectStreamClass.java:369)
	at java.io.ObjectOutputStream.writeObject0(ObjectOutputStream.java:1134)
	at java.io.ObjectOutputStream.defaultWriteFields(ObjectOutputStream.java:1548)
	at java.io.ObjectOutputStream.writeSerialData(ObjectOutputStream.java:1509)
	at java.io.ObjectOutputStream.writeOrdinaryObject(ObjectOutputStream.java:1432)
	at java.io.ObjectOutputStream.writeObject0(ObjectOutputStream.java:1178)
	at java.io.ObjectOutputStream.defaultWriteFields(ObjectOutputStream.java:1548)
	at java.io.ObjectOutputStream.writeSerialData(ObjectOutputStream.java:1509)
	at java.io.ObjectOutputStream.writeOrdinaryObject(ObjectOutputStream.java:1432)
	at java.io.ObjectOutputStream.writeObject0(ObjectOutputStream.java:1178)
	at java.io.ObjectOutputStream.writeObject(ObjectOutputStream.java:348)
	at java.util.ArrayList.writeObject(ArrayList.java:762)
	at sun.reflect.GeneratedMethodAccessor7.invoke(Unknown Source)
	at sun.reflect.DelegatingMethodAccessorImpl.invoke(DelegatingMethodAccessorImpl.java:43)
	at java.lang.reflect.Method.invoke(Method.java:498)
	at java.io.ObjectStreamClass.invokeWriteObject(ObjectStreamClass.java:1028)
	at java.io.ObjectOutputStream.writeSerialData(ObjectOutputStream.java:1496)
	at java.io.ObjectOutputStream.writeOrdinaryObject(ObjectOutputStream.java:1432)
	at java.io.ObjectOutputStream.writeObject0(ObjectOutputStream.java:1178)
	at java.io.ObjectOutputStream.defaultWriteFields(ObjectOutputStream.java:1548)
	at java.io.ObjectOutputStream.writeSerialData(ObjectOutputStream.java:1509)
	at java.io.ObjectOutputStream.writeOrdinaryObject(ObjectOutputStream.java:1432)
	at java.io.ObjectOutputStream.writeObject0(ObjectOutputStream.java:1178)
	at java.io.ObjectOutputStream.defaultWriteFields(ObjectOutputStream.java:1548)
	at java.io.ObjectOutputStream.writeSerialData(ObjectOutputStream.java:1509)
	at java.io.ObjectOutputStream.writeOrdinaryObject(ObjectOutputStream.java:1432)
	at java.io.ObjectOutputStream.writeObject0(ObjectOutputStream.java:1178)
	at java.io.ObjectOutputStream.defaultWriteFields(ObjectOutputStream.java:1548)
	at java.io.ObjectOutputStream.writeSerialData(ObjectOutputStream.java:1509)
	at java.io.ObjectOutputStream.writeOrdinaryObject(ObjectOutputStream.java:1432)
	at java.io.ObjectOutputStream.writeObject0(ObjectOutputStream.java:1178)
	at java.io.ObjectOutputStream.writeObject(ObjectOutputStream.java:348)
	at java.util.ArrayList.writeObject(ArrayList.java:762)
	at sun.reflect.GeneratedMethodAccessor7.invoke(Unknown Source)
	at sun.reflect.DelegatingMethodAccessorImpl.invoke(DelegatingMethodAccessorImpl.java:43)
	at java.lang.reflect.Method.invoke(Method.java:498)
	at java.io.ObjectStreamClass.invokeWriteObject(ObjectStreamClass.java:1028)
	at java.io.ObjectOutputStream.writeSerialData(ObjectOutputStream.java:1496)
	at java.io.ObjectOutputStream.writeOrdinaryObject(ObjectOutputStream.java:1432)
	at java.io.ObjectOutputStream.writeObject0(ObjectOutputStream.java:1178)
	at java.io.ObjectOutputStream.defaultWriteFields(ObjectOutputStream.java:1548)
	at java.io.ObjectOutputStream.writeSerialData(ObjectOutputStream.java:1509)
	at java.io.ObjectOutputStream.writeOrdinaryObject(ObjectOutputStream.java:1432)
	at java.io.ObjectOutputStream.writeObject0(ObjectOutputStream.java:1178)
	at java.io.ObjectOutputStream.writeObject(ObjectOutputStream.java:348)
	at sun.rmi.server.UnicastRef.marshalValue(UnicastRef.java:294)
	at sun.rmi.server.UnicastRef.invoke(UnicastRef.java:153)
	at java.rmi.server.RemoteObjectInvocationHandler.invokeRemoteMethod(RemoteObjectInvocationHandler.java:227)
	at java.rmi.server.RemoteObjectInvocationHandler.invoke(RemoteObjectInvocationHandler.java:179)
	at com.sun.proxy.$Proxy9.evosuite_collectStatistics(Unknown Source)
	at org.evosuite.rmi.service.ClientNodeImpl.updateStatistics(ClientNodeImpl.java:239)
	at org.evosuite.statistics.StatisticsSender.sendIndividualToMaster(StatisticsSender.java:65)
	at org.evosuite.statistics.StatisticsListener$1.run(StatisticsListener.java:71)
Caused by: java.lang.ClassNotFoundException: org.slf4j.event.LoggingEvent
	at java.net.URLClassLoader.findClass(URLClassLoader.java:381)
	at java.lang.ClassLoader.loadClass(ClassLoader.java:424)
	at sun.misc.Launcher$AppClassLoader.loadClass(Launcher.java:335)
	at java.lang.ClassLoader.loadClass(ClassLoader.java:357)
	... 62 common frames omitted
