[MASTER] 22:28:41.508 [pool-2-thread-1] WARN  MethodCallReplacementClassAdapter - Failed to add serialId to class com/vaadin/server/VaadinPortlet$VaadinGateInRequest: javax/portlet/filter/PortletRequestWrapper
[MASTER] 22:28:41.517 [pool-2-thread-1] WARN  MethodCallReplacementClassAdapter - Failed to add serialId to class com/vaadin/server/VaadinPortlet$VaadinHttpAndPortletRequest: javax/portlet/filter/PortletRequestWrapper
[MASTER] 22:28:41.522 [pool-2-thread-1] WARN  MethodCallReplacementClassAdapter - Failed to add serialId to class com/vaadin/server/VaadinPortletRequest: javax/portlet/filter/PortletRequestWrapper
[MASTER] 22:28:41.532 [pool-2-thread-1] WARN  MethodCallReplacementClassAdapter - Failed to add serialId to class com/vaadin/server/VaadinPortlet$VaadinHttpAndPortletRequest: javax/portlet/filter/PortletRequestWrapper
[MASTER] 22:28:41.536 [pool-2-thread-1] WARN  MethodCallReplacementClassAdapter - Failed to add serialId to class com/vaadin/server/VaadinPortletRequest: javax/portlet/filter/PortletRequestWrapper
[MASTER] 22:28:41.542 [pool-2-thread-1] WARN  MethodCallReplacementClassAdapter - Failed to add serialId to class com/vaadin/server/VaadinPortlet$VaadinLiferayRequest: javax/portlet/filter/PortletRequestWrapper
[MASTER] 22:28:41.557 [pool-2-thread-1] WARN  MethodCallReplacementClassAdapter - Failed to add serialId to class com/vaadin/server/VaadinPortlet$VaadinHttpAndPortletRequest: javax/portlet/filter/PortletRequestWrapper
[MASTER] 22:28:41.561 [pool-2-thread-1] WARN  MethodCallReplacementClassAdapter - Failed to add serialId to class com/vaadin/server/VaadinPortletRequest: javax/portlet/filter/PortletRequestWrapper
[MASTER] 22:28:41.574 [pool-2-thread-1] WARN  MethodCallReplacementClassAdapter - Failed to add serialId to class com/vaadin/server/VaadinPortlet$VaadinWebLogicPortalRequest: javax/portlet/filter/PortletRequestWrapper
[MASTER] 22:28:41.577 [pool-2-thread-1] WARN  MethodCallReplacementClassAdapter - Failed to add serialId to class com/vaadin/server/VaadinPortlet$VaadinHttpAndPortletRequest: javax/portlet/filter/PortletRequestWrapper
[MASTER] 22:28:41.587 [pool-2-thread-1] WARN  MethodCallReplacementClassAdapter - Failed to add serialId to class com/vaadin/server/VaadinPortletRequest: javax/portlet/filter/PortletRequestWrapper
[MASTER] 22:28:41.592 [pool-2-thread-1] WARN  MethodCallReplacementClassAdapter - Failed to add serialId to class com/vaadin/server/VaadinPortlet$VaadinWebSpherePortalRequest: javax/portlet/filter/PortletRequestWrapper
[MASTER] 22:28:41.595 [pool-2-thread-1] WARN  MethodCallReplacementClassAdapter - Failed to add serialId to class com/vaadin/server/VaadinPortlet$VaadinHttpAndPortletRequest: javax/portlet/filter/PortletRequestWrapper
[MASTER] 22:28:41.602 [pool-2-thread-1] WARN  MethodCallReplacementClassAdapter - Failed to add serialId to class com/vaadin/server/VaadinPortletRequest: javax/portlet/filter/PortletRequestWrapper
[MASTER] 22:28:41.610 [pool-2-thread-1] WARN  MethodCallReplacementClassAdapter - Failed to add serialId to class com/vaadin/server/VaadinPortletRequest: javax/portlet/filter/PortletRequestWrapper
[MASTER] 22:28:41.662 [pool-2-thread-1] WARN  MethodCallReplacementClassAdapter - Failed to add serialId to class com/vaadin/server/VaadinPortletResponse: Ljavax/portlet/PortletResponse;
[MASTER] 22:28:43.219 [pool-2-thread-1] WARN  CheapPurityAnalyzer - com.vaadin.server.VaadinPortletRequest was not found in the inheritance tree. Using DEFAULT value for cheap-purity analysis
[MASTER] 22:28:43.220 [pool-2-thread-1] WARN  CheapPurityAnalyzer - com.vaadin.server.VaadinPortletRequest was not found in the inheritance tree. Using DEFAULT value for cheap-purity analysis
[MASTER] 22:28:43.220 [pool-2-thread-1] WARN  InheritanceTree - Class not in inheritance graph: com.vaadin.server.VaadinPortletRequest
[MASTER] 22:28:43.221 [pool-2-thread-1] WARN  CheapPurityAnalyzer - com.vaadin.server.VaadinPortletRequest was not found in the inheritance tree. Using DEFAULT value for cheap-purity analysis
[MASTER] 22:28:43.221 [pool-2-thread-1] WARN  CheapPurityAnalyzer - com.vaadin.server.VaadinPortletRequest was not found in the inheritance tree. Using DEFAULT value for cheap-purity analysis
[MASTER] 22:28:43.221 [pool-2-thread-1] WARN  CheapPurityAnalyzer - com.vaadin.server.VaadinPortletRequest was not found in the inheritance tree. Using DEFAULT value for cheap-purity analysis
[MASTER] 22:28:43.224 [pool-2-thread-1] WARN  CheapPurityAnalyzer - com.vaadin.server.VaadinPortletRequest was not found in the inheritance tree. Using DEFAULT value for cheap-purity analysis
[MASTER] 22:28:43.224 [pool-2-thread-1] WARN  CheapPurityAnalyzer - com.vaadin.server.VaadinPortletRequest was not found in the inheritance tree. Using DEFAULT value for cheap-purity analysis
[MASTER] 22:28:43.229 [pool-2-thread-1] WARN  MethodCallReplacementClassAdapter - Failed to add serialId to class com/vaadin/server/VaadinPortletService: javax/portlet/GenericPortlet
[MASTER] 22:28:43.928 [pool-2-thread-1] WARN  MethodCallReplacementClassAdapter - Failed to add serialId to class com/vaadin/server/WrappedPortletSession: Ljavax/portlet/PortletSession;
[MASTER] 22:28:44.582 [pool-2-thread-1] WARN  MethodCallReplacementClassAdapter - Failed to add serialId to class com/vaadin/server/VaadinPortletSession: javax/portlet/RenderResponse
[MASTER] 22:28:44.588 [pool-2-thread-1] WARN  MethodCallReplacementClassAdapter - Failed to add serialId to class com/vaadin/server/VaadinPortlet: javax/portlet/GenericPortlet
[MASTER] 22:28:44.594 [pool-2-thread-1] WARN  MethodCallReplacementClassAdapter - Failed to add serialId to class com/vaadin/server/VaadinPortletRequest: javax/portlet/filter/PortletRequestWrapper
[MASTER] 22:28:44.610 [pool-2-thread-1] WARN  MethodCallReplacementClassAdapter - Failed to add serialId to class com/vaadin/server/VaadinPortlet: javax/portlet/GenericPortlet
[MASTER] 22:28:45.498 [pool-2-thread-1] WARN  CheapPurityAnalyzer - org.apache.catalina.websocket.WsOutbound was not found in the inheritance tree. Using DEFAULT value for cheap-purity analysis
[MASTER] 22:28:45.498 [pool-2-thread-1] WARN  InheritanceTree - Class not in inheritance graph: org.apache.catalina.websocket.WsOutbound
[MASTER] 22:28:45.507 [pool-2-thread-1] WARN  CheapPurityAnalyzer - org.jboss.servlet.http.HttpEvent was not found in the inheritance tree. Using DEFAULT value for cheap-purity analysis
[MASTER] 22:28:45.507 [pool-2-thread-1] WARN  InheritanceTree - Class not in inheritance graph: org.jboss.servlet.http.HttpEvent
[MASTER] 22:28:45.567 [pool-2-thread-1] WARN  CheapPurityAnalyzer - org.mortbay.util.ajax.ContinuationSupport was not found in the inheritance tree. Using DEFAULT value for cheap-purity analysis
[MASTER] 22:28:45.567 [pool-2-thread-1] WARN  InheritanceTree - Class not in inheritance graph: org.mortbay.util.ajax.ContinuationSupport
[MASTER] 22:28:45.596 [pool-2-thread-1] WARN  CheapPurityAnalyzer - org.apache.catalina.websocket.WsOutbound was not found in the inheritance tree. Using DEFAULT value for cheap-purity analysis
[MASTER] 22:28:45.601 [pool-2-thread-1] WARN  CheapPurityAnalyzer - org.glassfish.grizzly.websockets.WebSocket was not found in the inheritance tree. Using DEFAULT value for cheap-purity analysis
[MASTER] 22:28:45.601 [pool-2-thread-1] WARN  InheritanceTree - Class not in inheritance graph: org.glassfish.grizzly.websockets.WebSocket
[MASTER] 22:28:45.602 [pool-2-thread-1] WARN  CheapPurityAnalyzer - org.glassfish.grizzly.websockets.WebSocket was not found in the inheritance tree. Using DEFAULT value for cheap-purity analysis
[MASTER] 22:28:45.604 [pool-2-thread-1] WARN  CheapPurityAnalyzer - org.glassfish.grizzly.websockets.WebSocket was not found in the inheritance tree. Using DEFAULT value for cheap-purity analysis
[MASTER] 22:28:45.636 [pool-2-thread-1] WARN  CheapPurityAnalyzer - org.eclipse.jetty.websocket.WebSocket$Connection was not found in the inheritance tree. Using DEFAULT value for cheap-purity analysis
[MASTER] 22:28:45.636 [pool-2-thread-1] WARN  InheritanceTree - Class not in inheritance graph: org.eclipse.jetty.websocket.WebSocket$Connection
[MASTER] 22:28:45.636 [pool-2-thread-1] WARN  CheapPurityAnalyzer - org.eclipse.jetty.websocket.WebSocket$Connection was not found in the inheritance tree. Using DEFAULT value for cheap-purity analysis
[MASTER] 22:28:45.639 [pool-2-thread-1] WARN  CheapPurityAnalyzer - org.eclipse.jetty.websocket.api.Session was not found in the inheritance tree. Using DEFAULT value for cheap-purity analysis
[MASTER] 22:28:45.640 [pool-2-thread-1] WARN  InheritanceTree - Class not in inheritance graph: org.eclipse.jetty.websocket.api.Session
[MASTER] 22:28:45.656 [pool-2-thread-1] WARN  CheapPurityAnalyzer - org.apache.catalina.websocket.WsOutbound was not found in the inheritance tree. Using DEFAULT value for cheap-purity analysis
[MASTER] 22:28:45.659 [pool-2-thread-1] WARN  CheapPurityAnalyzer - weblogic.websocket.WebSocketConnection was not found in the inheritance tree. Using DEFAULT value for cheap-purity analysis
[MASTER] 22:28:45.659 [pool-2-thread-1] WARN  InheritanceTree - Class not in inheritance graph: weblogic.websocket.WebSocketConnection
[MASTER] 22:28:45.660 [pool-2-thread-1] WARN  CheapPurityAnalyzer - weblogic.websocket.WebSocketConnection was not found in the inheritance tree. Using DEFAULT value for cheap-purity analysis
[MASTER] 22:28:45.660 [pool-2-thread-1] WARN  CheapPurityAnalyzer - weblogic.websocket.WebSocketConnection was not found in the inheritance tree. Using DEFAULT value for cheap-purity analysis
[MASTER] 22:28:55.221 [pool-2-thread-1] WARN  MethodCallReplacementClassAdapter - Failed to add serialId to class com/vaadin/server/VaadinPortlet: javax/portlet/GenericPortlet
[MASTER] 22:28:55.225 [pool-2-thread-1] WARN  MethodCallReplacementClassAdapter - Failed to add serialId to class com/vaadin/server/VaadinPortlet: javax/portlet/GenericPortlet
[MASTER] 22:28:55.229 [pool-2-thread-1] WARN  MethodCallReplacementClassAdapter - Failed to add serialId to class com/vaadin/server/VaadinPortlet: javax/portlet/GenericPortlet
[MASTER] 22:28:55.234 [pool-2-thread-1] WARN  MethodCallReplacementClassAdapter - Failed to add serialId to class com/vaadin/server/VaadinPortlet: javax/portlet/GenericPortlet
[MASTER] 22:28:55.239 [pool-2-thread-1] WARN  MethodCallReplacementClassAdapter - Failed to add serialId to class com/vaadin/server/VaadinPortlet: javax/portlet/GenericPortlet
[MASTER] 22:29:00.912 [pool-2-thread-1] WARN  TestSuiteSerialization - Cannot load tests because file does not exist: /home/jaycaves/Desktop/FumagalliGrottiGullo/Implementation/.evosuite/evosuite-seeds/com.polimi.travlendar.frontend.ui.pages.TicketsPage.seed
[MASTER] 22:29:02.811 [pool-2-thread-1] WARN  MethodCallReplacementClassAdapter - Failed to add serialId to class com/vaadin/server/VaadinPortlet: javax/portlet/GenericPortlet
[MASTER] 22:29:02.816 [pool-2-thread-1] WARN  MethodCallReplacementClassAdapter - Failed to add serialId to class com/vaadin/server/VaadinPortlet: javax/portlet/GenericPortlet
[MASTER] 22:29:04.262 [pool-2-thread-1] WARN  MethodCallReplacementClassAdapter - Failed to add serialId to class com/vaadin/server/VaadinPortlet: javax/portlet/GenericPortlet
[MASTER] 22:29:04.268 [pool-2-thread-1] WARN  MethodCallReplacementClassAdapter - Failed to add serialId to class com/vaadin/server/VaadinPortlet: javax/portlet/GenericPortlet
[MASTER] 22:29:16.251 [TEST_EXECUTION_THREAD_0] WARN  TestUsageChecker - class com.vaadin.event.EventRouter$$Lambda$43/859905472 looks like an anonymous class, ignoring it (although reflection says false) EventRouter$$Lambda$43/859905472
[MASTER] 22:29:19.297 [TEST_EXECUTION_THREAD_0] WARN  TestUsageChecker - class com.vaadin.ui.AbstractComponent$$Lambda$49/640835167 looks like an anonymous class, ignoring it (although reflection says false) AbstractComponent$$Lambda$49/640835167
[MASTER] 22:29:22.938 [pool-2-thread-1] WARN  MethodCallReplacementClassAdapter - Failed to add serialId to class com/vaadin/server/VaadinPortlet: javax/portlet/GenericPortlet
[MASTER] 22:29:22.945 [pool-2-thread-1] WARN  MethodCallReplacementClassAdapter - Failed to add serialId to class com/vaadin/server/VaadinPortlet: javax/portlet/GenericPortlet
[MASTER] 22:29:33.160 [pool-2-thread-1] WARN  MethodCallReplacementClassAdapter - Failed to add serialId to class com/vaadin/server/VaadinPortlet: javax/portlet/GenericPortlet
[MASTER] 22:29:33.165 [pool-2-thread-1] WARN  MethodCallReplacementClassAdapter - Failed to add serialId to class com/vaadin/server/VaadinPortlet: javax/portlet/GenericPortlet
[MASTER] 22:29:37.853 [pool-2-thread-1] WARN  FunctionalMockStatement - Failed to check if can mock class com.vaadin.server.VaadinPortletResponse: javax/portlet/PortletResponse
[MASTER] 22:30:00.171 [pool-2-thread-1] WARN  MethodCallReplacementClassAdapter - Failed to add serialId to class com/vaadin/server/VaadinPortlet: javax/portlet/GenericPortlet
[MASTER] 22:30:00.176 [pool-2-thread-1] WARN  MethodCallReplacementClassAdapter - Failed to add serialId to class com/vaadin/server/VaadinPortlet: javax/portlet/GenericPortlet
[MASTER] 22:30:01.393 [pool-2-thread-1] WARN  MethodCallReplacementClassAdapter - Failed to add serialId to class com/vaadin/server/VaadinPortlet: javax/portlet/GenericPortlet
[MASTER] 22:30:01.400 [pool-2-thread-1] WARN  MethodCallReplacementClassAdapter - Failed to add serialId to class com/vaadin/server/VaadinPortlet: javax/portlet/GenericPortlet
[MASTER] 22:30:15.985 [pool-2-thread-1] WARN  MethodCallReplacementClassAdapter - Failed to add serialId to class com/vaadin/server/VaadinPortlet: javax/portlet/GenericPortlet
[MASTER] 22:30:15.989 [pool-2-thread-1] WARN  MethodCallReplacementClassAdapter - Failed to add serialId to class com/vaadin/server/VaadinPortlet: javax/portlet/GenericPortlet
[MASTER] 22:30:46.667 [pool-2-thread-1] WARN  MethodCallReplacementClassAdapter - Failed to add serialId to class com/vaadin/server/VaadinPortlet: javax/portlet/GenericPortlet
[MASTER] 22:30:46.675 [pool-2-thread-1] WARN  MethodCallReplacementClassAdapter - Failed to add serialId to class com/vaadin/server/VaadinPortlet: javax/portlet/GenericPortlet
[MASTER] 22:31:14.595 [pool-2-thread-1] WARN  MethodCallReplacementClassAdapter - Failed to add serialId to class com/vaadin/server/VaadinPortlet: javax/portlet/GenericPortlet
[MASTER] 22:31:14.600 [pool-2-thread-1] WARN  MethodCallReplacementClassAdapter - Failed to add serialId to class com/vaadin/server/VaadinPortlet: javax/portlet/GenericPortlet
[MASTER] 22:31:17.935 [pool-2-thread-1] WARN  MethodCallReplacementClassAdapter - Failed to add serialId to class com/vaadin/server/VaadinPortlet: javax/portlet/GenericPortlet
[MASTER] 22:31:17.940 [pool-2-thread-1] WARN  MethodCallReplacementClassAdapter - Failed to add serialId to class com/vaadin/server/VaadinPortlet: javax/portlet/GenericPortlet
[MASTER] 22:32:09.991 [pool-2-thread-1] WARN  MethodCallReplacementClassAdapter - Failed to add serialId to class com/vaadin/server/VaadinPortlet: javax/portlet/GenericPortlet
[MASTER] 22:32:09.996 [pool-2-thread-1] WARN  MethodCallReplacementClassAdapter - Failed to add serialId to class com/vaadin/server/VaadinPortlet: javax/portlet/GenericPortlet
[MASTER] 22:32:18.898 [pool-2-thread-1] WARN  MethodCallReplacementClassAdapter - Failed to add serialId to class com/vaadin/server/VaadinPortlet: javax/portlet/GenericPortlet
[MASTER] 22:32:18.905 [pool-2-thread-1] WARN  MethodCallReplacementClassAdapter - Failed to add serialId to class com/vaadin/server/VaadinPortlet: javax/portlet/GenericPortlet
[MASTER] 22:32:24.409 [pool-2-thread-1] WARN  MethodCallReplacementClassAdapter - Failed to add serialId to class com/vaadin/server/VaadinPortlet: javax/portlet/GenericPortlet
[MASTER] 22:32:24.414 [pool-2-thread-1] WARN  MethodCallReplacementClassAdapter - Failed to add serialId to class com/vaadin/server/VaadinPortlet: javax/portlet/GenericPortlet
[MASTER] 22:32:50.573 [pool-2-thread-1] WARN  MethodCallReplacementClassAdapter - Failed to add serialId to class org/springframework/core/$Proxy72: org.springframework.core.$Proxy72
[MASTER] 22:32:54.823 [pool-2-thread-1] WARN  MethodCallReplacementClassAdapter - Failed to add serialId to class org/springframework/core/$Proxy77: org.springframework.core.$Proxy77
[MASTER] 22:32:59.384 [pool-2-thread-1] WARN  MethodCallReplacementClassAdapter - Failed to add serialId to class org/springframework/core/$Proxy80: org.springframework.core.$Proxy80
