[MASTER] 23:22:19.926 [pool-2-thread-1] WARN  MethodCallReplacementClassAdapter - Failed to add serialId to class com/vaadin/server/VaadinPortlet$VaadinGateInRequest: javax/portlet/filter/PortletRequestWrapper
[MASTER] 23:22:19.932 [pool-2-thread-1] WARN  MethodCallReplacementClassAdapter - Failed to add serialId to class com/vaadin/server/VaadinPortlet$VaadinHttpAndPortletRequest: javax/portlet/filter/PortletRequestWrapper
[MASTER] 23:22:19.937 [pool-2-thread-1] WARN  MethodCallReplacementClassAdapter - Failed to add serialId to class com/vaadin/server/VaadinPortletRequest: javax/portlet/filter/PortletRequestWrapper
[MASTER] 23:22:19.944 [pool-2-thread-1] WARN  MethodCallReplacementClassAdapter - Failed to add serialId to class com/vaadin/server/VaadinPortlet$VaadinHttpAndPortletRequest: javax/portlet/filter/PortletRequestWrapper
[MASTER] 23:22:19.948 [pool-2-thread-1] WARN  MethodCallReplacementClassAdapter - Failed to add serialId to class com/vaadin/server/VaadinPortletRequest: javax/portlet/filter/PortletRequestWrapper
[MASTER] 23:22:19.954 [pool-2-thread-1] WARN  MethodCallReplacementClassAdapter - Failed to add serialId to class com/vaadin/server/VaadinPortlet$VaadinLiferayRequest: javax/portlet/filter/PortletRequestWrapper
[MASTER] 23:22:19.957 [pool-2-thread-1] WARN  MethodCallReplacementClassAdapter - Failed to add serialId to class com/vaadin/server/VaadinPortlet$VaadinHttpAndPortletRequest: javax/portlet/filter/PortletRequestWrapper
[MASTER] 23:22:19.961 [pool-2-thread-1] WARN  MethodCallReplacementClassAdapter - Failed to add serialId to class com/vaadin/server/VaadinPortletRequest: javax/portlet/filter/PortletRequestWrapper
[MASTER] 23:22:19.968 [pool-2-thread-1] WARN  MethodCallReplacementClassAdapter - Failed to add serialId to class com/vaadin/server/VaadinPortlet$VaadinWebLogicPortalRequest: javax/portlet/filter/PortletRequestWrapper
[MASTER] 23:22:19.971 [pool-2-thread-1] WARN  MethodCallReplacementClassAdapter - Failed to add serialId to class com/vaadin/server/VaadinPortlet$VaadinHttpAndPortletRequest: javax/portlet/filter/PortletRequestWrapper
[MASTER] 23:22:19.976 [pool-2-thread-1] WARN  MethodCallReplacementClassAdapter - Failed to add serialId to class com/vaadin/server/VaadinPortletRequest: javax/portlet/filter/PortletRequestWrapper
[MASTER] 23:22:19.982 [pool-2-thread-1] WARN  MethodCallReplacementClassAdapter - Failed to add serialId to class com/vaadin/server/VaadinPortlet$VaadinWebSpherePortalRequest: javax/portlet/filter/PortletRequestWrapper
[MASTER] 23:22:19.985 [pool-2-thread-1] WARN  MethodCallReplacementClassAdapter - Failed to add serialId to class com/vaadin/server/VaadinPortlet$VaadinHttpAndPortletRequest: javax/portlet/filter/PortletRequestWrapper
[MASTER] 23:22:19.993 [pool-2-thread-1] WARN  MethodCallReplacementClassAdapter - Failed to add serialId to class com/vaadin/server/VaadinPortletRequest: javax/portlet/filter/PortletRequestWrapper
[MASTER] 23:22:20.000 [pool-2-thread-1] WARN  MethodCallReplacementClassAdapter - Failed to add serialId to class com/vaadin/server/VaadinPortletRequest: javax/portlet/filter/PortletRequestWrapper
[MASTER] 23:22:20.049 [pool-2-thread-1] WARN  MethodCallReplacementClassAdapter - Failed to add serialId to class com/vaadin/server/VaadinPortletResponse: Ljavax/portlet/PortletResponse;
[MASTER] 23:22:20.402 [pool-2-thread-1] WARN  TestSuiteSerialization - Cannot load tests because file does not exist: /home/jaycaves/Desktop/FumagalliGrottiGullo/Implementation/.evosuite/evosuite-seeds/com.polimi.travlendar.frontend.ui.pages.SettingsPage.seed
[MASTER] 23:22:20.461 [pool-2-thread-1] WARN  TimeController - Phase INITIALIZATION lasted too long, 1 seconds more than allowed.
[MASTER] 23:22:22.639 [TEST_EXECUTION_THREAD_0] WARN  TestUsageChecker - class com.vaadin.event.EventRouter$$Lambda$32/1491772220 looks like an anonymous class, ignoring it (although reflection says false) EventRouter$$Lambda$32/1491772220
[MASTER] 23:22:25.355 [TEST_EXECUTION_THREAD_0] WARN  TestUsageChecker - class com.vaadin.ui.AbstractComponent$$Lambda$35/1979822105 looks like an anonymous class, ignoring it (although reflection says false) AbstractComponent$$Lambda$35/1979822105
