This is pdfTeX, Version 3.14159265-2.6-1.40.18 (MiKTeX 2.9.6350 64-bit) (preloaded format=pdflatex 2017.10.9)  24 NOV 2017 17:44
entering extended mode
**"C:/Users/Paolo/Documents/GitHub/FumagalliGrottiGullo/Design Document/DD Late
x.tex"

("C:/Users/Paolo/Documents/GitHub/FumagalliGrottiGullo/Design Document/DD Latex
.tex"
LaTeX2e <2017-04-15>
Babel <3.10> and hyphenation patterns for 75 language(s) loaded.
("C:\Program Files\Latex\tex\latex\base\article.cls"
Document Class: article 2014/09/29 v1.4h Standard LaTeX document class
("C:\Program Files\Latex\tex\latex\base\size10.clo"
File: size10.clo 2014/09/29 v1.4h Standard LaTeX file (size option)
)
\c@part=\count79
\c@section=\count80
\c@subsection=\count81
\c@subsubsection=\count82
\c@paragraph=\count83
\c@subparagraph=\count84
\c@figure=\count85
\c@table=\count86
\abovecaptionskip=\skip41
\belowcaptionskip=\skip42
\bibindent=\dimen102
)
("C:\Program Files\Latex\tex\latex\graphics\graphicx.sty"
Package: graphicx 2014/10/28 v1.0g Enhanced LaTeX Graphics (DPC,SPQR)

("C:\Program Files\Latex\tex\latex\graphics\keyval.sty"
Package: keyval 2014/10/28 v1.15 key=value parser (DPC)
\KV@toks@=\toks14
)
("C:\Program Files\Latex\tex\latex\graphics\graphics.sty"
Package: graphics 2017/04/14 v1.1b Standard LaTeX Graphics (DPC,SPQR)

("C:\Program Files\Latex\tex\latex\graphics\trig.sty"
Package: trig 2016/01/03 v1.10 sin cos tan (DPC)
)
("C:\Program Files\Latex\tex\latex\graphics-cfg\graphics.cfg"
File: graphics.cfg 2016/06/04 v1.11 sample graphics configuration
)
Package graphics Info: Driver file: pdftex.def on input line 99.

("C:\Program Files\Latex\tex\latex\graphics-def\pdftex.def"
File: pdftex.def 2017/01/12 v0.06k Graphics/color for pdfTeX

("C:\Program Files\Latex\tex\generic\oberdiek\infwarerr.sty"
Package: infwarerr 2016/05/16 v1.4 Providing info/warning/error messages (HO)
)
("C:\Program Files\Latex\tex\generic\oberdiek\ltxcmds.sty"
Package: ltxcmds 2016/05/16 v1.23 LaTeX kernel commands for general use (HO)
)
\Gread@gobject=\count87
))
\Gin@req@height=\dimen103
\Gin@req@width=\dimen104
)
("C:\Program Files\Latex\tex\latex\float\float.sty"
Package: float 2001/11/08 v1.3d Float enhancements (AL)
\c@float@type=\count88
\float@exts=\toks15
\float@box=\box26
\@float@everytoks=\toks16
\@floatcapt=\box27
)
("C:\Program Files\Latex\tex\latex\caption\subcaption.sty"
Package: subcaption 2016/05/22 v1.1-161 Sub-captions (AR)

("C:\Program Files\Latex\tex\latex\caption\caption.sty"
Package: caption 2016/02/21 v3.3-144 Customizing captions (AR)

("C:\Program Files\Latex\tex\latex\caption\caption3.sty"
Package: caption3 2016/05/22 v1.7-166 caption3 kernel (AR)
Package caption3 Info: TeX engine: e-TeX on input line 67.
\captionmargin=\dimen105
\captionmargin@=\dimen106
\captionwidth=\dimen107
\caption@tempdima=\dimen108
\caption@indent=\dimen109
\caption@parindent=\dimen110
\caption@hangindent=\dimen111
)
\c@ContinuedFloat=\count89
Package caption Info: float package is loaded.
)
\c@subfigure=\count90
\c@subtable=\count91
)
("C:\Program Files\Latex\tex\latex\amsmath\amsmath.sty"
Package: amsmath 2016/11/05 v2.16a AMS math features
\@mathmargin=\skip43

For additional information on amsmath, use the `?' option.
("C:\Program Files\Latex\tex\latex\amsmath\amstext.sty"
Package: amstext 2000/06/29 v2.01 AMS text

("C:\Program Files\Latex\tex\latex\amsmath\amsgen.sty"
File: amsgen.sty 1999/11/30 v2.0 generic functions
\@emptytoks=\toks17
\ex@=\dimen112
))
("C:\Program Files\Latex\tex\latex\amsmath\amsbsy.sty"
Package: amsbsy 1999/11/29 v1.2d Bold Symbols
\pmbraise@=\dimen113
)
("C:\Program Files\Latex\tex\latex\amsmath\amsopn.sty"
Package: amsopn 2016/03/08 v2.02 operator names
)
\inf@bad=\count92
LaTeX Info: Redefining \frac on input line 213.
\uproot@=\count93
\leftroot@=\count94
LaTeX Info: Redefining \overline on input line 375.
\classnum@=\count95
\DOTSCASE@=\count96
LaTeX Info: Redefining \ldots on input line 472.
LaTeX Info: Redefining \dots on input line 475.
LaTeX Info: Redefining \cdots on input line 596.
\Mathstrutbox@=\box28
\strutbox@=\box29
\big@size=\dimen114
LaTeX Font Info:    Redeclaring font encoding OML on input line 712.
LaTeX Font Info:    Redeclaring font encoding OMS on input line 713.
\macc@depth=\count97
\c@MaxMatrixCols=\count98
\dotsspace@=\muskip10
\c@parentequation=\count99
\dspbrk@lvl=\count100
\tag@help=\toks18
\row@=\count101
\column@=\count102
\maxfields@=\count103
\andhelp@=\toks19
\eqnshift@=\dimen115
\alignsep@=\dimen116
\tagshift@=\dimen117
\tagwidth@=\dimen118
\totwidth@=\dimen119
\lineht@=\dimen120
\@envbody=\toks20
\multlinegap=\skip44
\multlinetaggap=\skip45
\mathdisplay@stack=\toks21
LaTeX Info: Redefining \[ on input line 2817.
LaTeX Info: Redefining \] on input line 2818.
)
("C:\Program Files\Latex\tex\latex\pdfpages\pdfpages.sty"
Package: pdfpages 2017/08/14 v0.5k Insert pages of external PDF documents (AM)

("C:\Program Files\Latex\tex\latex\base\ifthen.sty"
Package: ifthen 2014/09/29 v1.1c Standard LaTeX ifthen package (DPC)
)
("C:\Program Files\Latex\tex\latex\tools\calc.sty"
Package: calc 2014/10/28 v4.3 Infix arithmetic (KKT,FJ)
\calc@Acount=\count104
\calc@Bcount=\count105
\calc@Adimen=\dimen121
\calc@Bdimen=\dimen122
\calc@Askip=\skip46
\calc@Bskip=\skip47
LaTeX Info: Redefining \setlength on input line 80.
LaTeX Info: Redefining \addtolength on input line 81.
\calc@Ccount=\count106
\calc@Cskip=\skip48
)
("C:\Program Files\Latex\tex\latex\eso-pic\eso-pic.sty"
Package: eso-pic 2015/07/21 v2.0g eso-pic (RN)

("C:\Program Files\Latex\tex\generic\oberdiek\atbegshi.sty"
Package: atbegshi 2016/06/09 v1.18 At begin shipout hook (HO)

("C:\Program Files\Latex\tex\generic\oberdiek\ifpdf.sty"
Package: ifpdf 2017/03/15 v3.2 Provides the ifpdf switch
))
("C:\Program Files\Latex\tex\latex\xcolor\xcolor.sty"
Package: xcolor 2016/05/11 v2.12 LaTeX color extensions (UK)

("C:\Program Files\Latex\tex\latex\graphics-cfg\color.cfg"
File: color.cfg 2016/01/02 v1.6 sample color configuration
)
Package xcolor Info: Driver file: pdftex.def on input line 225.
Package xcolor Info: Model `cmy' substituted by `cmy0' on input line 1348.
Package xcolor Info: Model `hsb' substituted by `rgb' on input line 1352.
Package xcolor Info: Model `RGB' extended on input line 1364.
Package xcolor Info: Model `HTML' substituted by `rgb' on input line 1366.
Package xcolor Info: Model `Hsb' substituted by `hsb' on input line 1367.
Package xcolor Info: Model `tHsb' substituted by `hsb' on input line 1368.
Package xcolor Info: Model `HSB' substituted by `hsb' on input line 1369.
Package xcolor Info: Model `Gray' substituted by `gray' on input line 1370.
Package xcolor Info: Model `wave' substituted by `hsb' on input line 1371.
))
\AM@pagewidth=\dimen123
\AM@pageheight=\dimen124

("C:\Program Files\Latex\tex\latex\pdfpages\pppdftex.def"
File: pppdftex.def 2017/08/14 v0.5k Pdfpages driver for pdfTeX (AM)
)
\AM@pagebox=\box30
\AM@global@opts=\toks22
\AM@toc@title=\toks23
\c@AM@survey=\count107
\AM@templatesizebox=\box31
)
("C:\Program Files\Latex\tex\latex\hyperref\hyperref.sty"
Package: hyperref 2017/03/14 v6.85a Hypertext links for LaTeX

("C:\Program Files\Latex\tex\generic\oberdiek\hobsub-hyperref.sty"
Package: hobsub-hyperref 2016/05/16 v1.14 Bundle oberdiek, subset hyperref (HO)


("C:\Program Files\Latex\tex\generic\oberdiek\hobsub-generic.sty"
Package: hobsub-generic 2016/05/16 v1.14 Bundle oberdiek, subset generic (HO)
Package: hobsub 2016/05/16 v1.14 Construct package bundles (HO)
Package hobsub Info: Skipping package `infwarerr' (already loaded).
Package hobsub Info: Skipping package `ltxcmds' (already loaded).
Package: ifluatex 2016/05/16 v1.4 Provides the ifluatex switch (HO)
Package ifluatex Info: LuaTeX not detected.
Package: ifvtex 2016/05/16 v1.6 Detect VTeX and its facilities (HO)
Package ifvtex Info: VTeX not detected.
Package: intcalc 2016/05/16 v1.2 Expandable calculations with integers (HO)
Package hobsub Info: Skipping package `ifpdf' (already loaded).
Package: etexcmds 2016/05/16 v1.6 Avoid name clashes with e-TeX commands (HO)
Package etexcmds Info: Could not find \expanded.
(etexcmds)             That can mean that you are not using pdfTeX 1.50 or
(etexcmds)             that some package has redefined \expanded.
(etexcmds)             In the latter case, load this package earlier.
Package: kvsetkeys 2016/05/16 v1.17 Key value parser (HO)
Package: kvdefinekeys 2016/05/16 v1.4 Define keys (HO)
Package: pdftexcmds 2017/03/19 v0.25 Utility functions of pdfTeX for LuaTeX (HO
)
Package pdftexcmds Info: LuaTeX not detected.
Package pdftexcmds Info: \pdf@primitive is available.
Package pdftexcmds Info: \pdf@ifprimitive is available.
Package pdftexcmds Info: \pdfdraftmode found.
Package: pdfescape 2016/05/16 v1.14 Implements pdfTeX's escape features (HO)
Package: bigintcalc 2016/05/16 v1.4 Expandable calculations on big integers (HO
)
Package: bitset 2016/05/16 v1.2 Handle bit-vector datatype (HO)
Package: uniquecounter 2016/05/16 v1.3 Provide unlimited unique counter (HO)
)
Package hobsub Info: Skipping package `hobsub' (already loaded).
Package: letltxmacro 2016/05/16 v1.5 Let assignment for LaTeX macros (HO)
Package: hopatch 2016/05/16 v1.3 Wrapper for package hooks (HO)
Package: xcolor-patch 2016/05/16 xcolor patch
Package: atveryend 2016/05/16 v1.9 Hooks at the very end of document (HO)
Package atveryend Info: \enddocument detected (standard20110627).
Package hobsub Info: Skipping package `atbegshi' (already loaded).
Package: refcount 2016/05/16 v3.5 Data extraction from label references (HO)
Package: hycolor 2016/05/16 v1.8 Color options for hyperref/bookmark (HO)
)
("C:\Program Files\Latex\tex\generic\ifxetex\ifxetex.sty"
Package: ifxetex 2010/09/12 v0.6 Provides ifxetex conditional
)
("C:\Program Files\Latex\tex\latex\oberdiek\auxhook.sty"
Package: auxhook 2016/05/16 v1.4 Hooks for auxiliary files (HO)
)
("C:\Program Files\Latex\tex\latex\oberdiek\kvoptions.sty"
Package: kvoptions 2016/05/16 v3.12 Key value format for package options (HO)
)
\@linkdim=\dimen125
\Hy@linkcounter=\count108
\Hy@pagecounter=\count109

("C:\Program Files\Latex\tex\latex\hyperref\pd1enc.def"
File: pd1enc.def 2017/03/14 v6.85a Hyperref: PDFDocEncoding definition (HO)
)
\Hy@SavedSpaceFactor=\count110

("C:\Program Files\Latex\tex\latex\00miktex\hyperref.cfg"
File: hyperref.cfg 2002/06/06 v1.2 hyperref configuration of TeXLive
)
Package hyperref Info: Hyper figures OFF on input line 4498.
Package hyperref Info: Link nesting OFF on input line 4503.
Package hyperref Info: Hyper index ON on input line 4506.
Package hyperref Info: Plain pages OFF on input line 4513.
Package hyperref Info: Backreferencing OFF on input line 4518.
Package hyperref Info: Implicit mode ON; LaTeX internals redefined.
Package hyperref Info: Bookmarks ON on input line 4751.
\c@Hy@tempcnt=\count111

("C:\Program Files\Latex\tex\latex\url\url.sty"
\Urlmuskip=\muskip11
Package: url 2013/09/16  ver 3.4  Verb mode for urls, etc.
)
LaTeX Info: Redefining \url on input line 5104.
\XeTeXLinkMargin=\dimen126
\Fld@menulength=\count112
\Field@Width=\dimen127
\Fld@charsize=\dimen128
Package hyperref Info: Hyper figures OFF on input line 6358.
Package hyperref Info: Link nesting OFF on input line 6363.
Package hyperref Info: Hyper index ON on input line 6366.
Package hyperref Info: backreferencing OFF on input line 6373.
Package hyperref Info: Link coloring OFF on input line 6378.
Package hyperref Info: Link coloring with OCG OFF on input line 6383.
Package hyperref Info: PDF/A mode OFF on input line 6388.
LaTeX Info: Redefining \ref on input line 6428.
LaTeX Info: Redefining \pageref on input line 6432.
\Hy@abspage=\count113
\c@Item=\count114
\c@Hfootnote=\count115
)

Package hyperref Message: Driver (autodetected): hpdftex.

("C:\Program Files\Latex\tex\latex\hyperref\hpdftex.def"
File: hpdftex.def 2017/03/14 v6.85a Hyperref driver for pdfTeX
\Fld@listcount=\count116
\c@bookmark@seq@number=\count117

("C:\Program Files\Latex\tex\latex\oberdiek\rerunfilecheck.sty"
Package: rerunfilecheck 2016/05/16 v1.8 Rerun checks for auxiliary files (HO)
Package uniquecounter Info: New unique counter `rerunfilecheck' on input line 2
82.
)
\Hy@SectionHShift=\skip49
)
("C:\Program Files\Latex\tex\latex\titlesec\titlesec.sty"
Package: titlesec 2016/03/21 v2.10.2 Sectioning titles
\ttl@box=\box32
\beforetitleunit=\skip50
\aftertitleunit=\skip51
\ttl@plus=\dimen129
\ttl@minus=\dimen130
\ttl@toksa=\toks24
\titlewidth=\dimen131
\titlewidthlast=\dimen132
\titlewidthfirst=\dimen133
)
Package hyperref Info: Option `colorlinks' set `true' on input line 17.

No file "DD Latex".aux.
\openout1 = `"DD Latex.aux"'.

LaTeX Font Info:    Checking defaults for OML/cmm/m/it on input line 22.
LaTeX Font Info:    ... okay on input line 22.
LaTeX Font Info:    Checking defaults for T1/cmr/m/n on input line 22.
LaTeX Font Info:    ... okay on input line 22.
LaTeX Font Info:    Checking defaults for OT1/cmr/m/n on input line 22.
LaTeX Font Info:    ... okay on input line 22.
LaTeX Font Info:    Checking defaults for OMS/cmsy/m/n on input line 22.
LaTeX Font Info:    ... okay on input line 22.
LaTeX Font Info:    Checking defaults for OMX/cmex/m/n on input line 22.
LaTeX Font Info:    ... okay on input line 22.
LaTeX Font Info:    Checking defaults for U/cmr/m/n on input line 22.
LaTeX Font Info:    ... okay on input line 22.
LaTeX Font Info:    Checking defaults for PD1/pdf/m/n on input line 22.
LaTeX Font Info:    ... okay on input line 22.
("C:\Program Files\Latex\tex\context\base\supp-pdf.mkii"
[Loading MPS to PDF converter (version 2006.09.02).]
\scratchcounter=\count118
\scratchdimen=\dimen134
\scratchbox=\box33
\nofMPsegments=\count119
\nofMParguments=\count120
\everyMPshowfont=\toks25
\MPscratchCnt=\count121
\MPscratchDim=\dimen135
\MPnumerator=\count122
\makeMPintoPDFobject=\count123
\everyMPtoPDFconversion=\toks26
) ("C:\Program Files\Latex\tex\latex\oberdiek\epstopdf-base.sty"
Package: epstopdf-base 2016/05/15 v2.6 Base part for package epstopdf

("C:\Program Files\Latex\tex\latex\oberdiek\grfext.sty"
Package: grfext 2016/05/16 v1.2 Manage graphics extensions (HO)
)
Package epstopdf-base Info: Redefining graphics rule for `.eps' on input line 4
38.
Package grfext Info: Graphics extension search list:
(grfext)             [.png,.pdf,.jpg,.mps,.jpeg,.jbig2,.jb2,.PNG,.PDF,.JPG,.JPE
G,.JBIG2,.JB2,.eps]
(grfext)             \AppendGraphicsExtensions on input line 456.
)
Package caption Info: Begin \AtBeginDocument code.
Package caption Info: hyperref package is loaded.
Package caption Info: End \AtBeginDocument code.
\AtBeginShipoutBox=\box34

("C:\Program Files\Latex\tex\latex\oberdiek\pdflscape.sty"
Package: pdflscape 2016/05/14 v0.11 Display of landscape pages in PDF (HO)

("C:\Program Files\Latex\tex\latex\graphics\lscape.sty"
Package: lscape 2000/10/22 v3.01 Landscape Pages (DPC)
)
Package pdflscape Info: Auto-detected driver: pdftex on input line 81.
)
Package hyperref Info: Link coloring ON on input line 22.

("C:\Program Files\Latex\tex\latex\hyperref\nameref.sty"
Package: nameref 2016/05/21 v2.44 Cross-referencing by name of section

("C:\Program Files\Latex\tex\generic\oberdiek\gettitlestring.sty"
Package: gettitlestring 2016/05/16 v1.5 Cleanup title references (HO)
)
\c@section@level=\count124
)
LaTeX Info: Redefining \ref on input line 22.
LaTeX Info: Redefining \pageref on input line 22.
LaTeX Info: Redefining \nameref on input line 22.
\@outlinefile=\write3
\openout3 = `"DD Latex.out"'.


<Images/Logo_Politecnico_Milano.png, id=3, 666.49pt x 489.83pt>
File: Images/Logo_Politecnico_Milano.png Graphic file (type png)

<use Images/Logo_Politecnico_Milano.png>
Package pdftex.def Info: Images/Logo_Politecnico_Milano.png used on input line 
25.
(pdftex.def)             Requested size: 345.0pt x 253.55457pt.
 [1

{C:/ProgramData/MiKTeX/2.9/pdftex/config/pdftex.map} <C:/Users/Paolo/Documents/
GitHub/FumagalliGrottiGullo/Design Document/Images/Logo_Politecnico_Milano.png>
]
\tf@toc=\write4
\openout4 = `"DD Latex.toc"'.

 [1]
LaTeX Font Info:    Try loading font information for OMS+cmr on input line 39.

("C:\Program Files\Latex\tex\latex\base\omscmr.fd"
File: omscmr.fd 2014/09/29 v2.5h Standard LaTeX font definitions
)
LaTeX Font Info:    Font shape `OMS/cmr/m/n' in size <10> not available
(Font)              Font shape `OMS/cmsy/m/n' tried instead on input line 39.
 [1] [2]
<Images/Architecture/Architecture_design_2.png, id=40, 1003.75pt x 1003.75pt>
File: Images/Architecture/Architecture_design_2.png Graphic file (type png)

<use Images/Architecture/Architecture_design_2.png>
Package pdftex.def Info: Images/Architecture/Architecture_design_2.png used on 
input line 62.
(pdftex.def)             Requested size: 345.0pt x 345.00758pt.
Missing character: There is no ‚ in font cmr10!
Missing character: There is no Ä in font cmr10!
Missing character: There is no ô in font cmr10!
Missing character: There is no ‚ in font cmr10!
Missing character: There is no Ä in font cmr10!
Missing character: There is no ô in font cmr10!
Missing character: There is no ‚ in font cmr10!
Missing character: There is no Ä in font cmr10!
Missing character: There is no ë in font cmr10!

<Images/Architecture/4_Tier_Architecture.jpg, id=41, 690.32906pt x 159.59625pt>
File: Images/Architecture/4_Tier_Architecture.jpg Graphic file (type jpg)
<use Images/Architecture/4_Tier_Architecture.jpg>
Package pdftex.def Info: Images/Architecture/4_Tier_Architecture.jpg used on in
put line 70.
(pdftex.def)             Requested size: 345.0pt x 79.76138pt.
 [3 <C:/Users/Paolo/Documents/GitHub/FumagalliGrottiGullo/Design Document/Image
s/Architecture/Architecture_design_2.png>]
Missing character: There is no ‚ in font cmr10!
Missing character: There is no Ä in font cmr10!
Missing character: There is no ô in font cmr10!
Missing character: There is no ‚ in font cmr10!
Missing character: There is no Ä in font cmr10!
Missing character: There is no ú in font cmr10!
Missing character: There is no ‚ in font cmr10!
Missing character: There is no Ä in font cmr10!
Missing character: There is no ù in font cmr10!
Missing character: There is no ‚ in font cmr10!
Missing character: There is no Ä in font cmr10!
Missing character: There is no ô in font cmr10!
Missing character: There is no ‚ in font cmr10!
Missing character: There is no Ä in font cmr10!
Missing character: There is no ¶ in font cmr10!
Missing character: There is no ‚ in font cmr10!
Missing character: There is no Ä in font cmr10!
Missing character: There is no ô in font cmr10!

<Images/Architecture/Physical_Architecture.jpg, id=50, 1666.225pt x 1135.24126p
t>
File: Images/Architecture/Physical_Architecture.jpg Graphic file (type jpg)
 <use Images/Architecture/Physical_Architecture.jpg>
Package pdftex.def Info: Images/Architecture/Physical_Architecture.jpg used on 
input line 83.
(pdftex.def)             Requested size: 345.0pt x 235.04715pt.
 [4 <C:/Users/Paolo/Documents/GitHub/FumagalliGrottiGullo/Design Document/Image
s/Architecture/4_Tier_Architecture.jpg>]
<Images/Architecture/High-Level_Architecture.png, id=56, 502.87875pt x 492.8412
5pt>
File: Images/Architecture/High-Level_Architecture.png Graphic file (type png)
 <use Images/Architecture/High-Level_Architecture.png>
Package pdftex.def Info: Images/Architecture/High-Level_Architecture.png used o
n input line 100.
(pdftex.def)             Requested size: 345.0pt x 338.1131pt.
 [5 <C:/Users/Paolo/Documents/GitHub/FumagalliGrottiGullo/Design Document/Image
s/Architecture/Physical_Architecture.jpg>]
Missing character: There is no ‚ in font cmr10!
Missing character: There is no Ä in font cmr10!
Missing character: There is no ô in font cmr10!
 [6 <C:/Users/Paolo/Documents/GitHub/FumagalliGrottiGullo/Design Document/Image
s/Architecture/High-Level_Architecture.png>]
<Images/Architecture/User_Application_Service.png, id=72, 915.42pt x 733.74126p
t>
File: Images/Architecture/User_Application_Service.png Graphic file (type png)
 <use Images/Architecture/User_Application_Service.png>
Package pdftex.def Info: Images/Architecture/User_Application_Service.png used 
on input line 114.
(pdftex.def)             Requested size: 345.0pt x 276.5294pt.
 [7 <C:/Users/Paolo/Documents/GitHub/FumagalliGrottiGullo/Design Document/Image
s/Architecture/User_Application_Service.png>]
<Images/Architecture/Deployment3.jpg, id=79, 1386.17876pt x 442.65375pt>
File: Images/Architecture/Deployment3.jpg Graphic file (type jpg)

<use Images/Architecture/Deployment3.jpg>
Package pdftex.def Info: Images/Architecture/Deployment3.jpg used on input line
 130.
(pdftex.def)             Requested size: 345.0pt x 110.17009pt.
Missing character: There is no ‚ in font cmr10!
Missing character: There is no Ä in font cmr10!
Missing character: There is no ô in font cmr10!
Missing character: There is no ‚ in font cmr10!
Missing character: There is no Ä in font cmr10!
Missing character: There is no ô in font cmr10!
Missing character: There is no ‚ in font cmr10!
Missing character: There is no Ä in font cmr10!
Missing character: There is no ô in font cmr10!
 [8 <C:/Users/Paolo/Documents/GitHub/FumagalliGrottiGullo/Design Document/Image
s/Architecture/Deployment3.jpg>]
<Images/Sequence_Diagrams/1-Create_Account_DD.jpg, id=87, 1664.2175pt x 1110.14
75pt>
File: Images/Sequence_Diagrams/1-Create_Account_DD.jpg Graphic file (type jpg)
 <use Images/Sequence_Diagrams/1-Create_Account_DD.jpg>
Package pdftex.def Info: Images/Sequence_Diagrams/1-Create_Account_DD.jpg used 
on input line 139.
(pdftex.def)             Requested size: 345.0pt x 230.13957pt.

<Images/Sequence_Diagrams/2-Login_DD.jpg, id=88, 1487.5575pt x 837.1275pt>
File: Images/Sequence_Diagrams/2-Login_DD.jpg Graphic file (type jpg)

<use Images/Sequence_Diagrams/2-Login_DD.jpg>
Package pdftex.def Info: Images/Sequence_Diagrams/2-Login_DD.jpg used on input 
line 145.
(pdftex.def)             Requested size: 345.0pt x 194.14473pt.
 [9 <C:/Users/Paolo/Documents/GitHub/FumagalliGrottiGullo/Design Document/Image
s/Sequence_Diagrams/1-Create_Account_DD.jpg>]
<Images/Sequence_Diagrams/3-Create_Event_DD.jpg, id=95, 1889.0575pt x 2049.6575
pt>
File: Images/Sequence_Diagrams/3-Create_Event_DD.jpg Graphic file (type jpg)
 <use Images/Sequence_Diagrams/3-Create_Event_DD.jpg>
Package pdftex.def Info: Images/Sequence_Diagrams/3-Create_Event_DD.jpg used on
 input line 151.
(pdftex.def)             Requested size: 345.0pt x 374.33304pt.
 [10 <C:/Users/Paolo/Documents/GitHub/FumagalliGrottiGullo/Design Document/Imag
es/Sequence_Diagrams/2-Login_DD.jpg>]
<Images/Sequence_Diagrams/4-Accept_Path_DD.jpg, id=102, 1763.58875pt x 1439.377
5pt>
File: Images/Sequence_Diagrams/4-Accept_Path_DD.jpg Graphic file (type jpg)
 <use Images/Sequence_Diagrams/4-Accept_Path_DD.jpg>
Package pdftex.def Info: Images/Sequence_Diagrams/4-Accept_Path_DD.jpg used on 
input line 157.
(pdftex.def)             Requested size: 345.0pt x 281.56699pt.
 [11 <C:/Users/Paolo/Documents/GitHub/FumagalliGrottiGullo/Design Document/Imag
es/Sequence_Diagrams/3-Create_Event_DD.jpg>]
<Images/Sequence_Diagrams/5-Buy_Ticket_DD.jpg, id=110, 2097.8375pt x 1318.9275p
t>
File: Images/Sequence_Diagrams/5-Buy_Ticket_DD.jpg Graphic file (type jpg)
 <use Images/Sequence_Diagrams/5-Buy_Ticket_DD.jpg>
Package pdftex.def Info: Images/Sequence_Diagrams/5-Buy_Ticket_DD.jpg used on i
nput line 163.
(pdftex.def)             Requested size: 345.0pt x 216.88914pt.
 [12 <C:/Users/Paolo/Documents/GitHub/FumagalliGrottiGullo/Design Document/Imag
es/Sequence_Diagrams/4-Accept_Path_DD.jpg>]
<Images/Sequence_Diagrams/6-Activate_Ticket_DD.jpg, id=117, 1771.61874pt x 1423
.3175pt>
File: Images/Sequence_Diagrams/6-Activate_Ticket_DD.jpg Graphic file (type jpg)

 <use Images/Sequence_Diagrams/6-Activate_Ticket_DD.jpg>
Package pdftex.def Info: Images/Sequence_Diagrams/6-Activate_Ticket_DD.jpg used
 on input line 169.
(pdftex.def)             Requested size: 345.0pt x 277.16573pt.
 [13 <C:/Users/Paolo/Documents/GitHub/FumagalliGrottiGullo/Design Document/Imag
es/Sequence_Diagrams/5-Buy_Ticket_DD.jpg>]
<Images/Sequence_Diagrams/7-Find_Car_Bike_DD.jpg, id=124, 1474.50874pt x 944.52
875pt>
File: Images/Sequence_Diagrams/7-Find_Car_Bike_DD.jpg Graphic file (type jpg)
 <use Images/Sequence_Diagrams/7-Find_Car_Bike_DD.jpg>
Package pdftex.def Info: Images/Sequence_Diagrams/7-Find_Car_Bike_DD.jpg used o
n input line 175.
(pdftex.def)             Requested size: 345.0pt x 220.98424pt.
 [14 <C:/Users/Paolo/Documents/GitHub/FumagalliGrottiGullo/Design Document/Imag
es/Sequence_Diagrams/6-Activate_Ticket_DD.jpg>]
<Images/Sequence_Diagrams/8-Load_Balance_DD.jpg, id=131, 1851.91875pt x 1567.85
75pt>
File: Images/Sequence_Diagrams/8-Load_Balance_DD.jpg Graphic file (type jpg)
 <use Images/Sequence_Diagrams/8-Load_Balance_DD.jpg>
Package pdftex.def Info: Images/Sequence_Diagrams/8-Load_Balance_DD.jpg used on
 input line 181.
(pdftex.def)             Requested size: 345.0pt x 292.05867pt.
 [15 <C:/Users/Paolo/Documents/GitHub/FumagalliGrottiGullo/Design Document/Imag
es/Sequence_Diagrams/7-Find_Car_Bike_DD.jpg>]
<Images/Architecture/Interface_Methods.png, id=138, 862.72313pt x 359.84438pt>
File: Images/Architecture/Interface_Methods.png Graphic file (type png)

<use Images/Architecture/Interface_Methods.png>
Package pdftex.def Info: Images/Architecture/Interface_Methods.png used on inpu
t line 188.
(pdftex.def)             Requested size: 345.0pt x 143.89676pt.
 [16 <C:/Users/Paolo/Documents/GitHub/FumagalliGrottiGullo/Design Document/Imag
es/Sequence_Diagrams/8-Load_Balance_DD.jpg>]
Overfull \hbox (2.41728pt too wide) in paragraph at lines 193--194
[] [][] \OT1/cmr/m/n/10 The fol-low-ing pat-terns are rec-om-mended for the im-
ple-men-ta-tion of the project: 
 []

[17 <C:/Users/Paolo/Documents/GitHub/FumagalliGrottiGullo/Design Document/Image
s/Architecture/Interface_Methods.png>]
Missing character: There is no ‚ in font cmr10!
Missing character: There is no Ä in font cmr10!
Missing character: There is no ô in font cmr10!
 [18]
Missing character: There is no ‚ in font cmr10!
Missing character: There is no Ä in font cmr10!
Missing character: There is no ú in font cmr10!
Missing character: There is no ‚ in font cmr10!
Missing character: There is no Ä in font cmr10!
Missing character: There is no ù in font cmr10!
Missing character: There is no ‚ in font cmr10!
Missing character: There is no Ä in font cmr10!
Missing character: There is no ú in font cmr10!
Missing character: There is no ‚ in font cmr10!
Missing character: There is no Ä in font cmr10!
Missing character: There is no ù in font cmr10!


pdfTeX warning: pdflatex.EXE (file C:/Users/Paolo/Documents/GitHub/FumagalliGro
ttiGullo/Design Document/Algorithm_PDFs/NotificationThread-cropped.pdf): PDF in
clusion: found PDF version <1.7>, but at most version <1.5> allowed
<Algorithm_PDFs/NotificationThread-cropped.pdf, id=159, 317.185pt x 84.315pt>
File: Algorithm_PDFs/NotificationThread-cropped.pdf Graphic file (type pdf)

<use Algorithm_PDFs/NotificationThread-cropped.pdf>
Package pdftex.def Info: Algorithm_PDFs/NotificationThread-cropped.pdf used on 
input line 214.
(pdftex.def)             Requested size: 317.1842pt x 84.31477pt.


pdfTeX warning: pdflatex.EXE (file C:/Users/Paolo/Documents/GitHub/FumagalliGro
ttiGullo/Design Document/Algorithm_PDFs/NotificationThread-cropped.pdf): PDF in
clusion: found PDF version <1.7>, but at most version <1.5> allowed
File: Algorithm_PDFs/NotificationThread-cropped.pdf Graphic file (type pdf)
<use Algorithm_PDFs/NotificationThread-cropped.pdf>
Package pdftex.def Info: Algorithm_PDFs/NotificationThread-cropped.pdf used on 
input line 214.
(pdftex.def)             Requested size: 317.1842pt x 84.31477pt.


pdfTeX warning: pdflatex.EXE (file C:/Users/Paolo/Documents/GitHub/FumagalliGro
ttiGullo/Design Document/Algorithm_PDFs/NotificationThread-cropped.pdf): PDF in
clusion: found PDF version <1.7>, but at most version <1.5> allowed


pdfTeX warning: pdflatex.EXE (file C:/Users/Paolo/Documents/GitHub/FumagalliGro
ttiGullo/Design Document/Algorithm_PDFs/NotificationThread-cropped.pdf): PDF in
clusion: found PDF version <1.7>, but at most version <1.5> allowed

!pdfTeX error: pdflatex.EXE (file C:/Users/Paolo/Documents/GitHub/FumagalliGrot
tiGullo/Design Document/Algorithm_PDFs/NotificationThread-cropped.pdf): PDF inc
lusion: required page does not exist <1>
 ==> Fatal error occurred, no output PDF file produced!
