[MASTER] 11:43:45.047 [pool-2-thread-1] WARN  CheapPurityAnalyzer - com.vaadin.server.VaadinPortletRequest was not found in the inheritance tree. Using DEFAULT value for cheap-purity analysis
[MASTER] 11:43:45.048 [pool-2-thread-1] WARN  CheapPurityAnalyzer - com.vaadin.server.VaadinPortlet$VaadinHttpAndPortletRequest was not found in the inheritance tree. Using DEFAULT value for cheap-purity analysis
[MASTER] 11:43:45.049 [pool-2-thread-1] WARN  InheritanceTree - Class not in inheritance graph: com.vaadin.server.VaadinPortlet$VaadinHttpAndPortletRequest
[MASTER] 11:43:45.049 [pool-2-thread-1] WARN  CheapPurityAnalyzer - com.vaadin.server.VaadinPortletRequest was not found in the inheritance tree. Using DEFAULT value for cheap-purity analysis
[MASTER] 11:43:45.050 [pool-2-thread-1] WARN  CheapPurityAnalyzer - com.vaadin.server.VaadinPortletRequest was not found in the inheritance tree. Using DEFAULT value for cheap-purity analysis
[MASTER] 11:43:45.051 [pool-2-thread-1] WARN  CheapPurityAnalyzer - com.vaadin.server.VaadinPortletRequest was not found in the inheritance tree. Using DEFAULT value for cheap-purity analysis
[MASTER] 11:43:45.051 [pool-2-thread-1] WARN  InheritanceTree - Class not in inheritance graph: com.vaadin.server.VaadinPortletRequest
[MASTER] 11:43:45.051 [pool-2-thread-1] WARN  CheapPurityAnalyzer - com.vaadin.server.VaadinPortletRequest was not found in the inheritance tree. Using DEFAULT value for cheap-purity analysis
[MASTER] 11:43:45.052 [pool-2-thread-1] WARN  CheapPurityAnalyzer - com.vaadin.server.VaadinPortletRequest was not found in the inheritance tree. Using DEFAULT value for cheap-purity analysis
[MASTER] 11:43:45.052 [pool-2-thread-1] WARN  CheapPurityAnalyzer - com.vaadin.server.VaadinPortletRequest was not found in the inheritance tree. Using DEFAULT value for cheap-purity analysis
[MASTER] 11:43:45.052 [pool-2-thread-1] WARN  CheapPurityAnalyzer - com.vaadin.server.VaadinPortletRequest was not found in the inheritance tree. Using DEFAULT value for cheap-purity analysis
[MASTER] 11:43:45.056 [pool-2-thread-1] WARN  CheapPurityAnalyzer - com.vaadin.server.VaadinPortletRequest was not found in the inheritance tree. Using DEFAULT value for cheap-purity analysis
[MASTER] 11:43:45.056 [pool-2-thread-1] WARN  CheapPurityAnalyzer - com.vaadin.server.VaadinPortletRequest was not found in the inheritance tree. Using DEFAULT value for cheap-purity analysis
[MASTER] 11:43:45.061 [pool-2-thread-1] WARN  CheapPurityAnalyzer - com.vaadin.server.VaadinPortletResponse was not found in the inheritance tree. Using DEFAULT value for cheap-purity analysis
[MASTER] 11:43:45.062 [pool-2-thread-1] WARN  CheapPurityAnalyzer - com.vaadin.server.VaadinPortletResponse was not found in the inheritance tree. Using DEFAULT value for cheap-purity analysis
[MASTER] 11:43:46.324 [pool-2-thread-1] WARN  CheapPurityAnalyzer - com.vaadin.server.VaadinPortletService was not found in the inheritance tree. Using DEFAULT value for cheap-purity analysis
[MASTER] 11:43:46.324 [pool-2-thread-1] WARN  CheapPurityAnalyzer - com.vaadin.server.VaadinPortletService was not found in the inheritance tree. Using DEFAULT value for cheap-purity analysis
[MASTER] 11:43:46.324 [pool-2-thread-1] WARN  InheritanceTree - Class not in inheritance graph: com.vaadin.server.VaadinPortletService
[MASTER] 11:43:46.325 [pool-2-thread-1] WARN  CheapPurityAnalyzer - com.vaadin.server.VaadinPortletService was not found in the inheritance tree. Using DEFAULT value for cheap-purity analysis
[MASTER] 11:43:46.326 [pool-2-thread-1] WARN  CheapPurityAnalyzer - com.vaadin.server.VaadinPortletService was not found in the inheritance tree. Using DEFAULT value for cheap-purity analysis
[MASTER] 11:43:46.698 [pool-2-thread-1] WARN  CheapPurityAnalyzer - org.jboss.servlet.http.HttpEvent was not found in the inheritance tree. Using DEFAULT value for cheap-purity analysis
[MASTER] 11:43:46.698 [pool-2-thread-1] WARN  InheritanceTree - Class not in inheritance graph: org.jboss.servlet.http.HttpEvent
[MASTER] 11:43:46.716 [pool-2-thread-1] WARN  CheapPurityAnalyzer - org.mortbay.util.ajax.ContinuationSupport was not found in the inheritance tree. Using DEFAULT value for cheap-purity analysis
[MASTER] 11:43:46.717 [pool-2-thread-1] WARN  InheritanceTree - Class not in inheritance graph: org.mortbay.util.ajax.ContinuationSupport
[MASTER] 11:43:46.765 [pool-2-thread-1] WARN  CheapPurityAnalyzer - org.apache.catalina.websocket.WsOutbound was not found in the inheritance tree. Using DEFAULT value for cheap-purity analysis
[MASTER] 11:43:46.765 [pool-2-thread-1] WARN  InheritanceTree - Class not in inheritance graph: org.apache.catalina.websocket.WsOutbound
[MASTER] 11:43:46.768 [pool-2-thread-1] WARN  CheapPurityAnalyzer - org.glassfish.grizzly.websockets.WebSocket was not found in the inheritance tree. Using DEFAULT value for cheap-purity analysis
[MASTER] 11:43:46.768 [pool-2-thread-1] WARN  InheritanceTree - Class not in inheritance graph: org.glassfish.grizzly.websockets.WebSocket
[MASTER] 11:43:46.769 [pool-2-thread-1] WARN  CheapPurityAnalyzer - org.glassfish.grizzly.websockets.WebSocket was not found in the inheritance tree. Using DEFAULT value for cheap-purity analysis
[MASTER] 11:43:46.770 [pool-2-thread-1] WARN  CheapPurityAnalyzer - org.glassfish.grizzly.websockets.WebSocket was not found in the inheritance tree. Using DEFAULT value for cheap-purity analysis
[MASTER] 11:43:46.794 [pool-2-thread-1] WARN  CheapPurityAnalyzer - org.eclipse.jetty.websocket.WebSocket$Connection was not found in the inheritance tree. Using DEFAULT value for cheap-purity analysis
[MASTER] 11:43:46.794 [pool-2-thread-1] WARN  InheritanceTree - Class not in inheritance graph: org.eclipse.jetty.websocket.WebSocket$Connection
[MASTER] 11:43:46.795 [pool-2-thread-1] WARN  CheapPurityAnalyzer - org.eclipse.jetty.websocket.WebSocket$Connection was not found in the inheritance tree. Using DEFAULT value for cheap-purity analysis
[MASTER] 11:43:46.797 [pool-2-thread-1] WARN  CheapPurityAnalyzer - org.eclipse.jetty.websocket.api.Session was not found in the inheritance tree. Using DEFAULT value for cheap-purity analysis
[MASTER] 11:43:46.798 [pool-2-thread-1] WARN  InheritanceTree - Class not in inheritance graph: org.eclipse.jetty.websocket.api.Session
[MASTER] 11:43:46.802 [pool-2-thread-1] WARN  CheapPurityAnalyzer - org.apache.catalina.websocket.WsOutbound was not found in the inheritance tree. Using DEFAULT value for cheap-purity analysis
[MASTER] 11:43:46.804 [pool-2-thread-1] WARN  CheapPurityAnalyzer - org.apache.catalina.websocket.WsOutbound was not found in the inheritance tree. Using DEFAULT value for cheap-purity analysis
[MASTER] 11:43:46.806 [pool-2-thread-1] WARN  CheapPurityAnalyzer - weblogic.websocket.WebSocketConnection was not found in the inheritance tree. Using DEFAULT value for cheap-purity analysis
[MASTER] 11:43:46.806 [pool-2-thread-1] WARN  InheritanceTree - Class not in inheritance graph: weblogic.websocket.WebSocketConnection
[MASTER] 11:43:46.807 [pool-2-thread-1] WARN  CheapPurityAnalyzer - weblogic.websocket.WebSocketConnection was not found in the inheritance tree. Using DEFAULT value for cheap-purity analysis
[MASTER] 11:43:46.807 [pool-2-thread-1] WARN  CheapPurityAnalyzer - weblogic.websocket.WebSocketConnection was not found in the inheritance tree. Using DEFAULT value for cheap-purity analysis
[MASTER] 11:43:55.261 [pool-2-thread-1] WARN  TestSuiteSerialization - Cannot load tests because file does not exist: /home/jaycaves/Desktop/FumagalliGrottiGullo/Implementation/.evosuite/evosuite-seeds/com.polimi.travlendar.frontend.ui.pages.TicketsPage.seed
[MASTER] 11:44:13.001 [TEST_EXECUTION_THREAD_0] WARN  TestUsageChecker - class com.vaadin.ui.AbstractComponent$$Lambda$78/453217648 looks like an anonymous class, ignoring it (although reflection says false) AbstractComponent$$Lambda$78/453217648
[MASTER] 11:45:55.826 [TEST_EXECUTION_THREAD_0] WARN  TestUsageChecker - class com.vaadin.event.EventRouter$$Lambda$97/1653430290 looks like an anonymous class, ignoring it (although reflection says false) EventRouter$$Lambda$97/1653430290
[MASTER] 11:47:27.377 [pool-2-thread-1] WARN  ClassResetter - class java.lang.NoClassDefFoundError thrown during execution of method  __STATIC_RESET() for class com.vaadin.ui.declarative.DesignAttributeHandler, java.lang.ClassNotFoundException
[MASTER] 11:47:28.358 [pool-2-thread-1] WARN  ClassResetter - class java.lang.NoClassDefFoundError thrown during execution of method  __STATIC_RESET() for class com.vaadin.ui.declarative.DesignAttributeHandler, null
