[MASTER] 12:06:59.335 [pool-2-thread-1] WARN  CheapPurityAnalyzer - com.vaadin.server.VaadinPortletRequest was not found in the inheritance tree. Using DEFAULT value for cheap-purity analysis
[MASTER] 12:06:59.337 [pool-2-thread-1] WARN  CheapPurityAnalyzer - com.vaadin.server.VaadinPortlet$VaadinHttpAndPortletRequest was not found in the inheritance tree. Using DEFAULT value for cheap-purity analysis
[MASTER] 12:06:59.338 [pool-2-thread-1] WARN  InheritanceTree - Class not in inheritance graph: com.vaadin.server.VaadinPortlet$VaadinHttpAndPortletRequest
[MASTER] 12:06:59.338 [pool-2-thread-1] WARN  CheapPurityAnalyzer - com.vaadin.server.VaadinPortletRequest was not found in the inheritance tree. Using DEFAULT value for cheap-purity analysis
[MASTER] 12:06:59.339 [pool-2-thread-1] WARN  CheapPurityAnalyzer - com.vaadin.server.VaadinPortletRequest was not found in the inheritance tree. Using DEFAULT value for cheap-purity analysis
[MASTER] 12:06:59.340 [pool-2-thread-1] WARN  CheapPurityAnalyzer - com.vaadin.server.VaadinPortletRequest was not found in the inheritance tree. Using DEFAULT value for cheap-purity analysis
[MASTER] 12:06:59.340 [pool-2-thread-1] WARN  InheritanceTree - Class not in inheritance graph: com.vaadin.server.VaadinPortletRequest
[MASTER] 12:06:59.341 [pool-2-thread-1] WARN  CheapPurityAnalyzer - com.vaadin.server.VaadinPortletRequest was not found in the inheritance tree. Using DEFAULT value for cheap-purity analysis
[MASTER] 12:06:59.341 [pool-2-thread-1] WARN  CheapPurityAnalyzer - com.vaadin.server.VaadinPortletRequest was not found in the inheritance tree. Using DEFAULT value for cheap-purity analysis
[MASTER] 12:06:59.343 [pool-2-thread-1] WARN  CheapPurityAnalyzer - com.vaadin.server.VaadinPortletRequest was not found in the inheritance tree. Using DEFAULT value for cheap-purity analysis
[MASTER] 12:06:59.344 [pool-2-thread-1] WARN  CheapPurityAnalyzer - com.vaadin.server.VaadinPortletRequest was not found in the inheritance tree. Using DEFAULT value for cheap-purity analysis
[MASTER] 12:06:59.349 [pool-2-thread-1] WARN  CheapPurityAnalyzer - com.vaadin.server.VaadinPortletRequest was not found in the inheritance tree. Using DEFAULT value for cheap-purity analysis
[MASTER] 12:06:59.349 [pool-2-thread-1] WARN  CheapPurityAnalyzer - com.vaadin.server.VaadinPortletRequest was not found in the inheritance tree. Using DEFAULT value for cheap-purity analysis
[MASTER] 12:06:59.354 [pool-2-thread-1] WARN  CheapPurityAnalyzer - com.vaadin.server.VaadinPortletResponse was not found in the inheritance tree. Using DEFAULT value for cheap-purity analysis
[MASTER] 12:06:59.355 [pool-2-thread-1] WARN  CheapPurityAnalyzer - com.vaadin.server.VaadinPortletResponse was not found in the inheritance tree. Using DEFAULT value for cheap-purity analysis
[MASTER] 12:07:00.496 [pool-2-thread-1] WARN  CheapPurityAnalyzer - com.vaadin.server.VaadinPortletService was not found in the inheritance tree. Using DEFAULT value for cheap-purity analysis
[MASTER] 12:07:00.497 [pool-2-thread-1] WARN  CheapPurityAnalyzer - com.vaadin.server.VaadinPortletService was not found in the inheritance tree. Using DEFAULT value for cheap-purity analysis
[MASTER] 12:07:00.497 [pool-2-thread-1] WARN  InheritanceTree - Class not in inheritance graph: com.vaadin.server.VaadinPortletService
[MASTER] 12:07:00.497 [pool-2-thread-1] WARN  CheapPurityAnalyzer - com.vaadin.server.VaadinPortletService was not found in the inheritance tree. Using DEFAULT value for cheap-purity analysis
[MASTER] 12:07:00.498 [pool-2-thread-1] WARN  CheapPurityAnalyzer - com.vaadin.server.VaadinPortletService was not found in the inheritance tree. Using DEFAULT value for cheap-purity analysis
[MASTER] 12:07:00.881 [pool-2-thread-1] WARN  CheapPurityAnalyzer - org.jboss.servlet.http.HttpEvent was not found in the inheritance tree. Using DEFAULT value for cheap-purity analysis
[MASTER] 12:07:00.881 [pool-2-thread-1] WARN  InheritanceTree - Class not in inheritance graph: org.jboss.servlet.http.HttpEvent
[MASTER] 12:07:00.897 [pool-2-thread-1] WARN  CheapPurityAnalyzer - org.mortbay.util.ajax.ContinuationSupport was not found in the inheritance tree. Using DEFAULT value for cheap-purity analysis
[MASTER] 12:07:00.897 [pool-2-thread-1] WARN  InheritanceTree - Class not in inheritance graph: org.mortbay.util.ajax.ContinuationSupport
[MASTER] 12:07:00.943 [pool-2-thread-1] WARN  CheapPurityAnalyzer - org.apache.catalina.websocket.WsOutbound was not found in the inheritance tree. Using DEFAULT value for cheap-purity analysis
[MASTER] 12:07:00.943 [pool-2-thread-1] WARN  InheritanceTree - Class not in inheritance graph: org.apache.catalina.websocket.WsOutbound
[MASTER] 12:07:00.945 [pool-2-thread-1] WARN  CheapPurityAnalyzer - org.glassfish.grizzly.websockets.WebSocket was not found in the inheritance tree. Using DEFAULT value for cheap-purity analysis
[MASTER] 12:07:00.946 [pool-2-thread-1] WARN  InheritanceTree - Class not in inheritance graph: org.glassfish.grizzly.websockets.WebSocket
[MASTER] 12:07:00.947 [pool-2-thread-1] WARN  CheapPurityAnalyzer - org.glassfish.grizzly.websockets.WebSocket was not found in the inheritance tree. Using DEFAULT value for cheap-purity analysis
[MASTER] 12:07:00.947 [pool-2-thread-1] WARN  CheapPurityAnalyzer - org.glassfish.grizzly.websockets.WebSocket was not found in the inheritance tree. Using DEFAULT value for cheap-purity analysis
[MASTER] 12:07:00.970 [pool-2-thread-1] WARN  CheapPurityAnalyzer - org.eclipse.jetty.websocket.WebSocket$Connection was not found in the inheritance tree. Using DEFAULT value for cheap-purity analysis
[MASTER] 12:07:00.970 [pool-2-thread-1] WARN  InheritanceTree - Class not in inheritance graph: org.eclipse.jetty.websocket.WebSocket$Connection
[MASTER] 12:07:00.970 [pool-2-thread-1] WARN  CheapPurityAnalyzer - org.eclipse.jetty.websocket.WebSocket$Connection was not found in the inheritance tree. Using DEFAULT value for cheap-purity analysis
[MASTER] 12:07:00.973 [pool-2-thread-1] WARN  CheapPurityAnalyzer - org.eclipse.jetty.websocket.api.Session was not found in the inheritance tree. Using DEFAULT value for cheap-purity analysis
[MASTER] 12:07:00.973 [pool-2-thread-1] WARN  InheritanceTree - Class not in inheritance graph: org.eclipse.jetty.websocket.api.Session
[MASTER] 12:07:00.975 [pool-2-thread-1] WARN  CheapPurityAnalyzer - org.apache.catalina.websocket.WsOutbound was not found in the inheritance tree. Using DEFAULT value for cheap-purity analysis
[MASTER] 12:07:00.977 [pool-2-thread-1] WARN  CheapPurityAnalyzer - org.apache.catalina.websocket.WsOutbound was not found in the inheritance tree. Using DEFAULT value for cheap-purity analysis
[MASTER] 12:07:00.979 [pool-2-thread-1] WARN  CheapPurityAnalyzer - weblogic.websocket.WebSocketConnection was not found in the inheritance tree. Using DEFAULT value for cheap-purity analysis
[MASTER] 12:07:00.979 [pool-2-thread-1] WARN  InheritanceTree - Class not in inheritance graph: weblogic.websocket.WebSocketConnection
[MASTER] 12:07:00.979 [pool-2-thread-1] WARN  CheapPurityAnalyzer - weblogic.websocket.WebSocketConnection was not found in the inheritance tree. Using DEFAULT value for cheap-purity analysis
[MASTER] 12:07:00.980 [pool-2-thread-1] WARN  CheapPurityAnalyzer - weblogic.websocket.WebSocketConnection was not found in the inheritance tree. Using DEFAULT value for cheap-purity analysis
[MASTER] 12:07:03.255 [pool-2-thread-1] WARN  TestSuiteSerialization - Cannot load tests because file does not exist: /home/jaycaves/Desktop/FumagalliGrottiGullo/Implementation/.evosuite/evosuite-seeds/com.polimi.travlendar.gmaps.PlaceSearchField.seed
[MASTER] 12:07:03.338 [pool-2-thread-1] WARN  TimeController - Phase INITIALIZATION lasted too long, 1 seconds more than allowed.
[MASTER] 12:07:28.223 [TEST_EXECUTION_THREAD_0] WARN  TestUsageChecker - class com.vaadin.ui.AbstractComponent$$Lambda$147/827130229 looks like an anonymous class, ignoring it (although reflection says false) AbstractComponent$$Lambda$147/827130229
