#
# There is insufficient memory for the Java Runtime Environment to continue.
# Native memory allocation (mmap) failed to map 103284736 bytes for committing reserved memory.
# Possible reasons:
#   The system is out of physical RAM or swap space
#   In 32 bit mode, the process size limit was hit
# Possible solutions:
#   Reduce memory load on the system
#   Increase physical memory or swap space
#   Check if swap backing store is full
#   Use 64 bit Java on a 64 bit OS
#   Decrease Java heap size (-Xmx/-Xms)
#   Decrease number of Java threads
#   Decrease Java thread stack sizes (-Xss)
#   Set larger code cache with -XX:ReservedCodeCacheSize=
# This output file may be truncated or incomplete.
#
#  Out of Memory Error (os_linux.cpp:2640), pid=4234, tid=0x00007fb8cddfd700
#
# JRE version: Java(TM) SE Runtime Environment (8.0_151-b12) (build 1.8.0_151-b12)
# Java VM: Java HotSpot(TM) 64-Bit Server VM (25.151-b12 mixed mode linux-amd64 compressed oops)
# Failed to write core dump. Core dumps have been disabled. To enable core dumping, try "ulimit -c unlimited" before starting Java again
#

---------------  T H R E A D  ---------------

Current thread (0x00007fb8f007f000):  VMThread [stack: 0x00007fb8cdcfd000,0x00007fb8cddfe000] [id=4242]

Stack: [0x00007fb8cdcfd000,0x00007fb8cddfe000],  sp=0x00007fb8cddfc0a0,  free space=1020k
Native frames: (J=compiled Java code, j=interpreted, Vv=VM code, C=native code)
V  [libjvm.so+0xacb58a]  VMError::report_and_die()+0x2ba
V  [libjvm.so+0x4ff4ab]  report_vm_out_of_memory(char const*, int, unsigned long, VMErrorType, char const*)+0x8b
V  [libjvm.so+0x928113]  os::Linux::commit_memory_impl(char*, unsigned long, bool)+0x103
V  [libjvm.so+0x928669]  os::pd_commit_memory(char*, unsigned long, unsigned long, bool)+0x29
V  [libjvm.so+0x92288a]  os::commit_memory(char*, unsigned long, unsigned long, bool)+0x2a
V  [libjvm.so+0x9973e3]  PSVirtualSpace::expand_by(unsigned long)+0x53
V  [libjvm.so+0x987ca0]  PSOldGen::expand(unsigned long)+0x170
V  [libjvm.so+0x987eab]  PSOldGen::resize(unsigned long)+0x1cb
V  [libjvm.so+0x98fbb1]  PSParallelCompact::invoke_no_policy(bool)+0x991
V  [libjvm.so+0x99550d]  PSScavenge::invoke()+0x1ad
V  [libjvm.so+0x94c0d0]  ParallelScavengeHeap::failed_mem_allocate(unsigned long)+0x70
V  [libjvm.so+0xaccfa7]  VM_ParallelGCFailedAllocation::doit()+0x97
V  [libjvm.so+0xad4a85]  VM_Operation::evaluate()+0x55
V  [libjvm.so+0xad2e5a]  VMThread::evaluate_operation(VM_Operation*)+0xba
V  [libjvm.so+0xad31de]  VMThread::loop()+0x1ce
V  [libjvm.so+0xad3650]  VMThread::run()+0x70
V  [libjvm.so+0x92a728]  java_start(Thread*)+0x108

VM_Operation (0x00007fb89f1ddc70): ParallelGCFailedAllocation, mode: safepoint, requested by thread 0x00007fb8f07bf000


---------------  P R O C E S S  ---------------

Java Threads: ( => current thread )
  0x00007fb8f07bf000 JavaThread "CompilationUnitBuilder" [_thread_blocked, id=4265, stack(0x00007fb89f0df000,0x00007fb89f1e0000)]
  0x00007fb8f0759800 JavaThread "Thread-9" daemon [_thread_in_native, id=4263, stack(0x00007fb89f3e9000,0x00007fb89f4ea000)]
  0x00007fb8f0755800 JavaThread "Thread-8" daemon [_thread_in_native, id=4262, stack(0x00007fb89f4ea000,0x00007fb89f5eb000)]
  0x00007fb8f0752000 JavaThread "Thread-7" daemon [_thread_in_native, id=4261, stack(0x00007fb89f5eb000,0x00007fb89f6ec000)]
  0x00007fb8f074e000 JavaThread "Thread-6" daemon [_thread_in_native, id=4260, stack(0x00007fb89f6ec000,0x00007fb89f7ed000)]
  0x00007fb8f0746800 JavaThread "Thread-5" daemon [_thread_in_native, id=4259, stack(0x00007fb89f7ed000,0x00007fb89f8ee000)]
  0x00007fb8f0736000 JavaThread "Thread-4" daemon [_thread_in_native, id=4258, stack(0x00007fb89faee000,0x00007fb89fbef000)]
  0x00007fb8f072d800 JavaThread "Thread-3" [_thread_blocked, id=4257, stack(0x00007fb8cc045000,0x00007fb8cc146000)]
  0x00007fb8a022c000 JavaThread "Timer-0" daemon [_thread_blocked, id=4253, stack(0x00007fb8cca84000,0x00007fb8ccb85000)]
  0x00007fb8f00c9000 JavaThread "Service Thread" daemon [_thread_blocked, id=4250, stack(0x00007fb8cd31a000,0x00007fb8cd41b000)]
  0x00007fb8f00c5800 JavaThread "C1 CompilerThread2" daemon [_thread_blocked, id=4248, stack(0x00007fb8cd41b000,0x00007fb8cd51c000)]
  0x00007fb8f00c4000 JavaThread "C2 CompilerThread1" daemon [_thread_blocked, id=4247, stack(0x00007fb8cd51c000,0x00007fb8cd61d000)]
  0x00007fb8f00c1000 JavaThread "C2 CompilerThread0" daemon [_thread_blocked, id=4246, stack(0x00007fb8cd61d000,0x00007fb8cd71e000)]
  0x00007fb8f00bf800 JavaThread "Signal Dispatcher" daemon [_thread_blocked, id=4245, stack(0x00007fb8cd71e000,0x00007fb8cd81f000)]
  0x00007fb8f008b000 JavaThread "Finalizer" daemon [_thread_blocked, id=4244, stack(0x00007fb8cdafb000,0x00007fb8cdbfc000)]
  0x00007fb8f0086800 JavaThread "Reference Handler" daemon [_thread_blocked, id=4243, stack(0x00007fb8cdbfc000,0x00007fb8cdcfd000)]
  0x00007fb8f0011000 JavaThread "main" [_thread_blocked, id=4237, stack(0x00007fb8f84cc000,0x00007fb8f85cd000)]

Other Threads:
=>0x00007fb8f007f000 VMThread [stack: 0x00007fb8cdcfd000,0x00007fb8cddfe000] [id=4242]
  0x00007fb8f00cc000 WatcherThread [stack: 0x00007fb8cd219000,0x00007fb8cd31a000] [id=4251]

VM state:at safepoint (normal execution)

VM Mutex/Monitor currently owned by a thread:  ([mutex/lock_event])
[0x00007fb8f000cf30] ExpandHeap_lock - owner thread: 0x00007fb8f007f000
[0x00007fb8f000d5b0] Threads_lock - owner thread: 0x00007fb8f007f000
[0x00007fb8f000dab0] Heap_lock - owner thread: 0x00007fb8f07bf000

Heap:
 PSYoungGen      total 232960K, used 0K [0x00000000eab00000, 0x0000000100000000, 0x0000000100000000)
  eden space 116736K, 0% used [0x00000000eab00000,0x00000000eab00000,0x00000000f1d00000)
  from space 116224K, 0% used [0x00000000f1d00000,0x00000000f1d00000,0x00000000f8e80000)
  to   space 116224K, 0% used [0x00000000f8e80000,0x00000000f8e80000,0x0000000100000000)
 ParOldGen       total 483840K, used 359017K [0x00000000c0000000, 0x00000000dd880000, 0x00000000eab00000)
  object space 483840K, 74% used [0x00000000c0000000,0x00000000d5e9a7f8,0x00000000dd880000)
 Metaspace       used 23686K, capacity 24292K, committed 24576K, reserved 1071104K
  class space    used 2312K, capacity 2452K, committed 2560K, reserved 1048576K

Card table byte_map: [0x00007fb8f506b000,0x00007fb8f526c000] byte_map_base: 0x00007fb8f4a6b000

Marking Bits: (ParMarkBitMap*) 0x00007fb8f799df80
 Begin Bits: [0x00007fb8ce000000, 0x00007fb8cf000000)
 End Bits:   [0x00007fb8cf000000, 0x00007fb8d0000000)

Polling page: 0x00007fb8f85eb000

CodeCache: size=245760Kb used=25475Kb max_used=25477Kb free=220284Kb
 bounds [0x00007fb8e1000000, 0x00007fb8e2900000, 0x00007fb8f0000000]
 total_blobs=6579 nmethods=6192 adapters=294
 compilation: enabled

Compilation events (10 events):
Event: 28,686 Thread 0x00007fb8f00c5800 7721       2       org.eclipse.jdt.internal.compiler.ast.ArrayReference::checkNPE (34 bytes)
Event: 28,687 Thread 0x00007fb8f00c5800 nmethod 7721 0x00007fb8e28f6150 code [0x00007fb8e28f62e0, 0x00007fb8e28f6578]
Event: 28,687 Thread 0x00007fb8f00c5800 7722       2       org.eclipse.jdt.internal.compiler.codegen.CodeStream::if_icmple (81 bytes)
Event: 28,688 Thread 0x00007fb8f00c5800 nmethod 7722 0x00007fb8e28f5c10 code [0x00007fb8e28f5da0, 0x00007fb8e28f5fe8]
Event: 28,688 Thread 0x00007fb8f00c5800 7723       3       java.util.ArrayList::clear (39 bytes)
Event: 28,688 Thread 0x00007fb8f00c5800 nmethod 7723 0x00007fb8e28f9410 code [0x00007fb8e28f95a0, 0x00007fb8e28f9910]
Event: 28,688 Thread 0x00007fb8f00c5800 7724       2       org.eclipse.jdt.internal.compiler.codegen.ConstantPool::literalIndex (330 bytes)
Event: 28,689 Thread 0x00007fb8f00c5800 nmethod 7724 0x00007fb8e28f7f90 code [0x00007fb8e28f81e0, 0x00007fb8e28f8b48]
Event: 28,691 Thread 0x00007fb8f00c5800 7725       1       com.google.gwt.dev.jjs.ast.JType::isExternal (2 bytes)
Event: 28,691 Thread 0x00007fb8f00c5800 nmethod 7725 0x00007fb8e28cfdd0 code [0x00007fb8e28cff20, 0x00007fb8e28d0030]

GC Heap History (10 events):
Event: 26,196 GC heap after
Heap after GC invocations=25 (full 4):
 PSYoungGen      total 239616K, used 55298K [0x00000000eab00000, 0x0000000100000000, 0x0000000100000000)
  eden space 140288K, 0% used [0x00000000eab00000,0x00000000eab00000,0x00000000f3400000)
  from space 99328K, 55% used [0x00000000f3400000,0x00000000f6a00bc0,0x00000000f9500000)
  to   space 98304K, 0% used [0x00000000fa000000,0x00000000fa000000,0x0000000100000000)
 ParOldGen       total 483840K, used 296746K [0x00000000c0000000, 0x00000000dd880000, 0x00000000eab00000)
  object space 483840K, 61% used [0x00000000c0000000,0x00000000d21caa30,0x00000000dd880000)
 Metaspace       used 23591K, capacity 24158K, committed 24320K, reserved 1071104K
  class space    used 2311K, capacity 2451K, committed 2560K, reserved 1048576K
}
Event: 26,979 GC heap before
{Heap before GC invocations=26 (full 4):
 PSYoungGen      total 239616K, used 195586K [0x00000000eab00000, 0x0000000100000000, 0x0000000100000000)
  eden space 140288K, 100% used [0x00000000eab00000,0x00000000f3400000,0x00000000f3400000)
  from space 99328K, 55% used [0x00000000f3400000,0x00000000f6a00bc0,0x00000000f9500000)
  to   space 98304K, 0% used [0x00000000fa000000,0x00000000fa000000,0x0000000100000000)
 ParOldGen       total 483840K, used 296746K [0x00000000c0000000, 0x00000000dd880000, 0x00000000eab00000)
  object space 483840K, 61% used [0x00000000c0000000,0x00000000d21caa30,0x00000000dd880000)
 Metaspace       used 23630K, capacity 24222K, committed 24576K, reserved 1071104K
  class space    used 2311K, capacity 2451K, committed 2560K, reserved 1048576K
Event: 27,024 GC heap after
Heap after GC invocations=26 (full 4):
 PSYoungGen      total 234496K, used 80729K [0x00000000eab00000, 0x0000000100000000, 0x0000000100000000)
  eden space 136192K, 0% used [0x00000000eab00000,0x00000000eab00000,0x00000000f3000000)
  from space 98304K, 82% used [0x00000000fa000000,0x00000000feed6448,0x0000000100000000)
  to   space 106496K, 0% used [0x00000000f3000000,0x00000000f3000000,0x00000000f9800000)
 ParOldGen       total 483840K, used 296746K [0x00000000c0000000, 0x00000000dd880000, 0x00000000eab00000)
  object space 483840K, 61% used [0x00000000c0000000,0x00000000d21caa30,0x00000000dd880000)
 Metaspace       used 23630K, capacity 24222K, committed 24576K, reserved 1071104K
  class space    used 2311K, capacity 2451K, committed 2560K, reserved 1048576K
}
Event: 27,581 GC heap before
{Heap before GC invocations=27 (full 4):
 PSYoungGen      total 234496K, used 216921K [0x00000000eab00000, 0x0000000100000000, 0x0000000100000000)
  eden space 136192K, 100% used [0x00000000eab00000,0x00000000f3000000,0x00000000f3000000)
  from space 98304K, 82% used [0x00000000fa000000,0x00000000feed6448,0x0000000100000000)
  to   space 106496K, 0% used [0x00000000f3000000,0x00000000f3000000,0x00000000f9800000)
 ParOldGen       total 483840K, used 296746K [0x00000000c0000000, 0x00000000dd880000, 0x00000000eab00000)
  object space 483840K, 61% used [0x00000000c0000000,0x00000000d21caa30,0x00000000dd880000)
 Metaspace       used 23661K, capacity 24228K, committed 24576K, reserved 1071104K
  class space    used 2312K, capacity 2452K, committed 2560K, reserved 1048576K
Event: 27,646 GC heap after
Heap after GC invocations=27 (full 4):
 PSYoungGen      total 241664K, used 105417K [0x00000000eab00000, 0x0000000100000000, 0x0000000100000000)
  eden space 136192K, 0% used [0x00000000eab00000,0x00000000eab00000,0x00000000f3000000)
  from space 105472K, 99% used [0x00000000f3000000,0x00000000f96f2750,0x00000000f9700000)
  to   space 107520K, 0% used [0x00000000f9700000,0x00000000f9700000,0x0000000100000000)
 ParOldGen       total 483840K, used 296746K [0x00000000c0000000, 0x00000000dd880000, 0x00000000eab00000)
  object space 483840K, 61% used [0x00000000c0000000,0x00000000d21caa30,0x00000000dd880000)
 Metaspace       used 23661K, capacity 24228K, committed 24576K, reserved 1071104K
  class space    used 2312K, capacity 2452K, committed 2560K, reserved 1048576K
}
Event: 28,247 GC heap before
{Heap before GC invocations=28 (full 4):
 PSYoungGen      total 241664K, used 241609K [0x00000000eab00000, 0x0000000100000000, 0x0000000100000000)
  eden space 136192K, 100% used [0x00000000eab00000,0x00000000f3000000,0x00000000f3000000)
  from space 105472K, 99% used [0x00000000f3000000,0x00000000f96f2750,0x00000000f9700000)
  to   space 107520K, 0% used [0x00000000f9700000,0x00000000f9700000,0x0000000100000000)
 ParOldGen       total 483840K, used 296746K [0x00000000c0000000, 0x00000000dd880000, 0x00000000eab00000)
  object space 483840K, 61% used [0x00000000c0000000,0x00000000d21caa30,0x00000000dd880000)
 Metaspace       used 23679K, capacity 24292K, committed 24576K, reserved 1071104K
  class space    used 2312K, capacity 2452K, committed 2560K, reserved 1048576K
Event: 28,345 GC heap after
Heap after GC invocations=28 (full 4):
 PSYoungGen      total 224256K, used 77051K [0x00000000eab00000, 0x0000000100000000, 0x0000000100000000)
  eden space 116736K, 0% used [0x00000000eab00000,0x00000000eab00000,0x00000000f1d00000)
  from space 107520K, 71% used [0x00000000f9700000,0x00000000fe23ec28,0x0000000100000000)
  to   space 116224K, 0% used [0x00000000f1d00000,0x00000000f1d00000,0x00000000f8e80000)
 ParOldGen       total 483840K, used 355407K [0x00000000c0000000, 0x00000000dd880000, 0x00000000eab00000)
  object space 483840K, 73% used [0x00000000c0000000,0x00000000d5b13d68,0x00000000dd880000)
 Metaspace       used 23679K, capacity 24292K, committed 24576K, reserved 1071104K
  class space    used 2312K, capacity 2452K, committed 2560K, reserved 1048576K
}
Event: 28,696 GC heap before
{Heap before GC invocations=29 (full 4):
 PSYoungGen      total 224256K, used 193787K [0x00000000eab00000, 0x0000000100000000, 0x0000000100000000)
  eden space 116736K, 100% used [0x00000000eab00000,0x00000000f1d00000,0x00000000f1d00000)
  from space 107520K, 71% used [0x00000000f9700000,0x00000000fe23ec28,0x0000000100000000)
  to   space 116224K, 0% used [0x00000000f1d00000,0x00000000f1d00000,0x00000000f8e80000)
 ParOldGen       total 483840K, used 355407K [0x00000000c0000000, 0x00000000dd880000, 0x00000000eab00000)
  object space 483840K, 73% used [0x00000000c0000000,0x00000000d5b13d68,0x00000000dd880000)
 Metaspace       used 23686K, capacity 24292K, committed 24576K, reserved 1071104K
  class space    used 2312K, capacity 2452K, committed 2560K, reserved 1048576K
Event: 31,718 GC heap after
Heap after GC invocations=29 (full 4):
 PSYoungGen      total 232960K, used 49027K [0x00000000eab00000, 0x0000000100000000, 0x0000000100000000)
  eden space 116736K, 0% used [0x00000000eab00000,0x00000000eab00000,0x00000000f1d00000)
  from space 116224K, 42% used [0x00000000f1d00000,0x00000000f4ce0d90,0x00000000f8e80000)
  to   space 116224K, 0% used [0x00000000f8e80000,0x00000000f8e80000,0x0000000100000000)
 ParOldGen       total 483840K, used 408544K [0x00000000c0000000, 0x00000000dd880000, 0x00000000eab00000)
  object space 483840K, 84% used [0x00000000c0000000,0x00000000d8ef8188,0x00000000dd880000)
 Metaspace       used 23686K, capacity 24292K, committed 24576K, reserved 1071104K
  class space    used 2312K, capacity 2452K, committed 2560K, reserved 1048576K
}
Event: 32,997 GC heap before
{Heap before GC invocations=30 (full 5):
 PSYoungGen      total 232960K, used 49027K [0x00000000eab00000, 0x0000000100000000, 0x0000000100000000)
  eden space 116736K, 0% used [0x00000000eab00000,0x00000000eab00000,0x00000000f1d00000)
  from space 116224K, 42% used [0x00000000f1d00000,0x00000000f4ce0d90,0x00000000f8e80000)
  to   space 116224K, 0% used [0x00000000f8e80000,0x00000000f8e80000,0x0000000100000000)
 ParOldGen       total 483840K, used 408544K [0x00000000c0000000, 0x00000000dd880000, 0x00000000eab00000)
  object space 483840K, 84% used [0x00000000c0000000,0x00000000d8ef8188,0x00000000dd880000)
 Metaspace       used 23686K, capacity 24292K, committed 24576K, reserved 1071104K
  class space    used 2312K, capacity 2452K, committed 2560K, reserved 1048576K

Deoptimization events (10 events):
Event: 27,286 Thread 0x00007fb8f0011000 Uncommon trap: reason=class_check action=maybe_recompile pc=0x00007fb8e113bdc8 method=org.eclipse.jdt.internal.compiler.lookup.TypeBinding.findSuperTypeOriginatingFrom(Lorg/eclipse/jdt/internal/compiler/lookup/TypeBinding;)Lorg/eclipse/jdt/internal/compil
Event: 27,336 Thread 0x00007fb8f0011000 Uncommon trap: reason=class_check action=maybe_recompile pc=0x00007fb8e179c534 method=org.eclipse.jdt.internal.compiler.lookup.ReferenceBinding.isCompatibleWith(Lorg/eclipse/jdt/internal/compiler/lookup/TypeBinding;Lorg/eclipse/jdt/internal/compiler/looku
Event: 27,440 Thread 0x00007fb8f0011000 Uncommon trap: reason=class_check action=maybe_recompile pc=0x00007fb8e2747fa4 method=org.eclipse.jdt.internal.compiler.lookup.Scope.getBinding([CILorg/eclipse/jdt/internal/compiler/lookup/InvocationSite;Z)Lorg/eclipse/jdt/internal/compiler/lookup/Binding
Event: 27,440 Thread 0x00007fb8f0011000 Uncommon trap: reason=class_check action=maybe_recompile pc=0x00007fb8e2747fa4 method=org.eclipse.jdt.internal.compiler.lookup.Scope.getBinding([CILorg/eclipse/jdt/internal/compiler/lookup/InvocationSite;Z)Lorg/eclipse/jdt/internal/compiler/lookup/Binding
Event: 27,652 Thread 0x00007fb8f0011000 Uncommon trap: reason=unstable_if action=reinterpret pc=0x00007fb8e2009aa0 method=org.eclipse.jdt.internal.compiler.ClassFile.generateLineNumberAttribute()I @ 50
Event: 27,982 Thread 0x00007fb8f0011000 Uncommon trap: reason=unstable_if action=reinterpret pc=0x00007fb8e1fcf690 method=org.eclipse.jdt.internal.compiler.lookup.Scope.parameterCompatibilityLevel(Lorg/eclipse/jdt/internal/compiler/lookup/MethodBinding;[Lorg/eclipse/jdt/internal/compiler/lookup
Event: 28,218 Thread 0x00007fb8f0011000 Uncommon trap: reason=bimorphic action=maybe_recompile pc=0x00007fb8e2701f50 method=org.eclipse.jdt.internal.compiler.lookup.Scope.findMethod0(Lorg/eclipse/jdt/internal/compiler/lookup/ReferenceBinding;[C[Lorg/eclipse/jdt/internal/compiler/lookup/TypeBind
Event: 28,538 Thread 0x00007fb8f0011000 Uncommon trap: reason=null_check action=maybe_recompile pc=0x00007fb8e21862c4 method=org.eclipse.jdt.internal.compiler.ast.MessageSend.analyseCode(Lorg/eclipse/jdt/internal/compiler/lookup/BlockScope;Lorg/eclipse/jdt/internal/compiler/flow/FlowContext;Lor
Event: 28,538 Thread 0x00007fb8f0011000 Uncommon trap: reason=null_check action=maybe_recompile pc=0x00007fb8e21862c4 method=org.eclipse.jdt.internal.compiler.ast.MessageSend.analyseCode(Lorg/eclipse/jdt/internal/compiler/lookup/BlockScope;Lorg/eclipse/jdt/internal/compiler/flow/FlowContext;Lor
Event: 28,679 Thread 0x00007fb8f0011000 Uncommon trap: reason=unstable_if action=reinterpret pc=0x00007fb8e1fd5f28 method=org.eclipse.jdt.internal.compiler.ast.ConstructorDeclaration.traverse(Lorg/eclipse/jdt/internal/compiler/ASTVisitor;Lorg/eclipse/jdt/internal/compiler/lookup/ClassScope;)V @

Internal exceptions (10 events):
Event: 28,560 Thread 0x00007fb8f0011000 Exception <a 'java/security/PrivilegedActionException'> (0x00000000ef002660) thrown at [/HUDSON/workspace/8-2-build-linux-amd64/jdk8u151/9699/hotspot/src/share/vm/prims/jvm.cpp, line 1390]
Event: 28,560 Thread 0x00007fb8f0011000 Exception <a 'java/security/PrivilegedActionException'> (0x00000000ef002a58) thrown at [/HUDSON/workspace/8-2-build-linux-amd64/jdk8u151/9699/hotspot/src/share/vm/prims/jvm.cpp, line 1390]
Event: 28,561 Thread 0x00007fb8f0011000 Exception <a 'java/security/PrivilegedActionException'> (0x00000000ef03a578) thrown at [/HUDSON/workspace/8-2-build-linux-amd64/jdk8u151/9699/hotspot/src/share/vm/prims/jvm.cpp, line 1390]
Event: 28,561 Thread 0x00007fb8f0011000 Exception <a 'java/security/PrivilegedActionException'> (0x00000000ef03a970) thrown at [/HUDSON/workspace/8-2-build-linux-amd64/jdk8u151/9699/hotspot/src/share/vm/prims/jvm.cpp, line 1390]
Event: 28,561 Thread 0x00007fb8f0011000 Exception <a 'java/security/PrivilegedActionException'> (0x00000000ef03c510) thrown at [/HUDSON/workspace/8-2-build-linux-amd64/jdk8u151/9699/hotspot/src/share/vm/prims/jvm.cpp, line 1390]
Event: 28,561 Thread 0x00007fb8f0011000 Exception <a 'java/security/PrivilegedActionException'> (0x00000000ef03c908) thrown at [/HUDSON/workspace/8-2-build-linux-amd64/jdk8u151/9699/hotspot/src/share/vm/prims/jvm.cpp, line 1390]
Event: 28,561 Thread 0x00007fb8f0011000 Exception <a 'java/security/PrivilegedActionException'> (0x00000000ef03f7c8) thrown at [/HUDSON/workspace/8-2-build-linux-amd64/jdk8u151/9699/hotspot/src/share/vm/prims/jvm.cpp, line 1390]
Event: 28,561 Thread 0x00007fb8f0011000 Exception <a 'java/security/PrivilegedActionException'> (0x00000000ef03fbc0) thrown at [/HUDSON/workspace/8-2-build-linux-amd64/jdk8u151/9699/hotspot/src/share/vm/prims/jvm.cpp, line 1390]
Event: 28,561 Thread 0x00007fb8f0011000 Exception <a 'java/security/PrivilegedActionException'> (0x00000000ef041430) thrown at [/HUDSON/workspace/8-2-build-linux-amd64/jdk8u151/9699/hotspot/src/share/vm/prims/jvm.cpp, line 1390]
Event: 28,561 Thread 0x00007fb8f0011000 Exception <a 'java/security/PrivilegedActionException'> (0x00000000ef041828) thrown at [/HUDSON/workspace/8-2-build-linux-amd64/jdk8u151/9699/hotspot/src/share/vm/prims/jvm.cpp, line 1390]

Events (10 events):
Event: 28,538 Thread 0x00007fb8f0011000 DEOPT PACKING pc=0x00007fb8e21862c4 sp=0x00007fb8f85c95b0
Event: 28,538 Thread 0x00007fb8f0011000 DEOPT UNPACKING pc=0x00007fb8e1005229 sp=0x00007fb8f85c95b8 mode 2
Event: 28,602 Thread 0x00007fb8f0011000 DEOPT PACKING pc=0x00007fb8e1b56aa2 sp=0x00007fb8f85cab60
Event: 28,602 Thread 0x00007fb8f0011000 DEOPT UNPACKING pc=0x00007fb8e1047633 sp=0x00007fb8f85ca8c8 mode 0
Event: 28,611 Thread 0x00007fb8f0011000 DEOPT PACKING pc=0x00007fb8e27faa38 sp=0x00007fb8f85ca790
Event: 28,611 Thread 0x00007fb8f0011000 DEOPT UNPACKING pc=0x00007fb8e1047633 sp=0x00007fb8f85ca5f0 mode 0
Event: 28,678 Thread 0x00007fb8f0011000 Uncommon trap: trap_request=0xffffff65 fr.pc=0x00007fb8e1fd5f28
Event: 28,679 Thread 0x00007fb8f0011000 DEOPT PACKING pc=0x00007fb8e1fd5f28 sp=0x00007fb8f85ca8e0
Event: 28,679 Thread 0x00007fb8f0011000 DEOPT UNPACKING pc=0x00007fb8e1005229 sp=0x00007fb8f85ca8f0 mode 2
Event: 28,696 Executing VM operation: ParallelGCFailedAllocation


Dynamic libraries:
00400000-00401000 r-xp 00000000 08:03 939496                             /usr/src/jdk1.8.0_151/jre/bin/java
00600000-00601000 rw-p 00000000 08:03 939496                             /usr/src/jdk1.8.0_151/jre/bin/java
0216c000-0218d000 rw-p 00000000 00:00 0                                  [heap]
c0000000-dd880000 rw-p 00000000 00:00 0 
e3b00000-eab00000 ---p 00000000 00:00 0 
eab00000-100000000 rw-p 00000000 00:00 0 
100000000-100280000 rw-p 00000000 00:00 0 
100280000-140000000 ---p 00000000 00:00 0 
7fb878000000-7fb878164000 rw-p 00000000 00:00 0 
7fb878164000-7fb87c000000 ---p 00000000 00:00 0 
7fb880000000-7fb880021000 rw-p 00000000 00:00 0 
7fb880021000-7fb884000000 ---p 00000000 00:00 0 
7fb884000000-7fb884021000 rw-p 00000000 00:00 0 
7fb884021000-7fb888000000 ---p 00000000 00:00 0 
7fb888000000-7fb888021000 rw-p 00000000 00:00 0 
7fb888021000-7fb88c000000 ---p 00000000 00:00 0 
7fb88c000000-7fb88c021000 rw-p 00000000 00:00 0 
7fb88c021000-7fb890000000 ---p 00000000 00:00 0 
7fb890000000-7fb890021000 rw-p 00000000 00:00 0 
7fb890021000-7fb894000000 ---p 00000000 00:00 0 
7fb894000000-7fb894021000 rw-p 00000000 00:00 0 
7fb894021000-7fb898000000 ---p 00000000 00:00 0 
7fb898000000-7fb89828e000 rw-p 00000000 00:00 0 
7fb89828e000-7fb89c000000 ---p 00000000 00:00 0 
7fb89e206000-7fb89e386000 rw-p 00000000 00:00 0 
7fb89e386000-7fb89e406000 ---p 00000000 00:00 0 
7fb89e406000-7fb89e606000 rw-p 00000000 00:00 0 
7fb89e606000-7fb89e806000 rw-p 00000000 00:00 0 
7fb89e806000-7fb89ea06000 rw-p 00000000 00:00 0 
7fb89ea06000-7fb89ec06000 rw-p 00000000 00:00 0 
7fb89ec06000-7fb89ec0d000 r-xp 00000000 08:03 1067369                    /usr/src/jdk1.8.0_151/jre/lib/amd64/libawt_headless.so
7fb89ec0d000-7fb89ee0c000 ---p 00007000 08:03 1067369                    /usr/src/jdk1.8.0_151/jre/lib/amd64/libawt_headless.so
7fb89ee0c000-7fb89ee0d000 rw-p 00006000 08:03 1067369                    /usr/src/jdk1.8.0_151/jre/lib/amd64/libawt_headless.so
7fb89ee0d000-7fb89eeaf000 r-xp 00000000 08:03 1067351                    /usr/src/jdk1.8.0_151/jre/lib/amd64/libawt.so
7fb89eeaf000-7fb89f0af000 ---p 000a2000 08:03 1067351                    /usr/src/jdk1.8.0_151/jre/lib/amd64/libawt.so
7fb89f0af000-7fb89f0bb000 rw-p 000a2000 08:03 1067351                    /usr/src/jdk1.8.0_151/jre/lib/amd64/libawt.so
7fb89f0bb000-7fb89f0df000 rw-p 00000000 00:00 0 
7fb89f0df000-7fb89f0e2000 ---p 00000000 00:00 0 
7fb89f0e2000-7fb89f1e0000 rw-p 00000000 00:00 0 
7fb89f1e0000-7fb89f1e9000 r-xp 00000000 08:03 1067366                    /usr/src/jdk1.8.0_151/jre/lib/amd64/libmanagement.so
7fb89f1e9000-7fb89f3e8000 ---p 00009000 08:03 1067366                    /usr/src/jdk1.8.0_151/jre/lib/amd64/libmanagement.so
7fb89f3e8000-7fb89f3e9000 rw-p 00008000 08:03 1067366                    /usr/src/jdk1.8.0_151/jre/lib/amd64/libmanagement.so
7fb89f3e9000-7fb89f3ec000 ---p 00000000 00:00 0 
7fb89f3ec000-7fb89f4ea000 rw-p 00000000 00:00 0 
7fb89f4ea000-7fb89f4ed000 ---p 00000000 00:00 0 
7fb89f4ed000-7fb89f5eb000 rw-p 00000000 00:00 0 
7fb89f5eb000-7fb89f5ee000 ---p 00000000 00:00 0 
7fb89f5ee000-7fb89f6ec000 rw-p 00000000 00:00 0 
7fb89f6ec000-7fb89f6ef000 ---p 00000000 00:00 0 
7fb89f6ef000-7fb89f7ed000 rw-p 00000000 00:00 0 
7fb89f7ed000-7fb89f7f0000 ---p 00000000 00:00 0 
7fb89f7f0000-7fb89faee000 rw-p 00000000 00:00 0 
7fb89faee000-7fb89faf1000 ---p 00000000 00:00 0 
7fb89faf1000-7fb89fbef000 rw-p 00000000 00:00 0 
7fb89fbef000-7fb89fc00000 r-xp 00000000 08:03 1067361                    /usr/src/jdk1.8.0_151/jre/lib/amd64/libnio.so
7fb89fc00000-7fb89fdff000 ---p 00011000 08:03 1067361                    /usr/src/jdk1.8.0_151/jre/lib/amd64/libnio.so
7fb89fdff000-7fb89fe00000 rw-p 00010000 08:03 1067361                    /usr/src/jdk1.8.0_151/jre/lib/amd64/libnio.so
7fb89fe00000-7fb8a0000000 rw-p 00000000 00:00 0 
7fb8a0000000-7fb8a02fd000 rw-p 00000000 00:00 0 
7fb8a02fd000-7fb8a4000000 ---p 00000000 00:00 0 
7fb8a4000000-7fb8a4021000 rw-p 00000000 00:00 0 
7fb8a4021000-7fb8a8000000 ---p 00000000 00:00 0 
7fb8a8000000-7fb8a8021000 rw-p 00000000 00:00 0 
7fb8a8021000-7fb8ac000000 ---p 00000000 00:00 0 
7fb8ac000000-7fb8ac021000 rw-p 00000000 00:00 0 
7fb8ac021000-7fb8b0000000 ---p 00000000 00:00 0 
7fb8b0000000-7fb8b21d7000 rw-p 00000000 00:00 0 
7fb8b21d7000-7fb8b4000000 ---p 00000000 00:00 0 
7fb8b4000000-7fb8b5abd000 rw-p 00000000 00:00 0 
7fb8b5abd000-7fb8b8000000 ---p 00000000 00:00 0 
7fb8b8000000-7fb8bb611000 rw-p 00000000 00:00 0 
7fb8bb611000-7fb8bc000000 ---p 00000000 00:00 0 
7fb8bc000000-7fb8bc021000 rw-p 00000000 00:00 0 
7fb8bc021000-7fb8c0000000 ---p 00000000 00:00 0 
7fb8c0000000-7fb8c0021000 rw-p 00000000 00:00 0 
7fb8c0021000-7fb8c4000000 ---p 00000000 00:00 0 
7fb8c4000000-7fb8c4021000 rw-p 00000000 00:00 0 
7fb8c4021000-7fb8c8000000 ---p 00000000 00:00 0 
7fb8c8000000-7fb8c83aa000 rw-p 00000000 00:00 0 
7fb8c83aa000-7fb8cc000000 ---p 00000000 00:00 0 
7fb8cc045000-7fb8cc048000 ---p 00000000 00:00 0 
7fb8cc048000-7fb8cc146000 rw-p 00000000 00:00 0 
7fb8cc146000-7fb8cc1b8000 r-xp 00000000 08:03 1053626                    /lib/x86_64-linux-gnu/libpcre.so.3.13.3
7fb8cc1b8000-7fb8cc3b7000 ---p 00072000 08:03 1053626                    /lib/x86_64-linux-gnu/libpcre.so.3.13.3
7fb8cc3b7000-7fb8cc3b8000 r--p 00071000 08:03 1053626                    /lib/x86_64-linux-gnu/libpcre.so.3.13.3
7fb8cc3b8000-7fb8cc3b9000 rw-p 00072000 08:03 1053626                    /lib/x86_64-linux-gnu/libpcre.so.3.13.3
7fb8cc3b9000-7fb8cc3de000 r-xp 00000000 08:03 1053689                    /lib/x86_64-linux-gnu/libselinux.so.1
7fb8cc3de000-7fb8cc5dd000 ---p 00025000 08:03 1053689                    /lib/x86_64-linux-gnu/libselinux.so.1
7fb8cc5dd000-7fb8cc5de000 r--p 00024000 08:03 1053689                    /lib/x86_64-linux-gnu/libselinux.so.1
7fb8cc5de000-7fb8cc5df000 rw-p 00025000 08:03 1053689                    /lib/x86_64-linux-gnu/libselinux.so.1
7fb8cc5df000-7fb8cc5e1000 rw-p 00000000 00:00 0 
7fb8cc5e1000-7fb8cc622000 r-xp 00000000 08:03 1056506                    /lib/x86_64-linux-gnu/libnss_resolve.so.2
7fb8cc622000-7fb8cc625000 r--p 00040000 08:03 1056506                    /lib/x86_64-linux-gnu/libnss_resolve.so.2
7fb8cc625000-7fb8cc626000 rw-p 00043000 08:03 1056506                    /lib/x86_64-linux-gnu/libnss_resolve.so.2
7fb8cc626000-7fb8cc627000 rw-p 00000000 00:00 0 
7fb8cc627000-7fb8cc629000 r-xp 00000000 08:03 1053523                    /lib/x86_64-linux-gnu/libnss_mdns4_minimal.so.2
7fb8cc629000-7fb8cc828000 ---p 00002000 08:03 1053523                    /lib/x86_64-linux-gnu/libnss_mdns4_minimal.so.2
7fb8cc828000-7fb8cc829000 r--p 00001000 08:03 1053523                    /lib/x86_64-linux-gnu/libnss_mdns4_minimal.so.2
7fb8cc829000-7fb8cc82a000 rw-p 00002000 08:03 1053523                    /lib/x86_64-linux-gnu/libnss_mdns4_minimal.so.2
7fb8cc82f000-7fb8cc842000 r--s 00345000 08:03 1067292                    /usr/src/jdk1.8.0_151/jre/lib/resources.jar
7fb8cc842000-7fb8cc847000 r--s 0009a000 08:03 1067293                    /usr/src/jdk1.8.0_151/jre/lib/jsse.jar
7fb8cc847000-7fb8cc85e000 r-xp 00000000 08:03 1067358                    /usr/src/jdk1.8.0_151/jre/lib/amd64/libnet.so
7fb8cc85e000-7fb8cca5d000 ---p 00017000 08:03 1067358                    /usr/src/jdk1.8.0_151/jre/lib/amd64/libnet.so
7fb8cca5d000-7fb8cca5e000 rw-p 00016000 08:03 1067358                    /usr/src/jdk1.8.0_151/jre/lib/amd64/libnet.so
7fb8cca5e000-7fb8cca7a000 r--s 00393000 08:03 1067297                    /usr/src/jdk1.8.0_151/jre/lib/ext/cldrdata.jar
7fb8cca7a000-7fb8cca84000 r--s 00116000 08:03 1067304                    /usr/src/jdk1.8.0_151/jre/lib/ext/localedata.jar
7fb8cca84000-7fb8cca87000 ---p 00000000 00:00 0 
7fb8cca87000-7fb8ccb85000 rw-p 00000000 00:00 0 
7fb8ccb85000-7fb8ccb8a000 r--s 00036000 08:03 137029                     /home/jaycaves/.m2/repository/org/mortbay/jasper/apache-el/8.0.9.M3/apache-el-8.0.9.M3.jar
7fb8ccb8a000-7fb8ccb98000 r--s 000dc000 08:03 137028                     /home/jaycaves/.m2/repository/org/mortbay/jasper/apache-jsp/8.0.9.M3/apache-jsp-8.0.9.M3.jar
7fb8ccb98000-7fb8ccb9a000 r--s 0002c000 08:03 137021                     /home/jaycaves/.m2/repository/org/eclipse/jetty/toolchain/jetty-schemas/3.1.M0/jetty-schemas-3.1.M0.jar
7fb8ccb9a000-7fb8ccb9b000 r--s 00002000 08:03 137023                     /home/jaycaves/.m2/repository/org/eclipse/jetty/apache-jsp/9.2.14.v20151106/apache-jsp-9.2.14.v20151106.jar
7fb8ccb9b000-7fb8ccb9d000 r--s 00005000 08:03 137018                     /home/jaycaves/.m2/repository/javax/annotation/javax.annotation-api/1.2/javax.annotation-api-1.2.jar
7fb8ccb9d000-7fb8ccb9f000 r--s 00009000 08:03 137014                     /home/jaycaves/.m2/repository/org/eclipse/jetty/jetty-jndi/9.2.14.v20151106/jetty-jndi-9.2.14.v20151106.jar
7fb8ccb9f000-7fb8ccba1000 r--s 0000c000 08:03 137011                     /home/jaycaves/.m2/repository/org/eclipse/jetty/jetty-plus/9.2.14.v20151106/jetty-plus-9.2.14.v20151106.jar
7fb8ccba1000-7fb8ccba3000 r--s 00012000 08:03 137009                     /home/jaycaves/.m2/repository/org/eclipse/jetty/jetty-annotations/9.2.14.v20151106/jetty-annotations-9.2.14.v20151106.jar
7fb8ccba3000-7fb8ccba4000 r--s 00003000 08:03 137006                     /home/jaycaves/.m2/repository/org/eclipse/jetty/jetty-continuation/9.2.14.v20151106/jetty-continuation-9.2.14.v20151106.jar
7fb8ccba4000-7fb8ccba6000 r--s 0001c000 08:03 137002                     /home/jaycaves/.m2/repository/org/eclipse/jetty/jetty-servlets/9.2.14.v20151106/jetty-servlets-9.2.14.v20151106.jar
7fb8ccba6000-7fb8ccba8000 r--s 00018000 08:03 137000                     /home/jaycaves/.m2/repository/org/eclipse/jetty/jetty-http/9.2.14.v20151106/jetty-http-9.2.14.v20151106.jar
7fb8ccba8000-7fb8ccbae000 r--s 00061000 08:03 136995                     /home/jaycaves/.m2/repository/org/eclipse/jetty/jetty-server/9.2.14.v20151106/jetty-server-9.2.14.v20151106.jar
7fb8ccbae000-7fb8ccbb1000 r--s 00015000 08:03 136996                     /home/jaycaves/.m2/repository/org/eclipse/jetty/jetty-security/9.2.14.v20151106/jetty-security-9.2.14.v20151106.jar
7fb8ccbb1000-7fb8ccbb4000 r--s 0001a000 08:03 136988                     /home/jaycaves/.m2/repository/org/eclipse/jetty/jetty-servlet/9.2.14.v20151106/jetty-servlet-9.2.14.v20151106.jar
7fb8ccbb4000-7fb8ccbb5000 r--s 0000a000 08:03 136990                     /home/jaycaves/.m2/repository/org/eclipse/jetty/jetty-xml/9.2.14.v20151106/jetty-xml-9.2.14.v20151106.jar
7fb8ccbb5000-7fb8ccbb7000 r--s 00019000 08:03 136984                     /home/jaycaves/.m2/repository/org/eclipse/jetty/jetty-webapp/9.2.14.v20151106/jetty-webapp-9.2.14.v20151106.jar
7fb8ccbb7000-7fb8ccbb9000 r--s 00009000 08:03 136981                     /home/jaycaves/.m2/repository/org/eclipse/jetty/websocket/websocket-api/9.2.13.v20150730/websocket-api-9.2.13.v20150730.jar
7fb8ccbb9000-7fb8ccbbd000 r--s 00028000 08:03 136978                     /home/jaycaves/.m2/repository/org/eclipse/jetty/websocket/websocket-common/9.2.13.v20150730/websocket-common-9.2.13.v20150730.jar
7fb8ccbbd000-7fb8ccbc0000 r--s 00018000 08:03 136975                     /home/jaycaves/.m2/repository/org/eclipse/jetty/jetty-io/9.2.14.v20151106/jetty-io-9.2.14.v20151106.jar
7fb8ccbc0000-7fb8ccbc6000 r--s 00053000 08:03 136973                     /home/jaycaves/.m2/repository/org/eclipse/jetty/jetty-util/9.2.14.v20151106/jetty-util-9.2.14.v20151106.jar
7fb8ccbc6000-7fb8ccbc7000 r--s 00008000 08:03 136969                     /home/jaycaves/.m2/repository/org/eclipse/jetty/websocket/websocket-client/9.2.13.v20150730/websocket-client-9.2.13.v20150730.jar
7fb8ccbc7000-7fb8ccbcb000 r--s 00058000 08:03 136966                     /home/jaycaves/.m2/repository/net/sourceforge/cssparser/cssparser/0.9.18/cssparser-0.9.18.jar
7fb8ccbcb000-7fb8ccbcd000 r--s 0001d000 08:03 136963                     /home/jaycaves/.m2/repository/net/sourceforge/nekohtml/nekohtml/1.9.22/nekohtml-1.9.22.jar
7fb8ccbcd000-7fb8ccbe6000 r--s 00135000 08:03 136960                     /home/jaycaves/.m2/repository/xerces/xercesImpl/2.11.0/xercesImpl-2.11.0.jar
7fb8ccbe6000-7fb8ccbf4000 r--s 000fc000 08:03 136957                     /home/jaycaves/.m2/repository/net/sourceforge/htmlunit/htmlunit-core-js/2.17/htmlunit-core-js-2.17.jar
7fb8ccbf4000-7fb8ccbf5000 r--s 00009000 08:03 136954                     /home/jaycaves/.m2/repository/org/apache/httpcomponents/httpmime/4.5.1/httpmime-4.5.1.jar
7fb8ccbf5000-7fb8ccbfc000 r--s 0003f000 08:03 136436                     /home/jaycaves/.m2/repository/commons-codec/commons-codec/1.10/commons-codec-1.10.jar
7fb8ccbfc000-7fb8ccc03000 r--s 00049000 08:03 136948                     /home/jaycaves/.m2/repository/org/apache/httpcomponents/httpcore/4.4.3/httpcore-4.4.3.jar
7fb8ccc03000-7fb8ccc10000 r--s 000a6000 08:03 136945                     /home/jaycaves/.m2/repository/org/apache/httpcomponents/httpclient/4.5.1/httpclient-4.5.1.jar
7fb8ccc10000-7fb8ccc19000 r--s 0002d000 08:03 136493                     /home/jaycaves/.m2/repository/xml-apis/xml-apis/1.4.01/xml-apis-1.4.01.jar
7fb8ccc19000-7fb8ccc1d000 r--s 00040000 08:03 136942                     /home/jaycaves/.m2/repository/xalan/serializer/2.7.2/serializer-2.7.2.jar
7fb8ccc1d000-7fb8ccc42000 r--s 002de000 08:03 136939                     /home/jaycaves/.m2/repository/xalan/xalan/2.7.2/xalan-2.7.2.jar
7fb8ccc42000-7fb8ccc68000 r--s 001ac000 08:03 136936                     /home/jaycaves/.m2/repository/net/sourceforge/htmlunit/htmlunit/2.19/htmlunit-2.19.jar
7fb8ccc68000-7fb8ccc81000 r--s 000f1000 08:03 136933                     /home/jaycaves/.m2/repository/tapestry/tapestry/4.0.2/tapestry-4.0.2.jar
7fb8ccc81000-7fb8ccccf000 r--s 0087c000 08:03 136929                     /home/jaycaves/.m2/repository/com/ibm/icu/icu4j/50.1.1/icu4j-50.1.1.jar
7fb8ccccf000-7fb8cccdc000 r--s 00083000 08:03 136930                     /home/jaycaves/.m2/repository/commons-collections/commons-collections/3.2.2/commons-collections-3.2.2.jar
7fb8cccdc000-7fb8ccceb000 r--s 000ee000 08:03 136926                     /home/jaycaves/.m2/repository/ant/ant/1.6.5/ant-1.6.5.jar
7fb8ccceb000-7fb8cccee000 ---p 00000000 00:00 0 
7fb8cccee000-7fb8ccdec000 rw-p 00000000 00:00 0 
7fb8ccdec000-7fb8cceb1000 r--s 00d2b000 08:03 136919                     /home/jaycaves/.m2/repository/com/google/gwt/gwt-dev/2.8.2/gwt-dev-2.8.2.jar
7fb8cceb1000-7fb8cceb3000 r--s 00020000 08:03 136585                     /home/jaycaves/.m2/repository/com/vaadin/vaadin-client-compiler/8.1.7/vaadin-client-compiler-8.1.7.jar
7fb8cceb3000-7fb8cceb6000 r--s 00015000 08:03 2893666                    /home/jaycaves/.m2/repository/javax/servlet/javax.servlet-api/3.1.0/javax.servlet-api-3.1.0.jar
7fb8cceb6000-7fb8cceb8000 r--s 0000e000 08:03 136577                     /home/jaycaves/.m2/repository/javax/validation/validation-api/1.0.0.GA/validation-api-1.0.0.GA-sources.jar
7fb8cceb8000-7fb8ccebb000 r--s 00009000 08:03 136573                     /home/jaycaves/.m2/repository/javax/validation/validation-api/1.0.0.GA/validation-api-1.0.0.GA.jar
7fb8ccebb000-7fb8ccebc000 r--s 00002000 08:03 136569                     /home/jaycaves/.m2/repository/com/google/jsinterop/jsinterop-annotations/1.0.2/jsinterop-annotations-1.0.2-sources.jar
7fb8ccebc000-7fb8ccebd000 r--s 00000000 08:03 136571                     /home/jaycaves/.m2/repository/com/google/jsinterop/jsinterop-annotations/1.0.2/jsinterop-annotations-1.0.2.jar
7fb8ccebd000-7fb8cceeb000 rw-p 00000000 00:00 0 
7fb8cceeb000-7fb8cd01d000 r--s 00e59000 08:03 136570                     /home/jaycaves/.m2/repository/com/google/gwt/gwt-user/2.8.2/gwt-user-2.8.2.jar
7fb8cd01d000-7fb8cd04f000 r--s 00180000 08:03 136572                     /home/jaycaves/.m2/repository/com/google/gwt/gwt-elemental/2.8.2/gwt-elemental-2.8.2.jar
7fb8cd04f000-7fb8cd079000 r--s 002cf000 08:03 136502                     /home/jaycaves/.m2/repository/com/vaadin/vaadin-client/8.1.7/vaadin-client-8.1.7.jar
7fb8cd079000-7fb8cd08e000 r--s 0014b000 08:03 2632915                    /home/jaycaves/.m2/repository/org/projectlombok/lombok/1.16.18/lombok-1.16.18.jar
7fb8cd08e000-7fb8cd091000 r--s 00034000 08:03 2632935                    /home/jaycaves/.m2/repository/org/thymeleaf/thymeleaf-spring4/2.1.4.RELEASE/thymeleaf-spring4-2.1.4.RELEASE.jar
7fb8cd091000-7fb8cd094000 r--s 00020000 08:03 2632910                    /home/jaycaves/.m2/repository/org/unbescape/unbescape/1.1.0.RELEASE/unbescape-1.1.0.RELEASE.jar
7fb8cd094000-7fb8cd09e000 r--s 000aa000 08:03 141414                     /home/jaycaves/.m2/repository/org/javassist/javassist/3.21.0-GA/javassist-3.21.0-GA.jar
7fb8cd09e000-7fb8cd0a1000 r--s 00035000 08:03 2632908                    /home/jaycaves/.m2/repository/ognl/ognl/3.0.8/ognl-3.0.8.jar
7fb8cd0a1000-7fb8cd0ae000 r--s 000b7000 08:03 2632934                    /home/jaycaves/.m2/repository/org/thymeleaf/thymeleaf/2.1.4.RELEASE/thymeleaf-2.1.4.RELEASE.jar
7fb8cd0ae000-7fb8cd0b0000 r--s 0000e000 08:03 136951                     /home/jaycaves/.m2/repository/commons-logging/commons-logging/1.2/commons-logging-1.2.jar
7fb8cd0b0000-7fb8cd0b4000 r--s 0002a000 08:03 135545                     /home/jaycaves/.m2/repository/commons-io/commons-io/2.4/commons-io-2.4.jar
7fb8cd0b4000-7fb8cd0c2000 r--s 00081000 08:03 136923                     /home/jaycaves/.m2/repository/colt/colt/1.2.0/colt-1.2.0.jar
7fb8cd0c2000-7fb8cd0c4000 r--s 00009000 08:03 136921                     /home/jaycaves/.m2/repository/org/ow2/asm/asm-commons/5.0.3/asm-commons-5.0.3.jar
7fb8cd0c4000-7fb8cd0c6000 r--s 00006000 08:03 11072                      /home/jaycaves/.m2/repository/org/ow2/asm/asm-tree/5.0.3/asm-tree-5.0.3.jar
7fb8cd0c6000-7fb8cd0c7000 r--s 0000a000 08:03 3154636                    /home/jaycaves/.m2/repository/org/ow2/asm/asm-util/5.0.3/asm-util-5.0.3.jar
7fb8cd0c7000-7fb8cd0c8000 r--s 0000c000 08:03 3154637                    /home/jaycaves/.m2/repository/org/ow2/asm/asm/5.0.3/asm-5.0.3.jar
7fb8cd0c8000-7fb8cd0ce000 r--s 00033000 08:03 3040642                    /home/jaycaves/.m2/repository/com/google/code/gson/gson/2.6.2/gson-2.6.2.jar
7fb8cd0ce000-7fb8cd0d1000 r--s 00006000 08:03 2893683                    /home/jaycaves/.m2/repository/com/google/code/findbugs/jsr305/1.3.9/jsr305-1.3.9.jar
7fb8cd0d1000-7fb8cd11e000 r--s 00410000 08:03 17056                      /home/jaycaves/.m2/repository/org/codehaus/groovy/groovy/2.4.13/groovy-2.4.13.jar
7fb8cd11e000-7fb8cd121000 r--s 0001a000 08:03 2632914                    /home/jaycaves/.m2/repository/nz/net/ultraq/thymeleaf/thymeleaf-layout-dialect/1.4.0/thymeleaf-layout-dialect-1.4.0.jar
7fb8cd121000-7fb8cd122000 r--s 00000000 08:03 141412                     /home/jaycaves/.m2/repository/org/springframework/boot/spring-boot-starter-thymeleaf/1.5.9.RELEASE/spring-boot-starter-thymeleaf-1.5.9.RELEASE.jar
7fb8cd122000-7fb8cd127000 r--s 0003c000 08:03 265555                     /home/jaycaves/.m2/repository/org/springframework/spring-expression/4.3.13.RELEASE/spring-expression-4.3.13.RELEASE.jar
7fb8cd127000-7fb8cd139000 r--s 000cf000 08:03 265557                     /home/jaycaves/.m2/repository/org/springframework/spring-webmvc/4.3.13.RELEASE/spring-webmvc-4.3.13.RELEASE.jar
7fb8cd139000-7fb8cd13d000 r--s 00042000 08:03 265581                     /home/jaycaves/.m2/repository/com/fasterxml/jackson/core/jackson-core/2.8.10/jackson-core-2.8.10.jar
7fb8cd13d000-7fb8cd140000 r--s 0000b000 08:03 140349                     /home/jaycaves/.m2/repository/com/fasterxml/jackson/core/jackson-annotations/2.8.0/jackson-annotations-2.8.0.jar
7fb8cd140000-7fb8cd152000 r--s 0011e000 08:03 265576                     /home/jaycaves/.m2/repository/com/fasterxml/jackson/core/jackson-databind/2.8.10/jackson-databind-2.8.10.jar
7fb8cd152000-7fb8cd154000 r--s 0000e000 08:03 265575                     /home/jaycaves/.m2/repository/com/fasterxml/classmate/1.3.4/classmate-1.3.4.jar
7fb8cd154000-7fb8cd157000 r--s 0000e000 08:03 140526                     /home/jaycaves/.m2/repository/org/jboss/logging/jboss-logging/3.3.1.Final/jboss-logging-3.3.1.Final.jar
7fb8cd157000-7fb8cd15b000 r--s 0000c000 08:03 140345                     /home/jaycaves/.m2/repository/javax/validation/validation-api/1.1.0.Final/validation-api-1.1.0.Final.jar
7fb8cd15b000-7fb8cd16c000 r--s 000a1000 08:03 265571                     /home/jaycaves/.m2/repository/org/hibernate/hibernate-validator/5.3.6.Final/hibernate-validator-5.3.6.Final.jar
7fb8cd16c000-7fb8cd171000 r--s 00038000 08:03 265569                     /home/jaycaves/.m2/repository/org/apache/tomcat/embed/tomcat-embed-websocket/8.5.23/tomcat-embed-websocket-8.5.23.jar
7fb8cd171000-7fb8cd175000 r--s 00037000 08:03 265568                     /home/jaycaves/.m2/repository/org/apache/tomcat/embed/tomcat-embed-el/8.5.23/tomcat-embed-el-8.5.23.jar
7fb8cd175000-7fb8cd177000 r--s 00003000 08:03 265567                     /home/jaycaves/.m2/repository/org/apache/tomcat/tomcat-annotations-api/8.5.23/tomcat-annotations-api-8.5.23.jar
7fb8cd177000-7fb8cd1a0000 r--s 002c7000 08:03 265563                     /home/jaycaves/.m2/repository/org/apache/tomcat/embed/tomcat-embed-core/8.5.23/tomcat-embed-core-8.5.23.jar
7fb8cd1a0000-7fb8cd1a1000 r--s 00000000 08:03 265562                     /home/jaycaves/.m2/repository/org/springframework/boot/spring-boot-starter-tomcat/1.5.9.RELEASE/spring-boot-starter-tomcat-1.5.9.RELEASE.jar
7fb8cd1a1000-7fb8cd1a2000 r--s 00000000 08:03 265559                     /home/jaycaves/.m2/repository/org/springframework/boot/spring-boot-starter-web/1.5.9.RELEASE/spring-boot-starter-web-1.5.9.RELEASE.jar
7fb8cd1a2000-7fb8cd1a7000 r--s 00038000 08:03 2632559                    /home/jaycaves/.m2/repository/com/stripe/stripe-java/5.25.0/stripe-java-5.25.0.jar
7fb8cd1a7000-7fb8cd1aa000 r--s 0000c000 08:03 2632549                    /home/jaycaves/.m2/repository/org/percepta/mgrankvi/TimeSelector/2.0.0/TimeSelector-2.0.0.jar
7fb8cd1aa000-7fb8cd1ac000 r--s 00041000 08:03 2894978                    /home/jaycaves/.m2/repository/com/vaadin/vaadin-icons/2.0.0/vaadin-icons-2.0.0.jar
7fb8cd1ac000-7fb8cd1b6000 r--s 00640000 08:03 135791                     /home/jaycaves/.m2/repository/com/vaadin/vaadin-themes/8.1.7/vaadin-themes-8.1.7.jar
7fb8cd1b6000-7fb8cd1b9000 r--s 000c4000 08:03 135789                     /home/jaycaves/.m2/repository/com/vaadin/vaadin-client-compiled/8.1.7/vaadin-client-compiled-8.1.7.jar
7fb8cd1b9000-7fb8cd1bb000 r--s 00007000 08:03 135514                     /home/jaycaves/.m2/repository/com/vaadin/external/slf4j/vaadin-slf4j-jdk14/1.6.1/vaadin-slf4j-jdk14-1.6.1.jar
7fb8cd1bb000-7fb8cd1cb000 r--s 000cc000 08:03 135790                     /home/jaycaves/.m2/repository/com/vaadin/external/atmosphere/atmosphere-runtime/2.4.11.vaadin2/atmosphere-runtime-2.4.11.vaadin2.jar
7fb8cd1cb000-7fb8cd1cc000 r--s 00013000 08:03 135592                     /home/jaycaves/.m2/repository/com/vaadin/vaadin-push/8.1.7/vaadin-push-8.1.7.jar
7fb8cd1cc000-7fb8cd1d2000 r--s 00047000 08:03 135508                     /home/jaycaves/.m2/repository/org/jsoup/jsoup/1.8.3/jsoup-1.8.3.jar
7fb8cd1d2000-7fb8cd1e3000 r--s 0006e000 08:03 135792                     /home/jaycaves/.m2/repository/com/vaadin/vaadin-shared/8.1.7/vaadin-shared-8.1.7.jar
7fb8cd1e3000-7fb8cd1e5000 r--s 00012000 08:03 135502                     /home/jaycaves/.m2/repository/com/vaadin/external/flute/flute/1.3.0.gg2/flute-1.3.0.gg2.jar
7fb8cd1e5000-7fb8cd1ee000 r--s 0007a000 08:03 135504                     /home/jaycaves/.m2/repository/com/vaadin/vaadin-sass-compiler/0.9.13/vaadin-sass-compiler-0.9.13.jar
7fb8cd1ee000-7fb8cd210000 r--s 0025f000 08:03 135793                     /home/jaycaves/.m2/repository/com/vaadin/vaadin-server/8.1.7/vaadin-server-8.1.7.jar
7fb8cd210000-7fb8cd217000 r--s 00064000 08:03 2893686                    /home/jaycaves/.m2/repository/org/apache/commons/commons-lang3/3.4/commons-lang3-3.4.jar
7fb8cd217000-7fb8cd219000 r--s 00005000 08:03 141321                     /home/jaycaves/.m2/repository/com/google/gwt/google-apis/gwt-ajaxloader/1.1.0/gwt-ajaxloader-1.1.0.jar
7fb8cd219000-7fb8cd21a000 ---p 00000000 00:00 0 
7fb8cd21a000-7fb8cd31a000 rw-p 00000000 00:00 0 
7fb8cd31a000-7fb8cd31d000 ---p 00000000 00:00 0 
7fb8cd31d000-7fb8cd41b000 rw-p 00000000 00:00 0 
7fb8cd41b000-7fb8cd41e000 ---p 00000000 00:00 0 
7fb8cd41e000-7fb8cd51c000 rw-p 00000000 00:00 0 
7fb8cd51c000-7fb8cd51f000 ---p 00000000 00:00 0 
7fb8cd51f000-7fb8cd61d000 rw-p 00000000 00:00 0 
7fb8cd61d000-7fb8cd620000 ---p 00000000 00:00 0 
7fb8cd620000-7fb8cd71e000 rw-p 00000000 00:00 0 
7fb8cd71e000-7fb8cd721000 ---p 00000000 00:00 0 
7fb8cd721000-7fb8cd81f000 rw-p 00000000 00:00 0 
7fb8cd81f000-7fb8cdafb000 r--p 00000000 08:03 553036                     /usr/lib/locale/locale-archive
7fb8cdafb000-7fb8cdafe000 ---p 00000000 00:00 0 
7fb8cdafe000-7fb8cdbfc000 rw-p 00000000 00:00 0 
7fb8cdbfc000-7fb8cdbff000 ---p 00000000 00:00 0 
7fb8cdbff000-7fb8cdcfd000 rw-p 00000000 00:00 0 
7fb8cdcfd000-7fb8cdcfe000 ---p 00000000 00:00 0 
7fb8cdcfe000-7fb8d0000000 rw-p 00000000 00:00 0 
7fb8d0000000-7fb8d0021000 rw-p 00000000 00:00 0 
7fb8d0021000-7fb8d4000000 ---p 00000000 00:00 0 
7fb8d4000000-7fb8d4021000 rw-p 00000000 00:00 0 
7fb8d4021000-7fb8d8000000 ---p 00000000 00:00 0 
7fb8d8000000-7fb8d8021000 rw-p 00000000 00:00 0 
7fb8d8021000-7fb8dc000000 ---p 00000000 00:00 0 
7fb8dc000000-7fb8dc021000 rw-p 00000000 00:00 0 
7fb8dc021000-7fb8e0000000 ---p 00000000 00:00 0 
7fb8e0000000-7fb8e0001000 r--s 00005000 08:03 135595                     /home/jaycaves/.m2/repository/com/vaadin/external/gentyref/1.2.0.vaadin1/gentyref-1.2.0.vaadin1.jar
7fb8e0001000-7fb8e0019000 r--s 000a3000 08:03 2632519                    /home/jaycaves/.m2/repository/com/github/branflake2267/gwt-maps-api/3.10.0-alpha-7/gwt-maps-api-3.10.0-alpha-7.jar
7fb8e0019000-7fb8e001d000 r--s 00015000 08:03 2894998                    /home/jaycaves/.m2/repository/com/vaadin/tapio/googlemaps/2.1.0/googlemaps-2.1.0.jar
7fb8e001d000-7fb8e0027000 r--s 00069000 08:03 2633540                    /home/jaycaves/.m2/repository/ch/qos/logback/logback-core/1.1.8/logback-core-1.1.8.jar
7fb8e0027000-7fb8e002d000 r--s 00045000 08:03 2633536                    /home/jaycaves/.m2/repository/ch/qos/logback/logback-classic/1.1.8/logback-classic-1.1.8.jar
7fb8e002d000-7fb8e002f000 r--s 00005000 08:03 2633648                    /home/jaycaves/.m2/repository/org/slf4j/slf4j-api/1.7.5/slf4j-api-1.7.5.jar
7fb8e002f000-7fb8e0040000 r--s 0008a000 08:03 2632517                    /home/jaycaves/.m2/repository/joda-time/joda-time/2.9.9/joda-time-2.9.9.jar
7fb8e0040000-7fb8e0046000 r--s 0005c000 08:03 2632514                    /home/jaycaves/.m2/repository/com/squareup/okhttp3/okhttp/3.8.1/okhttp-3.8.1.jar
7fb8e0046000-7fb8e004b000 r--s 00034000 08:03 3041617                    /home/jaycaves/.m2/repository/com/google/code/gson/gson/2.8.2/gson-2.8.2.jar
7fb8e004b000-7fb8e0050000 r--s 00026000 08:03 2632511                    /home/jaycaves/.m2/repository/com/google/maps/google-maps-services/0.2.5/google-maps-services-0.2.5.jar
7fb8e0050000-7fb8e0056000 r--s 00043000 08:03 141295                     /home/jaycaves/.m2/repository/org/vaadin/blackbluegl/calendar-component/2.0-BETA3/calendar-component-2.0-BETA3.jar
7fb8e0056000-7fb8e0059000 r--s 00012000 08:03 2893553                    /home/jaycaves/.m2/repository/javax/servlet/javax.servlet-api/3.0.1/javax.servlet-api-3.0.1.jar
7fb8e0059000-7fb8e005c000 r--s 0001a000 08:03 2631669                    /home/jaycaves/.m2/repository/org/ocpsoft/prettytime/prettytime/4.0.1.Final/prettytime-4.0.1.Final.jar
7fb8e005c000-7fb8e0067000 r--s 0007e000 08:03 2631677                    /home/jaycaves/.m2/repository/com/github/appreciated/app-layout-addon/0.9.17/app-layout-addon-0.9.17.jar
7fb8e0067000-7fb8e007e000 r--s 000fc000 08:03 265593                     /home/jaycaves/.m2/repository/org/springframework/spring-core/4.3.13.RELEASE/spring-core-4.3.13.RELEASE.jar
7fb8e007e000-7fb8e0086000 r--s 0003a000 08:03 265548                     /home/jaycaves/.m2/repository/org/springframework/spring-tx/4.3.13.RELEASE/spring-tx-4.3.13.RELEASE.jar
7fb8e0086000-7fb8e0090000 r--s 0005f000 08:03 265545                     /home/jaycaves/.m2/repository/org/springframework/spring-jdbc/4.3.13.RELEASE/spring-jdbc-4.3.13.RELEASE.jar
7fb8e0090000-7fb8e00b0000 r--s 000e6000 08:03 265537                     /home/jaycaves/.m2/repository/org/springframework/boot/spring-boot-autoconfigure/1.5.9.RELEASE/spring-boot-autoconfigure-1.5.9.RELEASE.jar
7fb8e00b0000-7fb8e00c0000 r--s 00095000 08:03 140522                     /home/jaycaves/.m2/repository/org/springframework/boot/spring-boot/1.5.9.RELEASE/spring-boot-1.5.9.RELEASE.jar
7fb8e00c0000-7fb8e00d9000 r--s 000fe000 08:03 265538                     /home/jaycaves/.m2/repository/org/springframework/spring-context/4.3.13.RELEASE/spring-context-4.3.13.RELEASE.jar
7fb8e00d9000-7fb8e00e7000 r--s 000ad000 08:03 265547                     /home/jaycaves/.m2/repository/org/springframework/spring-beans/4.3.13.RELEASE/spring-beans-4.3.13.RELEASE.jar
7fb8e00e7000-7fb8e00f9000 r--s 000b8000 08:03 265580                     /home/jaycaves/.m2/repository/org/springframework/spring-web/4.3.13.RELEASE/spring-web-4.3.13.RELEASE.jar
7fb8e00f9000-7fb8e0e27000 rw-p 00000000 00:00 0 
7fb8e0e27000-7fb8e1000000 r--s 03d5a000 08:03 1067283                    /usr/src/jdk1.8.0_151/jre/lib/rt.jar
7fb8e1000000-7fb8e2900000 rwxp 00000000 00:00 0 
7fb8e2900000-7fb8f0000000 ---p 00000000 00:00 0 
7fb8f0000000-7fb8f0cf3000 rw-p 00000000 00:00 0 
7fb8f0cf3000-7fb8f4000000 ---p 00000000 00:00 0 
7fb8f4000000-7fb8f4001000 r--s 00003000 08:03 135503                     /home/jaycaves/.m2/repository/org/w3c/css/sac/1.3/sac-1.3.jar
7fb8f4001000-7fb8f4002000 r--s 00013000 08:03 2632515                    /home/jaycaves/.m2/repository/com/squareup/okio/okio/1.13.0/okio-1.13.0.jar
7fb8f4002000-7fb8f4005000 r--s 0010e000 08:03 2895002                    /home/jaycaves/.m2/repository/com/vaadin/vaadin-compatibility-client-compiled/8.1.7/vaadin-compatibility-client-compiled-8.1.7.jar
7fb8f4005000-7fb8f4007000 r--s 00002000 08:03 140341                     /home/jaycaves/.m2/repository/com/vaadin/vaadin-spring-boot/2.0.1/vaadin-spring-boot-2.0.1.jar
7fb8f4007000-7fb8f400a000 r--s 00021000 08:03 265541                     /home/jaycaves/.m2/repository/org/apache/tomcat/tomcat-jdbc/8.5.23/tomcat-jdbc-8.5.23.jar
7fb8f400a000-7fb8f4b11000 rw-p 00000000 00:00 0 
7fb8f4b11000-7fb8f4b12000 ---p 00000000 00:00 0 
7fb8f4b12000-7fb8f4c12000 rw-p 00000000 00:00 0 
7fb8f4c12000-7fb8f4c13000 ---p 00000000 00:00 0 
7fb8f4c13000-7fb8f4d13000 rw-p 00000000 00:00 0 
7fb8f4d13000-7fb8f4d14000 ---p 00000000 00:00 0 
7fb8f4d14000-7fb8f4e14000 rw-p 00000000 00:00 0 
7fb8f4e14000-7fb8f4e15000 ---p 00000000 00:00 0 
7fb8f4e15000-7fb8f5002000 rw-p 00000000 00:00 0 
7fb8f5002000-7fb8f506b000 ---p 00000000 00:00 0 
7fb8f506b000-7fb8f5158000 rw-p 00000000 00:00 0 
7fb8f5158000-7fb8f51c0000 ---p 00000000 00:00 0 
7fb8f51c0000-7fb8f526b000 rw-p 00000000 00:00 0 
7fb8f526b000-7fb8f52d0000 rw-p 00000000 00:00 0 
7fb8f52d0000-7fb8f562c000 ---p 00000000 00:00 0 
7fb8f562c000-7fb8f5647000 r-xp 00000000 08:03 1067354                    /usr/src/jdk1.8.0_151/jre/lib/amd64/libzip.so
7fb8f5647000-7fb8f5847000 ---p 0001b000 08:03 1067354                    /usr/src/jdk1.8.0_151/jre/lib/amd64/libzip.so
7fb8f5847000-7fb8f5848000 rw-p 0001b000 08:03 1067354                    /usr/src/jdk1.8.0_151/jre/lib/amd64/libzip.so
7fb8f5848000-7fb8f5853000 r-xp 00000000 08:03 1066863                    /lib/x86_64-linux-gnu/libnss_files-2.24.so
7fb8f5853000-7fb8f5a52000 ---p 0000b000 08:03 1066863                    /lib/x86_64-linux-gnu/libnss_files-2.24.so
7fb8f5a52000-7fb8f5a53000 r--p 0000a000 08:03 1066863                    /lib/x86_64-linux-gnu/libnss_files-2.24.so
7fb8f5a53000-7fb8f5a54000 rw-p 0000b000 08:03 1066863                    /lib/x86_64-linux-gnu/libnss_files-2.24.so
7fb8f5a54000-7fb8f5a5a000 rw-p 00000000 00:00 0 
7fb8f5a5a000-7fb8f5a65000 r-xp 00000000 08:03 1066865                    /lib/x86_64-linux-gnu/libnss_nis-2.24.so
7fb8f5a65000-7fb8f5c64000 ---p 0000b000 08:03 1066865                    /lib/x86_64-linux-gnu/libnss_nis-2.24.so
7fb8f5c64000-7fb8f5c65000 r--p 0000a000 08:03 1066865                    /lib/x86_64-linux-gnu/libnss_nis-2.24.so
7fb8f5c65000-7fb8f5c66000 rw-p 0000b000 08:03 1066865                    /lib/x86_64-linux-gnu/libnss_nis-2.24.so
7fb8f5c66000-7fb8f5c7c000 r-xp 00000000 08:03 1066860                    /lib/x86_64-linux-gnu/libnsl-2.24.so
7fb8f5c7c000-7fb8f5e7b000 ---p 00016000 08:03 1066860                    /lib/x86_64-linux-gnu/libnsl-2.24.so
7fb8f5e7b000-7fb8f5e7c000 r--p 00015000 08:03 1066860                    /lib/x86_64-linux-gnu/libnsl-2.24.so
7fb8f5e7c000-7fb8f5e7d000 rw-p 00016000 08:03 1066860                    /lib/x86_64-linux-gnu/libnsl-2.24.so
7fb8f5e7d000-7fb8f5e7f000 rw-p 00000000 00:00 0 
7fb8f5e7f000-7fb8f5e87000 r-xp 00000000 08:03 1066861                    /lib/x86_64-linux-gnu/libnss_compat-2.24.so
7fb8f5e87000-7fb8f6086000 ---p 00008000 08:03 1066861                    /lib/x86_64-linux-gnu/libnss_compat-2.24.so
7fb8f6086000-7fb8f6087000 r--p 00007000 08:03 1066861                    /lib/x86_64-linux-gnu/libnss_compat-2.24.so
7fb8f6087000-7fb8f6088000 rw-p 00008000 08:03 1066861                    /lib/x86_64-linux-gnu/libnss_compat-2.24.so
7fb8f6088000-7fb8f60b3000 r-xp 00000000 08:03 1067348                    /usr/src/jdk1.8.0_151/jre/lib/amd64/libjava.so
7fb8f60b3000-7fb8f62b2000 ---p 0002b000 08:03 1067348                    /usr/src/jdk1.8.0_151/jre/lib/amd64/libjava.so
7fb8f62b2000-7fb8f62b4000 rw-p 0002a000 08:03 1067348                    /usr/src/jdk1.8.0_151/jre/lib/amd64/libjava.so
7fb8f62b4000-7fb8f62c1000 r-xp 00000000 08:03 1067353                    /usr/src/jdk1.8.0_151/jre/lib/amd64/libverify.so
7fb8f62c1000-7fb8f64c1000 ---p 0000d000 08:03 1067353                    /usr/src/jdk1.8.0_151/jre/lib/amd64/libverify.so
7fb8f64c1000-7fb8f64c3000 rw-p 0000d000 08:03 1067353                    /usr/src/jdk1.8.0_151/jre/lib/amd64/libverify.so
7fb8f64c3000-7fb8f64ca000 r-xp 00000000 08:03 1066870                    /lib/x86_64-linux-gnu/librt-2.24.so
7fb8f64ca000-7fb8f66c9000 ---p 00007000 08:03 1066870                    /lib/x86_64-linux-gnu/librt-2.24.so
7fb8f66c9000-7fb8f66ca000 r--p 00006000 08:03 1066870                    /lib/x86_64-linux-gnu/librt-2.24.so
7fb8f66ca000-7fb8f66cb000 rw-p 00007000 08:03 1066870                    /lib/x86_64-linux-gnu/librt-2.24.so
7fb8f66cb000-7fb8f67d3000 r-xp 00000000 08:03 1066857                    /lib/x86_64-linux-gnu/libm-2.24.so
7fb8f67d3000-7fb8f69d2000 ---p 00108000 08:03 1066857                    /lib/x86_64-linux-gnu/libm-2.24.so
7fb8f69d2000-7fb8f69d3000 r--p 00107000 08:03 1066857                    /lib/x86_64-linux-gnu/libm-2.24.so
7fb8f69d3000-7fb8f69d4000 rw-p 00108000 08:03 1066857                    /lib/x86_64-linux-gnu/libm-2.24.so
7fb8f69d4000-7fb8f76a7000 r-xp 00000000 08:03 3017576                    /usr/src/jdk1.8.0_151/jre/lib/amd64/server/libjvm.so
7fb8f76a7000-7fb8f78a6000 ---p 00cd3000 08:03 3017576                    /usr/src/jdk1.8.0_151/jre/lib/amd64/server/libjvm.so
7fb8f78a6000-7fb8f7980000 rw-p 00cd2000 08:03 3017576                    /usr/src/jdk1.8.0_151/jre/lib/amd64/server/libjvm.so
7fb8f7980000-7fb8f79cb000 rw-p 00000000 00:00 0 
7fb8f79cb000-7fb8f7b89000 r-xp 00000000 08:03 1066853                    /lib/x86_64-linux-gnu/libc-2.24.so
7fb8f7b89000-7fb8f7d88000 ---p 001be000 08:03 1066853                    /lib/x86_64-linux-gnu/libc-2.24.so
7fb8f7d88000-7fb8f7d8c000 r--p 001bd000 08:03 1066853                    /lib/x86_64-linux-gnu/libc-2.24.so
7fb8f7d8c000-7fb8f7d8e000 rw-p 001c1000 08:03 1066853                    /lib/x86_64-linux-gnu/libc-2.24.so
7fb8f7d8e000-7fb8f7d92000 rw-p 00000000 00:00 0 
7fb8f7d92000-7fb8f7d95000 r-xp 00000000 08:03 1066856                    /lib/x86_64-linux-gnu/libdl-2.24.so
7fb8f7d95000-7fb8f7f94000 ---p 00003000 08:03 1066856                    /lib/x86_64-linux-gnu/libdl-2.24.so
7fb8f7f94000-7fb8f7f95000 r--p 00002000 08:03 1066856                    /lib/x86_64-linux-gnu/libdl-2.24.so
7fb8f7f95000-7fb8f7f96000 rw-p 00003000 08:03 1066856                    /lib/x86_64-linux-gnu/libdl-2.24.so
7fb8f7f96000-7fb8f7fac000 r-xp 00000000 08:03 1192645                    /usr/src/jdk1.8.0_151/jre/lib/amd64/jli/libjli.so
7fb8f7fac000-7fb8f81ab000 ---p 00016000 08:03 1192645                    /usr/src/jdk1.8.0_151/jre/lib/amd64/jli/libjli.so
7fb8f81ab000-7fb8f81ac000 rw-p 00015000 08:03 1192645                    /usr/src/jdk1.8.0_151/jre/lib/amd64/jli/libjli.so
7fb8f81ac000-7fb8f81c4000 r-xp 00000000 08:03 1066868                    /lib/x86_64-linux-gnu/libpthread-2.24.so
7fb8f81c4000-7fb8f83c4000 ---p 00018000 08:03 1066868                    /lib/x86_64-linux-gnu/libpthread-2.24.so
7fb8f83c4000-7fb8f83c5000 r--p 00018000 08:03 1066868                    /lib/x86_64-linux-gnu/libpthread-2.24.so
7fb8f83c5000-7fb8f83c6000 rw-p 00019000 08:03 1066868                    /lib/x86_64-linux-gnu/libpthread-2.24.so
7fb8f83c6000-7fb8f83ca000 rw-p 00000000 00:00 0 
7fb8f83ca000-7fb8f83f0000 r-xp 00000000 08:03 1053497                    /lib/x86_64-linux-gnu/ld-2.24.so
7fb8f83f0000-7fb8f83f1000 r--s 00000000 08:03 264737                     /home/jaycaves/.m2/repository/com/vaadin/vaadin-spring-boot-starter/2.0.1/vaadin-spring-boot-starter-2.0.1.jar
7fb8f83f1000-7fb8f83f3000 r--s 00004000 08:03 2633650                    /home/jaycaves/.m2/repository/org/slf4j/log4j-over-slf4j/1.7.25/log4j-over-slf4j-1.7.25.jar
7fb8f83f3000-7fb8f84cc000 rw-p 00000000 00:00 0 
7fb8f84cc000-7fb8f84cf000 ---p 00000000 00:00 0 
7fb8f84cf000-7fb8f85cf000 rw-p 00000000 00:00 0 
7fb8f85cf000-7fb8f85d0000 r--s 0000b000 08:03 265543                     /home/jaycaves/.m2/repository/org/apache/tomcat/tomcat-juli/8.5.23/tomcat-juli-8.5.23.jar
7fb8f85d0000-7fb8f85d2000 r--s 00000000 08:03 2633646                    /home/jaycaves/.m2/repository/org/slf4j/jul-to-slf4j/1.7.25/jul-to-slf4j-1.7.25.jar
7fb8f85d2000-7fb8f85d4000 r--s 00003000 08:03 2633644                    /home/jaycaves/.m2/repository/org/slf4j/jcl-over-slf4j/1.7.25/jcl-over-slf4j-1.7.25.jar
7fb8f85d4000-7fb8f85d5000 r--s 00000000 08:03 265539                     /home/jaycaves/.m2/repository/org/springframework/boot/spring-boot-starter-logging/1.5.9.RELEASE/spring-boot-starter-logging-1.5.9.RELEASE.jar
7fb8f85d5000-7fb8f85d6000 r--s 00000000 08:03 140521                     /home/jaycaves/.m2/repository/org/springframework/boot/spring-boot-starter/1.5.9.RELEASE/spring-boot-starter-1.5.9.RELEASE.jar
7fb8f85d6000-7fb8f85d7000 r--s 00000000 08:03 140520                     /home/jaycaves/.m2/repository/org/springframework/boot/spring-boot-starter-jdbc/1.5.9.RELEASE/spring-boot-starter-jdbc-1.5.9.RELEASE.jar
7fb8f85d7000-7fb8f85e0000 r--s 00054000 08:03 265556                     /home/jaycaves/.m2/repository/org/springframework/spring-aop/4.3.13.RELEASE/spring-aop-4.3.13.RELEASE.jar
7fb8f85e0000-7fb8f85e2000 r--s 0000f000 08:03 140342                     /home/jaycaves/.m2/repository/com/vaadin/vaadin-spring/2.0.1/vaadin-spring-2.0.1.jar
7fb8f85e2000-7fb8f85ea000 rw-s 00000000 08:03 393919                     /tmp/hsperfdata_jaycaves/4234
7fb8f85ea000-7fb8f85eb000 rw-p 00000000 00:00 0 
7fb8f85eb000-7fb8f85ec000 ---p 00000000 00:00 0 
7fb8f85ec000-7fb8f85ef000 rw-p 00000000 00:00 0 
7fb8f85ef000-7fb8f85f0000 r--p 00025000 08:03 1053497                    /lib/x86_64-linux-gnu/ld-2.24.so
7fb8f85f0000-7fb8f85f1000 rw-p 00026000 08:03 1053497                    /lib/x86_64-linux-gnu/ld-2.24.so
7fb8f85f1000-7fb8f85f2000 rw-p 00000000 00:00 0 
7ffdf4690000-7ffdf46b5000 rw-p 00000000 00:00 0                          [stack]
7ffdf4730000-7ffdf4732000 r--p 00000000 00:00 0                          [vvar]
7ffdf4732000-7ffdf4734000 r-xp 00000000 00:00 0                          [vdso]
ffffffffff600000-ffffffffff601000 r-xp 00000000 00:00 0                  [vsyscall]

VM Arguments:
jvm_args: -Xmx1G -Dgwt.persistentunitcache=false 
java_command: com.google.gwt.dev.Compiler -logLevel INFO -style DETAILED -war /home/jaycaves/Desktop/FumagalliGrottiGullo/Implementation/target/classes/VAADIN/widgetsets -localWorkers 4 -draftCompile -failOnError -XfragmentCount -1 -sourceLevel auto -gen /home/jaycaves/Desktop/FumagalliGrottiGullo/Implementation/target/.generated AppWidgetset
java_class_path (initial): /home/jaycaves/Desktop/FumagalliGrottiGullo/Implementation/target/classes:/home/jaycaves/Desktop/FumagalliGrottiGullo/Implementation/src/main/java:/home/jaycaves/.m2/repository/com/vaadin/vaadin-spring/2.0.1/vaadin-spring-2.0.1.jar:/home/jaycaves/.m2/repository/org/springframework/spring-web/4.3.13.RELEASE/spring-web-4.3.13.RELEASE.jar:/home/jaycaves/.m2/repository/org/springframework/spring-aop/4.3.13.RELEASE/spring-aop-4.3.13.RELEASE.jar:/home/jaycaves/.m2/repository/org/springframework/spring-beans/4.3.13.RELEASE/spring-beans-4.3.13.RELEASE.jar:/home/jaycaves/.m2/repository/org/springframework/spring-context/4.3.13.RELEASE/spring-context-4.3.13.RELEASE.jar:/home/jaycaves/.m2/repository/org/springframework/boot/spring-boot-starter-jdbc/1.5.9.RELEASE/spring-boot-starter-jdbc-1.5.9.RELEASE.jar:/home/jaycaves/.m2/repository/org/springframework/boot/spring-boot-starter/1.5.9.RELEASE/spring-boot-starter-1.5.9.RELEASE.jar:/home/jaycaves/.m2/repository/org/springframework/boot/spring-boot/1.5.9.RELEASE/spring-boot-1.5.9.RELEASE.jar:/home/jaycaves/.m2/repository/org/springframework/boot/spring-boot-autoconfigure/1.5.9.RELEASE/spring-boot-autoconfigure-1.5.9.RELEASE.jar:/home/jaycaves/.m2/repository/org/springframework/boot/spring-boot-starter-logging/1.5.9.RELEASE/spring-boot-starter-logging-1.5.9.RELEASE.jar:/home/jaycaves/.m2/repository/org/slf4j/jcl-over-slf4j/1.7.25/jcl-over-slf4j-1.7.25.jar:/home/jaycaves/.m2/repository/org/slf4j/jul-to-slf4j/1.7.25/jul-to-slf4j-1.7.25.jar:/home/jaycaves/.m2/repository/org/slf4j/log4j-over-slf4j/1.7.25/log4j-over-slf4j-1.7.25.jar:/home/jaycaves/.m2/repository/org/apache/tomcat/tomcat-jdbc/8.5.23/tomcat-jdbc-8.5.23.jar:/home/jaycaves/.m2/repository/org/apache/tomcat/tomcat-juli/8.5.23/tomcat-juli-8.5.23.jar:/home/jaycaves/.m2/repository/org/springframework/spring-jdbc/4.3.13.RELEASE/spring-jdbc-4.3.13.RELEASE.jar:/home/jaycaves/.m2/repository/org/springframework/spring-tx/4.3.13.RELEASE/spring-tx-4.3.13.RE
Launcher Type: SUN_STANDARD

Environment Variables:
JAVA_HOME=/usr/src/jdk1.8.0_151
PATH=/home/jaycaves/bin:/home/jaycaves/.local/bin:/usr/local/sbin:/usr/local/bin:/usr/sbin:/usr/bin:/sbin:/bin:/usr/games:/usr/local/games:/snap/bin:/usr/lib/jvm/java-8-oracle/bin:/usr/lib/jvm/java-8-oracle/db/bin:/usr/lib/jvm/java-8-oracle/jre/bin
SHELL=/bin/bash
DISPLAY=:0

Signal Handlers:
SIGSEGV: [libjvm.so+0xacbe10], sa_mask[0]=11111111011111111101111111111110, sa_flags=SA_RESTART|SA_SIGINFO
SIGBUS: [libjvm.so+0xacbe10], sa_mask[0]=11111111011111111101111111111110, sa_flags=SA_RESTART|SA_SIGINFO
SIGFPE: [libjvm.so+0x924f90], sa_mask[0]=11111111011111111101111111111110, sa_flags=SA_RESTART|SA_SIGINFO
SIGPIPE: [libjvm.so+0x924f90], sa_mask[0]=11111111011111111101111111111110, sa_flags=SA_RESTART|SA_SIGINFO
SIGXFSZ: [libjvm.so+0x924f90], sa_mask[0]=11111111011111111101111111111110, sa_flags=SA_RESTART|SA_SIGINFO
SIGILL: [libjvm.so+0x924f90], sa_mask[0]=11111111011111111101111111111110, sa_flags=SA_RESTART|SA_SIGINFO
SIGUSR1: SIG_DFL, sa_mask[0]=00000000000000000000000000000000, sa_flags=none
SIGUSR2: [libjvm.so+0x9267d0], sa_mask[0]=00100000000000000000000000000000, sa_flags=SA_RESTART|SA_SIGINFO
SIGHUP: [libjvm.so+0x927bd0], sa_mask[0]=11111111011111111101111111111110, sa_flags=SA_RESTART|SA_SIGINFO
SIGINT: [libjvm.so+0x927bd0], sa_mask[0]=11111111011111111101111111111110, sa_flags=SA_RESTART|SA_SIGINFO
SIGTERM: [libjvm.so+0x927bd0], sa_mask[0]=11111111011111111101111111111110, sa_flags=SA_RESTART|SA_SIGINFO
SIGQUIT: [libjvm.so+0x927bd0], sa_mask[0]=11111111011111111101111111111110, sa_flags=SA_RESTART|SA_SIGINFO


---------------  S Y S T E M  ---------------

OS:DISTRIB_ID=Ubuntu
DISTRIB_RELEASE=17.04
DISTRIB_CODENAME=zesty
DISTRIB_DESCRIPTION="Ubuntu 17.04"

uname:Linux 4.10.0-42-generic #46-Ubuntu SMP Mon Dec 4 14:38:01 UTC 2017 x86_64
libc:glibc 2.24 NPTL 2.24 
rlimit: STACK 8192k, CORE 0k, NPROC 31229, NOFILE 4096, AS infinity
load average:9,43 2,87 1,45

/proc/meminfo:
MemTotal:        8089280 kB
MemFree:          106592 kB
MemAvailable:       6380 kB
Buffers:             708 kB
Cached:          1407148 kB
SwapCached:            0 kB
Active:          6302580 kB
Inactive:        1393500 kB
Active(anon):    6290736 kB
Inactive(anon):  1381396 kB
Active(file):      11844 kB
Inactive(file):    12104 kB
Unevictable:         400 kB
Mlocked:             400 kB
SwapTotal:             0 kB
SwapFree:              0 kB
Dirty:               176 kB
Writeback:           316 kB
AnonPages:       6289136 kB
Mapped:           647048 kB
Shmem:           1383396 kB
Slab:             116472 kB
SReclaimable:      56168 kB
SUnreclaim:        60304 kB
KernelStack:       14992 kB
PageTables:        75580 kB
NFS_Unstable:          0 kB
Bounce:                0 kB
WritebackTmp:          0 kB
CommitLimit:     4044640 kB
Committed_AS:   23730204 kB
VmallocTotal:   34359738367 kB
VmallocUsed:           0 kB
VmallocChunk:          0 kB
HardwareCorrupted:     0 kB
AnonHugePages:   1705984 kB
ShmemHugePages:        0 kB
ShmemPmdMapped:        0 kB
CmaTotal:              0 kB
CmaFree:               0 kB
HugePages_Total:       0
HugePages_Free:        0
HugePages_Rsvd:        0
HugePages_Surp:        0
Hugepagesize:       2048 kB
DirectMap4k:      246648 kB
DirectMap2M:     8058880 kB
DirectMap1G:           0 kB


CPU:total 4 (initial active 4) (2 cores per cpu, 2 threads per core) family 6 model 78 stepping 3, cmov, cx8, fxsr, mmx, sse, sse2, sse3, ssse3, sse4.1, sse4.2, popcnt, avx, avx2, aes, clmul, erms, 3dnowpref, lzcnt, ht, tsc, tscinvbit, bmi1, bmi2, adx

/proc/cpuinfo:
processor	: 0
vendor_id	: GenuineIntel
cpu family	: 6
model		: 78
model name	: Intel(R) Core(TM) i5-6200U CPU @ 2.30GHz
stepping	: 3
microcode	: 0xba
cpu MHz		: 496.582
cache size	: 3072 KB
physical id	: 0
siblings	: 4
core id		: 0
cpu cores	: 2
apicid		: 0
initial apicid	: 0
fpu		: yes
fpu_exception	: yes
cpuid level	: 22
wp		: yes
flags		: fpu vme de pse tsc msr pae mce cx8 apic sep mtrr pge mca cmov pat pse36 clflush dts acpi mmx fxsr sse sse2 ss ht tm pbe syscall nx pdpe1gb rdtscp lm constant_tsc art arch_perfmon pebs bts rep_good nopl xtopology nonstop_tsc aperfmperf tsc_known_freq pni pclmulqdq dtes64 monitor ds_cpl vmx est tm2 ssse3 sdbg fma cx16 xtpr pdcm pcid sse4_1 sse4_2 x2apic movbe popcnt tsc_deadline_timer aes xsave avx f16c rdrand lahf_lm abm 3dnowprefetch epb intel_pt tpr_shadow vnmi flexpriority ept vpid fsgsbase tsc_adjust bmi1 avx2 smep bmi2 erms invpcid mpx rdseed adx smap clflushopt xsaveopt xsavec xgetbv1 xsaves dtherm ida arat pln pts hwp hwp_notify hwp_act_window hwp_epp
bugs		:
bogomips	: 4800.00
clflush size	: 64
cache_alignment	: 64
address sizes	: 39 bits physical, 48 bits virtual
power management:

processor	: 1
vendor_id	: GenuineIntel
cpu family	: 6
model		: 78
model name	: Intel(R) Core(TM) i5-6200U CPU @ 2.30GHz
stepping	: 3
microcode	: 0xba
cpu MHz		: 499.218
cache size	: 3072 KB
physical id	: 0
siblings	: 4
core id		: 1
cpu cores	: 2
apicid		: 2
initial apicid	: 2
fpu		: yes
fpu_exception	: yes
cpuid level	: 22
wp		: yes
flags		: fpu vme de pse tsc msr pae mce cx8 apic sep mtrr pge mca cmov pat pse36 clflush dts acpi mmx fxsr sse sse2 ss ht tm pbe syscall nx pdpe1gb rdtscp lm constant_tsc art arch_perfmon pebs bts rep_good nopl xtopology nonstop_tsc aperfmperf tsc_known_freq pni pclmulqdq dtes64 monitor ds_cpl vmx est tm2 ssse3 sdbg fma cx16 xtpr pdcm pcid sse4_1 sse4_2 x2apic movbe popcnt tsc_deadline_timer aes xsave avx f16c rdrand lahf_lm abm 3dnowprefetch epb intel_pt tpr_shadow vnmi flexpriority ept vpid fsgsbase tsc_adjust bmi1 avx2 smep bmi2 erms invpcid mpx rdseed adx smap clflushopt xsaveopt xsavec xgetbv1 xsaves dtherm ida arat pln pts hwp hwp_notify hwp_act_window hwp_epp
bugs		:
bogomips	: 4800.00
clflush size	: 64
cache_alignment	: 64
address sizes	: 39 bits physical, 48 bits virtual
power management:

processor	: 2
vendor_id	: GenuineIntel
cpu family	: 6
model		: 78
model name	: Intel(R) Core(TM) i5-6200U CPU @ 2.30GHz
stepping	: 3
microcode	: 0xba
cpu MHz		: 499.658
cache size	: 3072 KB
physical id	: 0
siblings	: 4
core id		: 0
cpu cores	: 2
apicid		: 1
initial apicid	: 1
fpu		: yes
fpu_exception	: yes
cpuid level	: 22
wp		: yes
flags		: fpu vme de pse tsc msr pae mce cx8 apic sep mtrr pge mca cmov pat pse36 clflush dts acpi mmx fxsr sse sse2 ss ht tm pbe syscall nx pdpe1gb rdtscp lm constant_tsc art arch_perfmon pebs bts rep_good nopl xtopology nonstop_tsc aperfmperf tsc_known_freq pni pclmulqdq dtes64 monitor ds_cpl vmx est tm2 ssse3 sdbg fma cx16 xtpr pdcm pcid sse4_1 sse4_2 x2apic movbe popcnt tsc_deadline_timer aes xsave avx f16c rdrand lahf_lm abm 3dnowprefetch epb intel_pt tpr_shadow vnmi flexpriority ept vpid fsgsbase tsc_adjust bmi1 avx2 smep bmi2 erms invpcid mpx rdseed adx smap clflushopt xsaveopt xsavec xgetbv1 xsaves dtherm ida arat pln pts hwp hwp_notify hwp_act_window hwp_epp
bugs		:
bogomips	: 4800.00
clflush size	: 64
cache_alignment	: 64
address sizes	: 39 bits physical, 48 bits virtual
power management:

processor	: 3
vendor_id	: GenuineIntel
cpu family	: 6
model		: 78
model name	: Intel(R) Core(TM) i5-6200U CPU @ 2.30GHz
stepping	: 3
microcode	: 0xba
cpu MHz		: 498.339
cache size	: 3072 KB
physical id	: 0
siblings	: 4
core id		: 1
cpu cores	: 2
apicid		: 3
initial apicid	: 3
fpu		: yes
fpu_exception	: yes
cpuid level	: 22
wp		: yes
flags		: fpu vme de pse tsc msr pae mce cx8 apic sep mtrr pge mca cmov pat pse36 clflush dts acpi mmx fxsr sse sse2 ss ht tm pbe syscall nx pdpe1gb rdtscp lm constant_tsc art arch_perfmon pebs bts rep_good nopl xtopology nonstop_tsc aperfmperf tsc_known_freq pni pclmulqdq dtes64 monitor ds_cpl vmx est tm2 ssse3 sdbg fma cx16 xtpr pdcm pcid sse4_1 sse4_2 x2apic movbe popcnt tsc_deadline_timer aes xsave avx f16c rdrand lahf_lm abm 3dnowprefetch epb intel_pt tpr_shadow vnmi flexpriority ept vpid fsgsbase tsc_adjust bmi1 avx2 smep bmi2 erms invpcid mpx rdseed adx smap clflushopt xsaveopt xsavec xgetbv1 xsaves dtherm ida arat pln pts hwp hwp_notify hwp_act_window hwp_epp
bugs		:
bogomips	: 4800.00
clflush size	: 64
cache_alignment	: 64
address sizes	: 39 bits physical, 48 bits virtual
power management:



Memory: 4k page, physical 8089280k(106592k free), swap 0k(0k free)

vm_info: Java HotSpot(TM) 64-Bit Server VM (25.151-b12) for linux-amd64 JRE (1.8.0_151-b12), built on Sep  5 2017 19:20:58 by "java_re" with gcc 4.3.0 20080428 (Red Hat 4.3.0-8)

time: Thu Jan  4 16:21:49 2018
elapsed time: 55 seconds (0d 0h 0m 55s)

