[MASTER] 22:56:22.392 [pool-2-thread-1] ERROR ConcreteClassAnalyzer - Problem for com.polimi.travlendar.gmaps.PlaceSearchField. Class not found: com.vaadin.server.VaadinPortlet$VaadinGateInRequest
java.lang.ClassNotFoundException: com/vaadin/server/VaadinPortlet$VaadinHttpAndPortletRequest
	at org.evosuite.instrumentation.InstrumentingClassLoader.instrumentClass(InstrumentingClassLoader.java:201)
	at org.evosuite.instrumentation.InstrumentingClassLoader.loadClass(InstrumentingClassLoader.java:168)
	at java.lang.Class.forName0(Native Method)
	at java.lang.Class.forName(Class.java:348)
	at org.evosuite.setup.ConcreteClassAnalyzer.getConcreteClassesImpl(ConcreteClassAnalyzer.java:126)
	at org.evosuite.setup.ConcreteClassAnalyzer.getConcreteClasses(ConcreteClassAnalyzer.java:61)
	at org.evosuite.setup.TestClusterGenerator.addDependency(TestClusterGenerator.java:876)
	at org.evosuite.setup.TestClusterGenerator.addDependencies(TestClusterGenerator.java:787)
	at org.evosuite.setup.TestClusterGenerator.initializeTargetMethods(TestClusterGenerator.java:546)
	at org.evosuite.setup.TestClusterGenerator.generateCluster(TestClusterGenerator.java:134)
	at org.evosuite.setup.DependencyAnalysis.analyze(DependencyAnalysis.java:117)
	at org.evosuite.setup.DependencyAnalysis.analyzeClass(DependencyAnalysis.java:131)
	at org.evosuite.TestSuiteGenerator.initializeTargetClass(TestSuiteGenerator.java:110)
	at org.evosuite.TestSuiteGenerator.generateTestSuite(TestSuiteGenerator.java:130)
	at org.evosuite.rmi.service.ClientNodeImpl$1.run(ClientNodeImpl.java:145)
	at java.util.concurrent.Executors$RunnableAdapter.call(Executors.java:511)
	at java.util.concurrent.FutureTask.run(FutureTask.java:266)
	at java.util.concurrent.ThreadPoolExecutor.runWorker(ThreadPoolExecutor.java:1142)
	at java.util.concurrent.ThreadPoolExecutor$Worker.run(ThreadPoolExecutor.java:617)
	at java.lang.Thread.run(Thread.java:748)
Caused by: java.lang.NoClassDefFoundError: com/vaadin/server/VaadinPortlet$VaadinHttpAndPortletRequest
	at java.lang.ClassLoader.defineClass1(Native Method)
	at java.lang.ClassLoader.defineClass(ClassLoader.java:763)
	at java.lang.ClassLoader.defineClass(ClassLoader.java:642)
	at org.evosuite.instrumentation.InstrumentingClassLoader.instrumentClass(InstrumentingClassLoader.java:194)
	... 19 common frames omitted
Caused by: java.lang.ClassNotFoundException: com/vaadin/server/VaadinPortletRequest
	at org.evosuite.instrumentation.InstrumentingClassLoader.instrumentClass(InstrumentingClassLoader.java:201)
	at org.evosuite.instrumentation.InstrumentingClassLoader.loadClass(InstrumentingClassLoader.java:168)
	... 23 common frames omitted
Caused by: java.lang.NoClassDefFoundError: com/vaadin/server/VaadinPortletRequest
	at java.lang.ClassLoader.defineClass1(Native Method)
	at java.lang.ClassLoader.defineClass(ClassLoader.java:763)
	at java.lang.ClassLoader.defineClass(ClassLoader.java:642)
	at org.evosuite.instrumentation.InstrumentingClassLoader.instrumentClass(InstrumentingClassLoader.java:194)
	... 24 common frames omitted
Caused by: java.lang.ClassNotFoundException: javax/portlet/filter/PortletRequestWrapper
	at org.evosuite.instrumentation.InstrumentingClassLoader.instrumentClass(InstrumentingClassLoader.java:201)
	at org.evosuite.instrumentation.InstrumentingClassLoader.loadClass(InstrumentingClassLoader.java:168)
	... 28 common frames omitted
Caused by: java.lang.NoClassDefFoundError: javax/portlet/filter/PortletRequestWrapper
	at java.lang.ClassLoader.defineClass1(Native Method)
	at java.lang.ClassLoader.defineClass(ClassLoader.java:763)
	at java.lang.ClassLoader.defineClass(ClassLoader.java:642)
	at org.evosuite.instrumentation.InstrumentingClassLoader.instrumentClass(InstrumentingClassLoader.java:194)
	... 29 common frames omitted
Caused by: java.lang.ClassNotFoundException: javax.portlet.filter.PortletRequestWrapper
	at java.net.URLClassLoader.findClass(URLClassLoader.java:381)
	at java.lang.ClassLoader.loadClass(ClassLoader.java:424)
	at sun.misc.Launcher$AppClassLoader.loadClass(Launcher.java:335)
	at java.lang.ClassLoader.loadClass(ClassLoader.java:357)
	at org.evosuite.instrumentation.InstrumentingClassLoader.loadClass(InstrumentingClassLoader.java:159)
	... 33 common frames omitted
[MASTER] 22:56:22.392 [pool-2-thread-1] ERROR ConcreteClassAnalyzer - Removing class from inheritance tree
[MASTER] 22:56:22.403 [pool-2-thread-1] ERROR ConcreteClassAnalyzer - Problem for com.polimi.travlendar.gmaps.PlaceSearchField. Class not found: com.vaadin.server.VaadinPortlet$VaadinHttpAndPortletRequest
java.lang.ClassNotFoundException: com/vaadin/server/VaadinPortletRequest
	at org.evosuite.instrumentation.InstrumentingClassLoader.instrumentClass(InstrumentingClassLoader.java:201)
	at org.evosuite.instrumentation.InstrumentingClassLoader.loadClass(InstrumentingClassLoader.java:168)
	at java.lang.Class.forName0(Native Method)
	at java.lang.Class.forName(Class.java:348)
	at org.evosuite.setup.ConcreteClassAnalyzer.getConcreteClassesImpl(ConcreteClassAnalyzer.java:126)
	at org.evosuite.setup.ConcreteClassAnalyzer.getConcreteClasses(ConcreteClassAnalyzer.java:61)
	at org.evosuite.setup.TestClusterGenerator.addDependency(TestClusterGenerator.java:876)
	at org.evosuite.setup.TestClusterGenerator.addDependencies(TestClusterGenerator.java:787)
	at org.evosuite.setup.TestClusterGenerator.initializeTargetMethods(TestClusterGenerator.java:546)
	at org.evosuite.setup.TestClusterGenerator.generateCluster(TestClusterGenerator.java:134)
	at org.evosuite.setup.DependencyAnalysis.analyze(DependencyAnalysis.java:117)
	at org.evosuite.setup.DependencyAnalysis.analyzeClass(DependencyAnalysis.java:131)
	at org.evosuite.TestSuiteGenerator.initializeTargetClass(TestSuiteGenerator.java:110)
	at org.evosuite.TestSuiteGenerator.generateTestSuite(TestSuiteGenerator.java:130)
	at org.evosuite.rmi.service.ClientNodeImpl$1.run(ClientNodeImpl.java:145)
	at java.util.concurrent.Executors$RunnableAdapter.call(Executors.java:511)
	at java.util.concurrent.FutureTask.run(FutureTask.java:266)
	at java.util.concurrent.ThreadPoolExecutor.runWorker(ThreadPoolExecutor.java:1142)
	at java.util.concurrent.ThreadPoolExecutor$Worker.run(ThreadPoolExecutor.java:617)
	at java.lang.Thread.run(Thread.java:748)
Caused by: java.lang.NoClassDefFoundError: com/vaadin/server/VaadinPortletRequest
	at java.lang.ClassLoader.defineClass1(Native Method)
	at java.lang.ClassLoader.defineClass(ClassLoader.java:763)
	at java.lang.ClassLoader.defineClass(ClassLoader.java:642)
	at org.evosuite.instrumentation.InstrumentingClassLoader.instrumentClass(InstrumentingClassLoader.java:194)
	... 19 common frames omitted
Caused by: java.lang.ClassNotFoundException: javax/portlet/filter/PortletRequestWrapper
	at org.evosuite.instrumentation.InstrumentingClassLoader.instrumentClass(InstrumentingClassLoader.java:201)
	at org.evosuite.instrumentation.InstrumentingClassLoader.loadClass(InstrumentingClassLoader.java:168)
	... 23 common frames omitted
Caused by: java.lang.NoClassDefFoundError: javax/portlet/filter/PortletRequestWrapper
	at java.lang.ClassLoader.defineClass1(Native Method)
	at java.lang.ClassLoader.defineClass(ClassLoader.java:763)
	at java.lang.ClassLoader.defineClass(ClassLoader.java:642)
	at org.evosuite.instrumentation.InstrumentingClassLoader.instrumentClass(InstrumentingClassLoader.java:194)
	... 24 common frames omitted
Caused by: java.lang.ClassNotFoundException: javax.portlet.filter.PortletRequestWrapper
	at java.net.URLClassLoader.findClass(URLClassLoader.java:381)
	at java.lang.ClassLoader.loadClass(ClassLoader.java:424)
	at sun.misc.Launcher$AppClassLoader.loadClass(Launcher.java:335)
	at java.lang.ClassLoader.loadClass(ClassLoader.java:357)
	at org.evosuite.instrumentation.InstrumentingClassLoader.loadClass(InstrumentingClassLoader.java:159)
	... 28 common frames omitted
[MASTER] 22:56:22.403 [pool-2-thread-1] ERROR ConcreteClassAnalyzer - Removing class from inheritance tree
[MASTER] 22:56:22.421 [pool-2-thread-1] ERROR ConcreteClassAnalyzer - Problem for com.polimi.travlendar.gmaps.PlaceSearchField. Class not found: com.vaadin.server.VaadinPortlet$VaadinLiferayRequest
java.lang.ClassNotFoundException: com/vaadin/server/VaadinPortlet$VaadinHttpAndPortletRequest
	at org.evosuite.instrumentation.InstrumentingClassLoader.instrumentClass(InstrumentingClassLoader.java:201)
	at org.evosuite.instrumentation.InstrumentingClassLoader.loadClass(InstrumentingClassLoader.java:168)
	at java.lang.Class.forName0(Native Method)
	at java.lang.Class.forName(Class.java:348)
	at org.evosuite.setup.ConcreteClassAnalyzer.getConcreteClassesImpl(ConcreteClassAnalyzer.java:126)
	at org.evosuite.setup.ConcreteClassAnalyzer.getConcreteClasses(ConcreteClassAnalyzer.java:61)
	at org.evosuite.setup.TestClusterGenerator.addDependency(TestClusterGenerator.java:876)
	at org.evosuite.setup.TestClusterGenerator.addDependencies(TestClusterGenerator.java:787)
	at org.evosuite.setup.TestClusterGenerator.initializeTargetMethods(TestClusterGenerator.java:546)
	at org.evosuite.setup.TestClusterGenerator.generateCluster(TestClusterGenerator.java:134)
	at org.evosuite.setup.DependencyAnalysis.analyze(DependencyAnalysis.java:117)
	at org.evosuite.setup.DependencyAnalysis.analyzeClass(DependencyAnalysis.java:131)
	at org.evosuite.TestSuiteGenerator.initializeTargetClass(TestSuiteGenerator.java:110)
	at org.evosuite.TestSuiteGenerator.generateTestSuite(TestSuiteGenerator.java:130)
	at org.evosuite.rmi.service.ClientNodeImpl$1.run(ClientNodeImpl.java:145)
	at java.util.concurrent.Executors$RunnableAdapter.call(Executors.java:511)
	at java.util.concurrent.FutureTask.run(FutureTask.java:266)
	at java.util.concurrent.ThreadPoolExecutor.runWorker(ThreadPoolExecutor.java:1142)
	at java.util.concurrent.ThreadPoolExecutor$Worker.run(ThreadPoolExecutor.java:617)
	at java.lang.Thread.run(Thread.java:748)
Caused by: java.lang.NoClassDefFoundError: com/vaadin/server/VaadinPortlet$VaadinHttpAndPortletRequest
	at java.lang.ClassLoader.defineClass1(Native Method)
	at java.lang.ClassLoader.defineClass(ClassLoader.java:763)
	at java.lang.ClassLoader.defineClass(ClassLoader.java:642)
	at org.evosuite.instrumentation.InstrumentingClassLoader.instrumentClass(InstrumentingClassLoader.java:194)
	... 19 common frames omitted
Caused by: java.lang.ClassNotFoundException: com/vaadin/server/VaadinPortletRequest
	at org.evosuite.instrumentation.InstrumentingClassLoader.instrumentClass(InstrumentingClassLoader.java:201)
	at org.evosuite.instrumentation.InstrumentingClassLoader.loadClass(InstrumentingClassLoader.java:168)
	... 23 common frames omitted
Caused by: java.lang.NoClassDefFoundError: com/vaadin/server/VaadinPortletRequest
	at java.lang.ClassLoader.defineClass1(Native Method)
	at java.lang.ClassLoader.defineClass(ClassLoader.java:763)
	at java.lang.ClassLoader.defineClass(ClassLoader.java:642)
	at org.evosuite.instrumentation.InstrumentingClassLoader.instrumentClass(InstrumentingClassLoader.java:194)
	... 24 common frames omitted
Caused by: java.lang.ClassNotFoundException: javax/portlet/filter/PortletRequestWrapper
	at org.evosuite.instrumentation.InstrumentingClassLoader.instrumentClass(InstrumentingClassLoader.java:201)
	at org.evosuite.instrumentation.InstrumentingClassLoader.loadClass(InstrumentingClassLoader.java:168)
	... 28 common frames omitted
Caused by: java.lang.NoClassDefFoundError: javax/portlet/filter/PortletRequestWrapper
	at java.lang.ClassLoader.defineClass1(Native Method)
	at java.lang.ClassLoader.defineClass(ClassLoader.java:763)
	at java.lang.ClassLoader.defineClass(ClassLoader.java:642)
	at org.evosuite.instrumentation.InstrumentingClassLoader.instrumentClass(InstrumentingClassLoader.java:194)
	... 29 common frames omitted
Caused by: java.lang.ClassNotFoundException: javax.portlet.filter.PortletRequestWrapper
	at java.net.URLClassLoader.findClass(URLClassLoader.java:381)
	at java.lang.ClassLoader.loadClass(ClassLoader.java:424)
	at sun.misc.Launcher$AppClassLoader.loadClass(Launcher.java:335)
	at java.lang.ClassLoader.loadClass(ClassLoader.java:357)
	at org.evosuite.instrumentation.InstrumentingClassLoader.loadClass(InstrumentingClassLoader.java:159)
	... 33 common frames omitted
[MASTER] 22:56:22.421 [pool-2-thread-1] ERROR ConcreteClassAnalyzer - Removing class from inheritance tree
[MASTER] 22:56:22.434 [pool-2-thread-1] ERROR ConcreteClassAnalyzer - Problem for com.polimi.travlendar.gmaps.PlaceSearchField. Class not found: com.vaadin.server.VaadinPortlet$VaadinWebLogicPortalRequest
java.lang.ClassNotFoundException: com/vaadin/server/VaadinPortlet$VaadinHttpAndPortletRequest
	at org.evosuite.instrumentation.InstrumentingClassLoader.instrumentClass(InstrumentingClassLoader.java:201)
	at org.evosuite.instrumentation.InstrumentingClassLoader.loadClass(InstrumentingClassLoader.java:168)
	at java.lang.Class.forName0(Native Method)
	at java.lang.Class.forName(Class.java:348)
	at org.evosuite.setup.ConcreteClassAnalyzer.getConcreteClassesImpl(ConcreteClassAnalyzer.java:126)
	at org.evosuite.setup.ConcreteClassAnalyzer.getConcreteClasses(ConcreteClassAnalyzer.java:61)
	at org.evosuite.setup.TestClusterGenerator.addDependency(TestClusterGenerator.java:876)
	at org.evosuite.setup.TestClusterGenerator.addDependencies(TestClusterGenerator.java:787)
	at org.evosuite.setup.TestClusterGenerator.initializeTargetMethods(TestClusterGenerator.java:546)
	at org.evosuite.setup.TestClusterGenerator.generateCluster(TestClusterGenerator.java:134)
	at org.evosuite.setup.DependencyAnalysis.analyze(DependencyAnalysis.java:117)
	at org.evosuite.setup.DependencyAnalysis.analyzeClass(DependencyAnalysis.java:131)
	at org.evosuite.TestSuiteGenerator.initializeTargetClass(TestSuiteGenerator.java:110)
	at org.evosuite.TestSuiteGenerator.generateTestSuite(TestSuiteGenerator.java:130)
	at org.evosuite.rmi.service.ClientNodeImpl$1.run(ClientNodeImpl.java:145)
	at java.util.concurrent.Executors$RunnableAdapter.call(Executors.java:511)
	at java.util.concurrent.FutureTask.run(FutureTask.java:266)
	at java.util.concurrent.ThreadPoolExecutor.runWorker(ThreadPoolExecutor.java:1142)
	at java.util.concurrent.ThreadPoolExecutor$Worker.run(ThreadPoolExecutor.java:617)
	at java.lang.Thread.run(Thread.java:748)
Caused by: java.lang.NoClassDefFoundError: com/vaadin/server/VaadinPortlet$VaadinHttpAndPortletRequest
	at java.lang.ClassLoader.defineClass1(Native Method)
	at java.lang.ClassLoader.defineClass(ClassLoader.java:763)
	at java.lang.ClassLoader.defineClass(ClassLoader.java:642)
	at org.evosuite.instrumentation.InstrumentingClassLoader.instrumentClass(InstrumentingClassLoader.java:194)
	... 19 common frames omitted
Caused by: java.lang.ClassNotFoundException: com/vaadin/server/VaadinPortletRequest
	at org.evosuite.instrumentation.InstrumentingClassLoader.instrumentClass(InstrumentingClassLoader.java:201)
	at org.evosuite.instrumentation.InstrumentingClassLoader.loadClass(InstrumentingClassLoader.java:168)
	... 23 common frames omitted
Caused by: java.lang.NoClassDefFoundError: com/vaadin/server/VaadinPortletRequest
	at java.lang.ClassLoader.defineClass1(Native Method)
	at java.lang.ClassLoader.defineClass(ClassLoader.java:763)
	at java.lang.ClassLoader.defineClass(ClassLoader.java:642)
	at org.evosuite.instrumentation.InstrumentingClassLoader.instrumentClass(InstrumentingClassLoader.java:194)
	... 24 common frames omitted
Caused by: java.lang.ClassNotFoundException: javax/portlet/filter/PortletRequestWrapper
	at org.evosuite.instrumentation.InstrumentingClassLoader.instrumentClass(InstrumentingClassLoader.java:201)
	at org.evosuite.instrumentation.InstrumentingClassLoader.loadClass(InstrumentingClassLoader.java:168)
	... 28 common frames omitted
Caused by: java.lang.NoClassDefFoundError: javax/portlet/filter/PortletRequestWrapper
	at java.lang.ClassLoader.defineClass1(Native Method)
	at java.lang.ClassLoader.defineClass(ClassLoader.java:763)
	at java.lang.ClassLoader.defineClass(ClassLoader.java:642)
	at org.evosuite.instrumentation.InstrumentingClassLoader.instrumentClass(InstrumentingClassLoader.java:194)
	... 29 common frames omitted
Caused by: java.lang.ClassNotFoundException: javax.portlet.filter.PortletRequestWrapper
	at java.net.URLClassLoader.findClass(URLClassLoader.java:381)
	at java.lang.ClassLoader.loadClass(ClassLoader.java:424)
	at sun.misc.Launcher$AppClassLoader.loadClass(Launcher.java:335)
	at java.lang.ClassLoader.loadClass(ClassLoader.java:357)
	at org.evosuite.instrumentation.InstrumentingClassLoader.loadClass(InstrumentingClassLoader.java:159)
	... 33 common frames omitted
[MASTER] 22:56:22.435 [pool-2-thread-1] ERROR ConcreteClassAnalyzer - Removing class from inheritance tree
[MASTER] 22:56:22.448 [pool-2-thread-1] ERROR ConcreteClassAnalyzer - Problem for com.polimi.travlendar.gmaps.PlaceSearchField. Class not found: com.vaadin.server.VaadinPortlet$VaadinWebSpherePortalRequest
java.lang.ClassNotFoundException: com/vaadin/server/VaadinPortlet$VaadinHttpAndPortletRequest
	at org.evosuite.instrumentation.InstrumentingClassLoader.instrumentClass(InstrumentingClassLoader.java:201)
	at org.evosuite.instrumentation.InstrumentingClassLoader.loadClass(InstrumentingClassLoader.java:168)
	at java.lang.Class.forName0(Native Method)
	at java.lang.Class.forName(Class.java:348)
	at org.evosuite.setup.ConcreteClassAnalyzer.getConcreteClassesImpl(ConcreteClassAnalyzer.java:126)
	at org.evosuite.setup.ConcreteClassAnalyzer.getConcreteClasses(ConcreteClassAnalyzer.java:61)
	at org.evosuite.setup.TestClusterGenerator.addDependency(TestClusterGenerator.java:876)
	at org.evosuite.setup.TestClusterGenerator.addDependencies(TestClusterGenerator.java:787)
	at org.evosuite.setup.TestClusterGenerator.initializeTargetMethods(TestClusterGenerator.java:546)
	at org.evosuite.setup.TestClusterGenerator.generateCluster(TestClusterGenerator.java:134)
	at org.evosuite.setup.DependencyAnalysis.analyze(DependencyAnalysis.java:117)
	at org.evosuite.setup.DependencyAnalysis.analyzeClass(DependencyAnalysis.java:131)
	at org.evosuite.TestSuiteGenerator.initializeTargetClass(TestSuiteGenerator.java:110)
	at org.evosuite.TestSuiteGenerator.generateTestSuite(TestSuiteGenerator.java:130)
	at org.evosuite.rmi.service.ClientNodeImpl$1.run(ClientNodeImpl.java:145)
	at java.util.concurrent.Executors$RunnableAdapter.call(Executors.java:511)
	at java.util.concurrent.FutureTask.run(FutureTask.java:266)
	at java.util.concurrent.ThreadPoolExecutor.runWorker(ThreadPoolExecutor.java:1142)
	at java.util.concurrent.ThreadPoolExecutor$Worker.run(ThreadPoolExecutor.java:617)
	at java.lang.Thread.run(Thread.java:748)
Caused by: java.lang.NoClassDefFoundError: com/vaadin/server/VaadinPortlet$VaadinHttpAndPortletRequest
	at java.lang.ClassLoader.defineClass1(Native Method)
	at java.lang.ClassLoader.defineClass(ClassLoader.java:763)
	at java.lang.ClassLoader.defineClass(ClassLoader.java:642)
	at org.evosuite.instrumentation.InstrumentingClassLoader.instrumentClass(InstrumentingClassLoader.java:194)
	... 19 common frames omitted
Caused by: java.lang.ClassNotFoundException: com/vaadin/server/VaadinPortletRequest
	at org.evosuite.instrumentation.InstrumentingClassLoader.instrumentClass(InstrumentingClassLoader.java:201)
	at org.evosuite.instrumentation.InstrumentingClassLoader.loadClass(InstrumentingClassLoader.java:168)
	... 23 common frames omitted
Caused by: java.lang.NoClassDefFoundError: com/vaadin/server/VaadinPortletRequest
	at java.lang.ClassLoader.defineClass1(Native Method)
	at java.lang.ClassLoader.defineClass(ClassLoader.java:763)
	at java.lang.ClassLoader.defineClass(ClassLoader.java:642)
	at org.evosuite.instrumentation.InstrumentingClassLoader.instrumentClass(InstrumentingClassLoader.java:194)
	... 24 common frames omitted
Caused by: java.lang.ClassNotFoundException: javax/portlet/filter/PortletRequestWrapper
	at org.evosuite.instrumentation.InstrumentingClassLoader.instrumentClass(InstrumentingClassLoader.java:201)
	at org.evosuite.instrumentation.InstrumentingClassLoader.loadClass(InstrumentingClassLoader.java:168)
	... 28 common frames omitted
Caused by: java.lang.NoClassDefFoundError: javax/portlet/filter/PortletRequestWrapper
	at java.lang.ClassLoader.defineClass1(Native Method)
	at java.lang.ClassLoader.defineClass(ClassLoader.java:763)
	at java.lang.ClassLoader.defineClass(ClassLoader.java:642)
	at org.evosuite.instrumentation.InstrumentingClassLoader.instrumentClass(InstrumentingClassLoader.java:194)
	... 29 common frames omitted
Caused by: java.lang.ClassNotFoundException: javax.portlet.filter.PortletRequestWrapper
	at java.net.URLClassLoader.findClass(URLClassLoader.java:381)
	at java.lang.ClassLoader.loadClass(ClassLoader.java:424)
	at sun.misc.Launcher$AppClassLoader.loadClass(Launcher.java:335)
	at java.lang.ClassLoader.loadClass(ClassLoader.java:357)
	at org.evosuite.instrumentation.InstrumentingClassLoader.loadClass(InstrumentingClassLoader.java:159)
	... 33 common frames omitted
[MASTER] 22:56:22.448 [pool-2-thread-1] ERROR ConcreteClassAnalyzer - Removing class from inheritance tree
[MASTER] 22:56:22.454 [pool-2-thread-1] ERROR ConcreteClassAnalyzer - Problem for com.polimi.travlendar.gmaps.PlaceSearchField. Class not found: com.vaadin.server.VaadinPortletRequest
java.lang.ClassNotFoundException: javax/portlet/filter/PortletRequestWrapper
	at org.evosuite.instrumentation.InstrumentingClassLoader.instrumentClass(InstrumentingClassLoader.java:201)
	at org.evosuite.instrumentation.InstrumentingClassLoader.loadClass(InstrumentingClassLoader.java:168)
	at java.lang.Class.forName0(Native Method)
	at java.lang.Class.forName(Class.java:348)
	at org.evosuite.setup.ConcreteClassAnalyzer.getConcreteClassesImpl(ConcreteClassAnalyzer.java:126)
	at org.evosuite.setup.ConcreteClassAnalyzer.getConcreteClasses(ConcreteClassAnalyzer.java:61)
	at org.evosuite.setup.TestClusterGenerator.addDependency(TestClusterGenerator.java:876)
	at org.evosuite.setup.TestClusterGenerator.addDependencies(TestClusterGenerator.java:787)
	at org.evosuite.setup.TestClusterGenerator.initializeTargetMethods(TestClusterGenerator.java:546)
	at org.evosuite.setup.TestClusterGenerator.generateCluster(TestClusterGenerator.java:134)
	at org.evosuite.setup.DependencyAnalysis.analyze(DependencyAnalysis.java:117)
	at org.evosuite.setup.DependencyAnalysis.analyzeClass(DependencyAnalysis.java:131)
	at org.evosuite.TestSuiteGenerator.initializeTargetClass(TestSuiteGenerator.java:110)
	at org.evosuite.TestSuiteGenerator.generateTestSuite(TestSuiteGenerator.java:130)
	at org.evosuite.rmi.service.ClientNodeImpl$1.run(ClientNodeImpl.java:145)
	at java.util.concurrent.Executors$RunnableAdapter.call(Executors.java:511)
	at java.util.concurrent.FutureTask.run(FutureTask.java:266)
	at java.util.concurrent.ThreadPoolExecutor.runWorker(ThreadPoolExecutor.java:1142)
	at java.util.concurrent.ThreadPoolExecutor$Worker.run(ThreadPoolExecutor.java:617)
	at java.lang.Thread.run(Thread.java:748)
Caused by: java.lang.NoClassDefFoundError: javax/portlet/filter/PortletRequestWrapper
	at java.lang.ClassLoader.defineClass1(Native Method)
	at java.lang.ClassLoader.defineClass(ClassLoader.java:763)
	at java.lang.ClassLoader.defineClass(ClassLoader.java:642)
	at org.evosuite.instrumentation.InstrumentingClassLoader.instrumentClass(InstrumentingClassLoader.java:194)
	... 19 common frames omitted
Caused by: java.lang.ClassNotFoundException: javax.portlet.filter.PortletRequestWrapper
	at java.net.URLClassLoader.findClass(URLClassLoader.java:381)
	at java.lang.ClassLoader.loadClass(ClassLoader.java:424)
	at sun.misc.Launcher$AppClassLoader.loadClass(Launcher.java:335)
	at java.lang.ClassLoader.loadClass(ClassLoader.java:357)
	at org.evosuite.instrumentation.InstrumentingClassLoader.loadClass(InstrumentingClassLoader.java:159)
	... 23 common frames omitted
[MASTER] 22:56:22.454 [pool-2-thread-1] ERROR ConcreteClassAnalyzer - Removing class from inheritance tree
[MASTER] 22:56:25.331 [pool-2-thread-1] ERROR ConcreteClassAnalyzer - Problem for com.polimi.travlendar.gmaps.PlaceSearchField. Class not found: org.atmosphere.container.Tomcat7AsyncSupportWithWebSocket
java.lang.ClassNotFoundException: org/atmosphere/container/Tomcat7CometSupport
	at org.evosuite.instrumentation.InstrumentingClassLoader.instrumentClass(InstrumentingClassLoader.java:201)
	at org.evosuite.instrumentation.InstrumentingClassLoader.loadClass(InstrumentingClassLoader.java:168)
	at java.lang.Class.forName0(Native Method)
	at java.lang.Class.forName(Class.java:348)
	at org.evosuite.setup.ConcreteClassAnalyzer.getConcreteClassesImpl(ConcreteClassAnalyzer.java:126)
	at org.evosuite.setup.ConcreteClassAnalyzer.getConcreteClasses(ConcreteClassAnalyzer.java:61)
	at org.evosuite.setup.TestClusterGenerator.addDependency(TestClusterGenerator.java:876)
	at org.evosuite.setup.TestClusterGenerator.addDependencies(TestClusterGenerator.java:787)
	at org.evosuite.setup.TestClusterGenerator.addDependencyClass(TestClusterGenerator.java:983)
	at org.evosuite.setup.TestClusterGenerator.resolveDependencies(TestClusterGenerator.java:358)
	at org.evosuite.setup.TestClusterGenerator.generateCluster(TestClusterGenerator.java:137)
	at org.evosuite.setup.DependencyAnalysis.analyze(DependencyAnalysis.java:117)
	at org.evosuite.setup.DependencyAnalysis.analyzeClass(DependencyAnalysis.java:131)
	at org.evosuite.TestSuiteGenerator.initializeTargetClass(TestSuiteGenerator.java:110)
	at org.evosuite.TestSuiteGenerator.generateTestSuite(TestSuiteGenerator.java:130)
	at org.evosuite.rmi.service.ClientNodeImpl$1.run(ClientNodeImpl.java:145)
	at java.util.concurrent.Executors$RunnableAdapter.call(Executors.java:511)
	at java.util.concurrent.FutureTask.run(FutureTask.java:266)
	at java.util.concurrent.ThreadPoolExecutor.runWorker(ThreadPoolExecutor.java:1142)
	at java.util.concurrent.ThreadPoolExecutor$Worker.run(ThreadPoolExecutor.java:617)
	at java.lang.Thread.run(Thread.java:748)
Caused by: java.lang.NoClassDefFoundError: org/atmosphere/container/Tomcat7CometSupport
	at java.lang.ClassLoader.defineClass1(Native Method)
	at java.lang.ClassLoader.defineClass(ClassLoader.java:763)
	at java.lang.ClassLoader.defineClass(ClassLoader.java:642)
	at org.evosuite.instrumentation.InstrumentingClassLoader.instrumentClass(InstrumentingClassLoader.java:194)
	... 20 common frames omitted
Caused by: java.lang.ClassNotFoundException: Class not found: org/apache/catalina/comet/CometEvent: java.lang.NullPointerException: Class not found org/apache/catalina/comet/CometEvent
	at org.evosuite.instrumentation.InstrumentingClassLoader.instrumentClass(InstrumentingClassLoader.java:201)
	at org.evosuite.instrumentation.InstrumentingClassLoader.loadClass(InstrumentingClassLoader.java:168)
	... 24 common frames omitted
Caused by: java.lang.RuntimeException: Class not found: org/apache/catalina/comet/CometEvent: java.lang.NullPointerException: Class not found org/apache/catalina/comet/CometEvent
	at org.evosuite.runtime.util.ComputeClassWriter.getCommonSuperClass(ComputeClassWriter.java:58)
	at org.evosuite.shaded.org.objectweb.asm.ClassWriter.a(Unknown Source)
	at org.evosuite.shaded.org.objectweb.asm.Frame.a(Unknown Source)
	at org.evosuite.shaded.org.objectweb.asm.Frame.a(Unknown Source)
	at org.evosuite.shaded.org.objectweb.asm.MethodWriter.visitMaxs(Unknown Source)
	at org.evosuite.shaded.org.objectweb.asm.MethodVisitor.visitMaxs(Unknown Source)
	at org.evosuite.shaded.org.objectweb.asm.MethodVisitor.visitMaxs(Unknown Source)
	at org.evosuite.shaded.org.objectweb.asm.MethodVisitor.visitMaxs(Unknown Source)
	at org.evosuite.runtime.instrumentation.LoopCounterMethodAdapter.visitMaxs(LoopCounterMethodAdapter.java:48)
	at org.evosuite.shaded.org.objectweb.asm.tree.MethodNode.accept(Unknown Source)
	at org.evosuite.shaded.org.objectweb.asm.commons.JSRInlinerAdapter.visitEnd(Unknown Source)
	at org.evosuite.shaded.org.objectweb.asm.MethodVisitor.visitEnd(Unknown Source)
	at org.evosuite.shaded.org.objectweb.asm.MethodVisitor.visitEnd(Unknown Source)
	at org.evosuite.shaded.org.objectweb.asm.MethodVisitor.visitEnd(Unknown Source)
	at org.evosuite.shaded.org.objectweb.asm.ClassReader.b(Unknown Source)
	at org.evosuite.shaded.org.objectweb.asm.ClassReader.accept(Unknown Source)
	at org.evosuite.shaded.org.objectweb.asm.ClassReader.accept(Unknown Source)
	at org.evosuite.instrumentation.BytecodeInstrumentation.transformBytes(BytecodeInstrumentation.java:282)
	at org.evosuite.instrumentation.InstrumentingClassLoader.getTransformedBytes(InstrumentingClassLoader.java:175)
	at org.evosuite.instrumentation.InstrumentingClassLoader.instrumentClass(InstrumentingClassLoader.java:192)
	... 25 common frames omitted
Caused by: java.lang.NullPointerException: Class not found org/apache/catalina/comet/CometEvent
	at org.evosuite.runtime.util.ComputeClassWriter.typeInfo(ComputeClassWriter.java:186)
	at org.evosuite.runtime.util.ComputeClassWriter.getCommonSuperClass(ComputeClassWriter.java:55)
	... 44 common frames omitted
[MASTER] 22:56:25.331 [pool-2-thread-1] ERROR ConcreteClassAnalyzer - Removing class from inheritance tree
[MASTER] 22:56:25.335 [pool-2-thread-1] ERROR ConcreteClassAnalyzer - Problem for com.polimi.travlendar.gmaps.PlaceSearchField. Class not found: org.atmosphere.container.Tomcat7CometSupport
java.lang.ClassNotFoundException: Class not found: org/apache/catalina/comet/CometEvent: java.lang.NullPointerException: Class not found org/apache/catalina/comet/CometEvent
	at org.evosuite.instrumentation.InstrumentingClassLoader.instrumentClass(InstrumentingClassLoader.java:201)
	at org.evosuite.instrumentation.InstrumentingClassLoader.loadClass(InstrumentingClassLoader.java:168)
	at java.lang.Class.forName0(Native Method)
	at java.lang.Class.forName(Class.java:348)
	at org.evosuite.setup.ConcreteClassAnalyzer.getConcreteClassesImpl(ConcreteClassAnalyzer.java:126)
	at org.evosuite.setup.ConcreteClassAnalyzer.getConcreteClasses(ConcreteClassAnalyzer.java:61)
	at org.evosuite.setup.TestClusterGenerator.addDependency(TestClusterGenerator.java:876)
	at org.evosuite.setup.TestClusterGenerator.addDependencies(TestClusterGenerator.java:787)
	at org.evosuite.setup.TestClusterGenerator.addDependencyClass(TestClusterGenerator.java:983)
	at org.evosuite.setup.TestClusterGenerator.resolveDependencies(TestClusterGenerator.java:358)
	at org.evosuite.setup.TestClusterGenerator.generateCluster(TestClusterGenerator.java:137)
	at org.evosuite.setup.DependencyAnalysis.analyze(DependencyAnalysis.java:117)
	at org.evosuite.setup.DependencyAnalysis.analyzeClass(DependencyAnalysis.java:131)
	at org.evosuite.TestSuiteGenerator.initializeTargetClass(TestSuiteGenerator.java:110)
	at org.evosuite.TestSuiteGenerator.generateTestSuite(TestSuiteGenerator.java:130)
	at org.evosuite.rmi.service.ClientNodeImpl$1.run(ClientNodeImpl.java:145)
	at java.util.concurrent.Executors$RunnableAdapter.call(Executors.java:511)
	at java.util.concurrent.FutureTask.run(FutureTask.java:266)
	at java.util.concurrent.ThreadPoolExecutor.runWorker(ThreadPoolExecutor.java:1142)
	at java.util.concurrent.ThreadPoolExecutor$Worker.run(ThreadPoolExecutor.java:617)
	at java.lang.Thread.run(Thread.java:748)
Caused by: java.lang.RuntimeException: Class not found: org/apache/catalina/comet/CometEvent: java.lang.NullPointerException: Class not found org/apache/catalina/comet/CometEvent
	at org.evosuite.runtime.util.ComputeClassWriter.getCommonSuperClass(ComputeClassWriter.java:58)
	at org.evosuite.shaded.org.objectweb.asm.ClassWriter.a(Unknown Source)
	at org.evosuite.shaded.org.objectweb.asm.Frame.a(Unknown Source)
	at org.evosuite.shaded.org.objectweb.asm.Frame.a(Unknown Source)
	at org.evosuite.shaded.org.objectweb.asm.MethodWriter.visitMaxs(Unknown Source)
	at org.evosuite.shaded.org.objectweb.asm.MethodVisitor.visitMaxs(Unknown Source)
	at org.evosuite.shaded.org.objectweb.asm.MethodVisitor.visitMaxs(Unknown Source)
	at org.evosuite.shaded.org.objectweb.asm.MethodVisitor.visitMaxs(Unknown Source)
	at org.evosuite.runtime.instrumentation.LoopCounterMethodAdapter.visitMaxs(LoopCounterMethodAdapter.java:48)
	at org.evosuite.shaded.org.objectweb.asm.tree.MethodNode.accept(Unknown Source)
	at org.evosuite.shaded.org.objectweb.asm.commons.JSRInlinerAdapter.visitEnd(Unknown Source)
	at org.evosuite.shaded.org.objectweb.asm.MethodVisitor.visitEnd(Unknown Source)
	at org.evosuite.shaded.org.objectweb.asm.MethodVisitor.visitEnd(Unknown Source)
	at org.evosuite.shaded.org.objectweb.asm.MethodVisitor.visitEnd(Unknown Source)
	at org.evosuite.shaded.org.objectweb.asm.ClassReader.b(Unknown Source)
	at org.evosuite.shaded.org.objectweb.asm.ClassReader.accept(Unknown Source)
	at org.evosuite.shaded.org.objectweb.asm.ClassReader.accept(Unknown Source)
	at org.evosuite.instrumentation.BytecodeInstrumentation.transformBytes(BytecodeInstrumentation.java:282)
	at org.evosuite.instrumentation.InstrumentingClassLoader.getTransformedBytes(InstrumentingClassLoader.java:175)
	at org.evosuite.instrumentation.InstrumentingClassLoader.instrumentClass(InstrumentingClassLoader.java:192)
	... 20 common frames omitted
Caused by: java.lang.NullPointerException: Class not found org/apache/catalina/comet/CometEvent
	at org.evosuite.runtime.util.ComputeClassWriter.typeInfo(ComputeClassWriter.java:186)
	at org.evosuite.runtime.util.ComputeClassWriter.getCommonSuperClass(ComputeClassWriter.java:55)
	... 39 common frames omitted
[MASTER] 22:56:25.335 [pool-2-thread-1] ERROR ConcreteClassAnalyzer - Removing class from inheritance tree
[MASTER] 22:56:27.858 [pool-2-thread-1] ERROR TestCluster - Failed to check cache for java.lang.Enum<E> : Type points to itself
[MASTER] 22:56:27.866 [pool-2-thread-1] ERROR TestCluster - Failed to check cache for com.vaadin.ui.CheckBoxGroup<T> : Type points to itself
[MASTER] 22:56:27.871 [pool-2-thread-1] ERROR TestCluster - Failed to check cache for com.vaadin.ui.ComboBox<T> : Type points to itself
[MASTER] 22:56:27.893 [pool-2-thread-1] ERROR TestCluster - Failed to check cache for com.vaadin.ui.Grid<T> : Type points to itself
[MASTER] 22:56:27.915 [pool-2-thread-1] ERROR TestCluster - Failed to check cache for com.vaadin.ui.ListSelect<T> : Type points to itself
[MASTER] 22:56:27.920 [pool-2-thread-1] ERROR TestCluster - Failed to check cache for com.vaadin.ui.NativeSelect<T> : Type points to itself
[MASTER] 22:56:27.925 [pool-2-thread-1] ERROR TestCluster - Failed to check cache for com.vaadin.ui.RadioButtonGroup<T> : Type points to itself
[MASTER] 22:56:27.933 [pool-2-thread-1] ERROR TestCluster - Failed to check cache for com.vaadin.ui.Tree<T> : Type points to itself
[MASTER] 22:56:27.933 [pool-2-thread-1] ERROR TestCluster - Failed to check cache for com.vaadin.ui.TreeGrid<T> : Type points to itself
[MASTER] 22:56:27.934 [pool-2-thread-1] ERROR TestCluster - Failed to check cache for com.vaadin.ui.TwinColSelect<T> : Type points to itself
[MASTER] 22:56:52.504 [pool-2-thread-1] ERROR TestCluster - Failed to check cache for java.time.temporal.TemporalQuery<R> : Type points to itself
[MASTER] 22:56:52.971 [pool-2-thread-1] ERROR TestCluster - Failed to check cache for java.util.function.Supplier<T> : Type points to itself
[MASTER] 22:56:52.972 [pool-2-thread-1] ERROR TestCluster - Failed to check cache for com.vaadin.data.ValueProvider<SOURCE, TARGET> : Type points to itself
[MASTER] 22:56:53.007 [pool-2-thread-1] ERROR TestCluster - Failed to check cache for com.vaadin.data.provider.HierarchicalDataProvider<T, F> : Type points to itself
