[MASTER] 22:54:32.331 [pool-2-thread-1] WARN  MethodCallReplacementClassAdapter - Failed to add serialId to class com/vaadin/server/VaadinPortlet$VaadinGateInRequest: javax/portlet/filter/PortletRequestWrapper
[MASTER] 22:54:32.336 [pool-2-thread-1] WARN  MethodCallReplacementClassAdapter - Failed to add serialId to class com/vaadin/server/VaadinPortlet$VaadinHttpAndPortletRequest: javax/portlet/filter/PortletRequestWrapper
[MASTER] 22:54:32.339 [pool-2-thread-1] WARN  MethodCallReplacementClassAdapter - Failed to add serialId to class com/vaadin/server/VaadinPortletRequest: javax/portlet/filter/PortletRequestWrapper
[MASTER] 22:54:32.345 [pool-2-thread-1] WARN  MethodCallReplacementClassAdapter - Failed to add serialId to class com/vaadin/server/VaadinPortlet$VaadinHttpAndPortletRequest: javax/portlet/filter/PortletRequestWrapper
[MASTER] 22:54:32.349 [pool-2-thread-1] WARN  MethodCallReplacementClassAdapter - Failed to add serialId to class com/vaadin/server/VaadinPortletRequest: javax/portlet/filter/PortletRequestWrapper
[MASTER] 22:54:32.354 [pool-2-thread-1] WARN  MethodCallReplacementClassAdapter - Failed to add serialId to class com/vaadin/server/VaadinPortlet$VaadinLiferayRequest: javax/portlet/filter/PortletRequestWrapper
[MASTER] 22:54:32.356 [pool-2-thread-1] WARN  MethodCallReplacementClassAdapter - Failed to add serialId to class com/vaadin/server/VaadinPortlet$VaadinHttpAndPortletRequest: javax/portlet/filter/PortletRequestWrapper
[MASTER] 22:54:32.360 [pool-2-thread-1] WARN  MethodCallReplacementClassAdapter - Failed to add serialId to class com/vaadin/server/VaadinPortletRequest: javax/portlet/filter/PortletRequestWrapper
[MASTER] 22:54:32.365 [pool-2-thread-1] WARN  MethodCallReplacementClassAdapter - Failed to add serialId to class com/vaadin/server/VaadinPortlet$VaadinWebLogicPortalRequest: javax/portlet/filter/PortletRequestWrapper
[MASTER] 22:54:32.367 [pool-2-thread-1] WARN  MethodCallReplacementClassAdapter - Failed to add serialId to class com/vaadin/server/VaadinPortlet$VaadinHttpAndPortletRequest: javax/portlet/filter/PortletRequestWrapper
[MASTER] 22:54:32.371 [pool-2-thread-1] WARN  MethodCallReplacementClassAdapter - Failed to add serialId to class com/vaadin/server/VaadinPortletRequest: javax/portlet/filter/PortletRequestWrapper
[MASTER] 22:54:32.379 [pool-2-thread-1] WARN  MethodCallReplacementClassAdapter - Failed to add serialId to class com/vaadin/server/VaadinPortlet$VaadinWebSpherePortalRequest: javax/portlet/filter/PortletRequestWrapper
[MASTER] 22:54:32.382 [pool-2-thread-1] WARN  MethodCallReplacementClassAdapter - Failed to add serialId to class com/vaadin/server/VaadinPortlet$VaadinHttpAndPortletRequest: javax/portlet/filter/PortletRequestWrapper
[MASTER] 22:54:32.391 [pool-2-thread-1] WARN  MethodCallReplacementClassAdapter - Failed to add serialId to class com/vaadin/server/VaadinPortletRequest: javax/portlet/filter/PortletRequestWrapper
[MASTER] 22:54:32.400 [pool-2-thread-1] WARN  MethodCallReplacementClassAdapter - Failed to add serialId to class com/vaadin/server/VaadinPortletRequest: javax/portlet/filter/PortletRequestWrapper
[MASTER] 22:54:32.437 [pool-2-thread-1] WARN  MethodCallReplacementClassAdapter - Failed to add serialId to class com/vaadin/server/VaadinPortletResponse: Ljavax/portlet/PortletResponse;
[MASTER] 22:54:33.875 [pool-2-thread-1] WARN  CheapPurityAnalyzer - com.vaadin.server.VaadinPortletRequest was not found in the inheritance tree. Using DEFAULT value for cheap-purity analysis
[MASTER] 22:54:33.876 [pool-2-thread-1] WARN  CheapPurityAnalyzer - com.vaadin.server.VaadinPortletRequest was not found in the inheritance tree. Using DEFAULT value for cheap-purity analysis
[MASTER] 22:54:33.877 [pool-2-thread-1] WARN  InheritanceTree - Class not in inheritance graph: com.vaadin.server.VaadinPortletRequest
[MASTER] 22:54:33.878 [pool-2-thread-1] WARN  CheapPurityAnalyzer - com.vaadin.server.VaadinPortletRequest was not found in the inheritance tree. Using DEFAULT value for cheap-purity analysis
[MASTER] 22:54:33.878 [pool-2-thread-1] WARN  CheapPurityAnalyzer - com.vaadin.server.VaadinPortletRequest was not found in the inheritance tree. Using DEFAULT value for cheap-purity analysis
[MASTER] 22:54:33.878 [pool-2-thread-1] WARN  CheapPurityAnalyzer - com.vaadin.server.VaadinPortletRequest was not found in the inheritance tree. Using DEFAULT value for cheap-purity analysis
[MASTER] 22:54:33.884 [pool-2-thread-1] WARN  CheapPurityAnalyzer - com.vaadin.server.VaadinPortletRequest was not found in the inheritance tree. Using DEFAULT value for cheap-purity analysis
[MASTER] 22:54:33.884 [pool-2-thread-1] WARN  CheapPurityAnalyzer - com.vaadin.server.VaadinPortletRequest was not found in the inheritance tree. Using DEFAULT value for cheap-purity analysis
[MASTER] 22:54:33.893 [pool-2-thread-1] WARN  MethodCallReplacementClassAdapter - Failed to add serialId to class com/vaadin/server/VaadinPortletService: javax/portlet/GenericPortlet
[MASTER] 22:54:34.402 [pool-2-thread-1] WARN  MethodCallReplacementClassAdapter - Failed to add serialId to class com/vaadin/server/WrappedPortletSession: Ljavax/portlet/PortletSession;
[MASTER] 22:54:35.288 [pool-2-thread-1] WARN  MethodCallReplacementClassAdapter - Failed to add serialId to class com/vaadin/server/VaadinPortletSession: javax/portlet/RenderResponse
[MASTER] 22:54:35.293 [pool-2-thread-1] WARN  MethodCallReplacementClassAdapter - Failed to add serialId to class com/vaadin/server/VaadinPortlet: javax/portlet/GenericPortlet
[MASTER] 22:54:35.299 [pool-2-thread-1] WARN  MethodCallReplacementClassAdapter - Failed to add serialId to class com/vaadin/server/VaadinPortletRequest: javax/portlet/filter/PortletRequestWrapper
[MASTER] 22:54:35.308 [pool-2-thread-1] WARN  MethodCallReplacementClassAdapter - Failed to add serialId to class com/vaadin/server/VaadinPortlet: javax/portlet/GenericPortlet
[MASTER] 22:54:36.302 [pool-2-thread-1] WARN  CheapPurityAnalyzer - org.apache.catalina.websocket.WsOutbound was not found in the inheritance tree. Using DEFAULT value for cheap-purity analysis
[MASTER] 22:54:36.302 [pool-2-thread-1] WARN  InheritanceTree - Class not in inheritance graph: org.apache.catalina.websocket.WsOutbound
[MASTER] 22:54:36.312 [pool-2-thread-1] WARN  CheapPurityAnalyzer - org.jboss.servlet.http.HttpEvent was not found in the inheritance tree. Using DEFAULT value for cheap-purity analysis
[MASTER] 22:54:36.312 [pool-2-thread-1] WARN  InheritanceTree - Class not in inheritance graph: org.jboss.servlet.http.HttpEvent
[MASTER] 22:54:36.359 [pool-2-thread-1] WARN  CheapPurityAnalyzer - org.mortbay.util.ajax.ContinuationSupport was not found in the inheritance tree. Using DEFAULT value for cheap-purity analysis
[MASTER] 22:54:36.360 [pool-2-thread-1] WARN  InheritanceTree - Class not in inheritance graph: org.mortbay.util.ajax.ContinuationSupport
[MASTER] 22:54:36.381 [pool-2-thread-1] WARN  CheapPurityAnalyzer - org.apache.catalina.websocket.WsOutbound was not found in the inheritance tree. Using DEFAULT value for cheap-purity analysis
[MASTER] 22:54:36.384 [pool-2-thread-1] WARN  CheapPurityAnalyzer - org.glassfish.grizzly.websockets.WebSocket was not found in the inheritance tree. Using DEFAULT value for cheap-purity analysis
[MASTER] 22:54:36.385 [pool-2-thread-1] WARN  InheritanceTree - Class not in inheritance graph: org.glassfish.grizzly.websockets.WebSocket
[MASTER] 22:54:36.385 [pool-2-thread-1] WARN  CheapPurityAnalyzer - org.glassfish.grizzly.websockets.WebSocket was not found in the inheritance tree. Using DEFAULT value for cheap-purity analysis
[MASTER] 22:54:36.386 [pool-2-thread-1] WARN  CheapPurityAnalyzer - org.glassfish.grizzly.websockets.WebSocket was not found in the inheritance tree. Using DEFAULT value for cheap-purity analysis
[MASTER] 22:54:36.415 [pool-2-thread-1] WARN  CheapPurityAnalyzer - org.eclipse.jetty.websocket.WebSocket$Connection was not found in the inheritance tree. Using DEFAULT value for cheap-purity analysis
[MASTER] 22:54:36.415 [pool-2-thread-1] WARN  InheritanceTree - Class not in inheritance graph: org.eclipse.jetty.websocket.WebSocket$Connection
[MASTER] 22:54:36.416 [pool-2-thread-1] WARN  CheapPurityAnalyzer - org.eclipse.jetty.websocket.WebSocket$Connection was not found in the inheritance tree. Using DEFAULT value for cheap-purity analysis
[MASTER] 22:54:36.418 [pool-2-thread-1] WARN  CheapPurityAnalyzer - org.eclipse.jetty.websocket.api.Session was not found in the inheritance tree. Using DEFAULT value for cheap-purity analysis
[MASTER] 22:54:36.418 [pool-2-thread-1] WARN  InheritanceTree - Class not in inheritance graph: org.eclipse.jetty.websocket.api.Session
[MASTER] 22:54:36.422 [pool-2-thread-1] WARN  CheapPurityAnalyzer - org.apache.catalina.websocket.WsOutbound was not found in the inheritance tree. Using DEFAULT value for cheap-purity analysis
[MASTER] 22:54:36.426 [pool-2-thread-1] WARN  CheapPurityAnalyzer - weblogic.websocket.WebSocketConnection was not found in the inheritance tree. Using DEFAULT value for cheap-purity analysis
[MASTER] 22:54:36.427 [pool-2-thread-1] WARN  InheritanceTree - Class not in inheritance graph: weblogic.websocket.WebSocketConnection
[MASTER] 22:54:36.427 [pool-2-thread-1] WARN  CheapPurityAnalyzer - weblogic.websocket.WebSocketConnection was not found in the inheritance tree. Using DEFAULT value for cheap-purity analysis
[MASTER] 22:54:36.428 [pool-2-thread-1] WARN  CheapPurityAnalyzer - weblogic.websocket.WebSocketConnection was not found in the inheritance tree. Using DEFAULT value for cheap-purity analysis
[MASTER] 22:54:38.807 [pool-2-thread-1] WARN  MethodCallReplacementClassAdapter - Failed to add serialId to class com/vaadin/server/VaadinPortlet: javax/portlet/GenericPortlet
[MASTER] 22:54:38.811 [pool-2-thread-1] WARN  MethodCallReplacementClassAdapter - Failed to add serialId to class com/vaadin/server/VaadinPortlet: javax/portlet/GenericPortlet
[MASTER] 22:54:38.814 [pool-2-thread-1] WARN  MethodCallReplacementClassAdapter - Failed to add serialId to class com/vaadin/server/VaadinPortlet: javax/portlet/GenericPortlet
[MASTER] 22:54:38.816 [pool-2-thread-1] WARN  MethodCallReplacementClassAdapter - Failed to add serialId to class com/vaadin/server/VaadinPortlet: javax/portlet/GenericPortlet
[MASTER] 22:54:38.819 [pool-2-thread-1] WARN  MethodCallReplacementClassAdapter - Failed to add serialId to class com/vaadin/server/VaadinPortlet: javax/portlet/GenericPortlet
[MASTER] 22:54:40.668 [pool-2-thread-1] WARN  TestSuiteSerialization - Cannot load tests because file does not exist: /home/jaycaves/Desktop/FumagalliGrottiGullo/Implementation/.evosuite/evosuite-seeds/com.polimi.travlendar.frontend.ui.forms.RegisterForm.seed
[MASTER] 22:54:40.743 [pool-2-thread-1] WARN  TimeController - Phase INITIALIZATION lasted too long, 2 seconds more than allowed.
[MASTER] 22:54:43.519 [TEST_EXECUTION_THREAD_0] WARN  TestUsageChecker - class com.vaadin.event.EventRouter$$Lambda$34/1525056522 looks like an anonymous class, ignoring it (although reflection says false) EventRouter$$Lambda$34/1525056522
[MASTER] 22:54:46.578 [TEST_EXECUTION_THREAD_0] WARN  TestUsageChecker - class com.vaadin.ui.AbstractComponent$$Lambda$32/252838587 looks like an anonymous class, ignoring it (although reflection says false) AbstractComponent$$Lambda$32/252838587
[MASTER] 22:54:52.913 [pool-2-thread-1] WARN  TestFactory - Bounded variable issue when calling createVariable()
[MASTER] 22:54:55.285 [pool-2-thread-1] WARN  TestChromosome - Functional mock problem: org.evosuite.ga.ConstructionFailedException: Failed to add constructor for org.atmosphere.container.version.JSR356WebSocket due to org.evosuite.ga.ConstructionFailedException: Failed to add constructor for org.apache.tomcat.websocket.WsSession due to org.evosuite.ga.ConstructionFailedException: Failed to add constructor for org.atmosphere.container.JSR356Endpoint due to org.evosuite.ga.ConstructionFailedException: Max recursion depth reached
[MASTER] 22:54:55.729 [pool-2-thread-1] WARN  TestChromosome - Functional mock problem: org.evosuite.ga.ConstructionFailedException: Have no generator for class java.lang.reflect.Method canUseFunctionalMocks=true, canBeMocked: false
[MASTER] 22:55:49.250 [pool-2-thread-1] WARN  TestChromosome - Functional mock problem: org.evosuite.ga.ConstructionFailedException: Failed to add constructor for com.vaadin.server.VaadinServletService due to org.evosuite.ga.ConstructionFailedException: Have no generator for class com.vaadin.server.VaadinServletService canUseFunctionalMocks=false, canBeMocked: true
