[MASTER] 23:28:07.900 [pool-2-thread-1] WARN  MethodCallReplacementClassAdapter - Failed to add serialId to class com/vaadin/server/VaadinPortlet$VaadinGateInRequest: javax/portlet/filter/PortletRequestWrapper
[MASTER] 23:28:07.914 [pool-2-thread-1] WARN  MethodCallReplacementClassAdapter - Failed to add serialId to class com/vaadin/server/VaadinPortlet$VaadinHttpAndPortletRequest: javax/portlet/filter/PortletRequestWrapper
[MASTER] 23:28:07.921 [pool-2-thread-1] WARN  MethodCallReplacementClassAdapter - Failed to add serialId to class com/vaadin/server/VaadinPortletRequest: javax/portlet/filter/PortletRequestWrapper
[MASTER] 23:28:07.934 [pool-2-thread-1] WARN  MethodCallReplacementClassAdapter - Failed to add serialId to class com/vaadin/server/VaadinPortlet$VaadinHttpAndPortletRequest: javax/portlet/filter/PortletRequestWrapper
[MASTER] 23:28:07.944 [pool-2-thread-1] WARN  MethodCallReplacementClassAdapter - Failed to add serialId to class com/vaadin/server/VaadinPortletRequest: javax/portlet/filter/PortletRequestWrapper
[MASTER] 23:28:07.953 [pool-2-thread-1] WARN  MethodCallReplacementClassAdapter - Failed to add serialId to class com/vaadin/server/VaadinPortlet$VaadinLiferayRequest: javax/portlet/filter/PortletRequestWrapper
[MASTER] 23:28:07.955 [pool-2-thread-1] WARN  MethodCallReplacementClassAdapter - Failed to add serialId to class com/vaadin/server/VaadinPortlet$VaadinHttpAndPortletRequest: javax/portlet/filter/PortletRequestWrapper
[MASTER] 23:28:07.961 [pool-2-thread-1] WARN  MethodCallReplacementClassAdapter - Failed to add serialId to class com/vaadin/server/VaadinPortletRequest: javax/portlet/filter/PortletRequestWrapper
[MASTER] 23:28:07.969 [pool-2-thread-1] WARN  MethodCallReplacementClassAdapter - Failed to add serialId to class com/vaadin/server/VaadinPortlet$VaadinWebLogicPortalRequest: javax/portlet/filter/PortletRequestWrapper
[MASTER] 23:28:07.971 [pool-2-thread-1] WARN  MethodCallReplacementClassAdapter - Failed to add serialId to class com/vaadin/server/VaadinPortlet$VaadinHttpAndPortletRequest: javax/portlet/filter/PortletRequestWrapper
[MASTER] 23:28:07.975 [pool-2-thread-1] WARN  MethodCallReplacementClassAdapter - Failed to add serialId to class com/vaadin/server/VaadinPortletRequest: javax/portlet/filter/PortletRequestWrapper
[MASTER] 23:28:07.983 [pool-2-thread-1] WARN  MethodCallReplacementClassAdapter - Failed to add serialId to class com/vaadin/server/VaadinPortlet$VaadinWebSpherePortalRequest: javax/portlet/filter/PortletRequestWrapper
[MASTER] 23:28:07.987 [pool-2-thread-1] WARN  MethodCallReplacementClassAdapter - Failed to add serialId to class com/vaadin/server/VaadinPortlet$VaadinHttpAndPortletRequest: javax/portlet/filter/PortletRequestWrapper
[MASTER] 23:28:07.992 [pool-2-thread-1] WARN  MethodCallReplacementClassAdapter - Failed to add serialId to class com/vaadin/server/VaadinPortletRequest: javax/portlet/filter/PortletRequestWrapper
[MASTER] 23:28:07.999 [pool-2-thread-1] WARN  MethodCallReplacementClassAdapter - Failed to add serialId to class com/vaadin/server/VaadinPortletRequest: javax/portlet/filter/PortletRequestWrapper
[MASTER] 23:28:08.050 [pool-2-thread-1] WARN  MethodCallReplacementClassAdapter - Failed to add serialId to class com/vaadin/server/VaadinPortletResponse: Ljavax/portlet/PortletResponse;
[MASTER] 23:28:08.388 [pool-2-thread-1] WARN  TestSuiteSerialization - Cannot load tests because file does not exist: /home/jaycaves/Desktop/FumagalliGrottiGullo/Implementation/.evosuite/evosuite-seeds/com.polimi.travlendar.frontend.ui.pages.SharingServicesPage.seed
[MASTER] 23:28:08.482 [pool-2-thread-1] WARN  TimeController - Phase INITIALIZATION lasted too long, 2 seconds more than allowed.
[MASTER] 23:28:11.345 [TEST_EXECUTION_THREAD_0] WARN  TestUsageChecker - class com.vaadin.event.EventRouter$$Lambda$34/458120977 looks like an anonymous class, ignoring it (although reflection says false) EventRouter$$Lambda$34/458120977
[MASTER] 23:28:13.351 [TEST_EXECUTION_THREAD_0] WARN  TestUsageChecker - class com.vaadin.ui.AbstractComponent$$Lambda$43/890154626 looks like an anonymous class, ignoring it (although reflection says false) AbstractComponent$$Lambda$43/890154626
