[MASTER] 23:14:56.234 [pool-2-thread-1] WARN  MethodCallReplacementClassAdapter - Failed to add serialId to class com/vaadin/server/VaadinPortlet$VaadinGateInRequest: javax/portlet/filter/PortletRequestWrapper
[MASTER] 23:14:56.240 [pool-2-thread-1] WARN  MethodCallReplacementClassAdapter - Failed to add serialId to class com/vaadin/server/VaadinPortlet$VaadinHttpAndPortletRequest: javax/portlet/filter/PortletRequestWrapper
[MASTER] 23:14:56.245 [pool-2-thread-1] WARN  MethodCallReplacementClassAdapter - Failed to add serialId to class com/vaadin/server/VaadinPortletRequest: javax/portlet/filter/PortletRequestWrapper
[MASTER] 23:14:56.254 [pool-2-thread-1] WARN  MethodCallReplacementClassAdapter - Failed to add serialId to class com/vaadin/server/VaadinPortlet$VaadinHttpAndPortletRequest: javax/portlet/filter/PortletRequestWrapper
[MASTER] 23:14:56.259 [pool-2-thread-1] WARN  MethodCallReplacementClassAdapter - Failed to add serialId to class com/vaadin/server/VaadinPortletRequest: javax/portlet/filter/PortletRequestWrapper
[MASTER] 23:14:56.265 [pool-2-thread-1] WARN  MethodCallReplacementClassAdapter - Failed to add serialId to class com/vaadin/server/VaadinPortlet$VaadinLiferayRequest: javax/portlet/filter/PortletRequestWrapper
[MASTER] 23:14:56.269 [pool-2-thread-1] WARN  MethodCallReplacementClassAdapter - Failed to add serialId to class com/vaadin/server/VaadinPortlet$VaadinHttpAndPortletRequest: javax/portlet/filter/PortletRequestWrapper
[MASTER] 23:14:56.274 [pool-2-thread-1] WARN  MethodCallReplacementClassAdapter - Failed to add serialId to class com/vaadin/server/VaadinPortletRequest: javax/portlet/filter/PortletRequestWrapper
[MASTER] 23:14:56.280 [pool-2-thread-1] WARN  MethodCallReplacementClassAdapter - Failed to add serialId to class com/vaadin/server/VaadinPortlet$VaadinWebLogicPortalRequest: javax/portlet/filter/PortletRequestWrapper
[MASTER] 23:14:56.284 [pool-2-thread-1] WARN  MethodCallReplacementClassAdapter - Failed to add serialId to class com/vaadin/server/VaadinPortlet$VaadinHttpAndPortletRequest: javax/portlet/filter/PortletRequestWrapper
[MASTER] 23:14:56.289 [pool-2-thread-1] WARN  MethodCallReplacementClassAdapter - Failed to add serialId to class com/vaadin/server/VaadinPortletRequest: javax/portlet/filter/PortletRequestWrapper
[MASTER] 23:14:56.295 [pool-2-thread-1] WARN  MethodCallReplacementClassAdapter - Failed to add serialId to class com/vaadin/server/VaadinPortlet$VaadinWebSpherePortalRequest: javax/portlet/filter/PortletRequestWrapper
[MASTER] 23:14:56.298 [pool-2-thread-1] WARN  MethodCallReplacementClassAdapter - Failed to add serialId to class com/vaadin/server/VaadinPortlet$VaadinHttpAndPortletRequest: javax/portlet/filter/PortletRequestWrapper
[MASTER] 23:14:56.303 [pool-2-thread-1] WARN  MethodCallReplacementClassAdapter - Failed to add serialId to class com/vaadin/server/VaadinPortletRequest: javax/portlet/filter/PortletRequestWrapper
[MASTER] 23:14:56.309 [pool-2-thread-1] WARN  MethodCallReplacementClassAdapter - Failed to add serialId to class com/vaadin/server/VaadinPortletRequest: javax/portlet/filter/PortletRequestWrapper
[MASTER] 23:14:56.364 [pool-2-thread-1] WARN  MethodCallReplacementClassAdapter - Failed to add serialId to class com/vaadin/server/VaadinPortletResponse: Ljavax/portlet/PortletResponse;
[MASTER] 23:14:57.546 [pool-2-thread-1] WARN  TestSuiteSerialization - Cannot load tests because file does not exist: /home/jaycaves/Desktop/FumagalliGrottiGullo/Implementation/.evosuite/evosuite-seeds/com.polimi.travlendar.backend.model.events.OnEventClick.seed
[MASTER] 23:14:57.615 [pool-2-thread-1] WARN  TimeController - Phase INITIALIZATION lasted too long, 2 seconds more than allowed.
[MASTER] 23:15:00.291 [TEST_EXECUTION_THREAD_0] WARN  TestUsageChecker - class com.vaadin.event.EventRouter$$Lambda$34/591266767 looks like an anonymous class, ignoring it (although reflection says false) EventRouter$$Lambda$34/591266767
[MASTER] 23:15:02.144 [TEST_EXECUTION_THREAD_0] WARN  TestUsageChecker - class com.vaadin.ui.Window$$Lambda$44/2142484976 looks like an anonymous class, ignoring it (although reflection says false) Window$$Lambda$44/2142484976
[MASTER] 23:15:03.500 [TEST_EXECUTION_THREAD_0] WARN  TestUsageChecker - class com.vaadin.ui.AbstractComponent$$Lambda$47/1957279931 looks like an anonymous class, ignoring it (although reflection says false) AbstractComponent$$Lambda$47/1957279931
