[MASTER] 11:50:53.741 [pool-2-thread-1] WARN  CheapPurityAnalyzer - com.vaadin.server.VaadinPortletRequest was not found in the inheritance tree. Using DEFAULT value for cheap-purity analysis
[MASTER] 11:50:53.742 [pool-2-thread-1] WARN  CheapPurityAnalyzer - com.vaadin.server.VaadinPortlet$VaadinHttpAndPortletRequest was not found in the inheritance tree. Using DEFAULT value for cheap-purity analysis
[MASTER] 11:50:53.743 [pool-2-thread-1] WARN  InheritanceTree - Class not in inheritance graph: com.vaadin.server.VaadinPortlet$VaadinHttpAndPortletRequest
[MASTER] 11:50:53.743 [pool-2-thread-1] WARN  CheapPurityAnalyzer - com.vaadin.server.VaadinPortletRequest was not found in the inheritance tree. Using DEFAULT value for cheap-purity analysis
[MASTER] 11:50:53.743 [pool-2-thread-1] WARN  CheapPurityAnalyzer - com.vaadin.server.VaadinPortletRequest was not found in the inheritance tree. Using DEFAULT value for cheap-purity analysis
[MASTER] 11:50:53.744 [pool-2-thread-1] WARN  CheapPurityAnalyzer - com.vaadin.server.VaadinPortletRequest was not found in the inheritance tree. Using DEFAULT value for cheap-purity analysis
[MASTER] 11:50:53.744 [pool-2-thread-1] WARN  InheritanceTree - Class not in inheritance graph: com.vaadin.server.VaadinPortletRequest
[MASTER] 11:50:53.744 [pool-2-thread-1] WARN  CheapPurityAnalyzer - com.vaadin.server.VaadinPortletRequest was not found in the inheritance tree. Using DEFAULT value for cheap-purity analysis
[MASTER] 11:50:53.745 [pool-2-thread-1] WARN  CheapPurityAnalyzer - com.vaadin.server.VaadinPortletRequest was not found in the inheritance tree. Using DEFAULT value for cheap-purity analysis
[MASTER] 11:50:53.745 [pool-2-thread-1] WARN  CheapPurityAnalyzer - com.vaadin.server.VaadinPortletRequest was not found in the inheritance tree. Using DEFAULT value for cheap-purity analysis
[MASTER] 11:50:53.745 [pool-2-thread-1] WARN  CheapPurityAnalyzer - com.vaadin.server.VaadinPortletRequest was not found in the inheritance tree. Using DEFAULT value for cheap-purity analysis
[MASTER] 11:50:53.749 [pool-2-thread-1] WARN  CheapPurityAnalyzer - com.vaadin.server.VaadinPortletRequest was not found in the inheritance tree. Using DEFAULT value for cheap-purity analysis
[MASTER] 11:50:53.749 [pool-2-thread-1] WARN  CheapPurityAnalyzer - com.vaadin.server.VaadinPortletRequest was not found in the inheritance tree. Using DEFAULT value for cheap-purity analysis
[MASTER] 11:50:53.755 [pool-2-thread-1] WARN  CheapPurityAnalyzer - com.vaadin.server.VaadinPortletResponse was not found in the inheritance tree. Using DEFAULT value for cheap-purity analysis
[MASTER] 11:50:53.755 [pool-2-thread-1] WARN  CheapPurityAnalyzer - com.vaadin.server.VaadinPortletResponse was not found in the inheritance tree. Using DEFAULT value for cheap-purity analysis
[MASTER] 11:50:55.026 [pool-2-thread-1] WARN  CheapPurityAnalyzer - com.vaadin.server.VaadinPortletService was not found in the inheritance tree. Using DEFAULT value for cheap-purity analysis
[MASTER] 11:50:55.026 [pool-2-thread-1] WARN  CheapPurityAnalyzer - com.vaadin.server.VaadinPortletService was not found in the inheritance tree. Using DEFAULT value for cheap-purity analysis
[MASTER] 11:50:55.026 [pool-2-thread-1] WARN  InheritanceTree - Class not in inheritance graph: com.vaadin.server.VaadinPortletService
[MASTER] 11:50:55.027 [pool-2-thread-1] WARN  CheapPurityAnalyzer - com.vaadin.server.VaadinPortletService was not found in the inheritance tree. Using DEFAULT value for cheap-purity analysis
[MASTER] 11:50:55.028 [pool-2-thread-1] WARN  CheapPurityAnalyzer - com.vaadin.server.VaadinPortletService was not found in the inheritance tree. Using DEFAULT value for cheap-purity analysis
[MASTER] 11:50:55.315 [pool-2-thread-1] WARN  CheapPurityAnalyzer - org.jboss.servlet.http.HttpEvent was not found in the inheritance tree. Using DEFAULT value for cheap-purity analysis
[MASTER] 11:50:55.315 [pool-2-thread-1] WARN  InheritanceTree - Class not in inheritance graph: org.jboss.servlet.http.HttpEvent
[MASTER] 11:50:55.327 [pool-2-thread-1] WARN  CheapPurityAnalyzer - org.mortbay.util.ajax.ContinuationSupport was not found in the inheritance tree. Using DEFAULT value for cheap-purity analysis
[MASTER] 11:50:55.327 [pool-2-thread-1] WARN  InheritanceTree - Class not in inheritance graph: org.mortbay.util.ajax.ContinuationSupport
[MASTER] 11:50:55.387 [pool-2-thread-1] WARN  CheapPurityAnalyzer - org.apache.catalina.websocket.WsOutbound was not found in the inheritance tree. Using DEFAULT value for cheap-purity analysis
[MASTER] 11:50:55.387 [pool-2-thread-1] WARN  InheritanceTree - Class not in inheritance graph: org.apache.catalina.websocket.WsOutbound
[MASTER] 11:50:55.389 [pool-2-thread-1] WARN  CheapPurityAnalyzer - org.glassfish.grizzly.websockets.WebSocket was not found in the inheritance tree. Using DEFAULT value for cheap-purity analysis
[MASTER] 11:50:55.389 [pool-2-thread-1] WARN  InheritanceTree - Class not in inheritance graph: org.glassfish.grizzly.websockets.WebSocket
[MASTER] 11:50:55.390 [pool-2-thread-1] WARN  CheapPurityAnalyzer - org.glassfish.grizzly.websockets.WebSocket was not found in the inheritance tree. Using DEFAULT value for cheap-purity analysis
[MASTER] 11:50:55.391 [pool-2-thread-1] WARN  CheapPurityAnalyzer - org.glassfish.grizzly.websockets.WebSocket was not found in the inheritance tree. Using DEFAULT value for cheap-purity analysis
[MASTER] 11:50:55.408 [pool-2-thread-1] WARN  CheapPurityAnalyzer - org.eclipse.jetty.websocket.WebSocket$Connection was not found in the inheritance tree. Using DEFAULT value for cheap-purity analysis
[MASTER] 11:50:55.408 [pool-2-thread-1] WARN  InheritanceTree - Class not in inheritance graph: org.eclipse.jetty.websocket.WebSocket$Connection
[MASTER] 11:50:55.409 [pool-2-thread-1] WARN  CheapPurityAnalyzer - org.eclipse.jetty.websocket.WebSocket$Connection was not found in the inheritance tree. Using DEFAULT value for cheap-purity analysis
[MASTER] 11:50:55.411 [pool-2-thread-1] WARN  CheapPurityAnalyzer - org.eclipse.jetty.websocket.api.Session was not found in the inheritance tree. Using DEFAULT value for cheap-purity analysis
[MASTER] 11:50:55.411 [pool-2-thread-1] WARN  InheritanceTree - Class not in inheritance graph: org.eclipse.jetty.websocket.api.Session
[MASTER] 11:50:55.413 [pool-2-thread-1] WARN  CheapPurityAnalyzer - org.apache.catalina.websocket.WsOutbound was not found in the inheritance tree. Using DEFAULT value for cheap-purity analysis
[MASTER] 11:50:55.414 [pool-2-thread-1] WARN  CheapPurityAnalyzer - org.apache.catalina.websocket.WsOutbound was not found in the inheritance tree. Using DEFAULT value for cheap-purity analysis
[MASTER] 11:50:55.416 [pool-2-thread-1] WARN  CheapPurityAnalyzer - weblogic.websocket.WebSocketConnection was not found in the inheritance tree. Using DEFAULT value for cheap-purity analysis
[MASTER] 11:50:55.416 [pool-2-thread-1] WARN  InheritanceTree - Class not in inheritance graph: weblogic.websocket.WebSocketConnection
[MASTER] 11:50:55.417 [pool-2-thread-1] WARN  CheapPurityAnalyzer - weblogic.websocket.WebSocketConnection was not found in the inheritance tree. Using DEFAULT value for cheap-purity analysis
[MASTER] 11:50:55.417 [pool-2-thread-1] WARN  CheapPurityAnalyzer - weblogic.websocket.WebSocketConnection was not found in the inheritance tree. Using DEFAULT value for cheap-purity analysis
[MASTER] 11:51:03.162 [pool-2-thread-1] WARN  TestSuiteSerialization - Cannot load tests because file does not exist: /home/jaycaves/Desktop/FumagalliGrottiGullo/Implementation/.evosuite/evosuite-seeds/com.polimi.travlendar.gmaps.VaadinMap.seed
[MASTER] 11:51:08.154 [TEST_EXECUTION_THREAD_0] WARN  TestUsageChecker - class com.vaadin.ui.AbstractComponent$$Lambda$51/727108713 looks like an anonymous class, ignoring it (although reflection says false) AbstractComponent$$Lambda$51/727108713
[MASTER] 11:53:15.068 [TEST_EXECUTION_THREAD_0] WARN  TestUsageChecker - class com.vaadin.ui.declarative.DesignContext$$Lambda$128/733669993 looks like an anonymous class, ignoring it (although reflection says false) DesignContext$$Lambda$128/733669993
