[MASTER] 11:39:09.956 [pool-2-thread-1] WARN  CheapPurityAnalyzer - com.vaadin.server.VaadinPortletRequest was not found in the inheritance tree. Using DEFAULT value for cheap-purity analysis
[MASTER] 11:39:09.957 [pool-2-thread-1] WARN  CheapPurityAnalyzer - com.vaadin.server.VaadinPortlet$VaadinHttpAndPortletRequest was not found in the inheritance tree. Using DEFAULT value for cheap-purity analysis
[MASTER] 11:39:09.958 [pool-2-thread-1] WARN  InheritanceTree - Class not in inheritance graph: com.vaadin.server.VaadinPortlet$VaadinHttpAndPortletRequest
[MASTER] 11:39:09.959 [pool-2-thread-1] WARN  CheapPurityAnalyzer - com.vaadin.server.VaadinPortletRequest was not found in the inheritance tree. Using DEFAULT value for cheap-purity analysis
[MASTER] 11:39:09.959 [pool-2-thread-1] WARN  CheapPurityAnalyzer - com.vaadin.server.VaadinPortletRequest was not found in the inheritance tree. Using DEFAULT value for cheap-purity analysis
[MASTER] 11:39:09.960 [pool-2-thread-1] WARN  CheapPurityAnalyzer - com.vaadin.server.VaadinPortletRequest was not found in the inheritance tree. Using DEFAULT value for cheap-purity analysis
[MASTER] 11:39:09.960 [pool-2-thread-1] WARN  InheritanceTree - Class not in inheritance graph: com.vaadin.server.VaadinPortletRequest
[MASTER] 11:39:09.960 [pool-2-thread-1] WARN  CheapPurityAnalyzer - com.vaadin.server.VaadinPortletRequest was not found in the inheritance tree. Using DEFAULT value for cheap-purity analysis
[MASTER] 11:39:09.961 [pool-2-thread-1] WARN  CheapPurityAnalyzer - com.vaadin.server.VaadinPortletRequest was not found in the inheritance tree. Using DEFAULT value for cheap-purity analysis
[MASTER] 11:39:09.961 [pool-2-thread-1] WARN  CheapPurityAnalyzer - com.vaadin.server.VaadinPortletRequest was not found in the inheritance tree. Using DEFAULT value for cheap-purity analysis
[MASTER] 11:39:09.961 [pool-2-thread-1] WARN  CheapPurityAnalyzer - com.vaadin.server.VaadinPortletRequest was not found in the inheritance tree. Using DEFAULT value for cheap-purity analysis
[MASTER] 11:39:09.964 [pool-2-thread-1] WARN  CheapPurityAnalyzer - com.vaadin.server.VaadinPortletRequest was not found in the inheritance tree. Using DEFAULT value for cheap-purity analysis
[MASTER] 11:39:09.964 [pool-2-thread-1] WARN  CheapPurityAnalyzer - com.vaadin.server.VaadinPortletRequest was not found in the inheritance tree. Using DEFAULT value for cheap-purity analysis
[MASTER] 11:39:09.967 [pool-2-thread-1] WARN  CheapPurityAnalyzer - com.vaadin.server.VaadinPortletResponse was not found in the inheritance tree. Using DEFAULT value for cheap-purity analysis
[MASTER] 11:39:09.968 [pool-2-thread-1] WARN  CheapPurityAnalyzer - com.vaadin.server.VaadinPortletResponse was not found in the inheritance tree. Using DEFAULT value for cheap-purity analysis
[MASTER] 11:39:10.933 [pool-2-thread-1] WARN  CheapPurityAnalyzer - com.vaadin.server.VaadinPortletService was not found in the inheritance tree. Using DEFAULT value for cheap-purity analysis
[MASTER] 11:39:10.934 [pool-2-thread-1] WARN  CheapPurityAnalyzer - com.vaadin.server.VaadinPortletService was not found in the inheritance tree. Using DEFAULT value for cheap-purity analysis
[MASTER] 11:39:10.934 [pool-2-thread-1] WARN  InheritanceTree - Class not in inheritance graph: com.vaadin.server.VaadinPortletService
[MASTER] 11:39:10.935 [pool-2-thread-1] WARN  CheapPurityAnalyzer - com.vaadin.server.VaadinPortletService was not found in the inheritance tree. Using DEFAULT value for cheap-purity analysis
[MASTER] 11:39:10.936 [pool-2-thread-1] WARN  CheapPurityAnalyzer - com.vaadin.server.VaadinPortletService was not found in the inheritance tree. Using DEFAULT value for cheap-purity analysis
[MASTER] 11:39:11.276 [pool-2-thread-1] WARN  CheapPurityAnalyzer - org.jboss.servlet.http.HttpEvent was not found in the inheritance tree. Using DEFAULT value for cheap-purity analysis
[MASTER] 11:39:11.276 [pool-2-thread-1] WARN  InheritanceTree - Class not in inheritance graph: org.jboss.servlet.http.HttpEvent
[MASTER] 11:39:11.294 [pool-2-thread-1] WARN  CheapPurityAnalyzer - org.mortbay.util.ajax.ContinuationSupport was not found in the inheritance tree. Using DEFAULT value for cheap-purity analysis
[MASTER] 11:39:11.295 [pool-2-thread-1] WARN  InheritanceTree - Class not in inheritance graph: org.mortbay.util.ajax.ContinuationSupport
[MASTER] 11:39:11.351 [pool-2-thread-1] WARN  CheapPurityAnalyzer - org.apache.catalina.websocket.WsOutbound was not found in the inheritance tree. Using DEFAULT value for cheap-purity analysis
[MASTER] 11:39:11.352 [pool-2-thread-1] WARN  InheritanceTree - Class not in inheritance graph: org.apache.catalina.websocket.WsOutbound
[MASTER] 11:39:11.354 [pool-2-thread-1] WARN  CheapPurityAnalyzer - org.glassfish.grizzly.websockets.WebSocket was not found in the inheritance tree. Using DEFAULT value for cheap-purity analysis
[MASTER] 11:39:11.355 [pool-2-thread-1] WARN  InheritanceTree - Class not in inheritance graph: org.glassfish.grizzly.websockets.WebSocket
[MASTER] 11:39:11.356 [pool-2-thread-1] WARN  CheapPurityAnalyzer - org.glassfish.grizzly.websockets.WebSocket was not found in the inheritance tree. Using DEFAULT value for cheap-purity analysis
[MASTER] 11:39:11.358 [pool-2-thread-1] WARN  CheapPurityAnalyzer - org.glassfish.grizzly.websockets.WebSocket was not found in the inheritance tree. Using DEFAULT value for cheap-purity analysis
[MASTER] 11:39:11.381 [pool-2-thread-1] WARN  CheapPurityAnalyzer - org.eclipse.jetty.websocket.WebSocket$Connection was not found in the inheritance tree. Using DEFAULT value for cheap-purity analysis
[MASTER] 11:39:11.381 [pool-2-thread-1] WARN  InheritanceTree - Class not in inheritance graph: org.eclipse.jetty.websocket.WebSocket$Connection
[MASTER] 11:39:11.382 [pool-2-thread-1] WARN  CheapPurityAnalyzer - org.eclipse.jetty.websocket.WebSocket$Connection was not found in the inheritance tree. Using DEFAULT value for cheap-purity analysis
[MASTER] 11:39:11.385 [pool-2-thread-1] WARN  CheapPurityAnalyzer - org.eclipse.jetty.websocket.api.Session was not found in the inheritance tree. Using DEFAULT value for cheap-purity analysis
[MASTER] 11:39:11.386 [pool-2-thread-1] WARN  InheritanceTree - Class not in inheritance graph: org.eclipse.jetty.websocket.api.Session
[MASTER] 11:39:11.389 [pool-2-thread-1] WARN  CheapPurityAnalyzer - org.apache.catalina.websocket.WsOutbound was not found in the inheritance tree. Using DEFAULT value for cheap-purity analysis
[MASTER] 11:39:11.392 [pool-2-thread-1] WARN  CheapPurityAnalyzer - org.apache.catalina.websocket.WsOutbound was not found in the inheritance tree. Using DEFAULT value for cheap-purity analysis
[MASTER] 11:39:11.398 [pool-2-thread-1] WARN  CheapPurityAnalyzer - weblogic.websocket.WebSocketConnection was not found in the inheritance tree. Using DEFAULT value for cheap-purity analysis
[MASTER] 11:39:11.398 [pool-2-thread-1] WARN  InheritanceTree - Class not in inheritance graph: weblogic.websocket.WebSocketConnection
[MASTER] 11:39:11.399 [pool-2-thread-1] WARN  CheapPurityAnalyzer - weblogic.websocket.WebSocketConnection was not found in the inheritance tree. Using DEFAULT value for cheap-purity analysis
[MASTER] 11:39:11.399 [pool-2-thread-1] WARN  CheapPurityAnalyzer - weblogic.websocket.WebSocketConnection was not found in the inheritance tree. Using DEFAULT value for cheap-purity analysis
[MASTER] 11:39:13.334 [pool-2-thread-1] WARN  TestSuiteSerialization - Cannot load tests because file does not exist: /home/jaycaves/Desktop/FumagalliGrottiGullo/Implementation/.evosuite/evosuite-seeds/com.polimi.fakePTS.PtsRequest.seed
[MASTER] 11:43:07.998 [pool-2-thread-1] WARN  ClassResetter - class java.lang.NoClassDefFoundError thrown while loading method  __STATIC_RESET() for class org.atmosphere.container.TomcatCometSupport
[MASTER] 11:43:08.032 [pool-2-thread-1] WARN  ClassResetter - class java.lang.NoClassDefFoundError thrown during execution of method  __STATIC_RESET() for class com.vaadin.ui.declarative.DesignAttributeHandler, java.lang.ClassNotFoundException
[MASTER] 11:43:08.260 [pool-2-thread-1] WARN  ClassResetter - class java.lang.NoClassDefFoundError thrown during execution of method  __STATIC_RESET() for class com.vaadin.ui.declarative.DesignAttributeHandler, null
[MASTER] 11:43:08.501 [pool-2-thread-1] WARN  ClassResetter - class java.lang.reflect.InvocationTargetException thrown during execution of method  __STATIC_RESET() for class com.vaadin.ui.declarative.DesignAttributeHandler, java.lang.NoClassDefFoundError: Could not initialize class com.vaadin.ui.declarative.DesignAttributeHandler
[MASTER] 11:43:24.454 [pool-2-thread-1] WARN  JUnitAnalyzer - Found unstable test named test0 -> class java.lang.AssertionError: expected:<99> but was:<10>
[MASTER] 11:43:24.455 [pool-2-thread-1] WARN  JUnitAnalyzer - Failing test: int int0 = PtsRequest.getTrainPrice("eYj_YR- [+JnH(X{*", "");
assertEquals(99, int0);


[MASTER] 11:43:25.468 [pool-2-thread-1] WARN  JUnitAnalyzer - Found unstable test named test0 -> class org.junit.ComparisonFailure: expected:<[HDfBQCLwEkX3hpVj]> but was:<[Z46C61ZVMdWu02oV]>
[MASTER] 11:43:25.468 [pool-2-thread-1] WARN  JUnitAnalyzer - Failing test: TicketType ticketType0 = TicketType.WEEKPASS;
Period period0 = Period.ofMonths(84);
IsoChronology isoChronology0 = period0.getChronology();
LocalDate localDate0 = MockIsoChronology.dateNow(isoChronology0);
TrainTicket trainTicket0 = PtsRequest.buyTrainTicket(106, "2RaVC", "z", ticketType0, localDate0);
PtsRequest.activateTicket(trainTicket0);
assertTrue(trainTicket0.isActivated());
assertEquals("HDfBQCLwEkX3hpVj", trainTicket0.getId());


[MASTER] 11:43:31.026 [pool-2-thread-1] WARN  ClassResetter - java.lang.reflect.InvocationTargetException, caused by: java.lang.NoClassDefFoundError: Could not initialize class com.vaadin.ui.declarative.DesignAttributeHandler
[MASTER] 11:43:31.482 [pool-2-thread-1] WARN  JUnitAnalyzer - Found unstable test named test0 -> class org.junit.ComparisonFailure: expected:<[UkqyC5HiZheLMWaL]> but was:<[KAyzb3UfyRi7u6kx]>
[MASTER] 11:43:31.483 [pool-2-thread-1] WARN  JUnitAnalyzer - Failing test: TicketType ticketType0 = TicketType.WEEKPASS;
UrbanTicket urbanTicket0 = PtsRequest.buyUrbanTicket(20, ticketType0, "position-y");
assertEquals("UkqyC5HiZheLMWaL", urbanTicket0.getId());


