[MASTER] 11:39:08.572 [pool-2-thread-1] ERROR ConcreteClassAnalyzer - Problem for com.polimi.fakePTS.PtsRequest. Class not found: com.vaadin.server.VaadinPortletRequest
java.lang.ClassNotFoundException: javax/portlet/filter/PortletRequestWrapper
	at org.evosuite.instrumentation.InstrumentingClassLoader.instrumentClass(InstrumentingClassLoader.java:199)
	at org.evosuite.instrumentation.InstrumentingClassLoader.loadClass(InstrumentingClassLoader.java:166)
	at java.lang.Class.forName0(Native Method)
	at java.lang.Class.forName(Class.java:348)
	at org.evosuite.setup.ConcreteClassAnalyzer.getConcreteClassesImpl(ConcreteClassAnalyzer.java:107)
	at org.evosuite.setup.ConcreteClassAnalyzer.getConcreteClasses(ConcreteClassAnalyzer.java:42)
	at org.evosuite.setup.TestClusterGenerator.addDependency(TestClusterGenerator.java:802)
	at org.evosuite.setup.TestClusterGenerator.addDependencies(TestClusterGenerator.java:711)
	at org.evosuite.setup.TestClusterGenerator.addDependencyClass(TestClusterGenerator.java:918)
	at org.evosuite.setup.TestClusterGenerator.resolveDependencies(TestClusterGenerator.java:332)
	at org.evosuite.setup.TestClusterGenerator.generateCluster(TestClusterGenerator.java:138)
	at org.evosuite.setup.DependencyAnalysis.analyze(DependencyAnalysis.java:117)
	at org.evosuite.setup.DependencyAnalysis.analyzeClass(DependencyAnalysis.java:131)
	at org.evosuite.TestSuiteGenerator.generateTestSuite(TestSuiteGenerator.java:110)
	at org.evosuite.rmi.service.ClientNodeImpl$1.run(ClientNodeImpl.java:145)
	at java.util.concurrent.Executors$RunnableAdapter.call(Executors.java:511)
	at java.util.concurrent.FutureTask.run(FutureTask.java:266)
	at java.util.concurrent.ThreadPoolExecutor.runWorker(ThreadPoolExecutor.java:1142)
	at java.util.concurrent.ThreadPoolExecutor$Worker.run(ThreadPoolExecutor.java:617)
	at java.lang.Thread.run(Thread.java:748)
Caused by: java.lang.NoClassDefFoundError: javax/portlet/filter/PortletRequestWrapper
	at java.lang.ClassLoader.defineClass1(Native Method)
	at java.lang.ClassLoader.defineClass(ClassLoader.java:763)
	at java.security.SecureClassLoader.defineClass(SecureClassLoader.java:142)
	at java.net.URLClassLoader.defineClass(URLClassLoader.java:467)
	at java.net.URLClassLoader.access$100(URLClassLoader.java:73)
	at java.net.URLClassLoader$1.run(URLClassLoader.java:368)
	at java.net.URLClassLoader$1.run(URLClassLoader.java:362)
	at java.security.AccessController.doPrivileged(Native Method)
	at java.net.URLClassLoader.findClass(URLClassLoader.java:361)
	at java.lang.ClassLoader.loadClass(ClassLoader.java:424)
	at sun.misc.Launcher$AppClassLoader.loadClass(Launcher.java:335)
	at java.lang.ClassLoader.loadClass(ClassLoader.java:357)
	at java.lang.Class.forName0(Native Method)
	at java.lang.Class.forName(Class.java:348)
	at org.evosuite.runtime.instrumentation.MethodCallReplacementClassAdapter.visitEnd(MethodCallReplacementClassAdapter.java:180)
	at org.evosuite.shaded.org.objectweb.asm.tree.ClassNode.accept(Unknown Source)
	at org.evosuite.instrumentation.BytecodeInstrumentation.transformBytes(BytecodeInstrumentation.java:273)
	at org.evosuite.instrumentation.InstrumentingClassLoader.getTransformedBytes(InstrumentingClassLoader.java:173)
	at org.evosuite.instrumentation.InstrumentingClassLoader.instrumentClass(InstrumentingClassLoader.java:190)
	... 19 common frames omitted
Caused by: java.lang.ClassNotFoundException: javax.portlet.filter.PortletRequestWrapper
	at java.net.URLClassLoader.findClass(URLClassLoader.java:381)
	at java.lang.ClassLoader.loadClass(ClassLoader.java:424)
	at sun.misc.Launcher$AppClassLoader.loadClass(Launcher.java:335)
	at java.lang.ClassLoader.loadClass(ClassLoader.java:357)
	... 38 common frames omitted
[MASTER] 11:39:08.576 [pool-2-thread-1] ERROR ConcreteClassAnalyzer - Removing class from inheritance tree
[MASTER] 11:39:08.596 [pool-2-thread-1] ERROR ConcreteClassAnalyzer - Problem for com.polimi.fakePTS.PtsRequest. Class not found: com.vaadin.server.VaadinPortlet$VaadinHttpAndPortletRequest
java.lang.ClassNotFoundException: javax/portlet/filter/PortletRequestWrapper
	at org.evosuite.instrumentation.InstrumentingClassLoader.instrumentClass(InstrumentingClassLoader.java:199)
	at org.evosuite.instrumentation.InstrumentingClassLoader.loadClass(InstrumentingClassLoader.java:166)
	at java.lang.Class.forName0(Native Method)
	at java.lang.Class.forName(Class.java:348)
	at org.evosuite.setup.ConcreteClassAnalyzer.getConcreteClassesImpl(ConcreteClassAnalyzer.java:107)
	at org.evosuite.setup.ConcreteClassAnalyzer.getConcreteClasses(ConcreteClassAnalyzer.java:42)
	at org.evosuite.setup.TestClusterGenerator.addDependency(TestClusterGenerator.java:802)
	at org.evosuite.setup.TestClusterGenerator.addDependencies(TestClusterGenerator.java:711)
	at org.evosuite.setup.TestClusterGenerator.addDependencyClass(TestClusterGenerator.java:918)
	at org.evosuite.setup.TestClusterGenerator.resolveDependencies(TestClusterGenerator.java:332)
	at org.evosuite.setup.TestClusterGenerator.generateCluster(TestClusterGenerator.java:138)
	at org.evosuite.setup.DependencyAnalysis.analyze(DependencyAnalysis.java:117)
	at org.evosuite.setup.DependencyAnalysis.analyzeClass(DependencyAnalysis.java:131)
	at org.evosuite.TestSuiteGenerator.generateTestSuite(TestSuiteGenerator.java:110)
	at org.evosuite.rmi.service.ClientNodeImpl$1.run(ClientNodeImpl.java:145)
	at java.util.concurrent.Executors$RunnableAdapter.call(Executors.java:511)
	at java.util.concurrent.FutureTask.run(FutureTask.java:266)
	at java.util.concurrent.ThreadPoolExecutor.runWorker(ThreadPoolExecutor.java:1142)
	at java.util.concurrent.ThreadPoolExecutor$Worker.run(ThreadPoolExecutor.java:617)
	at java.lang.Thread.run(Thread.java:748)
Caused by: java.lang.NoClassDefFoundError: javax/portlet/filter/PortletRequestWrapper
	at java.lang.ClassLoader.defineClass1(Native Method)
	at java.lang.ClassLoader.defineClass(ClassLoader.java:763)
	at java.security.SecureClassLoader.defineClass(SecureClassLoader.java:142)
	at java.net.URLClassLoader.defineClass(URLClassLoader.java:467)
	at java.net.URLClassLoader.access$100(URLClassLoader.java:73)
	at java.net.URLClassLoader$1.run(URLClassLoader.java:368)
	at java.net.URLClassLoader$1.run(URLClassLoader.java:362)
	at java.security.AccessController.doPrivileged(Native Method)
	at java.net.URLClassLoader.findClass(URLClassLoader.java:361)
	at java.lang.ClassLoader.loadClass(ClassLoader.java:424)
	at sun.misc.Launcher$AppClassLoader.loadClass(Launcher.java:335)
	at java.lang.ClassLoader.loadClass(ClassLoader.java:357)
	at java.lang.ClassLoader.defineClass1(Native Method)
	at java.lang.ClassLoader.defineClass(ClassLoader.java:763)
	at java.security.SecureClassLoader.defineClass(SecureClassLoader.java:142)
	at java.net.URLClassLoader.defineClass(URLClassLoader.java:467)
	at java.net.URLClassLoader.access$100(URLClassLoader.java:73)
	at java.net.URLClassLoader$1.run(URLClassLoader.java:368)
	at java.net.URLClassLoader$1.run(URLClassLoader.java:362)
	at java.security.AccessController.doPrivileged(Native Method)
	at java.net.URLClassLoader.findClass(URLClassLoader.java:361)
	at java.lang.ClassLoader.loadClass(ClassLoader.java:424)
	at sun.misc.Launcher$AppClassLoader.loadClass(Launcher.java:335)
	at java.lang.ClassLoader.loadClass(ClassLoader.java:357)
	at java.lang.Class.forName0(Native Method)
	at java.lang.Class.forName(Class.java:348)
	at org.evosuite.runtime.instrumentation.MethodCallReplacementClassAdapter.visitEnd(MethodCallReplacementClassAdapter.java:180)
	at org.evosuite.shaded.org.objectweb.asm.tree.ClassNode.accept(Unknown Source)
	at org.evosuite.instrumentation.BytecodeInstrumentation.transformBytes(BytecodeInstrumentation.java:273)
	at org.evosuite.instrumentation.InstrumentingClassLoader.getTransformedBytes(InstrumentingClassLoader.java:173)
	at org.evosuite.instrumentation.InstrumentingClassLoader.instrumentClass(InstrumentingClassLoader.java:190)
	... 19 common frames omitted
Caused by: java.lang.ClassNotFoundException: javax.portlet.filter.PortletRequestWrapper
	at java.net.URLClassLoader.findClass(URLClassLoader.java:381)
	at java.lang.ClassLoader.loadClass(ClassLoader.java:424)
	at sun.misc.Launcher$AppClassLoader.loadClass(Launcher.java:335)
	at java.lang.ClassLoader.loadClass(ClassLoader.java:357)
	... 50 common frames omitted
[MASTER] 11:39:08.597 [pool-2-thread-1] ERROR ConcreteClassAnalyzer - Removing class from inheritance tree
[MASTER] 11:39:08.602 [pool-2-thread-1] ERROR ConcreteClassAnalyzer - Problem for com.polimi.fakePTS.PtsRequest. Class not found: com.vaadin.server.VaadinPortlet$VaadinWebSpherePortalRequest
java.lang.ClassNotFoundException: javax/portlet/filter/PortletRequestWrapper
	at org.evosuite.instrumentation.InstrumentingClassLoader.instrumentClass(InstrumentingClassLoader.java:199)
	at org.evosuite.instrumentation.InstrumentingClassLoader.loadClass(InstrumentingClassLoader.java:166)
	at java.lang.Class.forName0(Native Method)
	at java.lang.Class.forName(Class.java:348)
	at org.evosuite.setup.ConcreteClassAnalyzer.getConcreteClassesImpl(ConcreteClassAnalyzer.java:107)
	at org.evosuite.setup.ConcreteClassAnalyzer.getConcreteClasses(ConcreteClassAnalyzer.java:42)
	at org.evosuite.setup.TestClusterGenerator.addDependency(TestClusterGenerator.java:802)
	at org.evosuite.setup.TestClusterGenerator.addDependencies(TestClusterGenerator.java:711)
	at org.evosuite.setup.TestClusterGenerator.addDependencyClass(TestClusterGenerator.java:918)
	at org.evosuite.setup.TestClusterGenerator.resolveDependencies(TestClusterGenerator.java:332)
	at org.evosuite.setup.TestClusterGenerator.generateCluster(TestClusterGenerator.java:138)
	at org.evosuite.setup.DependencyAnalysis.analyze(DependencyAnalysis.java:117)
	at org.evosuite.setup.DependencyAnalysis.analyzeClass(DependencyAnalysis.java:131)
	at org.evosuite.TestSuiteGenerator.generateTestSuite(TestSuiteGenerator.java:110)
	at org.evosuite.rmi.service.ClientNodeImpl$1.run(ClientNodeImpl.java:145)
	at java.util.concurrent.Executors$RunnableAdapter.call(Executors.java:511)
	at java.util.concurrent.FutureTask.run(FutureTask.java:266)
	at java.util.concurrent.ThreadPoolExecutor.runWorker(ThreadPoolExecutor.java:1142)
	at java.util.concurrent.ThreadPoolExecutor$Worker.run(ThreadPoolExecutor.java:617)
	at java.lang.Thread.run(Thread.java:748)
Caused by: java.lang.NoClassDefFoundError: javax/portlet/filter/PortletRequestWrapper
	at java.lang.ClassLoader.defineClass1(Native Method)
	at java.lang.ClassLoader.defineClass(ClassLoader.java:763)
	at java.security.SecureClassLoader.defineClass(SecureClassLoader.java:142)
	at java.net.URLClassLoader.defineClass(URLClassLoader.java:467)
	at java.net.URLClassLoader.access$100(URLClassLoader.java:73)
	at java.net.URLClassLoader$1.run(URLClassLoader.java:368)
	at java.net.URLClassLoader$1.run(URLClassLoader.java:362)
	at java.security.AccessController.doPrivileged(Native Method)
	at java.net.URLClassLoader.findClass(URLClassLoader.java:361)
	at java.lang.ClassLoader.loadClass(ClassLoader.java:424)
	at sun.misc.Launcher$AppClassLoader.loadClass(Launcher.java:335)
	at java.lang.ClassLoader.loadClass(ClassLoader.java:357)
	at java.lang.ClassLoader.defineClass1(Native Method)
	at java.lang.ClassLoader.defineClass(ClassLoader.java:763)
	at java.security.SecureClassLoader.defineClass(SecureClassLoader.java:142)
	at java.net.URLClassLoader.defineClass(URLClassLoader.java:467)
	at java.net.URLClassLoader.access$100(URLClassLoader.java:73)
	at java.net.URLClassLoader$1.run(URLClassLoader.java:368)
	at java.net.URLClassLoader$1.run(URLClassLoader.java:362)
	at java.security.AccessController.doPrivileged(Native Method)
	at java.net.URLClassLoader.findClass(URLClassLoader.java:361)
	at java.lang.ClassLoader.loadClass(ClassLoader.java:424)
	at sun.misc.Launcher$AppClassLoader.loadClass(Launcher.java:335)
	at java.lang.ClassLoader.loadClass(ClassLoader.java:357)
	at java.lang.ClassLoader.defineClass1(Native Method)
	at java.lang.ClassLoader.defineClass(ClassLoader.java:763)
	at java.security.SecureClassLoader.defineClass(SecureClassLoader.java:142)
	at java.net.URLClassLoader.defineClass(URLClassLoader.java:467)
	at java.net.URLClassLoader.access$100(URLClassLoader.java:73)
	at java.net.URLClassLoader$1.run(URLClassLoader.java:368)
	at java.net.URLClassLoader$1.run(URLClassLoader.java:362)
	at java.security.AccessController.doPrivileged(Native Method)
	at java.net.URLClassLoader.findClass(URLClassLoader.java:361)
	at java.lang.ClassLoader.loadClass(ClassLoader.java:424)
	at sun.misc.Launcher$AppClassLoader.loadClass(Launcher.java:335)
	at java.lang.ClassLoader.loadClass(ClassLoader.java:357)
	at java.lang.Class.forName0(Native Method)
	at java.lang.Class.forName(Class.java:348)
	at org.evosuite.runtime.instrumentation.MethodCallReplacementClassAdapter.visitEnd(MethodCallReplacementClassAdapter.java:180)
	at org.evosuite.shaded.org.objectweb.asm.tree.ClassNode.accept(Unknown Source)
	at org.evosuite.instrumentation.BytecodeInstrumentation.transformBytes(BytecodeInstrumentation.java:273)
	at org.evosuite.instrumentation.InstrumentingClassLoader.getTransformedBytes(InstrumentingClassLoader.java:173)
	at org.evosuite.instrumentation.InstrumentingClassLoader.instrumentClass(InstrumentingClassLoader.java:190)
	... 19 common frames omitted
Caused by: java.lang.ClassNotFoundException: javax.portlet.filter.PortletRequestWrapper
	at java.net.URLClassLoader.findClass(URLClassLoader.java:381)
	at java.lang.ClassLoader.loadClass(ClassLoader.java:424)
	at sun.misc.Launcher$AppClassLoader.loadClass(Launcher.java:335)
	at java.lang.ClassLoader.loadClass(ClassLoader.java:357)
	... 62 common frames omitted
[MASTER] 11:39:08.605 [pool-2-thread-1] ERROR ConcreteClassAnalyzer - Removing class from inheritance tree
[MASTER] 11:39:08.611 [pool-2-thread-1] ERROR ConcreteClassAnalyzer - Problem for com.polimi.fakePTS.PtsRequest. Class not found: com.vaadin.server.VaadinPortlet$VaadinLiferayRequest
java.lang.ClassNotFoundException: javax/portlet/filter/PortletRequestWrapper
	at org.evosuite.instrumentation.InstrumentingClassLoader.instrumentClass(InstrumentingClassLoader.java:199)
	at org.evosuite.instrumentation.InstrumentingClassLoader.loadClass(InstrumentingClassLoader.java:166)
	at java.lang.Class.forName0(Native Method)
	at java.lang.Class.forName(Class.java:348)
	at org.evosuite.setup.ConcreteClassAnalyzer.getConcreteClassesImpl(ConcreteClassAnalyzer.java:107)
	at org.evosuite.setup.ConcreteClassAnalyzer.getConcreteClasses(ConcreteClassAnalyzer.java:42)
	at org.evosuite.setup.TestClusterGenerator.addDependency(TestClusterGenerator.java:802)
	at org.evosuite.setup.TestClusterGenerator.addDependencies(TestClusterGenerator.java:711)
	at org.evosuite.setup.TestClusterGenerator.addDependencyClass(TestClusterGenerator.java:918)
	at org.evosuite.setup.TestClusterGenerator.resolveDependencies(TestClusterGenerator.java:332)
	at org.evosuite.setup.TestClusterGenerator.generateCluster(TestClusterGenerator.java:138)
	at org.evosuite.setup.DependencyAnalysis.analyze(DependencyAnalysis.java:117)
	at org.evosuite.setup.DependencyAnalysis.analyzeClass(DependencyAnalysis.java:131)
	at org.evosuite.TestSuiteGenerator.generateTestSuite(TestSuiteGenerator.java:110)
	at org.evosuite.rmi.service.ClientNodeImpl$1.run(ClientNodeImpl.java:145)
	at java.util.concurrent.Executors$RunnableAdapter.call(Executors.java:511)
	at java.util.concurrent.FutureTask.run(FutureTask.java:266)
	at java.util.concurrent.ThreadPoolExecutor.runWorker(ThreadPoolExecutor.java:1142)
	at java.util.concurrent.ThreadPoolExecutor$Worker.run(ThreadPoolExecutor.java:617)
	at java.lang.Thread.run(Thread.java:748)
Caused by: java.lang.NoClassDefFoundError: javax/portlet/filter/PortletRequestWrapper
	at java.lang.ClassLoader.defineClass1(Native Method)
	at java.lang.ClassLoader.defineClass(ClassLoader.java:763)
	at java.security.SecureClassLoader.defineClass(SecureClassLoader.java:142)
	at java.net.URLClassLoader.defineClass(URLClassLoader.java:467)
	at java.net.URLClassLoader.access$100(URLClassLoader.java:73)
	at java.net.URLClassLoader$1.run(URLClassLoader.java:368)
	at java.net.URLClassLoader$1.run(URLClassLoader.java:362)
	at java.security.AccessController.doPrivileged(Native Method)
	at java.net.URLClassLoader.findClass(URLClassLoader.java:361)
	at java.lang.ClassLoader.loadClass(ClassLoader.java:424)
	at sun.misc.Launcher$AppClassLoader.loadClass(Launcher.java:335)
	at java.lang.ClassLoader.loadClass(ClassLoader.java:357)
	at java.lang.ClassLoader.defineClass1(Native Method)
	at java.lang.ClassLoader.defineClass(ClassLoader.java:763)
	at java.security.SecureClassLoader.defineClass(SecureClassLoader.java:142)
	at java.net.URLClassLoader.defineClass(URLClassLoader.java:467)
	at java.net.URLClassLoader.access$100(URLClassLoader.java:73)
	at java.net.URLClassLoader$1.run(URLClassLoader.java:368)
	at java.net.URLClassLoader$1.run(URLClassLoader.java:362)
	at java.security.AccessController.doPrivileged(Native Method)
	at java.net.URLClassLoader.findClass(URLClassLoader.java:361)
	at java.lang.ClassLoader.loadClass(ClassLoader.java:424)
	at sun.misc.Launcher$AppClassLoader.loadClass(Launcher.java:335)
	at java.lang.ClassLoader.loadClass(ClassLoader.java:357)
	at java.lang.ClassLoader.defineClass1(Native Method)
	at java.lang.ClassLoader.defineClass(ClassLoader.java:763)
	at java.security.SecureClassLoader.defineClass(SecureClassLoader.java:142)
	at java.net.URLClassLoader.defineClass(URLClassLoader.java:467)
	at java.net.URLClassLoader.access$100(URLClassLoader.java:73)
	at java.net.URLClassLoader$1.run(URLClassLoader.java:368)
	at java.net.URLClassLoader$1.run(URLClassLoader.java:362)
	at java.security.AccessController.doPrivileged(Native Method)
	at java.net.URLClassLoader.findClass(URLClassLoader.java:361)
	at java.lang.ClassLoader.loadClass(ClassLoader.java:424)
	at sun.misc.Launcher$AppClassLoader.loadClass(Launcher.java:335)
	at java.lang.ClassLoader.loadClass(ClassLoader.java:357)
	at java.lang.Class.forName0(Native Method)
	at java.lang.Class.forName(Class.java:348)
	at org.evosuite.runtime.instrumentation.MethodCallReplacementClassAdapter.visitEnd(MethodCallReplacementClassAdapter.java:180)
	at org.evosuite.shaded.org.objectweb.asm.tree.ClassNode.accept(Unknown Source)
	at org.evosuite.instrumentation.BytecodeInstrumentation.transformBytes(BytecodeInstrumentation.java:273)
	at org.evosuite.instrumentation.InstrumentingClassLoader.getTransformedBytes(InstrumentingClassLoader.java:173)
	at org.evosuite.instrumentation.InstrumentingClassLoader.instrumentClass(InstrumentingClassLoader.java:190)
	... 19 common frames omitted
Caused by: java.lang.ClassNotFoundException: javax.portlet.filter.PortletRequestWrapper
	at java.net.URLClassLoader.findClass(URLClassLoader.java:381)
	at java.lang.ClassLoader.loadClass(ClassLoader.java:424)
	at sun.misc.Launcher$AppClassLoader.loadClass(Launcher.java:335)
	at java.lang.ClassLoader.loadClass(ClassLoader.java:357)
	... 62 common frames omitted
[MASTER] 11:39:08.613 [pool-2-thread-1] ERROR ConcreteClassAnalyzer - Removing class from inheritance tree
[MASTER] 11:39:08.619 [pool-2-thread-1] ERROR ConcreteClassAnalyzer - Problem for com.polimi.fakePTS.PtsRequest. Class not found: com.vaadin.server.VaadinPortlet$VaadinWebLogicPortalRequest
java.lang.ClassNotFoundException: javax/portlet/filter/PortletRequestWrapper
	at org.evosuite.instrumentation.InstrumentingClassLoader.instrumentClass(InstrumentingClassLoader.java:199)
	at org.evosuite.instrumentation.InstrumentingClassLoader.loadClass(InstrumentingClassLoader.java:166)
	at java.lang.Class.forName0(Native Method)
	at java.lang.Class.forName(Class.java:348)
	at org.evosuite.setup.ConcreteClassAnalyzer.getConcreteClassesImpl(ConcreteClassAnalyzer.java:107)
	at org.evosuite.setup.ConcreteClassAnalyzer.getConcreteClasses(ConcreteClassAnalyzer.java:42)
	at org.evosuite.setup.TestClusterGenerator.addDependency(TestClusterGenerator.java:802)
	at org.evosuite.setup.TestClusterGenerator.addDependencies(TestClusterGenerator.java:711)
	at org.evosuite.setup.TestClusterGenerator.addDependencyClass(TestClusterGenerator.java:918)
	at org.evosuite.setup.TestClusterGenerator.resolveDependencies(TestClusterGenerator.java:332)
	at org.evosuite.setup.TestClusterGenerator.generateCluster(TestClusterGenerator.java:138)
	at org.evosuite.setup.DependencyAnalysis.analyze(DependencyAnalysis.java:117)
	at org.evosuite.setup.DependencyAnalysis.analyzeClass(DependencyAnalysis.java:131)
	at org.evosuite.TestSuiteGenerator.generateTestSuite(TestSuiteGenerator.java:110)
	at org.evosuite.rmi.service.ClientNodeImpl$1.run(ClientNodeImpl.java:145)
	at java.util.concurrent.Executors$RunnableAdapter.call(Executors.java:511)
	at java.util.concurrent.FutureTask.run(FutureTask.java:266)
	at java.util.concurrent.ThreadPoolExecutor.runWorker(ThreadPoolExecutor.java:1142)
	at java.util.concurrent.ThreadPoolExecutor$Worker.run(ThreadPoolExecutor.java:617)
	at java.lang.Thread.run(Thread.java:748)
Caused by: java.lang.NoClassDefFoundError: javax/portlet/filter/PortletRequestWrapper
	at java.lang.ClassLoader.defineClass1(Native Method)
	at java.lang.ClassLoader.defineClass(ClassLoader.java:763)
	at java.security.SecureClassLoader.defineClass(SecureClassLoader.java:142)
	at java.net.URLClassLoader.defineClass(URLClassLoader.java:467)
	at java.net.URLClassLoader.access$100(URLClassLoader.java:73)
	at java.net.URLClassLoader$1.run(URLClassLoader.java:368)
	at java.net.URLClassLoader$1.run(URLClassLoader.java:362)
	at java.security.AccessController.doPrivileged(Native Method)
	at java.net.URLClassLoader.findClass(URLClassLoader.java:361)
	at java.lang.ClassLoader.loadClass(ClassLoader.java:424)
	at sun.misc.Launcher$AppClassLoader.loadClass(Launcher.java:335)
	at java.lang.ClassLoader.loadClass(ClassLoader.java:357)
	at java.lang.ClassLoader.defineClass1(Native Method)
	at java.lang.ClassLoader.defineClass(ClassLoader.java:763)
	at java.security.SecureClassLoader.defineClass(SecureClassLoader.java:142)
	at java.net.URLClassLoader.defineClass(URLClassLoader.java:467)
	at java.net.URLClassLoader.access$100(URLClassLoader.java:73)
	at java.net.URLClassLoader$1.run(URLClassLoader.java:368)
	at java.net.URLClassLoader$1.run(URLClassLoader.java:362)
	at java.security.AccessController.doPrivileged(Native Method)
	at java.net.URLClassLoader.findClass(URLClassLoader.java:361)
	at java.lang.ClassLoader.loadClass(ClassLoader.java:424)
	at sun.misc.Launcher$AppClassLoader.loadClass(Launcher.java:335)
	at java.lang.ClassLoader.loadClass(ClassLoader.java:357)
	at java.lang.ClassLoader.defineClass1(Native Method)
	at java.lang.ClassLoader.defineClass(ClassLoader.java:763)
	at java.security.SecureClassLoader.defineClass(SecureClassLoader.java:142)
	at java.net.URLClassLoader.defineClass(URLClassLoader.java:467)
	at java.net.URLClassLoader.access$100(URLClassLoader.java:73)
	at java.net.URLClassLoader$1.run(URLClassLoader.java:368)
	at java.net.URLClassLoader$1.run(URLClassLoader.java:362)
	at java.security.AccessController.doPrivileged(Native Method)
	at java.net.URLClassLoader.findClass(URLClassLoader.java:361)
	at java.lang.ClassLoader.loadClass(ClassLoader.java:424)
	at sun.misc.Launcher$AppClassLoader.loadClass(Launcher.java:335)
	at java.lang.ClassLoader.loadClass(ClassLoader.java:357)
	at java.lang.Class.forName0(Native Method)
	at java.lang.Class.forName(Class.java:348)
	at org.evosuite.runtime.instrumentation.MethodCallReplacementClassAdapter.visitEnd(MethodCallReplacementClassAdapter.java:180)
	at org.evosuite.shaded.org.objectweb.asm.tree.ClassNode.accept(Unknown Source)
	at org.evosuite.instrumentation.BytecodeInstrumentation.transformBytes(BytecodeInstrumentation.java:273)
	at org.evosuite.instrumentation.InstrumentingClassLoader.getTransformedBytes(InstrumentingClassLoader.java:173)
	at org.evosuite.instrumentation.InstrumentingClassLoader.instrumentClass(InstrumentingClassLoader.java:190)
	... 19 common frames omitted
Caused by: java.lang.ClassNotFoundException: javax.portlet.filter.PortletRequestWrapper
	at java.net.URLClassLoader.findClass(URLClassLoader.java:381)
	at java.lang.ClassLoader.loadClass(ClassLoader.java:424)
	at sun.misc.Launcher$AppClassLoader.loadClass(Launcher.java:335)
	at java.lang.ClassLoader.loadClass(ClassLoader.java:357)
	... 62 common frames omitted
[MASTER] 11:39:08.623 [pool-2-thread-1] ERROR ConcreteClassAnalyzer - Removing class from inheritance tree
[MASTER] 11:39:08.628 [pool-2-thread-1] ERROR ConcreteClassAnalyzer - Problem for com.polimi.fakePTS.PtsRequest. Class not found: com.vaadin.server.VaadinPortlet$VaadinGateInRequest
java.lang.ClassNotFoundException: javax/portlet/filter/PortletRequestWrapper
	at org.evosuite.instrumentation.InstrumentingClassLoader.instrumentClass(InstrumentingClassLoader.java:199)
	at org.evosuite.instrumentation.InstrumentingClassLoader.loadClass(InstrumentingClassLoader.java:166)
	at java.lang.Class.forName0(Native Method)
	at java.lang.Class.forName(Class.java:348)
	at org.evosuite.setup.ConcreteClassAnalyzer.getConcreteClassesImpl(ConcreteClassAnalyzer.java:107)
	at org.evosuite.setup.ConcreteClassAnalyzer.getConcreteClasses(ConcreteClassAnalyzer.java:42)
	at org.evosuite.setup.TestClusterGenerator.addDependency(TestClusterGenerator.java:802)
	at org.evosuite.setup.TestClusterGenerator.addDependencies(TestClusterGenerator.java:711)
	at org.evosuite.setup.TestClusterGenerator.addDependencyClass(TestClusterGenerator.java:918)
	at org.evosuite.setup.TestClusterGenerator.resolveDependencies(TestClusterGenerator.java:332)
	at org.evosuite.setup.TestClusterGenerator.generateCluster(TestClusterGenerator.java:138)
	at org.evosuite.setup.DependencyAnalysis.analyze(DependencyAnalysis.java:117)
	at org.evosuite.setup.DependencyAnalysis.analyzeClass(DependencyAnalysis.java:131)
	at org.evosuite.TestSuiteGenerator.generateTestSuite(TestSuiteGenerator.java:110)
	at org.evosuite.rmi.service.ClientNodeImpl$1.run(ClientNodeImpl.java:145)
	at java.util.concurrent.Executors$RunnableAdapter.call(Executors.java:511)
	at java.util.concurrent.FutureTask.run(FutureTask.java:266)
	at java.util.concurrent.ThreadPoolExecutor.runWorker(ThreadPoolExecutor.java:1142)
	at java.util.concurrent.ThreadPoolExecutor$Worker.run(ThreadPoolExecutor.java:617)
	at java.lang.Thread.run(Thread.java:748)
Caused by: java.lang.NoClassDefFoundError: javax/portlet/filter/PortletRequestWrapper
	at java.lang.ClassLoader.defineClass1(Native Method)
	at java.lang.ClassLoader.defineClass(ClassLoader.java:763)
	at java.security.SecureClassLoader.defineClass(SecureClassLoader.java:142)
	at java.net.URLClassLoader.defineClass(URLClassLoader.java:467)
	at java.net.URLClassLoader.access$100(URLClassLoader.java:73)
	at java.net.URLClassLoader$1.run(URLClassLoader.java:368)
	at java.net.URLClassLoader$1.run(URLClassLoader.java:362)
	at java.security.AccessController.doPrivileged(Native Method)
	at java.net.URLClassLoader.findClass(URLClassLoader.java:361)
	at java.lang.ClassLoader.loadClass(ClassLoader.java:424)
	at sun.misc.Launcher$AppClassLoader.loadClass(Launcher.java:335)
	at java.lang.ClassLoader.loadClass(ClassLoader.java:357)
	at java.lang.ClassLoader.defineClass1(Native Method)
	at java.lang.ClassLoader.defineClass(ClassLoader.java:763)
	at java.security.SecureClassLoader.defineClass(SecureClassLoader.java:142)
	at java.net.URLClassLoader.defineClass(URLClassLoader.java:467)
	at java.net.URLClassLoader.access$100(URLClassLoader.java:73)
	at java.net.URLClassLoader$1.run(URLClassLoader.java:368)
	at java.net.URLClassLoader$1.run(URLClassLoader.java:362)
	at java.security.AccessController.doPrivileged(Native Method)
	at java.net.URLClassLoader.findClass(URLClassLoader.java:361)
	at java.lang.ClassLoader.loadClass(ClassLoader.java:424)
	at sun.misc.Launcher$AppClassLoader.loadClass(Launcher.java:335)
	at java.lang.ClassLoader.loadClass(ClassLoader.java:357)
	at java.lang.ClassLoader.defineClass1(Native Method)
	at java.lang.ClassLoader.defineClass(ClassLoader.java:763)
	at java.security.SecureClassLoader.defineClass(SecureClassLoader.java:142)
	at java.net.URLClassLoader.defineClass(URLClassLoader.java:467)
	at java.net.URLClassLoader.access$100(URLClassLoader.java:73)
	at java.net.URLClassLoader$1.run(URLClassLoader.java:368)
	at java.net.URLClassLoader$1.run(URLClassLoader.java:362)
	at java.security.AccessController.doPrivileged(Native Method)
	at java.net.URLClassLoader.findClass(URLClassLoader.java:361)
	at java.lang.ClassLoader.loadClass(ClassLoader.java:424)
	at sun.misc.Launcher$AppClassLoader.loadClass(Launcher.java:335)
	at java.lang.ClassLoader.loadClass(ClassLoader.java:357)
	at java.lang.Class.forName0(Native Method)
	at java.lang.Class.forName(Class.java:348)
	at org.evosuite.runtime.instrumentation.MethodCallReplacementClassAdapter.visitEnd(MethodCallReplacementClassAdapter.java:180)
	at org.evosuite.shaded.org.objectweb.asm.tree.ClassNode.accept(Unknown Source)
	at org.evosuite.instrumentation.BytecodeInstrumentation.transformBytes(BytecodeInstrumentation.java:273)
	at org.evosuite.instrumentation.InstrumentingClassLoader.getTransformedBytes(InstrumentingClassLoader.java:173)
	at org.evosuite.instrumentation.InstrumentingClassLoader.instrumentClass(InstrumentingClassLoader.java:190)
	... 19 common frames omitted
Caused by: java.lang.ClassNotFoundException: javax.portlet.filter.PortletRequestWrapper
	at java.net.URLClassLoader.findClass(URLClassLoader.java:381)
	at java.lang.ClassLoader.loadClass(ClassLoader.java:424)
	at sun.misc.Launcher$AppClassLoader.loadClass(Launcher.java:335)
	at java.lang.ClassLoader.loadClass(ClassLoader.java:357)
	... 62 common frames omitted
[MASTER] 11:39:08.628 [pool-2-thread-1] ERROR ConcreteClassAnalyzer - Removing class from inheritance tree
[MASTER] 11:39:08.703 [pool-2-thread-1] ERROR ConcreteClassAnalyzer - Problem for com.polimi.fakePTS.PtsRequest. Class not found: com.vaadin.server.VaadinPortletResponse
java.lang.ClassNotFoundException: Ljavax/portlet/PortletResponse;
	at org.evosuite.instrumentation.InstrumentingClassLoader.instrumentClass(InstrumentingClassLoader.java:199)
	at org.evosuite.instrumentation.InstrumentingClassLoader.loadClass(InstrumentingClassLoader.java:166)
	at java.lang.Class.forName0(Native Method)
	at java.lang.Class.forName(Class.java:348)
	at org.evosuite.setup.ConcreteClassAnalyzer.getConcreteClassesImpl(ConcreteClassAnalyzer.java:107)
	at org.evosuite.setup.ConcreteClassAnalyzer.getConcreteClasses(ConcreteClassAnalyzer.java:42)
	at org.evosuite.setup.TestClusterGenerator.addDependency(TestClusterGenerator.java:802)
	at org.evosuite.setup.TestClusterGenerator.addDependencies(TestClusterGenerator.java:711)
	at org.evosuite.setup.TestClusterGenerator.addDependencyClass(TestClusterGenerator.java:918)
	at org.evosuite.setup.TestClusterGenerator.resolveDependencies(TestClusterGenerator.java:332)
	at org.evosuite.setup.TestClusterGenerator.generateCluster(TestClusterGenerator.java:138)
	at org.evosuite.setup.DependencyAnalysis.analyze(DependencyAnalysis.java:117)
	at org.evosuite.setup.DependencyAnalysis.analyzeClass(DependencyAnalysis.java:131)
	at org.evosuite.TestSuiteGenerator.generateTestSuite(TestSuiteGenerator.java:110)
	at org.evosuite.rmi.service.ClientNodeImpl$1.run(ClientNodeImpl.java:145)
	at java.util.concurrent.Executors$RunnableAdapter.call(Executors.java:511)
	at java.util.concurrent.FutureTask.run(FutureTask.java:266)
	at java.util.concurrent.ThreadPoolExecutor.runWorker(ThreadPoolExecutor.java:1142)
	at java.util.concurrent.ThreadPoolExecutor$Worker.run(ThreadPoolExecutor.java:617)
	at java.lang.Thread.run(Thread.java:748)
Caused by: java.lang.NoClassDefFoundError: Ljavax/portlet/PortletResponse;
	at java.lang.Class.getDeclaredFields0(Native Method)
	at java.lang.Class.privateGetDeclaredFields(Class.java:2583)
	at java.lang.Class.getDeclaredField(Class.java:2068)
	at java.io.ObjectStreamClass.getDeclaredSUID(ObjectStreamClass.java:1703)
	at java.io.ObjectStreamClass.access$700(ObjectStreamClass.java:72)
	at java.io.ObjectStreamClass$2.run(ObjectStreamClass.java:484)
	at java.io.ObjectStreamClass$2.run(ObjectStreamClass.java:472)
	at java.security.AccessController.doPrivileged(Native Method)
	at java.io.ObjectStreamClass.<init>(ObjectStreamClass.java:472)
	at java.io.ObjectStreamClass.lookup(ObjectStreamClass.java:369)
	at java.io.ObjectStreamClass.lookup(ObjectStreamClass.java:213)
	at org.evosuite.runtime.instrumentation.MethodCallReplacementClassAdapter.visitEnd(MethodCallReplacementClassAdapter.java:183)
	at org.evosuite.shaded.org.objectweb.asm.tree.ClassNode.accept(Unknown Source)
	at org.evosuite.instrumentation.BytecodeInstrumentation.transformBytes(BytecodeInstrumentation.java:273)
	at org.evosuite.instrumentation.InstrumentingClassLoader.getTransformedBytes(InstrumentingClassLoader.java:173)
	at org.evosuite.instrumentation.InstrumentingClassLoader.instrumentClass(InstrumentingClassLoader.java:190)
	... 19 common frames omitted
Caused by: java.lang.ClassNotFoundException: javax.portlet.PortletResponse
	at java.net.URLClassLoader.findClass(URLClassLoader.java:381)
	at java.lang.ClassLoader.loadClass(ClassLoader.java:424)
	at sun.misc.Launcher$AppClassLoader.loadClass(Launcher.java:335)
	at java.lang.ClassLoader.loadClass(ClassLoader.java:357)
	... 35 common frames omitted
[MASTER] 11:39:08.704 [pool-2-thread-1] ERROR ConcreteClassAnalyzer - Removing class from inheritance tree
[MASTER] 11:39:10.366 [pool-2-thread-1] ERROR ConcreteClassAnalyzer - Problem for com.polimi.fakePTS.PtsRequest. Class not found: com.vaadin.server.VaadinPortletService
java.lang.ClassNotFoundException: javax/portlet/GenericPortlet
	at org.evosuite.instrumentation.InstrumentingClassLoader.instrumentClass(InstrumentingClassLoader.java:199)
	at org.evosuite.instrumentation.InstrumentingClassLoader.loadClass(InstrumentingClassLoader.java:166)
	at java.lang.Class.forName0(Native Method)
	at java.lang.Class.forName(Class.java:348)
	at org.evosuite.setup.ConcreteClassAnalyzer.getConcreteClassesImpl(ConcreteClassAnalyzer.java:107)
	at org.evosuite.setup.ConcreteClassAnalyzer.getConcreteClasses(ConcreteClassAnalyzer.java:42)
	at org.evosuite.setup.TestClusterGenerator.addDependency(TestClusterGenerator.java:802)
	at org.evosuite.setup.TestClusterGenerator.addDependencies(TestClusterGenerator.java:685)
	at org.evosuite.setup.TestClusterGenerator.addDependencyClass(TestClusterGenerator.java:874)
	at org.evosuite.setup.TestClusterGenerator.resolveDependencies(TestClusterGenerator.java:332)
	at org.evosuite.setup.TestClusterGenerator.generateCluster(TestClusterGenerator.java:138)
	at org.evosuite.setup.DependencyAnalysis.analyze(DependencyAnalysis.java:117)
	at org.evosuite.setup.DependencyAnalysis.analyzeClass(DependencyAnalysis.java:131)
	at org.evosuite.TestSuiteGenerator.generateTestSuite(TestSuiteGenerator.java:110)
	at org.evosuite.rmi.service.ClientNodeImpl$1.run(ClientNodeImpl.java:145)
	at java.util.concurrent.Executors$RunnableAdapter.call(Executors.java:511)
	at java.util.concurrent.FutureTask.run(FutureTask.java:266)
	at java.util.concurrent.ThreadPoolExecutor.runWorker(ThreadPoolExecutor.java:1142)
	at java.util.concurrent.ThreadPoolExecutor$Worker.run(ThreadPoolExecutor.java:617)
	at java.lang.Thread.run(Thread.java:748)
Caused by: java.lang.NoClassDefFoundError: javax/portlet/GenericPortlet
	at java.lang.ClassLoader.defineClass1(Native Method)
	at java.lang.ClassLoader.defineClass(ClassLoader.java:763)
	at java.security.SecureClassLoader.defineClass(SecureClassLoader.java:142)
	at java.net.URLClassLoader.defineClass(URLClassLoader.java:467)
	at java.net.URLClassLoader.access$100(URLClassLoader.java:73)
	at java.net.URLClassLoader$1.run(URLClassLoader.java:368)
	at java.net.URLClassLoader$1.run(URLClassLoader.java:362)
	at java.security.AccessController.doPrivileged(Native Method)
	at java.net.URLClassLoader.findClass(URLClassLoader.java:361)
	at java.lang.ClassLoader.loadClass(ClassLoader.java:424)
	at sun.misc.Launcher$AppClassLoader.loadClass(Launcher.java:335)
	at java.lang.ClassLoader.loadClass(ClassLoader.java:357)
	at java.lang.Class.getDeclaredFields0(Native Method)
	at java.lang.Class.privateGetDeclaredFields(Class.java:2583)
	at java.lang.Class.getDeclaredField(Class.java:2068)
	at java.io.ObjectStreamClass.getDeclaredSUID(ObjectStreamClass.java:1703)
	at java.io.ObjectStreamClass.access$700(ObjectStreamClass.java:72)
	at java.io.ObjectStreamClass$2.run(ObjectStreamClass.java:484)
	at java.io.ObjectStreamClass$2.run(ObjectStreamClass.java:472)
	at java.security.AccessController.doPrivileged(Native Method)
	at java.io.ObjectStreamClass.<init>(ObjectStreamClass.java:472)
	at java.io.ObjectStreamClass.lookup(ObjectStreamClass.java:369)
	at java.io.ObjectStreamClass.lookup(ObjectStreamClass.java:213)
	at org.evosuite.runtime.instrumentation.MethodCallReplacementClassAdapter.visitEnd(MethodCallReplacementClassAdapter.java:183)
	at org.evosuite.shaded.org.objectweb.asm.tree.ClassNode.accept(Unknown Source)
	at org.evosuite.instrumentation.BytecodeInstrumentation.transformBytes(BytecodeInstrumentation.java:273)
	at org.evosuite.instrumentation.InstrumentingClassLoader.getTransformedBytes(InstrumentingClassLoader.java:173)
	at org.evosuite.instrumentation.InstrumentingClassLoader.instrumentClass(InstrumentingClassLoader.java:190)
	... 19 common frames omitted
Caused by: java.lang.ClassNotFoundException: javax.portlet.GenericPortlet
	at java.net.URLClassLoader.findClass(URLClassLoader.java:381)
	at java.lang.ClassLoader.loadClass(ClassLoader.java:424)
	at sun.misc.Launcher$AppClassLoader.loadClass(Launcher.java:335)
	at java.lang.ClassLoader.loadClass(ClassLoader.java:357)
	... 47 common frames omitted
[MASTER] 11:39:10.367 [pool-2-thread-1] ERROR ConcreteClassAnalyzer - Removing class from inheritance tree
[MASTER] 11:39:10.422 [pool-2-thread-1] ERROR ConcreteClassAnalyzer - Problem for com.polimi.fakePTS.PtsRequest. Class not found: com.vaadin.server.WrappedPortletSession
java.lang.ClassNotFoundException: Ljavax/portlet/PortletSession;
	at org.evosuite.instrumentation.InstrumentingClassLoader.instrumentClass(InstrumentingClassLoader.java:199)
	at org.evosuite.instrumentation.InstrumentingClassLoader.loadClass(InstrumentingClassLoader.java:166)
	at java.lang.Class.forName0(Native Method)
	at java.lang.Class.forName(Class.java:348)
	at org.evosuite.setup.ConcreteClassAnalyzer.getConcreteClassesImpl(ConcreteClassAnalyzer.java:107)
	at org.evosuite.setup.ConcreteClassAnalyzer.getConcreteClasses(ConcreteClassAnalyzer.java:42)
	at org.evosuite.setup.TestClusterGenerator.addDependency(TestClusterGenerator.java:802)
	at org.evosuite.setup.TestClusterGenerator.addDependencies(TestClusterGenerator.java:711)
	at org.evosuite.setup.TestClusterGenerator.addDependencyClass(TestClusterGenerator.java:918)
	at org.evosuite.setup.TestClusterGenerator.resolveDependencies(TestClusterGenerator.java:332)
	at org.evosuite.setup.TestClusterGenerator.generateCluster(TestClusterGenerator.java:138)
	at org.evosuite.setup.DependencyAnalysis.analyze(DependencyAnalysis.java:117)
	at org.evosuite.setup.DependencyAnalysis.analyzeClass(DependencyAnalysis.java:131)
	at org.evosuite.TestSuiteGenerator.generateTestSuite(TestSuiteGenerator.java:110)
	at org.evosuite.rmi.service.ClientNodeImpl$1.run(ClientNodeImpl.java:145)
	at java.util.concurrent.Executors$RunnableAdapter.call(Executors.java:511)
	at java.util.concurrent.FutureTask.run(FutureTask.java:266)
	at java.util.concurrent.ThreadPoolExecutor.runWorker(ThreadPoolExecutor.java:1142)
	at java.util.concurrent.ThreadPoolExecutor$Worker.run(ThreadPoolExecutor.java:617)
	at java.lang.Thread.run(Thread.java:748)
Caused by: java.lang.NoClassDefFoundError: Ljavax/portlet/PortletSession;
	at java.lang.Class.getDeclaredFields0(Native Method)
	at java.lang.Class.privateGetDeclaredFields(Class.java:2583)
	at java.lang.Class.getDeclaredField(Class.java:2068)
	at java.io.ObjectStreamClass.getDeclaredSUID(ObjectStreamClass.java:1703)
	at java.io.ObjectStreamClass.access$700(ObjectStreamClass.java:72)
	at java.io.ObjectStreamClass$2.run(ObjectStreamClass.java:484)
	at java.io.ObjectStreamClass$2.run(ObjectStreamClass.java:472)
	at java.security.AccessController.doPrivileged(Native Method)
	at java.io.ObjectStreamClass.<init>(ObjectStreamClass.java:472)
	at java.io.ObjectStreamClass.lookup(ObjectStreamClass.java:369)
	at java.io.ObjectStreamClass.lookup(ObjectStreamClass.java:213)
	at org.evosuite.runtime.instrumentation.MethodCallReplacementClassAdapter.visitEnd(MethodCallReplacementClassAdapter.java:183)
	at org.evosuite.shaded.org.objectweb.asm.tree.ClassNode.accept(Unknown Source)
	at org.evosuite.instrumentation.BytecodeInstrumentation.transformBytes(BytecodeInstrumentation.java:273)
	at org.evosuite.instrumentation.InstrumentingClassLoader.getTransformedBytes(InstrumentingClassLoader.java:173)
	at org.evosuite.instrumentation.InstrumentingClassLoader.instrumentClass(InstrumentingClassLoader.java:190)
	... 19 common frames omitted
Caused by: java.lang.ClassNotFoundException: javax.portlet.PortletSession
	at java.net.URLClassLoader.findClass(URLClassLoader.java:381)
	at java.lang.ClassLoader.loadClass(ClassLoader.java:424)
	at sun.misc.Launcher$AppClassLoader.loadClass(Launcher.java:335)
	at java.lang.ClassLoader.loadClass(ClassLoader.java:357)
	... 35 common frames omitted
[MASTER] 11:39:10.422 [pool-2-thread-1] ERROR ConcreteClassAnalyzer - Removing class from inheritance tree
[MASTER] 11:39:10.846 [pool-2-thread-1] ERROR ConcreteClassAnalyzer - Problem for com.polimi.fakePTS.PtsRequest. Class not found: org.atmosphere.container.Tomcat7CometSupport
java.lang.ClassNotFoundException: Class not found: org/apache/catalina/comet/CometEvent: java.lang.NullPointerException: Class not found org/apache/catalina/comet/CometEvent
	at org.evosuite.instrumentation.InstrumentingClassLoader.instrumentClass(InstrumentingClassLoader.java:199)
	at org.evosuite.instrumentation.InstrumentingClassLoader.loadClass(InstrumentingClassLoader.java:166)
	at java.lang.Class.forName0(Native Method)
	at java.lang.Class.forName(Class.java:348)
	at org.evosuite.setup.ConcreteClassAnalyzer.getConcreteClassesImpl(ConcreteClassAnalyzer.java:107)
	at org.evosuite.setup.ConcreteClassAnalyzer.getConcreteClasses(ConcreteClassAnalyzer.java:42)
	at org.evosuite.setup.TestClusterGenerator.addDependency(TestClusterGenerator.java:802)
	at org.evosuite.setup.TestClusterGenerator.addDependencies(TestClusterGenerator.java:711)
	at org.evosuite.setup.TestClusterGenerator.addDependencyClass(TestClusterGenerator.java:918)
	at org.evosuite.setup.TestClusterGenerator.resolveDependencies(TestClusterGenerator.java:332)
	at org.evosuite.setup.TestClusterGenerator.generateCluster(TestClusterGenerator.java:138)
	at org.evosuite.setup.DependencyAnalysis.analyze(DependencyAnalysis.java:117)
	at org.evosuite.setup.DependencyAnalysis.analyzeClass(DependencyAnalysis.java:131)
	at org.evosuite.TestSuiteGenerator.generateTestSuite(TestSuiteGenerator.java:110)
	at org.evosuite.rmi.service.ClientNodeImpl$1.run(ClientNodeImpl.java:145)
	at java.util.concurrent.Executors$RunnableAdapter.call(Executors.java:511)
	at java.util.concurrent.FutureTask.run(FutureTask.java:266)
	at java.util.concurrent.ThreadPoolExecutor.runWorker(ThreadPoolExecutor.java:1142)
	at java.util.concurrent.ThreadPoolExecutor$Worker.run(ThreadPoolExecutor.java:617)
	at java.lang.Thread.run(Thread.java:748)
Caused by: java.lang.RuntimeException: Class not found: org/apache/catalina/comet/CometEvent: java.lang.NullPointerException: Class not found org/apache/catalina/comet/CometEvent
	at org.evosuite.runtime.util.ComputeClassWriter.getCommonSuperClass(ComputeClassWriter.java:58)
	at org.evosuite.shaded.org.objectweb.asm.ClassWriter.a(Unknown Source)
	at org.evosuite.shaded.org.objectweb.asm.Frame.a(Unknown Source)
	at org.evosuite.shaded.org.objectweb.asm.Frame.a(Unknown Source)
	at org.evosuite.shaded.org.objectweb.asm.MethodWriter.visitMaxs(Unknown Source)
	at org.evosuite.shaded.org.objectweb.asm.MethodVisitor.visitMaxs(Unknown Source)
	at org.evosuite.shaded.org.objectweb.asm.MethodVisitor.visitMaxs(Unknown Source)
	at org.evosuite.shaded.org.objectweb.asm.MethodVisitor.visitMaxs(Unknown Source)
	at org.evosuite.runtime.instrumentation.LoopCounterMethodAdapter.visitMaxs(LoopCounterMethodAdapter.java:48)
	at org.evosuite.shaded.org.objectweb.asm.tree.MethodNode.accept(Unknown Source)
	at org.evosuite.shaded.org.objectweb.asm.commons.JSRInlinerAdapter.visitEnd(Unknown Source)
	at org.evosuite.shaded.org.objectweb.asm.MethodVisitor.visitEnd(Unknown Source)
	at org.evosuite.shaded.org.objectweb.asm.MethodVisitor.visitEnd(Unknown Source)
	at org.evosuite.shaded.org.objectweb.asm.MethodVisitor.visitEnd(Unknown Source)
	at org.evosuite.shaded.org.objectweb.asm.ClassReader.b(Unknown Source)
	at org.evosuite.shaded.org.objectweb.asm.ClassReader.accept(Unknown Source)
	at org.evosuite.shaded.org.objectweb.asm.ClassReader.accept(Unknown Source)
	at org.evosuite.instrumentation.BytecodeInstrumentation.transformBytes(BytecodeInstrumentation.java:280)
	at org.evosuite.instrumentation.InstrumentingClassLoader.getTransformedBytes(InstrumentingClassLoader.java:173)
	at org.evosuite.instrumentation.InstrumentingClassLoader.instrumentClass(InstrumentingClassLoader.java:190)
	... 19 common frames omitted
Caused by: java.lang.NullPointerException: Class not found org/apache/catalina/comet/CometEvent
	at org.evosuite.runtime.util.ComputeClassWriter.typeInfo(ComputeClassWriter.java:186)
	at org.evosuite.runtime.util.ComputeClassWriter.getCommonSuperClass(ComputeClassWriter.java:55)
	... 38 common frames omitted
[MASTER] 11:39:10.846 [pool-2-thread-1] ERROR ConcreteClassAnalyzer - Removing class from inheritance tree
[MASTER] 11:39:10.879 [pool-2-thread-1] ERROR ConcreteClassAnalyzer - Problem for com.polimi.fakePTS.PtsRequest. Class not found: org.atmosphere.container.Tomcat7AsyncSupportWithWebSocket
java.lang.ClassNotFoundException: org/atmosphere/container/Tomcat7CometSupport
	at org.evosuite.instrumentation.InstrumentingClassLoader.instrumentClass(InstrumentingClassLoader.java:199)
	at org.evosuite.instrumentation.InstrumentingClassLoader.loadClass(InstrumentingClassLoader.java:166)
	at java.lang.Class.forName0(Native Method)
	at java.lang.Class.forName(Class.java:348)
	at org.evosuite.setup.ConcreteClassAnalyzer.getConcreteClassesImpl(ConcreteClassAnalyzer.java:107)
	at org.evosuite.setup.ConcreteClassAnalyzer.getConcreteClasses(ConcreteClassAnalyzer.java:42)
	at org.evosuite.setup.TestClusterGenerator.addDependency(TestClusterGenerator.java:802)
	at org.evosuite.setup.TestClusterGenerator.addDependencies(TestClusterGenerator.java:711)
	at org.evosuite.setup.TestClusterGenerator.addDependencyClass(TestClusterGenerator.java:918)
	at org.evosuite.setup.TestClusterGenerator.resolveDependencies(TestClusterGenerator.java:332)
	at org.evosuite.setup.TestClusterGenerator.generateCluster(TestClusterGenerator.java:138)
	at org.evosuite.setup.DependencyAnalysis.analyze(DependencyAnalysis.java:117)
	at org.evosuite.setup.DependencyAnalysis.analyzeClass(DependencyAnalysis.java:131)
	at org.evosuite.TestSuiteGenerator.generateTestSuite(TestSuiteGenerator.java:110)
	at org.evosuite.rmi.service.ClientNodeImpl$1.run(ClientNodeImpl.java:145)
	at java.util.concurrent.Executors$RunnableAdapter.call(Executors.java:511)
	at java.util.concurrent.FutureTask.run(FutureTask.java:266)
	at java.util.concurrent.ThreadPoolExecutor.runWorker(ThreadPoolExecutor.java:1142)
	at java.util.concurrent.ThreadPoolExecutor$Worker.run(ThreadPoolExecutor.java:617)
	at java.lang.Thread.run(Thread.java:748)
Caused by: java.lang.NoClassDefFoundError: org/atmosphere/container/Tomcat7CometSupport
	at java.lang.ClassLoader.defineClass1(Native Method)
	at java.lang.ClassLoader.defineClass(ClassLoader.java:763)
	at java.lang.ClassLoader.defineClass(ClassLoader.java:642)
	at org.evosuite.instrumentation.InstrumentingClassLoader.instrumentClass(InstrumentingClassLoader.java:192)
	... 19 common frames omitted
Caused by: java.lang.ClassNotFoundException: Class not found: org/apache/catalina/comet/CometEvent: java.lang.NullPointerException: Class not found org/apache/catalina/comet/CometEvent
	at org.evosuite.instrumentation.InstrumentingClassLoader.instrumentClass(InstrumentingClassLoader.java:199)
	at org.evosuite.instrumentation.InstrumentingClassLoader.loadClass(InstrumentingClassLoader.java:166)
	... 23 common frames omitted
Caused by: java.lang.RuntimeException: Class not found: org/apache/catalina/comet/CometEvent: java.lang.NullPointerException: Class not found org/apache/catalina/comet/CometEvent
	at org.evosuite.runtime.util.ComputeClassWriter.getCommonSuperClass(ComputeClassWriter.java:58)
	at org.evosuite.shaded.org.objectweb.asm.ClassWriter.a(Unknown Source)
	at org.evosuite.shaded.org.objectweb.asm.Frame.a(Unknown Source)
	at org.evosuite.shaded.org.objectweb.asm.Frame.a(Unknown Source)
	at org.evosuite.shaded.org.objectweb.asm.MethodWriter.visitMaxs(Unknown Source)
	at org.evosuite.shaded.org.objectweb.asm.MethodVisitor.visitMaxs(Unknown Source)
	at org.evosuite.shaded.org.objectweb.asm.MethodVisitor.visitMaxs(Unknown Source)
	at org.evosuite.shaded.org.objectweb.asm.MethodVisitor.visitMaxs(Unknown Source)
	at org.evosuite.runtime.instrumentation.LoopCounterMethodAdapter.visitMaxs(LoopCounterMethodAdapter.java:48)
	at org.evosuite.shaded.org.objectweb.asm.tree.MethodNode.accept(Unknown Source)
	at org.evosuite.shaded.org.objectweb.asm.commons.JSRInlinerAdapter.visitEnd(Unknown Source)
	at org.evosuite.shaded.org.objectweb.asm.MethodVisitor.visitEnd(Unknown Source)
	at org.evosuite.shaded.org.objectweb.asm.MethodVisitor.visitEnd(Unknown Source)
	at org.evosuite.shaded.org.objectweb.asm.MethodVisitor.visitEnd(Unknown Source)
	at org.evosuite.shaded.org.objectweb.asm.ClassReader.b(Unknown Source)
	at org.evosuite.shaded.org.objectweb.asm.ClassReader.accept(Unknown Source)
	at org.evosuite.shaded.org.objectweb.asm.ClassReader.accept(Unknown Source)
	at org.evosuite.instrumentation.BytecodeInstrumentation.transformBytes(BytecodeInstrumentation.java:280)
	at org.evosuite.instrumentation.InstrumentingClassLoader.getTransformedBytes(InstrumentingClassLoader.java:173)
	at org.evosuite.instrumentation.InstrumentingClassLoader.instrumentClass(InstrumentingClassLoader.java:190)
	... 24 common frames omitted
Caused by: java.lang.NullPointerException: Class not found org/apache/catalina/comet/CometEvent
	at org.evosuite.runtime.util.ComputeClassWriter.typeInfo(ComputeClassWriter.java:186)
	at org.evosuite.runtime.util.ComputeClassWriter.getCommonSuperClass(ComputeClassWriter.java:55)
	... 43 common frames omitted
[MASTER] 11:39:10.880 [pool-2-thread-1] ERROR ConcreteClassAnalyzer - Removing class from inheritance tree
[MASTER] 11:39:11.297 [pool-2-thread-1] ERROR TestClusterGenerator - Problem for com.polimi.fakePTS.PtsRequest. Failed to add dependencies for class org.atmosphere.container.JettyCometSupport: java.lang.TypeNotPresentException: Type org.mortbay.util.ajax.Continuation not present
[sun.reflect.generics.factory.CoreReflectionFactory.makeNamedType(CoreReflectionFactory.java:117), sun.reflect.generics.visitor.Reifier.visitClassTypeSignature(Reifier.java:125), sun.reflect.generics.tree.ClassTypeSignature.accept(ClassTypeSignature.java:49), sun.reflect.generics.visitor.Reifier.reifyTypeArguments(Reifier.java:68), sun.reflect.generics.visitor.Reifier.visitClassTypeSignature(Reifier.java:138), sun.reflect.generics.tree.ClassTypeSignature.accept(ClassTypeSignature.java:49), sun.reflect.generics.repository.FieldRepository.getGenericType(FieldRepository.java:85), java.lang.reflect.Field.getGenericType(Field.java:247), java.lang.reflect.Field.toGenericString(Field.java:329), org.evosuite.setup.TestClusterUtils.getFields(TestClusterUtils.java:227), org.evosuite.setup.TestClusterGenerator.addDependencyClass(TestClusterGenerator.java:946), org.evosuite.setup.TestClusterGenerator.resolveDependencies(TestClusterGenerator.java:332), org.evosuite.setup.TestClusterGenerator.generateCluster(TestClusterGenerator.java:138), org.evosuite.setup.DependencyAnalysis.analyze(DependencyAnalysis.java:117), org.evosuite.setup.DependencyAnalysis.analyzeClass(DependencyAnalysis.java:131), org.evosuite.TestSuiteGenerator.generateTestSuite(TestSuiteGenerator.java:110), org.evosuite.rmi.service.ClientNodeImpl$1.run(ClientNodeImpl.java:145), java.util.concurrent.Executors$RunnableAdapter.call(Executors.java:511), java.util.concurrent.FutureTask.run(FutureTask.java:266), java.util.concurrent.ThreadPoolExecutor.runWorker(ThreadPoolExecutor.java:1142), java.util.concurrent.ThreadPoolExecutor$Worker.run(ThreadPoolExecutor.java:617), java.lang.Thread.run(Thread.java:748)]
[MASTER] 11:39:36.523 [TEST_EXECUTION_THREAD_0] ERROR AbstractStatement - Error assigning value of type TemporalQuery[] defined at statement TemporalQuery<BrowserFrame>[] temporalQueryArray0 = (TemporalQuery<BrowserFrame>[]) Array.newInstance(TemporalQuery.class, 1), assignment statement: temporalQueryArray0[0] = (TemporalQuery<BrowserFrame>) temporalQueryArray0; SUT=com.polimi.fakePTS.PtsRequest
[MASTER] 11:40:01.570 [TEST_EXECUTION_THREAD_0] ERROR AbstractStatement - Error assigning value of type TemporalQuery[] defined at statement TemporalQuery<Label>[] temporalQueryArray0 = (TemporalQuery<Label>[]) Array.newInstance(TemporalQuery.class, 2), assignment statement: temporalQueryArray0[0] = (TemporalQuery<Label>) temporalQueryArray0; SUT=com.polimi.fakePTS.PtsRequest
[MASTER] 11:41:00.035 [TEST_EXECUTION_THREAD_0] ERROR AbstractStatement - Error assigning value of type TemporalQuery[] defined at statement TemporalQuery<Object>[] temporalQueryArray0 = (TemporalQuery<Object>[]) Array.newInstance(TemporalQuery.class, 3), assignment statement: temporalQueryArray0[0] = (TemporalQuery<Object>) temporalQueryArray0; SUT=com.polimi.fakePTS.PtsRequest
[MASTER] 11:42:37.012 [TEST_EXECUTION_THREAD_0] ERROR AbstractStatement - Error assigning value of type TemporalQuery[] defined at statement TemporalQuery<VerticalSplitPanel>[] temporalQueryArray0 = (TemporalQuery<VerticalSplitPanel>[]) Array.newInstance(TemporalQuery.class, 9), assignment statement: temporalQueryArray0[0] = (TemporalQuery<VerticalSplitPanel>) temporalQueryArray0; SUT=com.polimi.fakePTS.PtsRequest
[MASTER] 11:43:22.413 [pool-2-thread-1] ERROR ClassStateSupport - Could not initialize com.vaadin.ui.renderers.ComponentRenderer: com/vaadin/shared/ui/grid/renderers/ComponentRendererState
[MASTER] 11:43:22.577 [pool-2-thread-1] ERROR ClassStateSupport - Could not initialize com.vaadin.ui.JavaScript: com/vaadin/shared/extension/javascriptmanager/JavaScriptManagerState
[MASTER] 11:43:22.683 [pool-2-thread-1] ERROR ClassStateSupport - Could not initialize org.apache.tomcat.util.descriptor.web.FilterDef: org/apache/tomcat/util/descriptor/web/Constants
[MASTER] 11:43:22.878 [pool-2-thread-1] ERROR ClassStateSupport - Could not initialize org.apache.catalina.connector.Response: org/apache/catalina/connector/CoyoteWriter
[MASTER] 11:43:23.142 [pool-2-thread-1] ERROR ClassStateSupport - Could not initialize org.apache.catalina.connector.Request: org/ietf/jgss/GSSException
[MASTER] 11:43:23.163 [pool-2-thread-1] ERROR ClassStateSupport - Could not initialize org.apache.catalina.deploy.NamingResourcesImpl: org/apache/tomcat/util/descriptor/web/ContextResource
[MASTER] 11:43:23.166 [pool-2-thread-1] ERROR ClassStateSupport - Could not initialize org.jsoup.nodes.Document: org/jsoup/nodes/XmlDeclaration
[MASTER] 11:43:23.180 [pool-2-thread-1] ERROR ClassStateSupport - Could not initialize com.vaadin.ui.renderers.HtmlRenderer: com/vaadin/shared/ui/grid/renderers/HtmlRendererState
[MASTER] 11:43:23.199 [pool-2-thread-1] ERROR ClassStateSupport - Could not initialize org.apache.catalina.core.NamingContextListener: org/apache/naming/ResourceRef
[MASTER] 11:43:23.218 [pool-2-thread-1] ERROR ClassStateSupport - Could not initialize com.vaadin.ui.renderers.TextRenderer: com/vaadin/shared/ui/grid/renderers/TextRendererState
[MASTER] 11:43:23.250 [pool-2-thread-1] ERROR ClassStateSupport - Could not initialize com.vaadin.ui.declarative.DesignAttributeHandler: com/vaadin/ui/declarative/converters/DesignResourceConverter
[MASTER] 11:43:23.298 [pool-2-thread-1] ERROR ClassStateSupport - Could not initialize com.vaadin.ui.components.grid.MultiSelectionModelImpl: com/vaadin/shared/ui/grid/MultiSelectionModelState
[MASTER] 11:43:23.305 [pool-2-thread-1] ERROR ClassStateSupport - Could not initialize com.vaadin.ui.Tree$TreeMultiSelectionModel: com/vaadin/shared/ui/grid/MultiSelectionModelState
[MASTER] 11:43:23.336 [pool-2-thread-1] ERROR ClassStateSupport - Could not initialize com.vaadin.ui.Notification: com/vaadin/shared/Position
[MASTER] 11:43:23.391 [pool-2-thread-1] ERROR ClassStateSupport - Could not initialize org.atmosphere.cpr.BroadcasterLifeCyclePolicy: org/atmosphere/cpr/BroadcasterLifeCyclePolicy$ATMOSPHERE_RESOURCE_POLICY
[MASTER] 11:43:23.426 [pool-2-thread-1] ERROR ClassStateSupport - Could not initialize org.jsoup.parser.XmlTreeBuilder: org/jsoup/nodes/XmlDeclaration
[MASTER] 11:43:23.431 [pool-2-thread-1] ERROR ClassStateSupport - Could not initialize com.vaadin.ui.components.grid.Footer$Row: com/vaadin/ui/components/grid/Footer$Row$Cell
[MASTER] 11:43:23.444 [pool-2-thread-1] ERROR ClassStateSupport - Could not initialize com.vaadin.server.ConnectorIdGenerator: com/vaadin/server/ConnectorIdGenerator$1
[MASTER] 11:43:23.457 [pool-2-thread-1] ERROR ClassStateSupport - Could not initialize org.apache.tomcat.util.descriptor.web.SecurityConstraint: org/apache/tomcat/util/descriptor/web/Constants
[MASTER] 11:43:23.463 [pool-2-thread-1] ERROR ClassStateSupport - Could not initialize org.atmosphere.cpr.FrameworkConfig: org/atmosphere/interceptor/JavaScriptProtocol
[MASTER] 11:43:23.469 [pool-2-thread-1] ERROR ClassStateSupport - Could not initialize com.vaadin.event.UIEvents$PollListener: com/vaadin/event/UIEvents$PollEvent
[MASTER] 11:43:23.506 [pool-2-thread-1] ERROR ClassStateSupport - Could not initialize com.vaadin.ui.AbstractColorPicker: com/vaadin/ui/components/colorpicker/ColorPickerPopup
[MASTER] 11:43:23.543 [pool-2-thread-1] ERROR ClassResetter - java.lang.NoClassDefFoundError: Could not initialize class com.vaadin.ui.declarative.DesignAttributeHandler
[MASTER] 11:43:24.004 [pool-2-thread-1] ERROR ClassStateSupport - Could not initialize org.apache.tomcat.util.descriptor.web.FilterDef: Could not initialize class org.apache.tomcat.util.descriptor.web.FilterDef
[MASTER] 11:43:24.019 [pool-2-thread-1] ERROR ClassStateSupport - Could not initialize com.vaadin.ui.declarative.DesignAttributeHandler: Could not initialize class com.vaadin.ui.declarative.DesignAttributeHandler
[MASTER] 11:43:24.023 [pool-2-thread-1] ERROR ClassStateSupport - Could not initialize com.vaadin.ui.Notification: Could not initialize class com.vaadin.ui.Notification
[MASTER] 11:43:24.024 [pool-2-thread-1] ERROR ClassStateSupport - Could not initialize org.atmosphere.cpr.BroadcasterLifeCyclePolicy: Could not initialize class org.atmosphere.cpr.BroadcasterLifeCyclePolicy
[MASTER] 11:43:24.028 [pool-2-thread-1] ERROR ClassStateSupport - Could not initialize com.vaadin.server.ConnectorIdGenerator: Could not initialize class com.vaadin.server.ConnectorIdGenerator
[MASTER] 11:43:24.028 [pool-2-thread-1] ERROR ClassStateSupport - Could not initialize org.apache.tomcat.util.descriptor.web.SecurityConstraint: Could not initialize class org.apache.tomcat.util.descriptor.web.SecurityConstraint
[MASTER] 11:43:24.029 [pool-2-thread-1] ERROR ClassStateSupport - Could not initialize org.atmosphere.cpr.FrameworkConfig: Could not initialize class org.atmosphere.cpr.FrameworkConfig
[MASTER] 11:43:24.029 [pool-2-thread-1] ERROR ClassStateSupport - Could not initialize com.vaadin.event.UIEvents$PollListener: Could not initialize class com.vaadin.event.UIEvents$PollListener
[MASTER] 11:43:24.451 [pool-2-thread-1] ERROR JUnitAnalyzer - 1 test cases failed
[MASTER] 11:43:25.468 [pool-2-thread-1] ERROR JUnitAnalyzer - 1 test cases failed
[MASTER] 11:43:31.481 [pool-2-thread-1] ERROR JUnitAnalyzer - 1 test cases failed
