[MASTER] 11:58:33.133 [pool-2-thread-1] ERROR ConcreteClassAnalyzer - Problem for com.polimi.travlendar.backend.beans.EventService. Class not found: com.vaadin.server.VaadinPortletRequest
java.lang.ClassNotFoundException: javax/portlet/filter/PortletRequestWrapper
	at org.evosuite.instrumentation.InstrumentingClassLoader.instrumentClass(InstrumentingClassLoader.java:199)
	at org.evosuite.instrumentation.InstrumentingClassLoader.loadClass(InstrumentingClassLoader.java:166)
	at java.lang.Class.forName0(Native Method)
	at java.lang.Class.forName(Class.java:348)
	at org.evosuite.setup.ConcreteClassAnalyzer.getConcreteClassesImpl(ConcreteClassAnalyzer.java:107)
	at org.evosuite.setup.ConcreteClassAnalyzer.getConcreteClasses(ConcreteClassAnalyzer.java:42)
	at org.evosuite.setup.TestClusterGenerator.addDependency(TestClusterGenerator.java:802)
	at org.evosuite.setup.TestClusterGenerator.addDependencies(TestClusterGenerator.java:711)
	at org.evosuite.setup.TestClusterGenerator.addDependencyClass(TestClusterGenerator.java:918)
	at org.evosuite.setup.TestClusterGenerator.resolveDependencies(TestClusterGenerator.java:332)
	at org.evosuite.setup.TestClusterGenerator.generateCluster(TestClusterGenerator.java:138)
	at org.evosuite.setup.DependencyAnalysis.analyze(DependencyAnalysis.java:117)
	at org.evosuite.setup.DependencyAnalysis.analyzeClass(DependencyAnalysis.java:131)
	at org.evosuite.TestSuiteGenerator.generateTestSuite(TestSuiteGenerator.java:110)
	at org.evosuite.rmi.service.ClientNodeImpl$1.run(ClientNodeImpl.java:145)
	at java.util.concurrent.Executors$RunnableAdapter.call(Executors.java:511)
	at java.util.concurrent.FutureTask.run(FutureTask.java:266)
	at java.util.concurrent.ThreadPoolExecutor.runWorker(ThreadPoolExecutor.java:1142)
	at java.util.concurrent.ThreadPoolExecutor$Worker.run(ThreadPoolExecutor.java:617)
	at java.lang.Thread.run(Thread.java:748)
Caused by: java.lang.NoClassDefFoundError: javax/portlet/filter/PortletRequestWrapper
	at java.lang.ClassLoader.defineClass1(Native Method)
	at java.lang.ClassLoader.defineClass(ClassLoader.java:763)
	at java.security.SecureClassLoader.defineClass(SecureClassLoader.java:142)
	at java.net.URLClassLoader.defineClass(URLClassLoader.java:467)
	at java.net.URLClassLoader.access$100(URLClassLoader.java:73)
	at java.net.URLClassLoader$1.run(URLClassLoader.java:368)
	at java.net.URLClassLoader$1.run(URLClassLoader.java:362)
	at java.security.AccessController.doPrivileged(Native Method)
	at java.net.URLClassLoader.findClass(URLClassLoader.java:361)
	at java.lang.ClassLoader.loadClass(ClassLoader.java:424)
	at sun.misc.Launcher$AppClassLoader.loadClass(Launcher.java:335)
	at java.lang.ClassLoader.loadClass(ClassLoader.java:357)
	at java.lang.Class.forName0(Native Method)
	at java.lang.Class.forName(Class.java:348)
	at org.evosuite.runtime.instrumentation.MethodCallReplacementClassAdapter.visitEnd(MethodCallReplacementClassAdapter.java:180)
	at org.evosuite.shaded.org.objectweb.asm.tree.ClassNode.accept(Unknown Source)
	at org.evosuite.instrumentation.BytecodeInstrumentation.transformBytes(BytecodeInstrumentation.java:273)
	at org.evosuite.instrumentation.InstrumentingClassLoader.getTransformedBytes(InstrumentingClassLoader.java:173)
	at org.evosuite.instrumentation.InstrumentingClassLoader.instrumentClass(InstrumentingClassLoader.java:190)
	... 19 common frames omitted
Caused by: java.lang.ClassNotFoundException: javax.portlet.filter.PortletRequestWrapper
	at java.net.URLClassLoader.findClass(URLClassLoader.java:381)
	at java.lang.ClassLoader.loadClass(ClassLoader.java:424)
	at sun.misc.Launcher$AppClassLoader.loadClass(Launcher.java:335)
	at java.lang.ClassLoader.loadClass(ClassLoader.java:357)
	... 38 common frames omitted
[MASTER] 11:58:33.136 [pool-2-thread-1] ERROR ConcreteClassAnalyzer - Removing class from inheritance tree
[MASTER] 11:58:33.151 [pool-2-thread-1] ERROR ConcreteClassAnalyzer - Problem for com.polimi.travlendar.backend.beans.EventService. Class not found: com.vaadin.server.VaadinPortlet$VaadinHttpAndPortletRequest
java.lang.ClassNotFoundException: javax/portlet/filter/PortletRequestWrapper
	at org.evosuite.instrumentation.InstrumentingClassLoader.instrumentClass(InstrumentingClassLoader.java:199)
	at org.evosuite.instrumentation.InstrumentingClassLoader.loadClass(InstrumentingClassLoader.java:166)
	at java.lang.Class.forName0(Native Method)
	at java.lang.Class.forName(Class.java:348)
	at org.evosuite.setup.ConcreteClassAnalyzer.getConcreteClassesImpl(ConcreteClassAnalyzer.java:107)
	at org.evosuite.setup.ConcreteClassAnalyzer.getConcreteClasses(ConcreteClassAnalyzer.java:42)
	at org.evosuite.setup.TestClusterGenerator.addDependency(TestClusterGenerator.java:802)
	at org.evosuite.setup.TestClusterGenerator.addDependencies(TestClusterGenerator.java:711)
	at org.evosuite.setup.TestClusterGenerator.addDependencyClass(TestClusterGenerator.java:918)
	at org.evosuite.setup.TestClusterGenerator.resolveDependencies(TestClusterGenerator.java:332)
	at org.evosuite.setup.TestClusterGenerator.generateCluster(TestClusterGenerator.java:138)
	at org.evosuite.setup.DependencyAnalysis.analyze(DependencyAnalysis.java:117)
	at org.evosuite.setup.DependencyAnalysis.analyzeClass(DependencyAnalysis.java:131)
	at org.evosuite.TestSuiteGenerator.generateTestSuite(TestSuiteGenerator.java:110)
	at org.evosuite.rmi.service.ClientNodeImpl$1.run(ClientNodeImpl.java:145)
	at java.util.concurrent.Executors$RunnableAdapter.call(Executors.java:511)
	at java.util.concurrent.FutureTask.run(FutureTask.java:266)
	at java.util.concurrent.ThreadPoolExecutor.runWorker(ThreadPoolExecutor.java:1142)
	at java.util.concurrent.ThreadPoolExecutor$Worker.run(ThreadPoolExecutor.java:617)
	at java.lang.Thread.run(Thread.java:748)
Caused by: java.lang.NoClassDefFoundError: javax/portlet/filter/PortletRequestWrapper
	at java.lang.ClassLoader.defineClass1(Native Method)
	at java.lang.ClassLoader.defineClass(ClassLoader.java:763)
	at java.security.SecureClassLoader.defineClass(SecureClassLoader.java:142)
	at java.net.URLClassLoader.defineClass(URLClassLoader.java:467)
	at java.net.URLClassLoader.access$100(URLClassLoader.java:73)
	at java.net.URLClassLoader$1.run(URLClassLoader.java:368)
	at java.net.URLClassLoader$1.run(URLClassLoader.java:362)
	at java.security.AccessController.doPrivileged(Native Method)
	at java.net.URLClassLoader.findClass(URLClassLoader.java:361)
	at java.lang.ClassLoader.loadClass(ClassLoader.java:424)
	at sun.misc.Launcher$AppClassLoader.loadClass(Launcher.java:335)
	at java.lang.ClassLoader.loadClass(ClassLoader.java:357)
	at java.lang.ClassLoader.defineClass1(Native Method)
	at java.lang.ClassLoader.defineClass(ClassLoader.java:763)
	at java.security.SecureClassLoader.defineClass(SecureClassLoader.java:142)
	at java.net.URLClassLoader.defineClass(URLClassLoader.java:467)
	at java.net.URLClassLoader.access$100(URLClassLoader.java:73)
	at java.net.URLClassLoader$1.run(URLClassLoader.java:368)
	at java.net.URLClassLoader$1.run(URLClassLoader.java:362)
	at java.security.AccessController.doPrivileged(Native Method)
	at java.net.URLClassLoader.findClass(URLClassLoader.java:361)
	at java.lang.ClassLoader.loadClass(ClassLoader.java:424)
	at sun.misc.Launcher$AppClassLoader.loadClass(Launcher.java:335)
	at java.lang.ClassLoader.loadClass(ClassLoader.java:357)
	at java.lang.Class.forName0(Native Method)
	at java.lang.Class.forName(Class.java:348)
	at org.evosuite.runtime.instrumentation.MethodCallReplacementClassAdapter.visitEnd(MethodCallReplacementClassAdapter.java:180)
	at org.evosuite.shaded.org.objectweb.asm.tree.ClassNode.accept(Unknown Source)
	at org.evosuite.instrumentation.BytecodeInstrumentation.transformBytes(BytecodeInstrumentation.java:273)
	at org.evosuite.instrumentation.InstrumentingClassLoader.getTransformedBytes(InstrumentingClassLoader.java:173)
	at org.evosuite.instrumentation.InstrumentingClassLoader.instrumentClass(InstrumentingClassLoader.java:190)
	... 19 common frames omitted
Caused by: java.lang.ClassNotFoundException: javax.portlet.filter.PortletRequestWrapper
	at java.net.URLClassLoader.findClass(URLClassLoader.java:381)
	at java.lang.ClassLoader.loadClass(ClassLoader.java:424)
	at sun.misc.Launcher$AppClassLoader.loadClass(Launcher.java:335)
	at java.lang.ClassLoader.loadClass(ClassLoader.java:357)
	... 50 common frames omitted
[MASTER] 11:58:33.152 [pool-2-thread-1] ERROR ConcreteClassAnalyzer - Removing class from inheritance tree
[MASTER] 11:58:33.156 [pool-2-thread-1] ERROR ConcreteClassAnalyzer - Problem for com.polimi.travlendar.backend.beans.EventService. Class not found: com.vaadin.server.VaadinPortlet$VaadinWebSpherePortalRequest
java.lang.ClassNotFoundException: javax/portlet/filter/PortletRequestWrapper
	at org.evosuite.instrumentation.InstrumentingClassLoader.instrumentClass(InstrumentingClassLoader.java:199)
	at org.evosuite.instrumentation.InstrumentingClassLoader.loadClass(InstrumentingClassLoader.java:166)
	at java.lang.Class.forName0(Native Method)
	at java.lang.Class.forName(Class.java:348)
	at org.evosuite.setup.ConcreteClassAnalyzer.getConcreteClassesImpl(ConcreteClassAnalyzer.java:107)
	at org.evosuite.setup.ConcreteClassAnalyzer.getConcreteClasses(ConcreteClassAnalyzer.java:42)
	at org.evosuite.setup.TestClusterGenerator.addDependency(TestClusterGenerator.java:802)
	at org.evosuite.setup.TestClusterGenerator.addDependencies(TestClusterGenerator.java:711)
	at org.evosuite.setup.TestClusterGenerator.addDependencyClass(TestClusterGenerator.java:918)
	at org.evosuite.setup.TestClusterGenerator.resolveDependencies(TestClusterGenerator.java:332)
	at org.evosuite.setup.TestClusterGenerator.generateCluster(TestClusterGenerator.java:138)
	at org.evosuite.setup.DependencyAnalysis.analyze(DependencyAnalysis.java:117)
	at org.evosuite.setup.DependencyAnalysis.analyzeClass(DependencyAnalysis.java:131)
	at org.evosuite.TestSuiteGenerator.generateTestSuite(TestSuiteGenerator.java:110)
	at org.evosuite.rmi.service.ClientNodeImpl$1.run(ClientNodeImpl.java:145)
	at java.util.concurrent.Executors$RunnableAdapter.call(Executors.java:511)
	at java.util.concurrent.FutureTask.run(FutureTask.java:266)
	at java.util.concurrent.ThreadPoolExecutor.runWorker(ThreadPoolExecutor.java:1142)
	at java.util.concurrent.ThreadPoolExecutor$Worker.run(ThreadPoolExecutor.java:617)
	at java.lang.Thread.run(Thread.java:748)
Caused by: java.lang.NoClassDefFoundError: javax/portlet/filter/PortletRequestWrapper
	at java.lang.ClassLoader.defineClass1(Native Method)
	at java.lang.ClassLoader.defineClass(ClassLoader.java:763)
	at java.security.SecureClassLoader.defineClass(SecureClassLoader.java:142)
	at java.net.URLClassLoader.defineClass(URLClassLoader.java:467)
	at java.net.URLClassLoader.access$100(URLClassLoader.java:73)
	at java.net.URLClassLoader$1.run(URLClassLoader.java:368)
	at java.net.URLClassLoader$1.run(URLClassLoader.java:362)
	at java.security.AccessController.doPrivileged(Native Method)
	at java.net.URLClassLoader.findClass(URLClassLoader.java:361)
	at java.lang.ClassLoader.loadClass(ClassLoader.java:424)
	at sun.misc.Launcher$AppClassLoader.loadClass(Launcher.java:335)
	at java.lang.ClassLoader.loadClass(ClassLoader.java:357)
	at java.lang.ClassLoader.defineClass1(Native Method)
	at java.lang.ClassLoader.defineClass(ClassLoader.java:763)
	at java.security.SecureClassLoader.defineClass(SecureClassLoader.java:142)
	at java.net.URLClassLoader.defineClass(URLClassLoader.java:467)
	at java.net.URLClassLoader.access$100(URLClassLoader.java:73)
	at java.net.URLClassLoader$1.run(URLClassLoader.java:368)
	at java.net.URLClassLoader$1.run(URLClassLoader.java:362)
	at java.security.AccessController.doPrivileged(Native Method)
	at java.net.URLClassLoader.findClass(URLClassLoader.java:361)
	at java.lang.ClassLoader.loadClass(ClassLoader.java:424)
	at sun.misc.Launcher$AppClassLoader.loadClass(Launcher.java:335)
	at java.lang.ClassLoader.loadClass(ClassLoader.java:357)
	at java.lang.ClassLoader.defineClass1(Native Method)
	at java.lang.ClassLoader.defineClass(ClassLoader.java:763)
	at java.security.SecureClassLoader.defineClass(SecureClassLoader.java:142)
	at java.net.URLClassLoader.defineClass(URLClassLoader.java:467)
	at java.net.URLClassLoader.access$100(URLClassLoader.java:73)
	at java.net.URLClassLoader$1.run(URLClassLoader.java:368)
	at java.net.URLClassLoader$1.run(URLClassLoader.java:362)
	at java.security.AccessController.doPrivileged(Native Method)
	at java.net.URLClassLoader.findClass(URLClassLoader.java:361)
	at java.lang.ClassLoader.loadClass(ClassLoader.java:424)
	at sun.misc.Launcher$AppClassLoader.loadClass(Launcher.java:335)
	at java.lang.ClassLoader.loadClass(ClassLoader.java:357)
	at java.lang.Class.forName0(Native Method)
	at java.lang.Class.forName(Class.java:348)
	at org.evosuite.runtime.instrumentation.MethodCallReplacementClassAdapter.visitEnd(MethodCallReplacementClassAdapter.java:180)
	at org.evosuite.shaded.org.objectweb.asm.tree.ClassNode.accept(Unknown Source)
	at org.evosuite.instrumentation.BytecodeInstrumentation.transformBytes(BytecodeInstrumentation.java:273)
	at org.evosuite.instrumentation.InstrumentingClassLoader.getTransformedBytes(InstrumentingClassLoader.java:173)
	at org.evosuite.instrumentation.InstrumentingClassLoader.instrumentClass(InstrumentingClassLoader.java:190)
	... 19 common frames omitted
Caused by: java.lang.ClassNotFoundException: javax.portlet.filter.PortletRequestWrapper
	at java.net.URLClassLoader.findClass(URLClassLoader.java:381)
	at java.lang.ClassLoader.loadClass(ClassLoader.java:424)
	at sun.misc.Launcher$AppClassLoader.loadClass(Launcher.java:335)
	at java.lang.ClassLoader.loadClass(ClassLoader.java:357)
	... 62 common frames omitted
[MASTER] 11:58:33.157 [pool-2-thread-1] ERROR ConcreteClassAnalyzer - Removing class from inheritance tree
[MASTER] 11:58:33.161 [pool-2-thread-1] ERROR ConcreteClassAnalyzer - Problem for com.polimi.travlendar.backend.beans.EventService. Class not found: com.vaadin.server.VaadinPortlet$VaadinLiferayRequest
java.lang.ClassNotFoundException: javax/portlet/filter/PortletRequestWrapper
	at org.evosuite.instrumentation.InstrumentingClassLoader.instrumentClass(InstrumentingClassLoader.java:199)
	at org.evosuite.instrumentation.InstrumentingClassLoader.loadClass(InstrumentingClassLoader.java:166)
	at java.lang.Class.forName0(Native Method)
	at java.lang.Class.forName(Class.java:348)
	at org.evosuite.setup.ConcreteClassAnalyzer.getConcreteClassesImpl(ConcreteClassAnalyzer.java:107)
	at org.evosuite.setup.ConcreteClassAnalyzer.getConcreteClasses(ConcreteClassAnalyzer.java:42)
	at org.evosuite.setup.TestClusterGenerator.addDependency(TestClusterGenerator.java:802)
	at org.evosuite.setup.TestClusterGenerator.addDependencies(TestClusterGenerator.java:711)
	at org.evosuite.setup.TestClusterGenerator.addDependencyClass(TestClusterGenerator.java:918)
	at org.evosuite.setup.TestClusterGenerator.resolveDependencies(TestClusterGenerator.java:332)
	at org.evosuite.setup.TestClusterGenerator.generateCluster(TestClusterGenerator.java:138)
	at org.evosuite.setup.DependencyAnalysis.analyze(DependencyAnalysis.java:117)
	at org.evosuite.setup.DependencyAnalysis.analyzeClass(DependencyAnalysis.java:131)
	at org.evosuite.TestSuiteGenerator.generateTestSuite(TestSuiteGenerator.java:110)
	at org.evosuite.rmi.service.ClientNodeImpl$1.run(ClientNodeImpl.java:145)
	at java.util.concurrent.Executors$RunnableAdapter.call(Executors.java:511)
	at java.util.concurrent.FutureTask.run(FutureTask.java:266)
	at java.util.concurrent.ThreadPoolExecutor.runWorker(ThreadPoolExecutor.java:1142)
	at java.util.concurrent.ThreadPoolExecutor$Worker.run(ThreadPoolExecutor.java:617)
	at java.lang.Thread.run(Thread.java:748)
Caused by: java.lang.NoClassDefFoundError: javax/portlet/filter/PortletRequestWrapper
	at java.lang.ClassLoader.defineClass1(Native Method)
	at java.lang.ClassLoader.defineClass(ClassLoader.java:763)
	at java.security.SecureClassLoader.defineClass(SecureClassLoader.java:142)
	at java.net.URLClassLoader.defineClass(URLClassLoader.java:467)
	at java.net.URLClassLoader.access$100(URLClassLoader.java:73)
	at java.net.URLClassLoader$1.run(URLClassLoader.java:368)
	at java.net.URLClassLoader$1.run(URLClassLoader.java:362)
	at java.security.AccessController.doPrivileged(Native Method)
	at java.net.URLClassLoader.findClass(URLClassLoader.java:361)
	at java.lang.ClassLoader.loadClass(ClassLoader.java:424)
	at sun.misc.Launcher$AppClassLoader.loadClass(Launcher.java:335)
	at java.lang.ClassLoader.loadClass(ClassLoader.java:357)
	at java.lang.ClassLoader.defineClass1(Native Method)
	at java.lang.ClassLoader.defineClass(ClassLoader.java:763)
	at java.security.SecureClassLoader.defineClass(SecureClassLoader.java:142)
	at java.net.URLClassLoader.defineClass(URLClassLoader.java:467)
	at java.net.URLClassLoader.access$100(URLClassLoader.java:73)
	at java.net.URLClassLoader$1.run(URLClassLoader.java:368)
	at java.net.URLClassLoader$1.run(URLClassLoader.java:362)
	at java.security.AccessController.doPrivileged(Native Method)
	at java.net.URLClassLoader.findClass(URLClassLoader.java:361)
	at java.lang.ClassLoader.loadClass(ClassLoader.java:424)
	at sun.misc.Launcher$AppClassLoader.loadClass(Launcher.java:335)
	at java.lang.ClassLoader.loadClass(ClassLoader.java:357)
	at java.lang.ClassLoader.defineClass1(Native Method)
	at java.lang.ClassLoader.defineClass(ClassLoader.java:763)
	at java.security.SecureClassLoader.defineClass(SecureClassLoader.java:142)
	at java.net.URLClassLoader.defineClass(URLClassLoader.java:467)
	at java.net.URLClassLoader.access$100(URLClassLoader.java:73)
	at java.net.URLClassLoader$1.run(URLClassLoader.java:368)
	at java.net.URLClassLoader$1.run(URLClassLoader.java:362)
	at java.security.AccessController.doPrivileged(Native Method)
	at java.net.URLClassLoader.findClass(URLClassLoader.java:361)
	at java.lang.ClassLoader.loadClass(ClassLoader.java:424)
	at sun.misc.Launcher$AppClassLoader.loadClass(Launcher.java:335)
	at java.lang.ClassLoader.loadClass(ClassLoader.java:357)
	at java.lang.Class.forName0(Native Method)
	at java.lang.Class.forName(Class.java:348)
	at org.evosuite.runtime.instrumentation.MethodCallReplacementClassAdapter.visitEnd(MethodCallReplacementClassAdapter.java:180)
	at org.evosuite.shaded.org.objectweb.asm.tree.ClassNode.accept(Unknown Source)
	at org.evosuite.instrumentation.BytecodeInstrumentation.transformBytes(BytecodeInstrumentation.java:273)
	at org.evosuite.instrumentation.InstrumentingClassLoader.getTransformedBytes(InstrumentingClassLoader.java:173)
	at org.evosuite.instrumentation.InstrumentingClassLoader.instrumentClass(InstrumentingClassLoader.java:190)
	... 19 common frames omitted
Caused by: java.lang.ClassNotFoundException: javax.portlet.filter.PortletRequestWrapper
	at java.net.URLClassLoader.findClass(URLClassLoader.java:381)
	at java.lang.ClassLoader.loadClass(ClassLoader.java:424)
	at sun.misc.Launcher$AppClassLoader.loadClass(Launcher.java:335)
	at java.lang.ClassLoader.loadClass(ClassLoader.java:357)
	... 62 common frames omitted
[MASTER] 11:58:33.162 [pool-2-thread-1] ERROR ConcreteClassAnalyzer - Removing class from inheritance tree
[MASTER] 11:58:33.166 [pool-2-thread-1] ERROR ConcreteClassAnalyzer - Problem for com.polimi.travlendar.backend.beans.EventService. Class not found: com.vaadin.server.VaadinPortlet$VaadinWebLogicPortalRequest
java.lang.ClassNotFoundException: javax/portlet/filter/PortletRequestWrapper
	at org.evosuite.instrumentation.InstrumentingClassLoader.instrumentClass(InstrumentingClassLoader.java:199)
	at org.evosuite.instrumentation.InstrumentingClassLoader.loadClass(InstrumentingClassLoader.java:166)
	at java.lang.Class.forName0(Native Method)
	at java.lang.Class.forName(Class.java:348)
	at org.evosuite.setup.ConcreteClassAnalyzer.getConcreteClassesImpl(ConcreteClassAnalyzer.java:107)
	at org.evosuite.setup.ConcreteClassAnalyzer.getConcreteClasses(ConcreteClassAnalyzer.java:42)
	at org.evosuite.setup.TestClusterGenerator.addDependency(TestClusterGenerator.java:802)
	at org.evosuite.setup.TestClusterGenerator.addDependencies(TestClusterGenerator.java:711)
	at org.evosuite.setup.TestClusterGenerator.addDependencyClass(TestClusterGenerator.java:918)
	at org.evosuite.setup.TestClusterGenerator.resolveDependencies(TestClusterGenerator.java:332)
	at org.evosuite.setup.TestClusterGenerator.generateCluster(TestClusterGenerator.java:138)
	at org.evosuite.setup.DependencyAnalysis.analyze(DependencyAnalysis.java:117)
	at org.evosuite.setup.DependencyAnalysis.analyzeClass(DependencyAnalysis.java:131)
	at org.evosuite.TestSuiteGenerator.generateTestSuite(TestSuiteGenerator.java:110)
	at org.evosuite.rmi.service.ClientNodeImpl$1.run(ClientNodeImpl.java:145)
	at java.util.concurrent.Executors$RunnableAdapter.call(Executors.java:511)
	at java.util.concurrent.FutureTask.run(FutureTask.java:266)
	at java.util.concurrent.ThreadPoolExecutor.runWorker(ThreadPoolExecutor.java:1142)
	at java.util.concurrent.ThreadPoolExecutor$Worker.run(ThreadPoolExecutor.java:617)
	at java.lang.Thread.run(Thread.java:748)
Caused by: java.lang.NoClassDefFoundError: javax/portlet/filter/PortletRequestWrapper
	at java.lang.ClassLoader.defineClass1(Native Method)
	at java.lang.ClassLoader.defineClass(ClassLoader.java:763)
	at java.security.SecureClassLoader.defineClass(SecureClassLoader.java:142)
	at java.net.URLClassLoader.defineClass(URLClassLoader.java:467)
	at java.net.URLClassLoader.access$100(URLClassLoader.java:73)
	at java.net.URLClassLoader$1.run(URLClassLoader.java:368)
	at java.net.URLClassLoader$1.run(URLClassLoader.java:362)
	at java.security.AccessController.doPrivileged(Native Method)
	at java.net.URLClassLoader.findClass(URLClassLoader.java:361)
	at java.lang.ClassLoader.loadClass(ClassLoader.java:424)
	at sun.misc.Launcher$AppClassLoader.loadClass(Launcher.java:335)
	at java.lang.ClassLoader.loadClass(ClassLoader.java:357)
	at java.lang.ClassLoader.defineClass1(Native Method)
	at java.lang.ClassLoader.defineClass(ClassLoader.java:763)
	at java.security.SecureClassLoader.defineClass(SecureClassLoader.java:142)
	at java.net.URLClassLoader.defineClass(URLClassLoader.java:467)
	at java.net.URLClassLoader.access$100(URLClassLoader.java:73)
	at java.net.URLClassLoader$1.run(URLClassLoader.java:368)
	at java.net.URLClassLoader$1.run(URLClassLoader.java:362)
	at java.security.AccessController.doPrivileged(Native Method)
	at java.net.URLClassLoader.findClass(URLClassLoader.java:361)
	at java.lang.ClassLoader.loadClass(ClassLoader.java:424)
	at sun.misc.Launcher$AppClassLoader.loadClass(Launcher.java:335)
	at java.lang.ClassLoader.loadClass(ClassLoader.java:357)
	at java.lang.ClassLoader.defineClass1(Native Method)
	at java.lang.ClassLoader.defineClass(ClassLoader.java:763)
	at java.security.SecureClassLoader.defineClass(SecureClassLoader.java:142)
	at java.net.URLClassLoader.defineClass(URLClassLoader.java:467)
	at java.net.URLClassLoader.access$100(URLClassLoader.java:73)
	at java.net.URLClassLoader$1.run(URLClassLoader.java:368)
	at java.net.URLClassLoader$1.run(URLClassLoader.java:362)
	at java.security.AccessController.doPrivileged(Native Method)
	at java.net.URLClassLoader.findClass(URLClassLoader.java:361)
	at java.lang.ClassLoader.loadClass(ClassLoader.java:424)
	at sun.misc.Launcher$AppClassLoader.loadClass(Launcher.java:335)
	at java.lang.ClassLoader.loadClass(ClassLoader.java:357)
	at java.lang.Class.forName0(Native Method)
	at java.lang.Class.forName(Class.java:348)
	at org.evosuite.runtime.instrumentation.MethodCallReplacementClassAdapter.visitEnd(MethodCallReplacementClassAdapter.java:180)
	at org.evosuite.shaded.org.objectweb.asm.tree.ClassNode.accept(Unknown Source)
	at org.evosuite.instrumentation.BytecodeInstrumentation.transformBytes(BytecodeInstrumentation.java:273)
	at org.evosuite.instrumentation.InstrumentingClassLoader.getTransformedBytes(InstrumentingClassLoader.java:173)
	at org.evosuite.instrumentation.InstrumentingClassLoader.instrumentClass(InstrumentingClassLoader.java:190)
	... 19 common frames omitted
Caused by: java.lang.ClassNotFoundException: javax.portlet.filter.PortletRequestWrapper
	at java.net.URLClassLoader.findClass(URLClassLoader.java:381)
	at java.lang.ClassLoader.loadClass(ClassLoader.java:424)
	at sun.misc.Launcher$AppClassLoader.loadClass(Launcher.java:335)
	at java.lang.ClassLoader.loadClass(ClassLoader.java:357)
	... 62 common frames omitted
[MASTER] 11:58:33.181 [pool-2-thread-1] ERROR ConcreteClassAnalyzer - Removing class from inheritance tree
[MASTER] 11:58:33.187 [pool-2-thread-1] ERROR ConcreteClassAnalyzer - Problem for com.polimi.travlendar.backend.beans.EventService. Class not found: com.vaadin.server.VaadinPortlet$VaadinGateInRequest
java.lang.ClassNotFoundException: javax/portlet/filter/PortletRequestWrapper
	at org.evosuite.instrumentation.InstrumentingClassLoader.instrumentClass(InstrumentingClassLoader.java:199)
	at org.evosuite.instrumentation.InstrumentingClassLoader.loadClass(InstrumentingClassLoader.java:166)
	at java.lang.Class.forName0(Native Method)
	at java.lang.Class.forName(Class.java:348)
	at org.evosuite.setup.ConcreteClassAnalyzer.getConcreteClassesImpl(ConcreteClassAnalyzer.java:107)
	at org.evosuite.setup.ConcreteClassAnalyzer.getConcreteClasses(ConcreteClassAnalyzer.java:42)
	at org.evosuite.setup.TestClusterGenerator.addDependency(TestClusterGenerator.java:802)
	at org.evosuite.setup.TestClusterGenerator.addDependencies(TestClusterGenerator.java:711)
	at org.evosuite.setup.TestClusterGenerator.addDependencyClass(TestClusterGenerator.java:918)
	at org.evosuite.setup.TestClusterGenerator.resolveDependencies(TestClusterGenerator.java:332)
	at org.evosuite.setup.TestClusterGenerator.generateCluster(TestClusterGenerator.java:138)
	at org.evosuite.setup.DependencyAnalysis.analyze(DependencyAnalysis.java:117)
	at org.evosuite.setup.DependencyAnalysis.analyzeClass(DependencyAnalysis.java:131)
	at org.evosuite.TestSuiteGenerator.generateTestSuite(TestSuiteGenerator.java:110)
	at org.evosuite.rmi.service.ClientNodeImpl$1.run(ClientNodeImpl.java:145)
	at java.util.concurrent.Executors$RunnableAdapter.call(Executors.java:511)
	at java.util.concurrent.FutureTask.run(FutureTask.java:266)
	at java.util.concurrent.ThreadPoolExecutor.runWorker(ThreadPoolExecutor.java:1142)
	at java.util.concurrent.ThreadPoolExecutor$Worker.run(ThreadPoolExecutor.java:617)
	at java.lang.Thread.run(Thread.java:748)
Caused by: java.lang.NoClassDefFoundError: javax/portlet/filter/PortletRequestWrapper
	at java.lang.ClassLoader.defineClass1(Native Method)
	at java.lang.ClassLoader.defineClass(ClassLoader.java:763)
	at java.security.SecureClassLoader.defineClass(SecureClassLoader.java:142)
	at java.net.URLClassLoader.defineClass(URLClassLoader.java:467)
	at java.net.URLClassLoader.access$100(URLClassLoader.java:73)
	at java.net.URLClassLoader$1.run(URLClassLoader.java:368)
	at java.net.URLClassLoader$1.run(URLClassLoader.java:362)
	at java.security.AccessController.doPrivileged(Native Method)
	at java.net.URLClassLoader.findClass(URLClassLoader.java:361)
	at java.lang.ClassLoader.loadClass(ClassLoader.java:424)
	at sun.misc.Launcher$AppClassLoader.loadClass(Launcher.java:335)
	at java.lang.ClassLoader.loadClass(ClassLoader.java:357)
	at java.lang.ClassLoader.defineClass1(Native Method)
	at java.lang.ClassLoader.defineClass(ClassLoader.java:763)
	at java.security.SecureClassLoader.defineClass(SecureClassLoader.java:142)
	at java.net.URLClassLoader.defineClass(URLClassLoader.java:467)
	at java.net.URLClassLoader.access$100(URLClassLoader.java:73)
	at java.net.URLClassLoader$1.run(URLClassLoader.java:368)
	at java.net.URLClassLoader$1.run(URLClassLoader.java:362)
	at java.security.AccessController.doPrivileged(Native Method)
	at java.net.URLClassLoader.findClass(URLClassLoader.java:361)
	at java.lang.ClassLoader.loadClass(ClassLoader.java:424)
	at sun.misc.Launcher$AppClassLoader.loadClass(Launcher.java:335)
	at java.lang.ClassLoader.loadClass(ClassLoader.java:357)
	at java.lang.ClassLoader.defineClass1(Native Method)
	at java.lang.ClassLoader.defineClass(ClassLoader.java:763)
	at java.security.SecureClassLoader.defineClass(SecureClassLoader.java:142)
	at java.net.URLClassLoader.defineClass(URLClassLoader.java:467)
	at java.net.URLClassLoader.access$100(URLClassLoader.java:73)
	at java.net.URLClassLoader$1.run(URLClassLoader.java:368)
	at java.net.URLClassLoader$1.run(URLClassLoader.java:362)
	at java.security.AccessController.doPrivileged(Native Method)
	at java.net.URLClassLoader.findClass(URLClassLoader.java:361)
	at java.lang.ClassLoader.loadClass(ClassLoader.java:424)
	at sun.misc.Launcher$AppClassLoader.loadClass(Launcher.java:335)
	at java.lang.ClassLoader.loadClass(ClassLoader.java:357)
	at java.lang.Class.forName0(Native Method)
	at java.lang.Class.forName(Class.java:348)
	at org.evosuite.runtime.instrumentation.MethodCallReplacementClassAdapter.visitEnd(MethodCallReplacementClassAdapter.java:180)
	at org.evosuite.shaded.org.objectweb.asm.tree.ClassNode.accept(Unknown Source)
	at org.evosuite.instrumentation.BytecodeInstrumentation.transformBytes(BytecodeInstrumentation.java:273)
	at org.evosuite.instrumentation.InstrumentingClassLoader.getTransformedBytes(InstrumentingClassLoader.java:173)
	at org.evosuite.instrumentation.InstrumentingClassLoader.instrumentClass(InstrumentingClassLoader.java:190)
	... 19 common frames omitted
Caused by: java.lang.ClassNotFoundException: javax.portlet.filter.PortletRequestWrapper
	at java.net.URLClassLoader.findClass(URLClassLoader.java:381)
	at java.lang.ClassLoader.loadClass(ClassLoader.java:424)
	at sun.misc.Launcher$AppClassLoader.loadClass(Launcher.java:335)
	at java.lang.ClassLoader.loadClass(ClassLoader.java:357)
	... 62 common frames omitted
[MASTER] 11:58:33.187 [pool-2-thread-1] ERROR ConcreteClassAnalyzer - Removing class from inheritance tree
[MASTER] 11:58:33.245 [pool-2-thread-1] ERROR ConcreteClassAnalyzer - Problem for com.polimi.travlendar.backend.beans.EventService. Class not found: com.vaadin.server.VaadinPortletResponse
java.lang.ClassNotFoundException: Ljavax/portlet/PortletResponse;
	at org.evosuite.instrumentation.InstrumentingClassLoader.instrumentClass(InstrumentingClassLoader.java:199)
	at org.evosuite.instrumentation.InstrumentingClassLoader.loadClass(InstrumentingClassLoader.java:166)
	at java.lang.Class.forName0(Native Method)
	at java.lang.Class.forName(Class.java:348)
	at org.evosuite.setup.ConcreteClassAnalyzer.getConcreteClassesImpl(ConcreteClassAnalyzer.java:107)
	at org.evosuite.setup.ConcreteClassAnalyzer.getConcreteClasses(ConcreteClassAnalyzer.java:42)
	at org.evosuite.setup.TestClusterGenerator.addDependency(TestClusterGenerator.java:802)
	at org.evosuite.setup.TestClusterGenerator.addDependencies(TestClusterGenerator.java:711)
	at org.evosuite.setup.TestClusterGenerator.addDependencyClass(TestClusterGenerator.java:918)
	at org.evosuite.setup.TestClusterGenerator.resolveDependencies(TestClusterGenerator.java:332)
	at org.evosuite.setup.TestClusterGenerator.generateCluster(TestClusterGenerator.java:138)
	at org.evosuite.setup.DependencyAnalysis.analyze(DependencyAnalysis.java:117)
	at org.evosuite.setup.DependencyAnalysis.analyzeClass(DependencyAnalysis.java:131)
	at org.evosuite.TestSuiteGenerator.generateTestSuite(TestSuiteGenerator.java:110)
	at org.evosuite.rmi.service.ClientNodeImpl$1.run(ClientNodeImpl.java:145)
	at java.util.concurrent.Executors$RunnableAdapter.call(Executors.java:511)
	at java.util.concurrent.FutureTask.run(FutureTask.java:266)
	at java.util.concurrent.ThreadPoolExecutor.runWorker(ThreadPoolExecutor.java:1142)
	at java.util.concurrent.ThreadPoolExecutor$Worker.run(ThreadPoolExecutor.java:617)
	at java.lang.Thread.run(Thread.java:748)
Caused by: java.lang.NoClassDefFoundError: Ljavax/portlet/PortletResponse;
	at java.lang.Class.getDeclaredFields0(Native Method)
	at java.lang.Class.privateGetDeclaredFields(Class.java:2583)
	at java.lang.Class.getDeclaredField(Class.java:2068)
	at java.io.ObjectStreamClass.getDeclaredSUID(ObjectStreamClass.java:1703)
	at java.io.ObjectStreamClass.access$700(ObjectStreamClass.java:72)
	at java.io.ObjectStreamClass$2.run(ObjectStreamClass.java:484)
	at java.io.ObjectStreamClass$2.run(ObjectStreamClass.java:472)
	at java.security.AccessController.doPrivileged(Native Method)
	at java.io.ObjectStreamClass.<init>(ObjectStreamClass.java:472)
	at java.io.ObjectStreamClass.lookup(ObjectStreamClass.java:369)
	at java.io.ObjectStreamClass.lookup(ObjectStreamClass.java:213)
	at org.evosuite.runtime.instrumentation.MethodCallReplacementClassAdapter.visitEnd(MethodCallReplacementClassAdapter.java:183)
	at org.evosuite.shaded.org.objectweb.asm.tree.ClassNode.accept(Unknown Source)
	at org.evosuite.instrumentation.BytecodeInstrumentation.transformBytes(BytecodeInstrumentation.java:273)
	at org.evosuite.instrumentation.InstrumentingClassLoader.getTransformedBytes(InstrumentingClassLoader.java:173)
	at org.evosuite.instrumentation.InstrumentingClassLoader.instrumentClass(InstrumentingClassLoader.java:190)
	... 19 common frames omitted
Caused by: java.lang.ClassNotFoundException: javax.portlet.PortletResponse
	at java.net.URLClassLoader.findClass(URLClassLoader.java:381)
	at java.lang.ClassLoader.loadClass(ClassLoader.java:424)
	at sun.misc.Launcher$AppClassLoader.loadClass(Launcher.java:335)
	at java.lang.ClassLoader.loadClass(ClassLoader.java:357)
	... 35 common frames omitted
[MASTER] 11:58:33.247 [pool-2-thread-1] ERROR ConcreteClassAnalyzer - Removing class from inheritance tree
[MASTER] 11:58:35.086 [pool-2-thread-1] ERROR ConcreteClassAnalyzer - Problem for com.polimi.travlendar.backend.beans.EventService. Class not found: com.vaadin.server.VaadinPortletService
java.lang.ClassNotFoundException: javax/portlet/GenericPortlet
	at org.evosuite.instrumentation.InstrumentingClassLoader.instrumentClass(InstrumentingClassLoader.java:199)
	at org.evosuite.instrumentation.InstrumentingClassLoader.loadClass(InstrumentingClassLoader.java:166)
	at java.lang.Class.forName0(Native Method)
	at java.lang.Class.forName(Class.java:348)
	at org.evosuite.setup.ConcreteClassAnalyzer.getConcreteClassesImpl(ConcreteClassAnalyzer.java:107)
	at org.evosuite.setup.ConcreteClassAnalyzer.getConcreteClasses(ConcreteClassAnalyzer.java:42)
	at org.evosuite.setup.TestClusterGenerator.addDependency(TestClusterGenerator.java:802)
	at org.evosuite.setup.TestClusterGenerator.addDependencies(TestClusterGenerator.java:685)
	at org.evosuite.setup.TestClusterGenerator.addDependencyClass(TestClusterGenerator.java:874)
	at org.evosuite.setup.TestClusterGenerator.resolveDependencies(TestClusterGenerator.java:332)
	at org.evosuite.setup.TestClusterGenerator.generateCluster(TestClusterGenerator.java:138)
	at org.evosuite.setup.DependencyAnalysis.analyze(DependencyAnalysis.java:117)
	at org.evosuite.setup.DependencyAnalysis.analyzeClass(DependencyAnalysis.java:131)
	at org.evosuite.TestSuiteGenerator.generateTestSuite(TestSuiteGenerator.java:110)
	at org.evosuite.rmi.service.ClientNodeImpl$1.run(ClientNodeImpl.java:145)
	at java.util.concurrent.Executors$RunnableAdapter.call(Executors.java:511)
	at java.util.concurrent.FutureTask.run(FutureTask.java:266)
	at java.util.concurrent.ThreadPoolExecutor.runWorker(ThreadPoolExecutor.java:1142)
	at java.util.concurrent.ThreadPoolExecutor$Worker.run(ThreadPoolExecutor.java:617)
	at java.lang.Thread.run(Thread.java:748)
Caused by: java.lang.NoClassDefFoundError: javax/portlet/GenericPortlet
	at java.lang.ClassLoader.defineClass1(Native Method)
	at java.lang.ClassLoader.defineClass(ClassLoader.java:763)
	at java.security.SecureClassLoader.defineClass(SecureClassLoader.java:142)
	at java.net.URLClassLoader.defineClass(URLClassLoader.java:467)
	at java.net.URLClassLoader.access$100(URLClassLoader.java:73)
	at java.net.URLClassLoader$1.run(URLClassLoader.java:368)
	at java.net.URLClassLoader$1.run(URLClassLoader.java:362)
	at java.security.AccessController.doPrivileged(Native Method)
	at java.net.URLClassLoader.findClass(URLClassLoader.java:361)
	at java.lang.ClassLoader.loadClass(ClassLoader.java:424)
	at sun.misc.Launcher$AppClassLoader.loadClass(Launcher.java:335)
	at java.lang.ClassLoader.loadClass(ClassLoader.java:357)
	at java.lang.Class.getDeclaredFields0(Native Method)
	at java.lang.Class.privateGetDeclaredFields(Class.java:2583)
	at java.lang.Class.getDeclaredField(Class.java:2068)
	at java.io.ObjectStreamClass.getDeclaredSUID(ObjectStreamClass.java:1703)
	at java.io.ObjectStreamClass.access$700(ObjectStreamClass.java:72)
	at java.io.ObjectStreamClass$2.run(ObjectStreamClass.java:484)
	at java.io.ObjectStreamClass$2.run(ObjectStreamClass.java:472)
	at java.security.AccessController.doPrivileged(Native Method)
	at java.io.ObjectStreamClass.<init>(ObjectStreamClass.java:472)
	at java.io.ObjectStreamClass.lookup(ObjectStreamClass.java:369)
	at java.io.ObjectStreamClass.lookup(ObjectStreamClass.java:213)
	at org.evosuite.runtime.instrumentation.MethodCallReplacementClassAdapter.visitEnd(MethodCallReplacementClassAdapter.java:183)
	at org.evosuite.shaded.org.objectweb.asm.tree.ClassNode.accept(Unknown Source)
	at org.evosuite.instrumentation.BytecodeInstrumentation.transformBytes(BytecodeInstrumentation.java:273)
	at org.evosuite.instrumentation.InstrumentingClassLoader.getTransformedBytes(InstrumentingClassLoader.java:173)
	at org.evosuite.instrumentation.InstrumentingClassLoader.instrumentClass(InstrumentingClassLoader.java:190)
	... 19 common frames omitted
Caused by: java.lang.ClassNotFoundException: javax.portlet.GenericPortlet
	at java.net.URLClassLoader.findClass(URLClassLoader.java:381)
	at java.lang.ClassLoader.loadClass(ClassLoader.java:424)
	at sun.misc.Launcher$AppClassLoader.loadClass(Launcher.java:335)
	at java.lang.ClassLoader.loadClass(ClassLoader.java:357)
	... 47 common frames omitted
[MASTER] 11:58:35.087 [pool-2-thread-1] ERROR ConcreteClassAnalyzer - Removing class from inheritance tree
[MASTER] 11:58:35.149 [pool-2-thread-1] ERROR ConcreteClassAnalyzer - Problem for com.polimi.travlendar.backend.beans.EventService. Class not found: com.vaadin.server.WrappedPortletSession
java.lang.ClassNotFoundException: Ljavax/portlet/PortletSession;
	at org.evosuite.instrumentation.InstrumentingClassLoader.instrumentClass(InstrumentingClassLoader.java:199)
	at org.evosuite.instrumentation.InstrumentingClassLoader.loadClass(InstrumentingClassLoader.java:166)
	at java.lang.Class.forName0(Native Method)
	at java.lang.Class.forName(Class.java:348)
	at org.evosuite.setup.ConcreteClassAnalyzer.getConcreteClassesImpl(ConcreteClassAnalyzer.java:107)
	at org.evosuite.setup.ConcreteClassAnalyzer.getConcreteClasses(ConcreteClassAnalyzer.java:42)
	at org.evosuite.setup.TestClusterGenerator.addDependency(TestClusterGenerator.java:802)
	at org.evosuite.setup.TestClusterGenerator.addDependencies(TestClusterGenerator.java:711)
	at org.evosuite.setup.TestClusterGenerator.addDependencyClass(TestClusterGenerator.java:918)
	at org.evosuite.setup.TestClusterGenerator.resolveDependencies(TestClusterGenerator.java:332)
	at org.evosuite.setup.TestClusterGenerator.generateCluster(TestClusterGenerator.java:138)
	at org.evosuite.setup.DependencyAnalysis.analyze(DependencyAnalysis.java:117)
	at org.evosuite.setup.DependencyAnalysis.analyzeClass(DependencyAnalysis.java:131)
	at org.evosuite.TestSuiteGenerator.generateTestSuite(TestSuiteGenerator.java:110)
	at org.evosuite.rmi.service.ClientNodeImpl$1.run(ClientNodeImpl.java:145)
	at java.util.concurrent.Executors$RunnableAdapter.call(Executors.java:511)
	at java.util.concurrent.FutureTask.run(FutureTask.java:266)
	at java.util.concurrent.ThreadPoolExecutor.runWorker(ThreadPoolExecutor.java:1142)
	at java.util.concurrent.ThreadPoolExecutor$Worker.run(ThreadPoolExecutor.java:617)
	at java.lang.Thread.run(Thread.java:748)
Caused by: java.lang.NoClassDefFoundError: Ljavax/portlet/PortletSession;
	at java.lang.Class.getDeclaredFields0(Native Method)
	at java.lang.Class.privateGetDeclaredFields(Class.java:2583)
	at java.lang.Class.getDeclaredField(Class.java:2068)
	at java.io.ObjectStreamClass.getDeclaredSUID(ObjectStreamClass.java:1703)
	at java.io.ObjectStreamClass.access$700(ObjectStreamClass.java:72)
	at java.io.ObjectStreamClass$2.run(ObjectStreamClass.java:484)
	at java.io.ObjectStreamClass$2.run(ObjectStreamClass.java:472)
	at java.security.AccessController.doPrivileged(Native Method)
	at java.io.ObjectStreamClass.<init>(ObjectStreamClass.java:472)
	at java.io.ObjectStreamClass.lookup(ObjectStreamClass.java:369)
	at java.io.ObjectStreamClass.lookup(ObjectStreamClass.java:213)
	at org.evosuite.runtime.instrumentation.MethodCallReplacementClassAdapter.visitEnd(MethodCallReplacementClassAdapter.java:183)
	at org.evosuite.shaded.org.objectweb.asm.tree.ClassNode.accept(Unknown Source)
	at org.evosuite.instrumentation.BytecodeInstrumentation.transformBytes(BytecodeInstrumentation.java:273)
	at org.evosuite.instrumentation.InstrumentingClassLoader.getTransformedBytes(InstrumentingClassLoader.java:173)
	at org.evosuite.instrumentation.InstrumentingClassLoader.instrumentClass(InstrumentingClassLoader.java:190)
	... 19 common frames omitted
Caused by: java.lang.ClassNotFoundException: javax.portlet.PortletSession
	at java.net.URLClassLoader.findClass(URLClassLoader.java:381)
	at java.lang.ClassLoader.loadClass(ClassLoader.java:424)
	at sun.misc.Launcher$AppClassLoader.loadClass(Launcher.java:335)
	at java.lang.ClassLoader.loadClass(ClassLoader.java:357)
	... 35 common frames omitted
[MASTER] 11:58:35.149 [pool-2-thread-1] ERROR ConcreteClassAnalyzer - Removing class from inheritance tree
[MASTER] 11:58:35.767 [pool-2-thread-1] ERROR ConcreteClassAnalyzer - Problem for com.polimi.travlendar.backend.beans.EventService. Class not found: org.atmosphere.container.Tomcat7CometSupport
java.lang.ClassNotFoundException: Class not found: org/apache/catalina/comet/CometEvent: java.lang.NullPointerException: Class not found org/apache/catalina/comet/CometEvent
	at org.evosuite.instrumentation.InstrumentingClassLoader.instrumentClass(InstrumentingClassLoader.java:199)
	at org.evosuite.instrumentation.InstrumentingClassLoader.loadClass(InstrumentingClassLoader.java:166)
	at java.lang.Class.forName0(Native Method)
	at java.lang.Class.forName(Class.java:348)
	at org.evosuite.setup.ConcreteClassAnalyzer.getConcreteClassesImpl(ConcreteClassAnalyzer.java:107)
	at org.evosuite.setup.ConcreteClassAnalyzer.getConcreteClasses(ConcreteClassAnalyzer.java:42)
	at org.evosuite.setup.TestClusterGenerator.addDependency(TestClusterGenerator.java:802)
	at org.evosuite.setup.TestClusterGenerator.addDependencies(TestClusterGenerator.java:711)
	at org.evosuite.setup.TestClusterGenerator.addDependencyClass(TestClusterGenerator.java:918)
	at org.evosuite.setup.TestClusterGenerator.resolveDependencies(TestClusterGenerator.java:332)
	at org.evosuite.setup.TestClusterGenerator.generateCluster(TestClusterGenerator.java:138)
	at org.evosuite.setup.DependencyAnalysis.analyze(DependencyAnalysis.java:117)
	at org.evosuite.setup.DependencyAnalysis.analyzeClass(DependencyAnalysis.java:131)
	at org.evosuite.TestSuiteGenerator.generateTestSuite(TestSuiteGenerator.java:110)
	at org.evosuite.rmi.service.ClientNodeImpl$1.run(ClientNodeImpl.java:145)
	at java.util.concurrent.Executors$RunnableAdapter.call(Executors.java:511)
	at java.util.concurrent.FutureTask.run(FutureTask.java:266)
	at java.util.concurrent.ThreadPoolExecutor.runWorker(ThreadPoolExecutor.java:1142)
	at java.util.concurrent.ThreadPoolExecutor$Worker.run(ThreadPoolExecutor.java:617)
	at java.lang.Thread.run(Thread.java:748)
Caused by: java.lang.RuntimeException: Class not found: org/apache/catalina/comet/CometEvent: java.lang.NullPointerException: Class not found org/apache/catalina/comet/CometEvent
	at org.evosuite.runtime.util.ComputeClassWriter.getCommonSuperClass(ComputeClassWriter.java:58)
	at org.evosuite.shaded.org.objectweb.asm.ClassWriter.a(Unknown Source)
	at org.evosuite.shaded.org.objectweb.asm.Frame.a(Unknown Source)
	at org.evosuite.shaded.org.objectweb.asm.Frame.a(Unknown Source)
	at org.evosuite.shaded.org.objectweb.asm.MethodWriter.visitMaxs(Unknown Source)
	at org.evosuite.shaded.org.objectweb.asm.MethodVisitor.visitMaxs(Unknown Source)
	at org.evosuite.shaded.org.objectweb.asm.MethodVisitor.visitMaxs(Unknown Source)
	at org.evosuite.shaded.org.objectweb.asm.MethodVisitor.visitMaxs(Unknown Source)
	at org.evosuite.runtime.instrumentation.LoopCounterMethodAdapter.visitMaxs(LoopCounterMethodAdapter.java:48)
	at org.evosuite.shaded.org.objectweb.asm.tree.MethodNode.accept(Unknown Source)
	at org.evosuite.shaded.org.objectweb.asm.commons.JSRInlinerAdapter.visitEnd(Unknown Source)
	at org.evosuite.shaded.org.objectweb.asm.MethodVisitor.visitEnd(Unknown Source)
	at org.evosuite.shaded.org.objectweb.asm.MethodVisitor.visitEnd(Unknown Source)
	at org.evosuite.shaded.org.objectweb.asm.MethodVisitor.visitEnd(Unknown Source)
	at org.evosuite.shaded.org.objectweb.asm.ClassReader.b(Unknown Source)
	at org.evosuite.shaded.org.objectweb.asm.ClassReader.accept(Unknown Source)
	at org.evosuite.shaded.org.objectweb.asm.ClassReader.accept(Unknown Source)
	at org.evosuite.instrumentation.BytecodeInstrumentation.transformBytes(BytecodeInstrumentation.java:280)
	at org.evosuite.instrumentation.InstrumentingClassLoader.getTransformedBytes(InstrumentingClassLoader.java:173)
	at org.evosuite.instrumentation.InstrumentingClassLoader.instrumentClass(InstrumentingClassLoader.java:190)
	... 19 common frames omitted
Caused by: java.lang.NullPointerException: Class not found org/apache/catalina/comet/CometEvent
	at org.evosuite.runtime.util.ComputeClassWriter.typeInfo(ComputeClassWriter.java:186)
	at org.evosuite.runtime.util.ComputeClassWriter.getCommonSuperClass(ComputeClassWriter.java:55)
	... 38 common frames omitted
[MASTER] 11:58:35.768 [pool-2-thread-1] ERROR ConcreteClassAnalyzer - Removing class from inheritance tree
[MASTER] 11:58:35.791 [pool-2-thread-1] ERROR ConcreteClassAnalyzer - Problem for com.polimi.travlendar.backend.beans.EventService. Class not found: org.atmosphere.container.Tomcat7AsyncSupportWithWebSocket
java.lang.ClassNotFoundException: org/atmosphere/container/Tomcat7CometSupport
	at org.evosuite.instrumentation.InstrumentingClassLoader.instrumentClass(InstrumentingClassLoader.java:199)
	at org.evosuite.instrumentation.InstrumentingClassLoader.loadClass(InstrumentingClassLoader.java:166)
	at java.lang.Class.forName0(Native Method)
	at java.lang.Class.forName(Class.java:348)
	at org.evosuite.setup.ConcreteClassAnalyzer.getConcreteClassesImpl(ConcreteClassAnalyzer.java:107)
	at org.evosuite.setup.ConcreteClassAnalyzer.getConcreteClasses(ConcreteClassAnalyzer.java:42)
	at org.evosuite.setup.TestClusterGenerator.addDependency(TestClusterGenerator.java:802)
	at org.evosuite.setup.TestClusterGenerator.addDependencies(TestClusterGenerator.java:711)
	at org.evosuite.setup.TestClusterGenerator.addDependencyClass(TestClusterGenerator.java:918)
	at org.evosuite.setup.TestClusterGenerator.resolveDependencies(TestClusterGenerator.java:332)
	at org.evosuite.setup.TestClusterGenerator.generateCluster(TestClusterGenerator.java:138)
	at org.evosuite.setup.DependencyAnalysis.analyze(DependencyAnalysis.java:117)
	at org.evosuite.setup.DependencyAnalysis.analyzeClass(DependencyAnalysis.java:131)
	at org.evosuite.TestSuiteGenerator.generateTestSuite(TestSuiteGenerator.java:110)
	at org.evosuite.rmi.service.ClientNodeImpl$1.run(ClientNodeImpl.java:145)
	at java.util.concurrent.Executors$RunnableAdapter.call(Executors.java:511)
	at java.util.concurrent.FutureTask.run(FutureTask.java:266)
	at java.util.concurrent.ThreadPoolExecutor.runWorker(ThreadPoolExecutor.java:1142)
	at java.util.concurrent.ThreadPoolExecutor$Worker.run(ThreadPoolExecutor.java:617)
	at java.lang.Thread.run(Thread.java:748)
Caused by: java.lang.NoClassDefFoundError: org/atmosphere/container/Tomcat7CometSupport
	at java.lang.ClassLoader.defineClass1(Native Method)
	at java.lang.ClassLoader.defineClass(ClassLoader.java:763)
	at java.lang.ClassLoader.defineClass(ClassLoader.java:642)
	at org.evosuite.instrumentation.InstrumentingClassLoader.instrumentClass(InstrumentingClassLoader.java:192)
	... 19 common frames omitted
Caused by: java.lang.ClassNotFoundException: Class not found: org/apache/catalina/comet/CometEvent: java.lang.NullPointerException: Class not found org/apache/catalina/comet/CometEvent
	at org.evosuite.instrumentation.InstrumentingClassLoader.instrumentClass(InstrumentingClassLoader.java:199)
	at org.evosuite.instrumentation.InstrumentingClassLoader.loadClass(InstrumentingClassLoader.java:166)
	... 23 common frames omitted
Caused by: java.lang.RuntimeException: Class not found: org/apache/catalina/comet/CometEvent: java.lang.NullPointerException: Class not found org/apache/catalina/comet/CometEvent
	at org.evosuite.runtime.util.ComputeClassWriter.getCommonSuperClass(ComputeClassWriter.java:58)
	at org.evosuite.shaded.org.objectweb.asm.ClassWriter.a(Unknown Source)
	at org.evosuite.shaded.org.objectweb.asm.Frame.a(Unknown Source)
	at org.evosuite.shaded.org.objectweb.asm.Frame.a(Unknown Source)
	at org.evosuite.shaded.org.objectweb.asm.MethodWriter.visitMaxs(Unknown Source)
	at org.evosuite.shaded.org.objectweb.asm.MethodVisitor.visitMaxs(Unknown Source)
	at org.evosuite.shaded.org.objectweb.asm.MethodVisitor.visitMaxs(Unknown Source)
	at org.evosuite.shaded.org.objectweb.asm.MethodVisitor.visitMaxs(Unknown Source)
	at org.evosuite.runtime.instrumentation.LoopCounterMethodAdapter.visitMaxs(LoopCounterMethodAdapter.java:48)
	at org.evosuite.shaded.org.objectweb.asm.tree.MethodNode.accept(Unknown Source)
	at org.evosuite.shaded.org.objectweb.asm.commons.JSRInlinerAdapter.visitEnd(Unknown Source)
	at org.evosuite.shaded.org.objectweb.asm.MethodVisitor.visitEnd(Unknown Source)
	at org.evosuite.shaded.org.objectweb.asm.MethodVisitor.visitEnd(Unknown Source)
	at org.evosuite.shaded.org.objectweb.asm.MethodVisitor.visitEnd(Unknown Source)
	at org.evosuite.shaded.org.objectweb.asm.ClassReader.b(Unknown Source)
	at org.evosuite.shaded.org.objectweb.asm.ClassReader.accept(Unknown Source)
	at org.evosuite.shaded.org.objectweb.asm.ClassReader.accept(Unknown Source)
	at org.evosuite.instrumentation.BytecodeInstrumentation.transformBytes(BytecodeInstrumentation.java:280)
	at org.evosuite.instrumentation.InstrumentingClassLoader.getTransformedBytes(InstrumentingClassLoader.java:173)
	at org.evosuite.instrumentation.InstrumentingClassLoader.instrumentClass(InstrumentingClassLoader.java:190)
	... 24 common frames omitted
Caused by: java.lang.NullPointerException: Class not found org/apache/catalina/comet/CometEvent
	at org.evosuite.runtime.util.ComputeClassWriter.typeInfo(ComputeClassWriter.java:186)
	at org.evosuite.runtime.util.ComputeClassWriter.getCommonSuperClass(ComputeClassWriter.java:55)
	... 43 common frames omitted
[MASTER] 11:58:35.791 [pool-2-thread-1] ERROR ConcreteClassAnalyzer - Removing class from inheritance tree
[MASTER] 11:58:36.097 [pool-2-thread-1] ERROR TestClusterGenerator - Problem for com.polimi.travlendar.backend.beans.EventService. Failed to add dependencies for class org.atmosphere.container.JettyCometSupport: java.lang.TypeNotPresentException: Type org.mortbay.util.ajax.Continuation not present
[sun.reflect.generics.factory.CoreReflectionFactory.makeNamedType(CoreReflectionFactory.java:117), sun.reflect.generics.visitor.Reifier.visitClassTypeSignature(Reifier.java:125), sun.reflect.generics.tree.ClassTypeSignature.accept(ClassTypeSignature.java:49), sun.reflect.generics.visitor.Reifier.reifyTypeArguments(Reifier.java:68), sun.reflect.generics.visitor.Reifier.visitClassTypeSignature(Reifier.java:138), sun.reflect.generics.tree.ClassTypeSignature.accept(ClassTypeSignature.java:49), sun.reflect.generics.repository.FieldRepository.getGenericType(FieldRepository.java:85), java.lang.reflect.Field.getGenericType(Field.java:247), java.lang.reflect.Field.toGenericString(Field.java:329), org.evosuite.setup.TestClusterUtils.getFields(TestClusterUtils.java:227), org.evosuite.setup.TestClusterGenerator.addDependencyClass(TestClusterGenerator.java:946), org.evosuite.setup.TestClusterGenerator.resolveDependencies(TestClusterGenerator.java:332), org.evosuite.setup.TestClusterGenerator.generateCluster(TestClusterGenerator.java:138), org.evosuite.setup.DependencyAnalysis.analyze(DependencyAnalysis.java:117), org.evosuite.setup.DependencyAnalysis.analyzeClass(DependencyAnalysis.java:131), org.evosuite.TestSuiteGenerator.generateTestSuite(TestSuiteGenerator.java:110), org.evosuite.rmi.service.ClientNodeImpl$1.run(ClientNodeImpl.java:145), java.util.concurrent.Executors$RunnableAdapter.call(Executors.java:511), java.util.concurrent.FutureTask.run(FutureTask.java:266), java.util.concurrent.ThreadPoolExecutor.runWorker(ThreadPoolExecutor.java:1142), java.util.concurrent.ThreadPoolExecutor$Worker.run(ThreadPoolExecutor.java:617), java.lang.Thread.run(Thread.java:748)]
[MASTER] 12:00:46.656 [pool-2-thread-1] ERROR ClassStateSupport - Could not initialize com.vaadin.ui.CustomComponent: com/vaadin/shared/customcomponent/CustomComponentState
[MASTER] 12:00:46.787 [pool-2-thread-1] ERROR ClassStateSupport - Could not initialize org.jsoup.nodes.Document: org/jsoup/nodes/XmlDeclaration
[MASTER] 12:00:46.844 [pool-2-thread-1] ERROR ClassStateSupport - Could not initialize com.vaadin.ui.renderers.HtmlRenderer: com/vaadin/shared/ui/grid/renderers/HtmlRendererState
[MASTER] 12:00:46.853 [pool-2-thread-1] ERROR ClassStateSupport - Could not initialize com.vaadin.ui.TextField: com/vaadin/shared/ui/textfield/TextFieldState
[MASTER] 12:00:46.870 [pool-2-thread-1] ERROR ClassStateSupport - Could not initialize com.vaadin.shared.MouseEventDetails: com/vaadin/shared/MouseEventDetails$MouseButton
[MASTER] 12:00:46.913 [pool-2-thread-1] ERROR ClassStateSupport - Could not initialize com.vaadin.ui.renderers.ComponentRenderer: com/vaadin/shared/ui/grid/renderers/ComponentRendererState
[MASTER] 12:00:46.925 [pool-2-thread-1] ERROR ClassStateSupport - Could not initialize com.vaadin.ui.renderers.TextRenderer: com/vaadin/shared/ui/grid/renderers/TextRendererState
[MASTER] 12:00:46.958 [pool-2-thread-1] ERROR ClassStateSupport - Could not initialize com.vaadin.ui.Grid$GridContextClickEvent: com/vaadin/shared/MouseEventDetails$MouseButton
[MASTER] 12:00:47.005 [pool-2-thread-1] ERROR ClassStateSupport - Could not initialize org.springframework.jdbc.core.JdbcTemplate: org/springframework/jdbc/core/ResultSetSupportingSqlParameter
[MASTER] 12:00:47.050 [pool-2-thread-1] ERROR ClassStateSupport - Could not initialize com.polimi.travlendar.backend.model.events.Schedule: com/vaadin/shared/customcomponent/CustomComponentState
[MASTER] 12:00:47.057 [pool-2-thread-1] ERROR ClassStateSupport - Could not initialize com.vaadin.ui.JavaScript: com/vaadin/shared/extension/javascriptmanager/JavaScriptManagerState
[MASTER] 12:00:47.099 [pool-2-thread-1] ERROR ClassStateSupport - Could not initialize com.vaadin.ui.components.grid.MultiSelectionModelImpl: com/vaadin/shared/ui/grid/MultiSelectionModelState
[MASTER] 12:00:47.113 [pool-2-thread-1] ERROR ClassStateSupport - Could not initialize com.vaadin.ui.Tree$TreeMultiSelectionModel: com/vaadin/shared/ui/grid/MultiSelectionModelState
[MASTER] 12:00:47.130 [pool-2-thread-1] ERROR ClassStateSupport - Could not initialize org.apache.catalina.util.LifecycleMBeanBase: org/apache/catalina/LifecycleException
[MASTER] 12:00:47.190 [pool-2-thread-1] ERROR ClassStateSupport - Could not initialize com.vaadin.event.ContextClickEvent: Could not initialize class com.vaadin.event.ContextClickEvent
[MASTER] 12:00:47.328 [pool-2-thread-1] ERROR ClassStateSupport - Could not initialize com.vaadin.ui.Notification: com/vaadin/shared/Position
[MASTER] 12:00:47.339 [pool-2-thread-1] ERROR ClassStateSupport - Could not initialize com.vaadin.ui.Tree$TreeContextClickEvent: com.vaadin.event.ContextClickEvent
[MASTER] 12:00:47.424 [pool-2-thread-1] ERROR ClassStateSupport - Could not initialize com.vaadin.server.VaadinSession: com/vaadin/server/BootstrapResponse
[MASTER] 12:00:47.507 [pool-2-thread-1] ERROR ClassStateSupport - Could not initialize com.vaadin.event.ConnectorActionManager: com/vaadin/event/ActionManager$ActionKeyMapper
[MASTER] 12:00:47.570 [pool-2-thread-1] ERROR ClassStateSupport - Could not initialize com.vaadin.ui.Window: com/vaadin/ui/Window$WindowOrderChangeEvent
[MASTER] 12:00:47.619 [pool-2-thread-1] ERROR ClassStateSupport - Could not initialize com.vaadin.ui.PasswordField: com/vaadin/shared/ui/textfield/TextFieldState
[MASTER] 12:00:47.621 [pool-2-thread-1] ERROR ClassStateSupport - Could not initialize com.vaadin.ui.components.grid.Footer$Row: com/vaadin/ui/components/grid/Footer$Row$Cell
[MASTER] 12:00:47.633 [pool-2-thread-1] ERROR ClassStateSupport - Could not initialize com.vaadin.server.ConnectorIdGenerator: com/vaadin/server/ConnectorIdGenerator$1
[MASTER] 12:00:47.634 [pool-2-thread-1] ERROR ClassStateSupport - Could not initialize org.apache.catalina.util.LifecycleBase: org/apache/catalina/LifecycleException
[MASTER] 12:00:47.661 [pool-2-thread-1] ERROR ClassStateSupport - Could not initialize org.apache.catalina.core.ContainerBase: org/apache/catalina/LifecycleException
[MASTER] 12:00:47.672 [pool-2-thread-1] ERROR ClassStateSupport - Could not initialize com.vaadin.event.ActionManager: com/vaadin/event/ActionManager$ActionKeyMapper
[MASTER] 12:00:47.680 [pool-2-thread-1] ERROR ClassStateSupport - Could not initialize org.atmosphere.cpr.FrameworkConfig: org/atmosphere/interceptor/JavaScriptProtocol
[MASTER] 12:00:47.688 [pool-2-thread-1] ERROR ClassStateSupport - Could not initialize com.vaadin.event.UIEvents$PollListener: com/vaadin/event/UIEvents$PollEvent
[MASTER] 12:00:47.780 [pool-2-thread-1] ERROR ClassStateSupport - Could not initialize org.apache.catalina.core.StandardContext: org/apache/catalina/LifecycleException
[MASTER] 12:00:47.804 [pool-2-thread-1] ERROR ClassStateSupport - Could not initialize com.vaadin.event.LayoutEvents$LayoutClickEvent: com.vaadin.event.MouseEvents$ClickEvent
[MASTER] 12:00:47.810 [pool-2-thread-1] ERROR ClassStateSupport - Could not initialize com.vaadin.event.MouseEvents$ClickEvent: Could not initialize class com.vaadin.event.MouseEvents$ClickEvent
[MASTER] 12:00:48.415 [pool-2-thread-1] ERROR ClassStateSupport - Could not initialize com.vaadin.shared.MouseEventDetails: Could not initialize class com.vaadin.shared.MouseEventDetails
[MASTER] 12:00:48.417 [pool-2-thread-1] ERROR ClassStateSupport - Could not initialize com.vaadin.ui.Grid$GridContextClickEvent: Could not initialize class com.vaadin.ui.Grid$GridContextClickEvent
[MASTER] 12:00:48.428 [pool-2-thread-1] ERROR ClassStateSupport - Could not initialize org.springframework.jdbc.core.JdbcTemplate: org/springframework/jdbc/core/SqlReturnResultSet
[MASTER] 12:00:48.436 [pool-2-thread-1] ERROR ClassStateSupport - Could not initialize com.vaadin.ui.Notification: Could not initialize class com.vaadin.ui.Notification
[MASTER] 12:00:48.446 [pool-2-thread-1] ERROR ClassStateSupport - Could not initialize com.vaadin.server.ConnectorIdGenerator: Could not initialize class com.vaadin.server.ConnectorIdGenerator
[MASTER] 12:00:48.450 [pool-2-thread-1] ERROR ClassStateSupport - Could not initialize org.atmosphere.cpr.FrameworkConfig: Could not initialize class org.atmosphere.cpr.FrameworkConfig
[MASTER] 12:00:48.451 [pool-2-thread-1] ERROR ClassStateSupport - Could not initialize com.vaadin.event.UIEvents$PollListener: Could not initialize class com.vaadin.event.UIEvents$PollListener
[MASTER] 12:00:49.008 [pool-2-thread-1] ERROR ClassStateSupport - Could not initialize org.springframework.jdbc.core.JdbcTemplate: org/springframework/jdbc/core/SqlOutParameter
[MASTER] 12:00:49.489 [pool-2-thread-1] ERROR ClassStateSupport - Could not initialize org.springframework.jdbc.core.JdbcTemplate: org/springframework/jdbc/SQLWarningException
